#
# A fatal error has been detected by the Java Runtime Environment:
#
#  SIGSEGV (0xb) at pc=0x00007f9ed651aab2, pid=766997, tid=767027
#
# JRE version: OpenJDK Runtime Environment (11.0.11+9) (build 11.0.11+9-Ubuntu-0ubuntu2.20.04)
# Java VM: OpenJDK 64-Bit Server VM (11.0.11+9-Ubuntu-0ubuntu2.20.04, mixed mode, sharing, tiered, compressed oops, g1 gc, linux-amd64)
# Problematic frame:
# C  [librocksdbjni9882974748894263508.so+0x45aab2]  rocksdb::VersionBuilder::Rep::SaveTo(rocksdb::VersionStorageInfo*)+0x132
#
# Core dump will be written. Default location: Core dumps may be processed with "/usr/share/apport/apport %p %s %c %d %P %E" (or dumping to /home/mldb01/hdd_folder/YCSB/core.766997)
#
# If you would like to submit a bug report, please visit:
#   https://bugs.launchpad.net/ubuntu/+source/openjdk-lts
# The crash happened outside the Java Virtual Machine in native code.
# See problematic frame for where to report the bug.
#

---------------  S U M M A R Y ------------

Command Line: site.ycsb.Client -load -db site.ycsb.db.rocksdb.RocksDBClient -s -P workloads/workloada -p exportfile=/home/mldb01/hdd_folder/db_log/ycsb-status-a.output -threads 2 -p rocksdb.dir=/home/mldb01/work/db_log/YCSB -p zeropadding=20

Host: Intel(R) Xeon(R) CPU E5-2640 v3 @ 2.60GHz, 32 cores, 62G, Ubuntu 20.04.1 LTS
Time: Thu Jul 22 17:27:17 2021 KST elapsed time: 0.281375 seconds (0d 0h 0m 0s)

---------------  T H R E A D  ---------------

Current thread (0x00007f9f28456000):  JavaThread "Thread-3" [_thread_in_native, id=767027, stack(0x00007f9ed5fbf000,0x00007f9ed60c0000)]

Stack: [0x00007f9ed5fbf000,0x00007f9ed60c0000],  sp=0x00007f9ed60bc640,  free space=1013k
Native frames: (J=compiled Java code, A=aot compiled Java code, j=interpreted, Vv=VM code, C=native code)
C  [librocksdbjni9882974748894263508.so+0x45aab2]  rocksdb::VersionBuilder::Rep::SaveTo(rocksdb::VersionStorageInfo*)+0x132
C  [librocksdbjni9882974748894263508.so+0x44f098]  rocksdb::VersionBuilder::SaveTo(rocksdb::VersionStorageInfo*)+0x28
C  [librocksdbjni9882974748894263508.so+0x466923]  rocksdb::VersionEditHandler::MaybeCreateVersion(rocksdb::VersionEdit const&, rocksdb::ColumnFamilyData*, bool)+0x5a3
C  [librocksdbjni9882974748894263508.so+0x4693f3]  rocksdb::VersionEditHandler::CheckIterationResult(rocksdb::log::Reader const&, rocksdb::Status*)+0x6a3
C  [librocksdbjni9882974748894263508.so+0x46726e]  rocksdb::VersionEditHandlerBase::Iterate(rocksdb::log::Reader&, rocksdb::Status*)+0x7fe
C  [librocksdbjni9882974748894263508.so+0x4939c4]  rocksdb::VersionSet::Recover(std::vector<rocksdb::ColumnFamilyDescriptor, std::allocator<rocksdb::ColumnFamilyDescriptor> > const&, bool, std::__cxx11::basic_string<char, std::char_traits<char>, std::allocator<char> >*)+0x504
C  [librocksdbjni9882974748894263508.so+0x3aff61]  rocksdb::DBImpl::Recover(std::vector<rocksdb::ColumnFamilyDescriptor, std::allocator<rocksdb::ColumnFamilyDescriptor> > const&, bool, bool, bool, unsigned long*)+0x211
C  [librocksdbjni9882974748894263508.so+0x3a848c]  rocksdb::DBImpl::Open(rocksdb::DBOptions const&, std::__cxx11::basic_string<char, std::char_traits<char>, std::allocator<char> > const&, std::vector<rocksdb::ColumnFamilyDescriptor, std::allocator<rocksdb::ColumnFamilyDescriptor> > const&, std::vector<rocksdb::ColumnFamilyHandle*, std::allocator<rocksdb::ColumnFamilyHandle*> >*, rocksdb::DB**, bool, bool)+0x65c
C  [librocksdbjni9882974748894263508.so+0x3a9fb9]  rocksdb::DB::Open(rocksdb::DBOptions const&, std::__cxx11::basic_string<char, std::char_traits<char>, std::allocator<char> > const&, std::vector<rocksdb::ColumnFamilyDescriptor, std::allocator<rocksdb::ColumnFamilyDescriptor> > const&, std::vector<rocksdb::ColumnFamilyHandle*, std::allocator<rocksdb::ColumnFamilyHandle*> >*, rocksdb::DB**)+0x29
C  [librocksdbjni9882974748894263508.so+0x3aa18c]  rocksdb::DB::Open(rocksdb::Options const&, std::__cxx11::basic_string<char, std::char_traits<char>, std::allocator<char> > const&, rocksdb::DB**)+0x1ac
C  [librocksdbjni9882974748894263508.so+0x29c65f]  std::_Function_handler<rocksdb::Status (rocksdb::Options const&, std::__cxx11::basic_string<char, std::char_traits<char>, std::allocator<char> > const&, rocksdb::DB**), rocksdb::Status (*)(rocksdb::Options const&, std::__cxx11::basic_string<char, std::char_traits<char>, std::allocator<char> > const&, rocksdb::DB**)>::_M_invoke(std::_Any_data const&, rocksdb::Options const&, std::__cxx11::basic_string<char, std::char_traits<char>, std::allocator<char> > const&, rocksdb::DB**&&)+0x2f
C  [librocksdbjni9882974748894263508.so+0x2966d5]  rocksdb_open_helper(JNIEnv_*, long, _jstring*, std::function<rocksdb::Status (rocksdb::Options const&, std::__cxx11::basic_string<char, std::char_traits<char>, std::allocator<char> > const&, rocksdb::DB**)>)+0xb5
C  [librocksdbjni9882974748894263508.so+0x2967d2]  Java_org_rocksdb_RocksDB_open__JLjava_lang_String_2+0x52
j  org.rocksdb.RocksDB.open(JLjava/lang/String;)J+0
j  org.rocksdb.RocksDB.open(Lorg/rocksdb/Options;Ljava/lang/String;)Lorg/rocksdb/RocksDB;+9
j  site.ycsb.db.rocksdb.RocksDBClient.initRocksDB()Lorg/rocksdb/RocksDB;+334
j  site.ycsb.db.rocksdb.RocksDBClient.init()V+130
j  site.ycsb.DBWrapper.init()V+16
j  site.ycsb.ClientThread.run()V+4
j  java.lang.Thread.run()V+11 java.base@11.0.11
v  ~StubRoutines::call_stub
V  [libjvm.so+0x859b69]
V  [libjvm.so+0x8581be]
V  [libjvm.so+0x903dd1]
V  [libjvm.so+0xe2105f]
V  [libjvm.so+0xe1d690]
V  [libjvm.so+0xbdac76]

Java frames: (J=compiled Java code, j=interpreted, Vv=VM code)
j  org.rocksdb.RocksDB.open(JLjava/lang/String;)J+0
j  org.rocksdb.RocksDB.open(Lorg/rocksdb/Options;Ljava/lang/String;)Lorg/rocksdb/RocksDB;+9
j  site.ycsb.db.rocksdb.RocksDBClient.initRocksDB()Lorg/rocksdb/RocksDB;+334
j  site.ycsb.db.rocksdb.RocksDBClient.init()V+130
j  site.ycsb.DBWrapper.init()V+16
j  site.ycsb.ClientThread.run()V+4
j  java.lang.Thread.run()V+11 java.base@11.0.11
v  ~StubRoutines::call_stub

siginfo: si_signo: 11 (SIGSEGV), si_code: 1 (SEGV_MAPERR), si_addr: 0x0000000000000008

Register to memory mapping:

RAX=0x00007f9e94032c78 points into unknown readable memory: 0x00007f9e94032ca8 | a8 2c 03 94 9e 7f 00 00
RBX=0x00007f9e94032c78 points into unknown readable memory: 0x00007f9e94032ca8 | a8 2c 03 94 9e 7f 00 00
RCX=0x0000000000000001 is an unknown value
RDX=0x0 is NULL
RSP=0x00007f9ed60bc640 is pointing into the stack for thread: 0x00007f9f28456000
RBP=0x00007f9ed60bc740 is pointing into the stack for thread: 0x00007f9f28456000
RSI=0x00007f9e94000ff0 points into unknown readable memory: 0x00000101000101d0 | d0 01 01 00 01 01 00 00
RDI=0x0 is NULL
R8 =0x0000000000000006 is an unknown value
R9 =0x00007f9f3023cb80: <offset 0x00000000001ebb80> in /lib/x86_64-linux-gnu/libc.so.6 at 0x00007f9f30051000
R10=0x00007f9ed6199cb2: <offset 0x00000000000d9cb2> in /tmp/librocksdbjni9882974748894263508.so at 0x00007f9ed60c0000
R11=0x0 is NULL
R12=0x0 is NULL
R13=0x00007f9ed60bc9c0 is pointing into the stack for thread: 0x00007f9f28456000
R14=0x0 is NULL
R15=0x00007f9e940355d0 points into unknown readable memory: 0x00007f9e94029540 | 40 95 02 94 9e 7f 00 00


Registers:
RAX=0x00007f9e94032c78, RBX=0x00007f9e94032c78, RCX=0x0000000000000001, RDX=0x0000000000000000
RSP=0x00007f9ed60bc640, RBP=0x00007f9ed60bc740, RSI=0x00007f9e94000ff0, RDI=0x0000000000000000
R8 =0x0000000000000006, R9 =0x00007f9f3023cb80, R10=0x00007f9ed6199cb2, R11=0x0000000000000000
R12=0x0000000000000000, R13=0x00007f9ed60bc9c0, R14=0x0000000000000000, R15=0x00007f9e940355d0
RIP=0x00007f9ed651aab2, EFLAGS=0x0000000000010246, CSGSFS=0x002b000000000033, ERR=0x0000000000000004
  TRAPNO=0x000000000000000e

Top of Stack: (sp=0x00007f9ed60bc640)
0x00007f9ed60bc640:   0000000000000000 0000000000000000
0x00007f9ed60bc650:   00007f9ed60bc790 0000000000000000
0x00007f9ed60bc660:   0000000000000000 0000000000000000
0x00007f9ed60bc670:   0000000000000000 0000000000000000 

Instructions: (pc=0x00007f9ed651aab2)
0x00007f9ed651a9b2:   28 00 00 00 48 89 45 c8 31 c0 80 ba d9 0e 00 00
0x00007f9ed651a9c2:   00 0f 85 d7 04 00 00 45 31 db c6 47 02 00 66 44
0x00007f9ed651a9d2:   89 1f 48 c7 47 08 00 00 00 00 41 80 bf d9 0e 00
0x00007f9ed651a9e2:   00 00 0f 85 ab 05 00 00 48 8b 85 10 ff ff ff 31
0x00007f9ed651a9f2:   d2 45 31 e4 48 8b 78 08 66 89 10 c6 40 02 00 48
0x00007f9ed651aa02:   85 ff 74 22 e8 15 9d d9 ff 48 8b 85 10 ff ff ff
0x00007f9ed651aa12:   0f b6 00 48 8b 9d 10 ff ff ff 4c 89 63 08 84 c0
0x00007f9ed651aa22:   0f 85 41 05 00 00 48 8b 85 78 ff ff ff 48 c7 85
0x00007f9ed651aa32:   70 ff ff ff 00 00 00 00 48 c7 85 08 ff ff ff 00
0x00007f9ed651aa42:   00 00 00 c7 85 4c ff ff ff 00 00 00 00 44 8b 40
0x00007f9ed651aa52:   28 45 85 c0 0f 8e f1 03 00 00 0f 1f 40 00 48 8b
0x00007f9ed651aa62:   9d 78 ff ff ff 8b bd 4c ff ff ff 48 8d 93 c0 00
0x00007f9ed651aa72:   00 00 85 ff 48 8d 83 b0 00 00 00 48 0f 45 c2 48
0x00007f9ed651aa82:   8b 95 08 ff ff ff 48 89 85 58 ff ff ff 48 8b 43
0x00007f9ed651aa92:   18 4c 8b b0 48 0a 00 00 48 8b 85 70 ff ff ff 48
0x00007f9ed651aaa2:   03 43 30 49 01 d6 49 03 97 48 0a 00 00 48 89 c3
0x00007f9ed651aab2:   49 8b 76 08 49 2b 36 48 89 d7 48 c1 fe 03 48 03
0x00007f9ed651aac2:   70 50 e8 e7 00 da ff 4c 8d 6d b0 48 8b 73 50 48
0x00007f9ed651aad2:   c7 45 b0 00 00 00 00 4c 89 ef 48 c7 45 b8 00 00
0x00007f9ed651aae2:   00 00 48 c7 45 c0 00 00 00 00 e8 bf 00 da ff 48
0x00007f9ed651aaf2:   8b 5b 48 4c 8b 65 b8 48 85 db 75 1b eb 40 48 8b
0x00007f9ed651ab02:   43 10 48 8b 1b 49 83 c4 08 49 89 44 24 f8 4c 89
0x00007f9ed651ab12:   65 b8 48 85 db 74 27 4c 39 65 c0 75 e1 48 8d 53
0x00007f9ed651ab22:   10 4c 89 e6 4c 89 ef e8 92 72 d9 ff 48 8b 1b 4c
0x00007f9ed651ab32:   8b 65 b8 48 85 db 75 df 66 0f 1f 44 00 00 48 8b
0x00007f9ed651ab42:   85 58 ff ff ff 48 8b 5d b0 8b 10 4c 8b 68 08 89
0x00007f9ed651ab52:   95 68 ff ff ff c5 f9 6e c2 4c 39 e3 0f 84 4c 06
0x00007f9ed651ab62:   00 00 4c 89 e0 ba 3f 00 00 00 c4 e1 f9 7e c1 4d
0x00007f9ed651ab72:   89 e8 48 29 d8 4c 89 e6 48 89 df 48 89 85 60 ff
0x00007f9ed651ab82:   ff ff 48 c1 f8 03 f3 48 0f bd c0 29 c2 48 63 d2
0x00007f9ed651ab92:   48 01 d2 e8 36 c7 d9 ff 48 81 bd 60 ff ff ff 80
0x00007f9ed651aba2:   00 00 00 c5 f9 6e 85 68 ff ff ff 0f 8e 09 06 00 


Stack slot to memory mapping:
stack at sp + 0 slots: 0x0 is NULL
stack at sp + 1 slots: 0x0 is NULL
stack at sp + 2 slots: 0x00007f9ed60bc790 is pointing into the stack for thread: 0x00007f9f28456000
stack at sp + 3 slots: 0x0 is NULL
stack at sp + 4 slots: 0x0 is NULL
stack at sp + 5 slots: 0x0 is NULL
stack at sp + 6 slots: 0x0 is NULL
stack at sp + 7 slots: 0x0 is NULL


---------------  P R O C E S S  ---------------

Threads class SMR info:
_java_thread_list=0x00007f9e28002b90, length=17, elements={
0x00007f9f28016000, 0x00007f9f2827b000, 0x00007f9f2827d000, 0x00007f9f28282800,
0x00007f9f28284800, 0x00007f9f28286800, 0x00007f9f28288800, 0x00007f9f2828a800,
0x00007f9eb409d800, 0x00007f9f282be000, 0x00007f9f283fe800, 0x00007f9f28455000,
0x00007f9f28456000, 0x00007f9f28458000, 0x00007f9eb8187800, 0x00007f9e20001800,
0x00007f9e28001000
}

Java Threads: ( => current thread )
  0x00007f9f28016000 JavaThread "main" [_thread_blocked, id=766998, stack(0x00007f9f2e914000,0x00007f9f2ea15000)]
  0x00007f9f2827b000 JavaThread "Reference Handler" daemon [_thread_blocked, id=767005, stack(0x00007f9ee40ba000,0x00007f9ee41bb000)]
  0x00007f9f2827d000 JavaThread "Finalizer" daemon [_thread_blocked, id=767006, stack(0x00007f9ed76ff000,0x00007f9ed7800000)]
  0x00007f9f28282800 JavaThread "Signal Dispatcher" daemon [_thread_blocked, id=767007, stack(0x00007f9ed7318000,0x00007f9ed7419000)]
  0x00007f9f28284800 JavaThread "Service Thread" daemon [_thread_blocked, id=767008, stack(0x00007f9ed7217000,0x00007f9ed7318000)]
  0x00007f9f28286800 JavaThread "C2 CompilerThread0" daemon [_thread_blocked, id=767009, stack(0x00007f9ed7116000,0x00007f9ed7217000)]
  0x00007f9f28288800 JavaThread "C1 CompilerThread0" daemon [_thread_blocked, id=767010, stack(0x00007f9ed7015000,0x00007f9ed7116000)]
  0x00007f9f2828a800 JavaThread "Sweeper thread" daemon [_thread_blocked, id=767011, stack(0x00007f9ed6f14000,0x00007f9ed7015000)]
  0x00007f9eb409d800 JavaThread "C1 CompilerThread1" daemon [_thread_blocked, id=767012, stack(0x00007f9ed6e13000,0x00007f9ed6f14000)]
  0x00007f9f282be000 JavaThread "Common-Cleaner" daemon [_thread_blocked, id=767014, stack(0x00007f9ed6c10000,0x00007f9ed6d11000)]
  0x00007f9f283fe800 JavaThread "process reaper" daemon [_thread_blocked, id=767025, stack(0x00007f9ee4046000,0x00007f9ee4068000)]
  0x00007f9f28455000 JavaThread "Thread-1" [_thread_blocked, id=767026, stack(0x00007f9ed6b0f000,0x00007f9ed6c10000)]
=>0x00007f9f28456000 JavaThread "Thread-3" [_thread_in_native, id=767027, stack(0x00007f9ed5fbf000,0x00007f9ed60c0000)]
  0x00007f9f28458000 JavaThread "Thread-2" [_thread_blocked, id=767028, stack(0x00007f9ed5ebe000,0x00007f9ed5fbf000)]
  0x00007f9eb8187800 JavaThread "C1 CompilerThread2" daemon [_thread_blocked, id=767066, stack(0x00007f9ed441e000,0x00007f9ed451f000)]
  0x00007f9e20001800 JavaThread "C1 CompilerThread3" daemon [_thread_blocked, id=767067, stack(0x00007f9ed431d000,0x00007f9ed441e000)]
  0x00007f9e28001000 JavaThread "C1 CompilerThread4" daemon [_thread_blocked, id=767068, stack(0x00007f9ed421c000,0x00007f9ed431d000)]

Other Threads:
  0x00007f9f28278000 VMThread "VM Thread" [stack: 0x00007f9ee41bd000,0x00007f9ee42bd000] [id=767004]
  0x00007f9f282bb800 WatcherThread [stack: 0x00007f9ed6d13000,0x00007f9ed6e13000] [id=767013]
  0x00007f9f2802f800 GCTaskThread "GC Thread#0" [stack: 0x00007f9f2e5bb000,0x00007f9f2e6bb000] [id=766999]
  0x00007f9f2806d800 ConcurrentGCThread "G1 Main Marker" [stack: 0x00007f9f2caa7000,0x00007f9f2cba7000] [id=767000]
  0x00007f9f2806f800 ConcurrentGCThread "G1 Conc#0" [stack: 0x00007f9f2c9a5000,0x00007f9f2caa5000] [id=767001]
  0x00007f9f28236800 ConcurrentGCThread "G1 Refine#0" [stack: 0x00007f9ee4442000,0x00007f9ee4542000] [id=767002]
  0x00007f9f28238800 ConcurrentGCThread "G1 Young RemSet Sampling" [stack: 0x00007f9ee4340000,0x00007f9ee4440000] [id=767003]

Threads with active compile tasks:

VM state:not at safepoint (normal execution)

VM Mutex/Monitor currently owned by a thread: None

Heap address: 0x0000000413000000, size: 16080 MB, Compressed Oops mode: Zero based, Oop shift amount: 3
Narrow klass base: 0x0000000800000000, Narrow klass shift: 3
Compressed class space size: 1073741824 Address: 0x0000000840000000

Heap:
 garbage-first heap   total 1040384K, used 8904K [0x0000000413000000, 0x0000000800000000)
  region size 4096K, 3 young (12288K), 0 survivors (0K)
 Metaspace       used 3411K, capacity 5631K, committed 5760K, reserved 1056768K
  class space    used 336K, capacity 543K, committed 640K, reserved 1048576K
Heap Regions: E=young(eden), S=young(survivor), O=old, HS=humongous(starts), HC=humongous(continues), CS=collection set, F=free, A=archive, TAMS=top-at-mark-start (previous, next)
|   0|0x0000000413000000, 0x0000000413000000, 0x0000000413400000|  0%| F|  |TAMS 0x0000000413000000, 0x0000000413000000| Untracked 
|   1|0x0000000413400000, 0x0000000413400000, 0x0000000413800000|  0%| F|  |TAMS 0x0000000413400000, 0x0000000413400000| Untracked 
|   2|0x0000000413800000, 0x0000000413800000, 0x0000000413c00000|  0%| F|  |TAMS 0x0000000413800000, 0x0000000413800000| Untracked 
|   3|0x0000000413c00000, 0x0000000413c00000, 0x0000000414000000|  0%| F|  |TAMS 0x0000000413c00000, 0x0000000413c00000| Untracked 
|   4|0x0000000414000000, 0x0000000414000000, 0x0000000414400000|  0%| F|  |TAMS 0x0000000414000000, 0x0000000414000000| Untracked 
|   5|0x0000000414400000, 0x0000000414400000, 0x0000000414800000|  0%| F|  |TAMS 0x0000000414400000, 0x0000000414400000| Untracked 
|   6|0x0000000414800000, 0x0000000414800000, 0x0000000414c00000|  0%| F|  |TAMS 0x0000000414800000, 0x0000000414800000| Untracked 
|   7|0x0000000414c00000, 0x0000000414c00000, 0x0000000415000000|  0%| F|  |TAMS 0x0000000414c00000, 0x0000000414c00000| Untracked 
|   8|0x0000000415000000, 0x0000000415000000, 0x0000000415400000|  0%| F|  |TAMS 0x0000000415000000, 0x0000000415000000| Untracked 
|   9|0x0000000415400000, 0x0000000415400000, 0x0000000415800000|  0%| F|  |TAMS 0x0000000415400000, 0x0000000415400000| Untracked 
|  10|0x0000000415800000, 0x0000000415800000, 0x0000000415c00000|  0%| F|  |TAMS 0x0000000415800000, 0x0000000415800000| Untracked 
|  11|0x0000000415c00000, 0x0000000415c00000, 0x0000000416000000|  0%| F|  |TAMS 0x0000000415c00000, 0x0000000415c00000| Untracked 
|  12|0x0000000416000000, 0x0000000416000000, 0x0000000416400000|  0%| F|  |TAMS 0x0000000416000000, 0x0000000416000000| Untracked 
|  13|0x0000000416400000, 0x0000000416400000, 0x0000000416800000|  0%| F|  |TAMS 0x0000000416400000, 0x0000000416400000| Untracked 
|  14|0x0000000416800000, 0x0000000416800000, 0x0000000416c00000|  0%| F|  |TAMS 0x0000000416800000, 0x0000000416800000| Untracked 
|  15|0x0000000416c00000, 0x0000000416c00000, 0x0000000417000000|  0%| F|  |TAMS 0x0000000416c00000, 0x0000000416c00000| Untracked 
|  16|0x0000000417000000, 0x0000000417000000, 0x0000000417400000|  0%| F|  |TAMS 0x0000000417000000, 0x0000000417000000| Untracked 
|  17|0x0000000417400000, 0x0000000417400000, 0x0000000417800000|  0%| F|  |TAMS 0x0000000417400000, 0x0000000417400000| Untracked 
|  18|0x0000000417800000, 0x0000000417800000, 0x0000000417c00000|  0%| F|  |TAMS 0x0000000417800000, 0x0000000417800000| Untracked 
|  19|0x0000000417c00000, 0x0000000417c00000, 0x0000000418000000|  0%| F|  |TAMS 0x0000000417c00000, 0x0000000417c00000| Untracked 
|  20|0x0000000418000000, 0x0000000418000000, 0x0000000418400000|  0%| F|  |TAMS 0x0000000418000000, 0x0000000418000000| Untracked 
|  21|0x0000000418400000, 0x0000000418400000, 0x0000000418800000|  0%| F|  |TAMS 0x0000000418400000, 0x0000000418400000| Untracked 
|  22|0x0000000418800000, 0x0000000418800000, 0x0000000418c00000|  0%| F|  |TAMS 0x0000000418800000, 0x0000000418800000| Untracked 
|  23|0x0000000418c00000, 0x0000000418c00000, 0x0000000419000000|  0%| F|  |TAMS 0x0000000418c00000, 0x0000000418c00000| Untracked 
|  24|0x0000000419000000, 0x0000000419000000, 0x0000000419400000|  0%| F|  |TAMS 0x0000000419000000, 0x0000000419000000| Untracked 
|  25|0x0000000419400000, 0x0000000419400000, 0x0000000419800000|  0%| F|  |TAMS 0x0000000419400000, 0x0000000419400000| Untracked 
|  26|0x0000000419800000, 0x0000000419800000, 0x0000000419c00000|  0%| F|  |TAMS 0x0000000419800000, 0x0000000419800000| Untracked 
|  27|0x0000000419c00000, 0x0000000419c00000, 0x000000041a000000|  0%| F|  |TAMS 0x0000000419c00000, 0x0000000419c00000| Untracked 
|  28|0x000000041a000000, 0x000000041a000000, 0x000000041a400000|  0%| F|  |TAMS 0x000000041a000000, 0x000000041a000000| Untracked 
|  29|0x000000041a400000, 0x000000041a400000, 0x000000041a800000|  0%| F|  |TAMS 0x000000041a400000, 0x000000041a400000| Untracked 
|  30|0x000000041a800000, 0x000000041a800000, 0x000000041ac00000|  0%| F|  |TAMS 0x000000041a800000, 0x000000041a800000| Untracked 
|  31|0x000000041ac00000, 0x000000041ac00000, 0x000000041b000000|  0%| F|  |TAMS 0x000000041ac00000, 0x000000041ac00000| Untracked 
|  32|0x000000041b000000, 0x000000041b000000, 0x000000041b400000|  0%| F|  |TAMS 0x000000041b000000, 0x000000041b000000| Untracked 
|  33|0x000000041b400000, 0x000000041b400000, 0x000000041b800000|  0%| F|  |TAMS 0x000000041b400000, 0x000000041b400000| Untracked 
|  34|0x000000041b800000, 0x000000041b800000, 0x000000041bc00000|  0%| F|  |TAMS 0x000000041b800000, 0x000000041b800000| Untracked 
|  35|0x000000041bc00000, 0x000000041bc00000, 0x000000041c000000|  0%| F|  |TAMS 0x000000041bc00000, 0x000000041bc00000| Untracked 
|  36|0x000000041c000000, 0x000000041c000000, 0x000000041c400000|  0%| F|  |TAMS 0x000000041c000000, 0x000000041c000000| Untracked 
|  37|0x000000041c400000, 0x000000041c400000, 0x000000041c800000|  0%| F|  |TAMS 0x000000041c400000, 0x000000041c400000| Untracked 
|  38|0x000000041c800000, 0x000000041c800000, 0x000000041cc00000|  0%| F|  |TAMS 0x000000041c800000, 0x000000041c800000| Untracked 
|  39|0x000000041cc00000, 0x000000041cc00000, 0x000000041d000000|  0%| F|  |TAMS 0x000000041cc00000, 0x000000041cc00000| Untracked 
|  40|0x000000041d000000, 0x000000041d000000, 0x000000041d400000|  0%| F|  |TAMS 0x000000041d000000, 0x000000041d000000| Untracked 
|  41|0x000000041d400000, 0x000000041d400000, 0x000000041d800000|  0%| F|  |TAMS 0x000000041d400000, 0x000000041d400000| Untracked 
|  42|0x000000041d800000, 0x000000041d800000, 0x000000041dc00000|  0%| F|  |TAMS 0x000000041d800000, 0x000000041d800000| Untracked 
|  43|0x000000041dc00000, 0x000000041dc00000, 0x000000041e000000|  0%| F|  |TAMS 0x000000041dc00000, 0x000000041dc00000| Untracked 
|  44|0x000000041e000000, 0x000000041e000000, 0x000000041e400000|  0%| F|  |TAMS 0x000000041e000000, 0x000000041e000000| Untracked 
|  45|0x000000041e400000, 0x000000041e400000, 0x000000041e800000|  0%| F|  |TAMS 0x000000041e400000, 0x000000041e400000| Untracked 
|  46|0x000000041e800000, 0x000000041e800000, 0x000000041ec00000|  0%| F|  |TAMS 0x000000041e800000, 0x000000041e800000| Untracked 
|  47|0x000000041ec00000, 0x000000041ec00000, 0x000000041f000000|  0%| F|  |TAMS 0x000000041ec00000, 0x000000041ec00000| Untracked 
|  48|0x000000041f000000, 0x000000041f000000, 0x000000041f400000|  0%| F|  |TAMS 0x000000041f000000, 0x000000041f000000| Untracked 
|  49|0x000000041f400000, 0x000000041f400000, 0x000000041f800000|  0%| F|  |TAMS 0x000000041f400000, 0x000000041f400000| Untracked 
|  50|0x000000041f800000, 0x000000041f800000, 0x000000041fc00000|  0%| F|  |TAMS 0x000000041f800000, 0x000000041f800000| Untracked 
|  51|0x000000041fc00000, 0x000000041fc00000, 0x0000000420000000|  0%| F|  |TAMS 0x000000041fc00000, 0x000000041fc00000| Untracked 
|  52|0x0000000420000000, 0x0000000420000000, 0x0000000420400000|  0%| F|  |TAMS 0x0000000420000000, 0x0000000420000000| Untracked 
|  53|0x0000000420400000, 0x0000000420400000, 0x0000000420800000|  0%| F|  |TAMS 0x0000000420400000, 0x0000000420400000| Untracked 
|  54|0x0000000420800000, 0x0000000420800000, 0x0000000420c00000|  0%| F|  |TAMS 0x0000000420800000, 0x0000000420800000| Untracked 
|  55|0x0000000420c00000, 0x0000000420c00000, 0x0000000421000000|  0%| F|  |TAMS 0x0000000420c00000, 0x0000000420c00000| Untracked 
|  56|0x0000000421000000, 0x0000000421000000, 0x0000000421400000|  0%| F|  |TAMS 0x0000000421000000, 0x0000000421000000| Untracked 
|  57|0x0000000421400000, 0x0000000421400000, 0x0000000421800000|  0%| F|  |TAMS 0x0000000421400000, 0x0000000421400000| Untracked 
|  58|0x0000000421800000, 0x0000000421800000, 0x0000000421c00000|  0%| F|  |TAMS 0x0000000421800000, 0x0000000421800000| Untracked 
|  59|0x0000000421c00000, 0x0000000421c00000, 0x0000000422000000|  0%| F|  |TAMS 0x0000000421c00000, 0x0000000421c00000| Untracked 
|  60|0x0000000422000000, 0x0000000422000000, 0x0000000422400000|  0%| F|  |TAMS 0x0000000422000000, 0x0000000422000000| Untracked 
|  61|0x0000000422400000, 0x0000000422400000, 0x0000000422800000|  0%| F|  |TAMS 0x0000000422400000, 0x0000000422400000| Untracked 
|  62|0x0000000422800000, 0x0000000422800000, 0x0000000422c00000|  0%| F|  |TAMS 0x0000000422800000, 0x0000000422800000| Untracked 
|  63|0x0000000422c00000, 0x0000000422c00000, 0x0000000423000000|  0%| F|  |TAMS 0x0000000422c00000, 0x0000000422c00000| Untracked 
|  64|0x0000000423000000, 0x0000000423000000, 0x0000000423400000|  0%| F|  |TAMS 0x0000000423000000, 0x0000000423000000| Untracked 
|  65|0x0000000423400000, 0x0000000423400000, 0x0000000423800000|  0%| F|  |TAMS 0x0000000423400000, 0x0000000423400000| Untracked 
|  66|0x0000000423800000, 0x0000000423800000, 0x0000000423c00000|  0%| F|  |TAMS 0x0000000423800000, 0x0000000423800000| Untracked 
|  67|0x0000000423c00000, 0x0000000423c00000, 0x0000000424000000|  0%| F|  |TAMS 0x0000000423c00000, 0x0000000423c00000| Untracked 
|  68|0x0000000424000000, 0x0000000424000000, 0x0000000424400000|  0%| F|  |TAMS 0x0000000424000000, 0x0000000424000000| Untracked 
|  69|0x0000000424400000, 0x0000000424400000, 0x0000000424800000|  0%| F|  |TAMS 0x0000000424400000, 0x0000000424400000| Untracked 
|  70|0x0000000424800000, 0x0000000424800000, 0x0000000424c00000|  0%| F|  |TAMS 0x0000000424800000, 0x0000000424800000| Untracked 
|  71|0x0000000424c00000, 0x0000000424c00000, 0x0000000425000000|  0%| F|  |TAMS 0x0000000424c00000, 0x0000000424c00000| Untracked 
|  72|0x0000000425000000, 0x0000000425000000, 0x0000000425400000|  0%| F|  |TAMS 0x0000000425000000, 0x0000000425000000| Untracked 
|  73|0x0000000425400000, 0x0000000425400000, 0x0000000425800000|  0%| F|  |TAMS 0x0000000425400000, 0x0000000425400000| Untracked 
|  74|0x0000000425800000, 0x0000000425800000, 0x0000000425c00000|  0%| F|  |TAMS 0x0000000425800000, 0x0000000425800000| Untracked 
|  75|0x0000000425c00000, 0x0000000425c00000, 0x0000000426000000|  0%| F|  |TAMS 0x0000000425c00000, 0x0000000425c00000| Untracked 
|  76|0x0000000426000000, 0x0000000426000000, 0x0000000426400000|  0%| F|  |TAMS 0x0000000426000000, 0x0000000426000000| Untracked 
|  77|0x0000000426400000, 0x0000000426400000, 0x0000000426800000|  0%| F|  |TAMS 0x0000000426400000, 0x0000000426400000| Untracked 
|  78|0x0000000426800000, 0x0000000426800000, 0x0000000426c00000|  0%| F|  |TAMS 0x0000000426800000, 0x0000000426800000| Untracked 
|  79|0x0000000426c00000, 0x0000000426c00000, 0x0000000427000000|  0%| F|  |TAMS 0x0000000426c00000, 0x0000000426c00000| Untracked 
|  80|0x0000000427000000, 0x0000000427000000, 0x0000000427400000|  0%| F|  |TAMS 0x0000000427000000, 0x0000000427000000| Untracked 
|  81|0x0000000427400000, 0x0000000427400000, 0x0000000427800000|  0%| F|  |TAMS 0x0000000427400000, 0x0000000427400000| Untracked 
|  82|0x0000000427800000, 0x0000000427800000, 0x0000000427c00000|  0%| F|  |TAMS 0x0000000427800000, 0x0000000427800000| Untracked 
|  83|0x0000000427c00000, 0x0000000427c00000, 0x0000000428000000|  0%| F|  |TAMS 0x0000000427c00000, 0x0000000427c00000| Untracked 
|  84|0x0000000428000000, 0x0000000428000000, 0x0000000428400000|  0%| F|  |TAMS 0x0000000428000000, 0x0000000428000000| Untracked 
|  85|0x0000000428400000, 0x0000000428400000, 0x0000000428800000|  0%| F|  |TAMS 0x0000000428400000, 0x0000000428400000| Untracked 
|  86|0x0000000428800000, 0x0000000428800000, 0x0000000428c00000|  0%| F|  |TAMS 0x0000000428800000, 0x0000000428800000| Untracked 
|  87|0x0000000428c00000, 0x0000000428c00000, 0x0000000429000000|  0%| F|  |TAMS 0x0000000428c00000, 0x0000000428c00000| Untracked 
|  88|0x0000000429000000, 0x0000000429000000, 0x0000000429400000|  0%| F|  |TAMS 0x0000000429000000, 0x0000000429000000| Untracked 
|  89|0x0000000429400000, 0x0000000429400000, 0x0000000429800000|  0%| F|  |TAMS 0x0000000429400000, 0x0000000429400000| Untracked 
|  90|0x0000000429800000, 0x0000000429800000, 0x0000000429c00000|  0%| F|  |TAMS 0x0000000429800000, 0x0000000429800000| Untracked 
|  91|0x0000000429c00000, 0x0000000429c00000, 0x000000042a000000|  0%| F|  |TAMS 0x0000000429c00000, 0x0000000429c00000| Untracked 
|  92|0x000000042a000000, 0x000000042a000000, 0x000000042a400000|  0%| F|  |TAMS 0x000000042a000000, 0x000000042a000000| Untracked 
|  93|0x000000042a400000, 0x000000042a400000, 0x000000042a800000|  0%| F|  |TAMS 0x000000042a400000, 0x000000042a400000| Untracked 
|  94|0x000000042a800000, 0x000000042a800000, 0x000000042ac00000|  0%| F|  |TAMS 0x000000042a800000, 0x000000042a800000| Untracked 
|  95|0x000000042ac00000, 0x000000042ac00000, 0x000000042b000000|  0%| F|  |TAMS 0x000000042ac00000, 0x000000042ac00000| Untracked 
|  96|0x000000042b000000, 0x000000042b000000, 0x000000042b400000|  0%| F|  |TAMS 0x000000042b000000, 0x000000042b000000| Untracked 
|  97|0x000000042b400000, 0x000000042b400000, 0x000000042b800000|  0%| F|  |TAMS 0x000000042b400000, 0x000000042b400000| Untracked 
|  98|0x000000042b800000, 0x000000042b800000, 0x000000042bc00000|  0%| F|  |TAMS 0x000000042b800000, 0x000000042b800000| Untracked 
|  99|0x000000042bc00000, 0x000000042bc00000, 0x000000042c000000|  0%| F|  |TAMS 0x000000042bc00000, 0x000000042bc00000| Untracked 
| 100|0x000000042c000000, 0x000000042c000000, 0x000000042c400000|  0%| F|  |TAMS 0x000000042c000000, 0x000000042c000000| Untracked 
| 101|0x000000042c400000, 0x000000042c400000, 0x000000042c800000|  0%| F|  |TAMS 0x000000042c400000, 0x000000042c400000| Untracked 
| 102|0x000000042c800000, 0x000000042c800000, 0x000000042cc00000|  0%| F|  |TAMS 0x000000042c800000, 0x000000042c800000| Untracked 
| 103|0x000000042cc00000, 0x000000042cc00000, 0x000000042d000000|  0%| F|  |TAMS 0x000000042cc00000, 0x000000042cc00000| Untracked 
| 104|0x000000042d000000, 0x000000042d000000, 0x000000042d400000|  0%| F|  |TAMS 0x000000042d000000, 0x000000042d000000| Untracked 
| 105|0x000000042d400000, 0x000000042d400000, 0x000000042d800000|  0%| F|  |TAMS 0x000000042d400000, 0x000000042d400000| Untracked 
| 106|0x000000042d800000, 0x000000042d800000, 0x000000042dc00000|  0%| F|  |TAMS 0x000000042d800000, 0x000000042d800000| Untracked 
| 107|0x000000042dc00000, 0x000000042dc00000, 0x000000042e000000|  0%| F|  |TAMS 0x000000042dc00000, 0x000000042dc00000| Untracked 
| 108|0x000000042e000000, 0x000000042e000000, 0x000000042e400000|  0%| F|  |TAMS 0x000000042e000000, 0x000000042e000000| Untracked 
| 109|0x000000042e400000, 0x000000042e400000, 0x000000042e800000|  0%| F|  |TAMS 0x000000042e400000, 0x000000042e400000| Untracked 
| 110|0x000000042e800000, 0x000000042e800000, 0x000000042ec00000|  0%| F|  |TAMS 0x000000042e800000, 0x000000042e800000| Untracked 
| 111|0x000000042ec00000, 0x000000042ec00000, 0x000000042f000000|  0%| F|  |TAMS 0x000000042ec00000, 0x000000042ec00000| Untracked 
| 112|0x000000042f000000, 0x000000042f000000, 0x000000042f400000|  0%| F|  |TAMS 0x000000042f000000, 0x000000042f000000| Untracked 
| 113|0x000000042f400000, 0x000000042f400000, 0x000000042f800000|  0%| F|  |TAMS 0x000000042f400000, 0x000000042f400000| Untracked 
| 114|0x000000042f800000, 0x000000042f800000, 0x000000042fc00000|  0%| F|  |TAMS 0x000000042f800000, 0x000000042f800000| Untracked 
| 115|0x000000042fc00000, 0x000000042fc00000, 0x0000000430000000|  0%| F|  |TAMS 0x000000042fc00000, 0x000000042fc00000| Untracked 
| 116|0x0000000430000000, 0x0000000430000000, 0x0000000430400000|  0%| F|  |TAMS 0x0000000430000000, 0x0000000430000000| Untracked 
| 117|0x0000000430400000, 0x0000000430400000, 0x0000000430800000|  0%| F|  |TAMS 0x0000000430400000, 0x0000000430400000| Untracked 
| 118|0x0000000430800000, 0x0000000430800000, 0x0000000430c00000|  0%| F|  |TAMS 0x0000000430800000, 0x0000000430800000| Untracked 
| 119|0x0000000430c00000, 0x0000000430c00000, 0x0000000431000000|  0%| F|  |TAMS 0x0000000430c00000, 0x0000000430c00000| Untracked 
| 120|0x0000000431000000, 0x0000000431000000, 0x0000000431400000|  0%| F|  |TAMS 0x0000000431000000, 0x0000000431000000| Untracked 
| 121|0x0000000431400000, 0x0000000431400000, 0x0000000431800000|  0%| F|  |TAMS 0x0000000431400000, 0x0000000431400000| Untracked 
| 122|0x0000000431800000, 0x0000000431800000, 0x0000000431c00000|  0%| F|  |TAMS 0x0000000431800000, 0x0000000431800000| Untracked 
| 123|0x0000000431c00000, 0x0000000431c00000, 0x0000000432000000|  0%| F|  |TAMS 0x0000000431c00000, 0x0000000431c00000| Untracked 
| 124|0x0000000432000000, 0x0000000432000000, 0x0000000432400000|  0%| F|  |TAMS 0x0000000432000000, 0x0000000432000000| Untracked 
| 125|0x0000000432400000, 0x0000000432400000, 0x0000000432800000|  0%| F|  |TAMS 0x0000000432400000, 0x0000000432400000| Untracked 
| 126|0x0000000432800000, 0x0000000432800000, 0x0000000432c00000|  0%| F|  |TAMS 0x0000000432800000, 0x0000000432800000| Untracked 
| 127|0x0000000432c00000, 0x0000000432c00000, 0x0000000433000000|  0%| F|  |TAMS 0x0000000432c00000, 0x0000000432c00000| Untracked 
| 128|0x0000000433000000, 0x0000000433000000, 0x0000000433400000|  0%| F|  |TAMS 0x0000000433000000, 0x0000000433000000| Untracked 
| 129|0x0000000433400000, 0x0000000433400000, 0x0000000433800000|  0%| F|  |TAMS 0x0000000433400000, 0x0000000433400000| Untracked 
| 130|0x0000000433800000, 0x0000000433800000, 0x0000000433c00000|  0%| F|  |TAMS 0x0000000433800000, 0x0000000433800000| Untracked 
| 131|0x0000000433c00000, 0x0000000433c00000, 0x0000000434000000|  0%| F|  |TAMS 0x0000000433c00000, 0x0000000433c00000| Untracked 
| 132|0x0000000434000000, 0x0000000434000000, 0x0000000434400000|  0%| F|  |TAMS 0x0000000434000000, 0x0000000434000000| Untracked 
| 133|0x0000000434400000, 0x0000000434400000, 0x0000000434800000|  0%| F|  |TAMS 0x0000000434400000, 0x0000000434400000| Untracked 
| 134|0x0000000434800000, 0x0000000434800000, 0x0000000434c00000|  0%| F|  |TAMS 0x0000000434800000, 0x0000000434800000| Untracked 
| 135|0x0000000434c00000, 0x0000000434c00000, 0x0000000435000000|  0%| F|  |TAMS 0x0000000434c00000, 0x0000000434c00000| Untracked 
| 136|0x0000000435000000, 0x0000000435000000, 0x0000000435400000|  0%| F|  |TAMS 0x0000000435000000, 0x0000000435000000| Untracked 
| 137|0x0000000435400000, 0x0000000435400000, 0x0000000435800000|  0%| F|  |TAMS 0x0000000435400000, 0x0000000435400000| Untracked 
| 138|0x0000000435800000, 0x0000000435800000, 0x0000000435c00000|  0%| F|  |TAMS 0x0000000435800000, 0x0000000435800000| Untracked 
| 139|0x0000000435c00000, 0x0000000435c00000, 0x0000000436000000|  0%| F|  |TAMS 0x0000000435c00000, 0x0000000435c00000| Untracked 
| 140|0x0000000436000000, 0x0000000436000000, 0x0000000436400000|  0%| F|  |TAMS 0x0000000436000000, 0x0000000436000000| Untracked 
| 141|0x0000000436400000, 0x0000000436400000, 0x0000000436800000|  0%| F|  |TAMS 0x0000000436400000, 0x0000000436400000| Untracked 
| 142|0x0000000436800000, 0x0000000436800000, 0x0000000436c00000|  0%| F|  |TAMS 0x0000000436800000, 0x0000000436800000| Untracked 
| 143|0x0000000436c00000, 0x0000000436c00000, 0x0000000437000000|  0%| F|  |TAMS 0x0000000436c00000, 0x0000000436c00000| Untracked 
| 144|0x0000000437000000, 0x0000000437000000, 0x0000000437400000|  0%| F|  |TAMS 0x0000000437000000, 0x0000000437000000| Untracked 
| 145|0x0000000437400000, 0x0000000437400000, 0x0000000437800000|  0%| F|  |TAMS 0x0000000437400000, 0x0000000437400000| Untracked 
| 146|0x0000000437800000, 0x0000000437800000, 0x0000000437c00000|  0%| F|  |TAMS 0x0000000437800000, 0x0000000437800000| Untracked 
| 147|0x0000000437c00000, 0x0000000437c00000, 0x0000000438000000|  0%| F|  |TAMS 0x0000000437c00000, 0x0000000437c00000| Untracked 
| 148|0x0000000438000000, 0x0000000438000000, 0x0000000438400000|  0%| F|  |TAMS 0x0000000438000000, 0x0000000438000000| Untracked 
| 149|0x0000000438400000, 0x0000000438400000, 0x0000000438800000|  0%| F|  |TAMS 0x0000000438400000, 0x0000000438400000| Untracked 
| 150|0x0000000438800000, 0x0000000438800000, 0x0000000438c00000|  0%| F|  |TAMS 0x0000000438800000, 0x0000000438800000| Untracked 
| 151|0x0000000438c00000, 0x0000000438c00000, 0x0000000439000000|  0%| F|  |TAMS 0x0000000438c00000, 0x0000000438c00000| Untracked 
| 152|0x0000000439000000, 0x0000000439000000, 0x0000000439400000|  0%| F|  |TAMS 0x0000000439000000, 0x0000000439000000| Untracked 
| 153|0x0000000439400000, 0x0000000439400000, 0x0000000439800000|  0%| F|  |TAMS 0x0000000439400000, 0x0000000439400000| Untracked 
| 154|0x0000000439800000, 0x0000000439800000, 0x0000000439c00000|  0%| F|  |TAMS 0x0000000439800000, 0x0000000439800000| Untracked 
| 155|0x0000000439c00000, 0x0000000439c00000, 0x000000043a000000|  0%| F|  |TAMS 0x0000000439c00000, 0x0000000439c00000| Untracked 
| 156|0x000000043a000000, 0x000000043a000000, 0x000000043a400000|  0%| F|  |TAMS 0x000000043a000000, 0x000000043a000000| Untracked 
| 157|0x000000043a400000, 0x000000043a400000, 0x000000043a800000|  0%| F|  |TAMS 0x000000043a400000, 0x000000043a400000| Untracked 
| 158|0x000000043a800000, 0x000000043a800000, 0x000000043ac00000|  0%| F|  |TAMS 0x000000043a800000, 0x000000043a800000| Untracked 
| 159|0x000000043ac00000, 0x000000043ac00000, 0x000000043b000000|  0%| F|  |TAMS 0x000000043ac00000, 0x000000043ac00000| Untracked 
| 160|0x000000043b000000, 0x000000043b000000, 0x000000043b400000|  0%| F|  |TAMS 0x000000043b000000, 0x000000043b000000| Untracked 
| 161|0x000000043b400000, 0x000000043b400000, 0x000000043b800000|  0%| F|  |TAMS 0x000000043b400000, 0x000000043b400000| Untracked 
| 162|0x000000043b800000, 0x000000043b800000, 0x000000043bc00000|  0%| F|  |TAMS 0x000000043b800000, 0x000000043b800000| Untracked 
| 163|0x000000043bc00000, 0x000000043bc00000, 0x000000043c000000|  0%| F|  |TAMS 0x000000043bc00000, 0x000000043bc00000| Untracked 
| 164|0x000000043c000000, 0x000000043c000000, 0x000000043c400000|  0%| F|  |TAMS 0x000000043c000000, 0x000000043c000000| Untracked 
| 165|0x000000043c400000, 0x000000043c400000, 0x000000043c800000|  0%| F|  |TAMS 0x000000043c400000, 0x000000043c400000| Untracked 
| 166|0x000000043c800000, 0x000000043c800000, 0x000000043cc00000|  0%| F|  |TAMS 0x000000043c800000, 0x000000043c800000| Untracked 
| 167|0x000000043cc00000, 0x000000043cc00000, 0x000000043d000000|  0%| F|  |TAMS 0x000000043cc00000, 0x000000043cc00000| Untracked 
| 168|0x000000043d000000, 0x000000043d000000, 0x000000043d400000|  0%| F|  |TAMS 0x000000043d000000, 0x000000043d000000| Untracked 
| 169|0x000000043d400000, 0x000000043d400000, 0x000000043d800000|  0%| F|  |TAMS 0x000000043d400000, 0x000000043d400000| Untracked 
| 170|0x000000043d800000, 0x000000043d800000, 0x000000043dc00000|  0%| F|  |TAMS 0x000000043d800000, 0x000000043d800000| Untracked 
| 171|0x000000043dc00000, 0x000000043dc00000, 0x000000043e000000|  0%| F|  |TAMS 0x000000043dc00000, 0x000000043dc00000| Untracked 
| 172|0x000000043e000000, 0x000000043e000000, 0x000000043e400000|  0%| F|  |TAMS 0x000000043e000000, 0x000000043e000000| Untracked 
| 173|0x000000043e400000, 0x000000043e400000, 0x000000043e800000|  0%| F|  |TAMS 0x000000043e400000, 0x000000043e400000| Untracked 
| 174|0x000000043e800000, 0x000000043e800000, 0x000000043ec00000|  0%| F|  |TAMS 0x000000043e800000, 0x000000043e800000| Untracked 
| 175|0x000000043ec00000, 0x000000043ec00000, 0x000000043f000000|  0%| F|  |TAMS 0x000000043ec00000, 0x000000043ec00000| Untracked 
| 176|0x000000043f000000, 0x000000043f000000, 0x000000043f400000|  0%| F|  |TAMS 0x000000043f000000, 0x000000043f000000| Untracked 
| 177|0x000000043f400000, 0x000000043f400000, 0x000000043f800000|  0%| F|  |TAMS 0x000000043f400000, 0x000000043f400000| Untracked 
| 178|0x000000043f800000, 0x000000043f800000, 0x000000043fc00000|  0%| F|  |TAMS 0x000000043f800000, 0x000000043f800000| Untracked 
| 179|0x000000043fc00000, 0x000000043fc00000, 0x0000000440000000|  0%| F|  |TAMS 0x000000043fc00000, 0x000000043fc00000| Untracked 
| 180|0x0000000440000000, 0x0000000440000000, 0x0000000440400000|  0%| F|  |TAMS 0x0000000440000000, 0x0000000440000000| Untracked 
| 181|0x0000000440400000, 0x0000000440400000, 0x0000000440800000|  0%| F|  |TAMS 0x0000000440400000, 0x0000000440400000| Untracked 
| 182|0x0000000440800000, 0x0000000440800000, 0x0000000440c00000|  0%| F|  |TAMS 0x0000000440800000, 0x0000000440800000| Untracked 
| 183|0x0000000440c00000, 0x0000000440c00000, 0x0000000441000000|  0%| F|  |TAMS 0x0000000440c00000, 0x0000000440c00000| Untracked 
| 184|0x0000000441000000, 0x0000000441000000, 0x0000000441400000|  0%| F|  |TAMS 0x0000000441000000, 0x0000000441000000| Untracked 
| 185|0x0000000441400000, 0x0000000441400000, 0x0000000441800000|  0%| F|  |TAMS 0x0000000441400000, 0x0000000441400000| Untracked 
| 186|0x0000000441800000, 0x0000000441800000, 0x0000000441c00000|  0%| F|  |TAMS 0x0000000441800000, 0x0000000441800000| Untracked 
| 187|0x0000000441c00000, 0x0000000441c00000, 0x0000000442000000|  0%| F|  |TAMS 0x0000000441c00000, 0x0000000441c00000| Untracked 
| 188|0x0000000442000000, 0x0000000442000000, 0x0000000442400000|  0%| F|  |TAMS 0x0000000442000000, 0x0000000442000000| Untracked 
| 189|0x0000000442400000, 0x0000000442400000, 0x0000000442800000|  0%| F|  |TAMS 0x0000000442400000, 0x0000000442400000| Untracked 
| 190|0x0000000442800000, 0x0000000442800000, 0x0000000442c00000|  0%| F|  |TAMS 0x0000000442800000, 0x0000000442800000| Untracked 
| 191|0x0000000442c00000, 0x0000000442c00000, 0x0000000443000000|  0%| F|  |TAMS 0x0000000442c00000, 0x0000000442c00000| Untracked 
| 192|0x0000000443000000, 0x0000000443000000, 0x0000000443400000|  0%| F|  |TAMS 0x0000000443000000, 0x0000000443000000| Untracked 
| 193|0x0000000443400000, 0x0000000443400000, 0x0000000443800000|  0%| F|  |TAMS 0x0000000443400000, 0x0000000443400000| Untracked 
| 194|0x0000000443800000, 0x0000000443800000, 0x0000000443c00000|  0%| F|  |TAMS 0x0000000443800000, 0x0000000443800000| Untracked 
| 195|0x0000000443c00000, 0x0000000443c00000, 0x0000000444000000|  0%| F|  |TAMS 0x0000000443c00000, 0x0000000443c00000| Untracked 
| 196|0x0000000444000000, 0x0000000444000000, 0x0000000444400000|  0%| F|  |TAMS 0x0000000444000000, 0x0000000444000000| Untracked 
| 197|0x0000000444400000, 0x0000000444400000, 0x0000000444800000|  0%| F|  |TAMS 0x0000000444400000, 0x0000000444400000| Untracked 
| 198|0x0000000444800000, 0x0000000444800000, 0x0000000444c00000|  0%| F|  |TAMS 0x0000000444800000, 0x0000000444800000| Untracked 
| 199|0x0000000444c00000, 0x0000000444c00000, 0x0000000445000000|  0%| F|  |TAMS 0x0000000444c00000, 0x0000000444c00000| Untracked 
| 200|0x0000000445000000, 0x0000000445000000, 0x0000000445400000|  0%| F|  |TAMS 0x0000000445000000, 0x0000000445000000| Untracked 
| 201|0x0000000445400000, 0x0000000445400000, 0x0000000445800000|  0%| F|  |TAMS 0x0000000445400000, 0x0000000445400000| Untracked 
| 202|0x0000000445800000, 0x0000000445800000, 0x0000000445c00000|  0%| F|  |TAMS 0x0000000445800000, 0x0000000445800000| Untracked 
| 203|0x0000000445c00000, 0x0000000445c00000, 0x0000000446000000|  0%| F|  |TAMS 0x0000000445c00000, 0x0000000445c00000| Untracked 
| 204|0x0000000446000000, 0x0000000446000000, 0x0000000446400000|  0%| F|  |TAMS 0x0000000446000000, 0x0000000446000000| Untracked 
| 205|0x0000000446400000, 0x0000000446400000, 0x0000000446800000|  0%| F|  |TAMS 0x0000000446400000, 0x0000000446400000| Untracked 
| 206|0x0000000446800000, 0x0000000446800000, 0x0000000446c00000|  0%| F|  |TAMS 0x0000000446800000, 0x0000000446800000| Untracked 
| 207|0x0000000446c00000, 0x0000000446c00000, 0x0000000447000000|  0%| F|  |TAMS 0x0000000446c00000, 0x0000000446c00000| Untracked 
| 208|0x0000000447000000, 0x0000000447000000, 0x0000000447400000|  0%| F|  |TAMS 0x0000000447000000, 0x0000000447000000| Untracked 
| 209|0x0000000447400000, 0x0000000447400000, 0x0000000447800000|  0%| F|  |TAMS 0x0000000447400000, 0x0000000447400000| Untracked 
| 210|0x0000000447800000, 0x0000000447800000, 0x0000000447c00000|  0%| F|  |TAMS 0x0000000447800000, 0x0000000447800000| Untracked 
| 211|0x0000000447c00000, 0x0000000447c00000, 0x0000000448000000|  0%| F|  |TAMS 0x0000000447c00000, 0x0000000447c00000| Untracked 
| 212|0x0000000448000000, 0x0000000448000000, 0x0000000448400000|  0%| F|  |TAMS 0x0000000448000000, 0x0000000448000000| Untracked 
| 213|0x0000000448400000, 0x0000000448400000, 0x0000000448800000|  0%| F|  |TAMS 0x0000000448400000, 0x0000000448400000| Untracked 
| 214|0x0000000448800000, 0x0000000448800000, 0x0000000448c00000|  0%| F|  |TAMS 0x0000000448800000, 0x0000000448800000| Untracked 
| 215|0x0000000448c00000, 0x0000000448c00000, 0x0000000449000000|  0%| F|  |TAMS 0x0000000448c00000, 0x0000000448c00000| Untracked 
| 216|0x0000000449000000, 0x0000000449000000, 0x0000000449400000|  0%| F|  |TAMS 0x0000000449000000, 0x0000000449000000| Untracked 
| 217|0x0000000449400000, 0x0000000449400000, 0x0000000449800000|  0%| F|  |TAMS 0x0000000449400000, 0x0000000449400000| Untracked 
| 218|0x0000000449800000, 0x0000000449800000, 0x0000000449c00000|  0%| F|  |TAMS 0x0000000449800000, 0x0000000449800000| Untracked 
| 219|0x0000000449c00000, 0x0000000449c00000, 0x000000044a000000|  0%| F|  |TAMS 0x0000000449c00000, 0x0000000449c00000| Untracked 
| 220|0x000000044a000000, 0x000000044a000000, 0x000000044a400000|  0%| F|  |TAMS 0x000000044a000000, 0x000000044a000000| Untracked 
| 221|0x000000044a400000, 0x000000044a400000, 0x000000044a800000|  0%| F|  |TAMS 0x000000044a400000, 0x000000044a400000| Untracked 
| 222|0x000000044a800000, 0x000000044a800000, 0x000000044ac00000|  0%| F|  |TAMS 0x000000044a800000, 0x000000044a800000| Untracked 
| 223|0x000000044ac00000, 0x000000044ac00000, 0x000000044b000000|  0%| F|  |TAMS 0x000000044ac00000, 0x000000044ac00000| Untracked 
| 224|0x000000044b000000, 0x000000044b000000, 0x000000044b400000|  0%| F|  |TAMS 0x000000044b000000, 0x000000044b000000| Untracked 
| 225|0x000000044b400000, 0x000000044b400000, 0x000000044b800000|  0%| F|  |TAMS 0x000000044b400000, 0x000000044b400000| Untracked 
| 226|0x000000044b800000, 0x000000044b800000, 0x000000044bc00000|  0%| F|  |TAMS 0x000000044b800000, 0x000000044b800000| Untracked 
| 227|0x000000044bc00000, 0x000000044bc00000, 0x000000044c000000|  0%| F|  |TAMS 0x000000044bc00000, 0x000000044bc00000| Untracked 
| 228|0x000000044c000000, 0x000000044c000000, 0x000000044c400000|  0%| F|  |TAMS 0x000000044c000000, 0x000000044c000000| Untracked 
| 229|0x000000044c400000, 0x000000044c400000, 0x000000044c800000|  0%| F|  |TAMS 0x000000044c400000, 0x000000044c400000| Untracked 
| 230|0x000000044c800000, 0x000000044c800000, 0x000000044cc00000|  0%| F|  |TAMS 0x000000044c800000, 0x000000044c800000| Untracked 
| 231|0x000000044cc00000, 0x000000044cc00000, 0x000000044d000000|  0%| F|  |TAMS 0x000000044cc00000, 0x000000044cc00000| Untracked 
| 232|0x000000044d000000, 0x000000044d000000, 0x000000044d400000|  0%| F|  |TAMS 0x000000044d000000, 0x000000044d000000| Untracked 
| 233|0x000000044d400000, 0x000000044d400000, 0x000000044d800000|  0%| F|  |TAMS 0x000000044d400000, 0x000000044d400000| Untracked 
| 234|0x000000044d800000, 0x000000044d800000, 0x000000044dc00000|  0%| F|  |TAMS 0x000000044d800000, 0x000000044d800000| Untracked 
| 235|0x000000044dc00000, 0x000000044dc00000, 0x000000044e000000|  0%| F|  |TAMS 0x000000044dc00000, 0x000000044dc00000| Untracked 
| 236|0x000000044e000000, 0x000000044e000000, 0x000000044e400000|  0%| F|  |TAMS 0x000000044e000000, 0x000000044e000000| Untracked 
| 237|0x000000044e400000, 0x000000044e400000, 0x000000044e800000|  0%| F|  |TAMS 0x000000044e400000, 0x000000044e400000| Untracked 
| 238|0x000000044e800000, 0x000000044e800000, 0x000000044ec00000|  0%| F|  |TAMS 0x000000044e800000, 0x000000044e800000| Untracked 
| 239|0x000000044ec00000, 0x000000044ec00000, 0x000000044f000000|  0%| F|  |TAMS 0x000000044ec00000, 0x000000044ec00000| Untracked 
| 240|0x000000044f000000, 0x000000044f000000, 0x000000044f400000|  0%| F|  |TAMS 0x000000044f000000, 0x000000044f000000| Untracked 
| 241|0x000000044f400000, 0x000000044f400000, 0x000000044f800000|  0%| F|  |TAMS 0x000000044f400000, 0x000000044f400000| Untracked 
| 242|0x000000044f800000, 0x000000044f800000, 0x000000044fc00000|  0%| F|  |TAMS 0x000000044f800000, 0x000000044f800000| Untracked 
| 243|0x000000044fc00000, 0x000000044fc00000, 0x0000000450000000|  0%| F|  |TAMS 0x000000044fc00000, 0x000000044fc00000| Untracked 
| 244|0x0000000450000000, 0x0000000450000000, 0x0000000450400000|  0%| F|  |TAMS 0x0000000450000000, 0x0000000450000000| Untracked 
| 245|0x0000000450400000, 0x0000000450400000, 0x0000000450800000|  0%| F|  |TAMS 0x0000000450400000, 0x0000000450400000| Untracked 
| 246|0x0000000450800000, 0x0000000450800000, 0x0000000450c00000|  0%| F|  |TAMS 0x0000000450800000, 0x0000000450800000| Untracked 
| 247|0x0000000450c00000, 0x0000000450c00000, 0x0000000451000000|  0%| F|  |TAMS 0x0000000450c00000, 0x0000000450c00000| Untracked 
| 248|0x0000000451000000, 0x0000000451000000, 0x0000000451400000|  0%| F|  |TAMS 0x0000000451000000, 0x0000000451000000| Untracked 
| 249|0x0000000451400000, 0x00000004517d83f0, 0x0000000451800000| 96%| E|  |TAMS 0x0000000451400000, 0x0000000451400000| Complete 
| 250|0x0000000451800000, 0x0000000451c00000, 0x0000000451c00000|100%| E|CS|TAMS 0x0000000451800000, 0x0000000451800000| Complete 
| 251|0x0000000451c00000, 0x0000000452000000, 0x0000000452000000|100%| E|CS|TAMS 0x0000000451c00000, 0x0000000451c00000| Complete 
|3762|0x00000007bf800000, 0x00000007bf847000, 0x00000007bfc00000|  6%|OA|  |TAMS 0x00000007bf800000, 0x00000007bf800000| Untracked 
|3763|0x00000007bfc00000, 0x00000007bfc6b000, 0x00000007c0000000| 10%|CA|  |TAMS 0x00000007bfc00000, 0x00000007bfc00000| Untracked 

Card table byte_map: [0x00007f9f08130000,0x00007f9f0a098000] _byte_map_base: 0x00007f9f06098000

Marking Bits (Prev, Next): (CMBitMap*) 0x00007f9f2805cea8, (CMBitMap*) 0x00007f9f2805cee0
 Prev Bits: [0x00007f9ef6688000, 0x00007f9f061c8000)
 Next Bits: [0x00007f9ee6b48000, 0x00007f9ef6688000)

Polling page: 0x00007f9f30246000

Metaspace:

Usage:
  Non-class:      4.97 MB capacity,     3.00 MB ( 60%) used,     1.96 MB ( 39%) free+waste,     6.56 KB ( <1%) overhead. 
      Class:    543.00 KB capacity,   336.17 KB ( 62%) used,   202.95 KB ( 37%) free+waste,     3.88 KB ( <1%) overhead. 
       Both:      5.50 MB capacity,     3.33 MB ( 61%) used,     2.16 MB ( 39%) free+waste,    10.44 KB ( <1%) overhead. 

Virtual space:
  Non-class space:        8.00 MB reserved,       5.00 MB ( 62%) committed 
      Class space:        1.00 GB reserved,     640.00 KB ( <1%) committed 
             Both:        1.01 GB reserved,       5.62 MB ( <1%) committed 

Chunk freelists:
   Non-Class:  32.00 KB
       Class:  1.00 KB
        Both:  33.00 KB

MaxMetaspaceSize: unlimited
CompressedClassSpaceSize: 1.00 GB

CodeHeap 'non-profiled nmethods': size=118884Kb used=152Kb max_used=152Kb free=118731Kb
 bounds [0x00007f9f1845f000, 0x00007f9f186cf000, 0x00007f9f1f878000]
CodeHeap 'profiled nmethods': size=118884Kb used=1267Kb max_used=1267Kb free=117616Kb
 bounds [0x00007f9f11046000, 0x00007f9f112b6000, 0x00007f9f1845f000]
CodeHeap 'non-nmethods': size=7992Kb used=3352Kb max_used=3360Kb free=4639Kb
 bounds [0x00007f9f10878000, 0x00007f9f10bc8000, 0x00007f9f11046000]
 total_blobs=1143 nmethods=715 adapters=337
 compilation: enabled
              stopped_count=0, restarted_count=0
 full_count=0

Compilation events (20 events):
Event: 0.269 Thread 0x00007f9f28288800  620       3       java.util.StringTokenizer::skipDelimiters (116 bytes)
Event: 0.270 Thread 0x00007f9f28288800 nmethod 620 0x00007f9f1113cb10 code [0x00007f9f1113cdc0, 0x00007f9f1113db00]
Event: 0.270 Thread 0x00007f9f28288800  619       3       java.util.StringTokenizer::hasMoreTokens (29 bytes)
Event: 0.270 Thread 0x00007f9f28288800 nmethod 619 0x00007f9f1113e010 code [0x00007f9f1113e1c0, 0x00007f9f1113e380]
Event: 0.270 Thread 0x00007f9f28288800  621       3       java.util.StringTokenizer::nextToken (92 bytes)
Event: 0.271 Thread 0x00007f9eb409d800 nmethod 618 0x00007f9f1113e410 code [0x00007f9f1113e7a0, 0x00007f9f1113fd90]
Event: 0.271 Thread 0x00007f9f28288800 nmethod 621 0x00007f9f11140590 code [0x00007f9f11140780, 0x00007f9f11140ab0]
Event: 0.271 Thread 0x00007f9eb409d800  622       3       java.lang.invoke.MemberName$Factory::resolveOrFail (53 bytes)
Event: 0.271 Thread 0x00007f9f28288800  624       3       sun.util.locale.LocaleUtils::toLower (17 bytes)
Event: 0.271 Thread 0x00007f9eb409d800 nmethod 622 0x00007f9f11140c10 code [0x00007f9f11140e40, 0x00007f9f11141570]
Event: 0.271 Thread 0x00007f9eb409d800  625       1       sun.util.locale.StringTokenIterator::isDone (5 bytes)
Event: 0.271 Thread 0x00007f9f28288800 nmethod 624 0x00007f9f11141790 code [0x00007f9f11141940, 0x00007f9f11141b70]
Event: 0.271 Thread 0x00007f9eb409d800 nmethod 625 0x00007f9f18481990 code [0x00007f9f18481b40, 0x00007f9f18481c10]
Event: 0.271 Thread 0x00007f9f28288800  626       1       java.util.Collections$EmptyList::isEmpty (2 bytes)
Event: 0.271 Thread 0x00007f9f28288800 nmethod 626 0x00007f9f18481c90 code [0x00007f9f18481e40, 0x00007f9f18481f10]
Event: 0.271 Thread 0x00007f9eb409d800  627       3       java.lang.ref.SoftReference::<init> (13 bytes)
Event: 0.271 Thread 0x00007f9f28288800  628       1       sun.util.locale.BaseLocale::getVariant (5 bytes)
Event: 0.272 Thread 0x00007f9eb409d800 nmethod 627 0x00007f9f11141c10 code [0x00007f9f11141de0, 0x00007f9f11142110]
Event: 0.272 Thread 0x00007f9f28288800 nmethod 628 0x00007f9f18481f90 code [0x00007f9f18482140, 0x00007f9f18482210]
Event: 0.272 Thread 0x00007f9eb409d800  629       1       sun.util.locale.BaseLocale::getRegion (5 bytes)

GC Heap History (0 events):
No events

Deoptimization events (6 events):
Event: 0.102 Thread 0x00007f9f28016000 DEOPT PACKING pc=0x00007f9f1106880b sp=0x00007f9f2ea0f6d0
Event: 0.102 Thread 0x00007f9f28016000 DEOPT UNPACKING pc=0x00007f9f1089e14a sp=0x00007f9f2ea0eb90 mode 0
Event: 0.102 Thread 0x00007f9f28016000 DEOPT PACKING pc=0x00007f9f11069443 sp=0x00007f9f2ea0f6a0
Event: 0.102 Thread 0x00007f9f28016000 DEOPT UNPACKING pc=0x00007f9f1089e14a sp=0x00007f9f2ea0eb90 mode 0
Event: 0.102 Thread 0x00007f9f28016000 DEOPT PACKING pc=0x00007f9f1106880b sp=0x00007f9f2ea0f6d0
Event: 0.102 Thread 0x00007f9f28016000 DEOPT UNPACKING pc=0x00007f9f1089e14a sp=0x00007f9f2ea0eb90 mode 0

Classes redefined (0 events):
No events

Internal exceptions (9 events):
Event: 0.052 Thread 0x00007f9f28016000 Exception <a 'java/security/PrivilegedActionException'{0x0000000451c505c8}> (0x0000000451c505c8) thrown at [src/hotspot/share/prims/jvm.cpp, line 1304]
Event: 0.052 Thread 0x00007f9f28016000 Exception <a 'java/security/PrivilegedActionException'{0x0000000451c50898}> (0x0000000451c50898) thrown at [src/hotspot/share/prims/jvm.cpp, line 1304]
Event: 0.107 Thread 0x00007f9f28016000 Exception <a 'java/lang/NoClassDefFoundError'{0x0000000451fa6450}: org/apache/log4j/Category> (0x0000000451fa6450) thrown at [src/hotspot/share/classfile/systemDictionary.cpp, line 220]
Event: 0.141 Thread 0x00007f9f282dc800 Exception <a 'java/lang/InterruptedException'{0x00000004519f64b0}: sleep interrupted> (0x00000004519f64b0) thrown at [src/hotspot/share/prims/jvm.cpp, line 3125]
Event: 0.157 Thread 0x00007f9f28016000 Exception <a 'java/lang/NoSuchMethodError'{0x0000000451b43d20}: 'java.lang.Object java.lang.invoke.DirectMethodHandle$Holder.invokeStaticInit(java.lang.Object, java.lang.Object, long, java.lang.Object)'> (0x0000000451b43d20) thrown at [src/hotspot/share/interpreter/linkResolver.cpp, line 772]
Event: 0.158 Thread 0x00007f9f28016000 Exception <a 'java/lang/NoSuchMethodError'{0x0000000451b4fe48}: 'java.lang.Object java.lang.invoke.Invokers$Holder.linkToTargetMethod(java.lang.Object, long, java.lang.Object)'> (0x0000000451b4fe48) thrown at [src/hotspot/share/interpreter/linkResolver.cpp, line 772]
Event: 0.160 Thread 0x00007f9f28016000 Exception <a 'java/lang/NoSuchMethodError'{0x0000000451b57160}: 'java.lang.Object java.lang.invoke.DirectMethodHandle$Holder.invokeStatic(java.lang.Object, java.lang.Object, java.lang.Object, int)'> (0x0000000451b57160) thrown at [src/hotspot/share/interpreter/linkResolver.cpp, line 772]
Event: 0.161 Thread 0x00007f9f28016000 Exception <a 'java/lang/NoSuchMethodError'{0x0000000451b5add8}: 'java.lang.Object java.lang.invoke.DirectMethodHandle$Holder.invokeSpecial(java.lang.Object, java.lang.Object, java.lang.Object, java.lang.Object, int)'> (0x0000000451b5add8) thrown at [src/hotspot/share/interpreter/linkResolver.cpp, line 772]
Event: 0.161 Thread 0x00007f9f28016000 Exception <a 'java/lang/NoSuchMethodError'{0x0000000451b5e270}: 'java.lang.Object java.lang.invoke.Invokers$Holder.linkToTargetMethod(java.lang.Object, java.lang.Object, int, java.lang.Object)'> (0x0000000451b5e270) thrown at [src/hotspot/share/interpreter/linkResolver.cpp, line 772]

Events (20 events):
Event: 0.268 Executing VM operation: RevokeBias
Event: 0.268 Executing VM operation: RevokeBias done
Event: 0.268 Executing VM operation: RevokeBias
Event: 0.268 Executing VM operation: RevokeBias done
Event: 0.268 Executing VM operation: RevokeBias
Event: 0.268 Executing VM operation: RevokeBias done
Event: 0.268 loading class jdk/internal/module/ModulePatcher$PatchedModuleReader
Event: 0.268 loading class jdk/internal/module/ModulePatcher$PatchedModuleReader done
Event: 0.268 Executing VM operation: RevokeBias
Event: 0.268 Executing VM operation: RevokeBias done
Event: 0.268 Executing VM operation: RevokeBias
Event: 0.268 Executing VM operation: RevokeBias done
Event: 0.268 Executing VM operation: RevokeBias
Event: 0.268 Executing VM operation: RevokeBias done
Event: 0.268 Executing VM operation: RevokeBias
Event: 0.268 Executing VM operation: RevokeBias done
Event: 0.268 Executing VM operation: RevokeBias
Event: 0.268 Executing VM operation: RevokeBias done
Event: 0.269 loading class org/rocksdb/InfoLogLevel
Event: 0.269 loading class org/rocksdb/InfoLogLevel done


Dynamic libraries:
413000000-452000000 rw-p 00000000 00:00 0 
452000000-7bf800000 ---p 00000000 00:00 0 
7bf800000-7bf847000 rw-p 01111000 fd:00 10618147                         /usr/lib/jvm/java-11-openjdk-amd64/lib/server/classes.jsa
7bf847000-7bfc00000 rw-p 00000000 00:00 0 
7bfc00000-7bfc6b000 rw-p 010a6000 fd:00 10618147                         /usr/lib/jvm/java-11-openjdk-amd64/lib/server/classes.jsa
7bfc6b000-7c0000000 rw-p 00000000 00:00 0 
7c0000000-800000000 ---p 00000000 00:00 0 
800000000-800002000 rwxp 00001000 fd:00 10618147                         /usr/lib/jvm/java-11-openjdk-amd64/lib/server/classes.jsa
800002000-8003b9000 rw-p 00003000 fd:00 10618147                         /usr/lib/jvm/java-11-openjdk-amd64/lib/server/classes.jsa
8003b9000-800a96000 r--p 003ba000 fd:00 10618147                         /usr/lib/jvm/java-11-openjdk-amd64/lib/server/classes.jsa
800a96000-800a97000 rw-p 00a97000 fd:00 10618147                         /usr/lib/jvm/java-11-openjdk-amd64/lib/server/classes.jsa
800a97000-8010a5000 r--p 00a98000 fd:00 10618147                         /usr/lib/jvm/java-11-openjdk-amd64/lib/server/classes.jsa
840000000-8400a0000 rw-p 00000000 00:00 0 
8400a0000-880000000 ---p 00000000 00:00 0 
555902a2d000-555902a2e000 r--p 00000000 fd:00 10620091                   /usr/lib/jvm/java-11-openjdk-amd64/bin/java
555902a2e000-555902a2f000 r-xp 00001000 fd:00 10620091                   /usr/lib/jvm/java-11-openjdk-amd64/bin/java
555902a2f000-555902a30000 r--p 00002000 fd:00 10620091                   /usr/lib/jvm/java-11-openjdk-amd64/bin/java
555902a30000-555902a31000 r--p 00002000 fd:00 10620091                   /usr/lib/jvm/java-11-openjdk-amd64/bin/java
555902a31000-555902a32000 rw-p 00003000 fd:00 10620091                   /usr/lib/jvm/java-11-openjdk-amd64/bin/java
5559044fb000-55590451c000 rw-p 00000000 00:00 0                          [heap]
7f9e20000000-7f9e20021000 rw-p 00000000 00:00 0 
7f9e20021000-7f9e24000000 ---p 00000000 00:00 0 
7f9e24ffa000-7f9e24ffb000 ---p 00000000 00:00 0 
7f9e24ffb000-7f9e257fb000 rw-p 00000000 00:00 0 
7f9e257fb000-7f9e257fc000 ---p 00000000 00:00 0 
7f9e257fc000-7f9e25ffc000 rw-p 00000000 00:00 0 
7f9e25ffc000-7f9e25ffd000 ---p 00000000 00:00 0 
7f9e25ffd000-7f9e267fd000 rw-p 00000000 00:00 0 
7f9e267fd000-7f9e267fe000 ---p 00000000 00:00 0 
7f9e267fe000-7f9e26ffe000 rw-p 00000000 00:00 0 
7f9e28000000-7f9e28021000 rw-p 00000000 00:00 0 
7f9e28021000-7f9e2c000000 ---p 00000000 00:00 0 
7f9e2c000000-7f9e2c021000 rw-p 00000000 00:00 0 
7f9e2c021000-7f9e30000000 ---p 00000000 00:00 0 
7f9e30000000-7f9e30021000 rw-p 00000000 00:00 0 
7f9e30021000-7f9e34000000 ---p 00000000 00:00 0 
7f9e34000000-7f9e34021000 rw-p 00000000 00:00 0 
7f9e34021000-7f9e38000000 ---p 00000000 00:00 0 
7f9e38000000-7f9e38021000 rw-p 00000000 00:00 0 
7f9e38021000-7f9e3c000000 ---p 00000000 00:00 0 
7f9e3c000000-7f9e3c021000 rw-p 00000000 00:00 0 
7f9e3c021000-7f9e40000000 ---p 00000000 00:00 0 
7f9e40000000-7f9e40021000 rw-p 00000000 00:00 0 
7f9e40021000-7f9e44000000 ---p 00000000 00:00 0 
7f9e44000000-7f9e44021000 rw-p 00000000 00:00 0 
7f9e44021000-7f9e48000000 ---p 00000000 00:00 0 
7f9e48000000-7f9e48021000 rw-p 00000000 00:00 0 
7f9e48021000-7f9e4c000000 ---p 00000000 00:00 0 
7f9e4d7fb000-7f9e4d7fc000 ---p 00000000 00:00 0 
7f9e4d7fc000-7f9e4dffc000 rw-p 00000000 00:00 0 
7f9e4dffc000-7f9e4dffd000 ---p 00000000 00:00 0 
7f9e4dffd000-7f9e4e7fd000 rw-p 00000000 00:00 0 
7f9e4e7fd000-7f9e4e7fe000 ---p 00000000 00:00 0 
7f9e4e7fe000-7f9e4effe000 rw-p 00000000 00:00 0 
7f9e4effe000-7f9e4efff000 ---p 00000000 00:00 0 
7f9e4efff000-7f9e4f7ff000 rw-p 00000000 00:00 0 
7f9e4f7ff000-7f9e4f800000 ---p 00000000 00:00 0 
7f9e4f800000-7f9e50000000 rw-p 00000000 00:00 0 
7f9e50000000-7f9e50021000 rw-p 00000000 00:00 0 
7f9e50021000-7f9e54000000 ---p 00000000 00:00 0 
7f9e54000000-7f9e54021000 rw-p 00000000 00:00 0 
7f9e54021000-7f9e58000000 ---p 00000000 00:00 0 
7f9e58000000-7f9e58021000 rw-p 00000000 00:00 0 
7f9e58021000-7f9e5c000000 ---p 00000000 00:00 0 
7f9e5c000000-7f9e5c021000 rw-p 00000000 00:00 0 
7f9e5c021000-7f9e60000000 ---p 00000000 00:00 0 
7f9e60000000-7f9e60021000 rw-p 00000000 00:00 0 
7f9e60021000-7f9e64000000 ---p 00000000 00:00 0 
7f9e647f9000-7f9e647fa000 ---p 00000000 00:00 0 
7f9e647fa000-7f9e64ffa000 rw-p 00000000 00:00 0 
7f9e64ffa000-7f9e64ffb000 ---p 00000000 00:00 0 
7f9e64ffb000-7f9e657fb000 rw-p 00000000 00:00 0 
7f9e657fb000-7f9e657fc000 ---p 00000000 00:00 0 
7f9e657fc000-7f9e65ffc000 rw-p 00000000 00:00 0 
7f9e65ffc000-7f9e65ffd000 ---p 00000000 00:00 0 
7f9e65ffd000-7f9e667fd000 rw-p 00000000 00:00 0 
7f9e667fd000-7f9e667fe000 ---p 00000000 00:00 0 
7f9e667fe000-7f9e66ffe000 rw-p 00000000 00:00 0 
7f9e66ffe000-7f9e66fff000 ---p 00000000 00:00 0 
7f9e66fff000-7f9e677ff000 rw-p 00000000 00:00 0 
7f9e677ff000-7f9e67800000 ---p 00000000 00:00 0 
7f9e67800000-7f9e68000000 rw-p 00000000 00:00 0 
7f9e68000000-7f9e68021000 rw-p 00000000 00:00 0 
7f9e68021000-7f9e6c000000 ---p 00000000 00:00 0 
7f9e6c000000-7f9e6c021000 rw-p 00000000 00:00 0 
7f9e6c021000-7f9e70000000 ---p 00000000 00:00 0 
7f9e70000000-7f9e70021000 rw-p 00000000 00:00 0 
7f9e70021000-7f9e74000000 ---p 00000000 00:00 0 
7f9e74000000-7f9e74021000 rw-p 00000000 00:00 0 
7f9e74021000-7f9e78000000 ---p 00000000 00:00 0 
7f9e78000000-7f9e78021000 rw-p 00000000 00:00 0 
7f9e78021000-7f9e7c000000 ---p 00000000 00:00 0 
7f9e7c000000-7f9e7c021000 rw-p 00000000 00:00 0 
7f9e7c021000-7f9e80000000 ---p 00000000 00:00 0 
7f9e80000000-7f9e80021000 rw-p 00000000 00:00 0 
7f9e80021000-7f9e84000000 ---p 00000000 00:00 0 
7f9e84000000-7f9e84021000 rw-p 00000000 00:00 0 
7f9e84021000-7f9e88000000 ---p 00000000 00:00 0 
7f9e887f9000-7f9e887fa000 ---p 00000000 00:00 0 
7f9e887fa000-7f9e88ffa000 rw-p 00000000 00:00 0 
7f9e88ffa000-7f9e88ffb000 ---p 00000000 00:00 0 
7f9e88ffb000-7f9e897fb000 rw-p 00000000 00:00 0 
7f9e897fb000-7f9e897fc000 ---p 00000000 00:00 0 
7f9e897fc000-7f9e89ffc000 rw-p 00000000 00:00 0 
7f9e89ffc000-7f9e89ffd000 ---p 00000000 00:00 0 
7f9e89ffd000-7f9e8a7fd000 rw-p 00000000 00:00 0 
7f9e8a7fd000-7f9e8a7fe000 ---p 00000000 00:00 0 
7f9e8a7fe000-7f9e8affe000 rw-p 00000000 00:00 0 
7f9e8affe000-7f9e8afff000 ---p 00000000 00:00 0 
7f9e8afff000-7f9e8b7ff000 rw-p 00000000 00:00 0 
7f9e8b7ff000-7f9e8b800000 ---p 00000000 00:00 0 
7f9e8b800000-7f9e8c000000 rw-p 00000000 00:00 0 
7f9e8c000000-7f9e8c021000 rw-p 00000000 00:00 0 
7f9e8c021000-7f9e90000000 ---p 00000000 00:00 0 
7f9e90000000-7f9e90021000 rw-p 00000000 00:00 0 
7f9e90021000-7f9e94000000 ---p 00000000 00:00 0 
7f9e94000000-7f9e94046000 rw-p 00000000 00:00 0 
7f9e94046000-7f9e98000000 ---p 00000000 00:00 0 
7f9e98000000-7f9e98021000 rw-p 00000000 00:00 0 
7f9e98021000-7f9e9c000000 ---p 00000000 00:00 0 
7f9e9c000000-7f9e9c021000 rw-p 00000000 00:00 0 
7f9e9c021000-7f9ea0000000 ---p 00000000 00:00 0 
7f9ea0000000-7f9ea0021000 rw-p 00000000 00:00 0 
7f9ea0021000-7f9ea4000000 ---p 00000000 00:00 0 
7f9ea4000000-7f9ea4021000 rw-p 00000000 00:00 0 
7f9ea4021000-7f9ea8000000 ---p 00000000 00:00 0 
7f9ea8000000-7f9ea8021000 rw-p 00000000 00:00 0 
7f9ea8021000-7f9eac000000 ---p 00000000 00:00 0 
7f9eac000000-7f9eac021000 rw-p 00000000 00:00 0 
7f9eac021000-7f9eb0000000 ---p 00000000 00:00 0 
7f9eb0000000-7f9eb00c8000 rw-p 00000000 00:00 0 
7f9eb00c8000-7f9eb4000000 ---p 00000000 00:00 0 
7f9eb4000000-7f9eb413c000 rw-p 00000000 00:00 0 
7f9eb413c000-7f9eb8000000 ---p 00000000 00:00 0 
7f9eb8000000-7f9eb8193000 rw-p 00000000 00:00 0 
7f9eb8193000-7f9ebc000000 ---p 00000000 00:00 0 
7f9ebc000000-7f9ebc021000 rw-p 00000000 00:00 0 
7f9ebc021000-7f9ec0000000 ---p 00000000 00:00 0 
7f9ec0000000-7f9ec0021000 rw-p 00000000 00:00 0 
7f9ec0021000-7f9ec4000000 ---p 00000000 00:00 0 
7f9ec4000000-7f9ec4021000 rw-p 00000000 00:00 0 
7f9ec4021000-7f9ec8000000 ---p 00000000 00:00 0 
7f9ec8000000-7f9ec8021000 rw-p 00000000 00:00 0 
7f9ec8021000-7f9ecc000000 ---p 00000000 00:00 0 
7f9ecc000000-7f9ecc021000 rw-p 00000000 00:00 0 
7f9ecc021000-7f9ed0000000 ---p 00000000 00:00 0 
7f9ed0000000-7f9ed0021000 rw-p 00000000 00:00 0 
7f9ed0021000-7f9ed4000000 ---p 00000000 00:00 0 
7f9ed421c000-7f9ed4220000 ---p 00000000 00:00 0 
7f9ed4220000-7f9ed431d000 rw-p 00000000 00:00 0 
7f9ed431d000-7f9ed4321000 ---p 00000000 00:00 0 
7f9ed4321000-7f9ed441e000 rw-p 00000000 00:00 0 
7f9ed441e000-7f9ed4422000 ---p 00000000 00:00 0 
7f9ed4422000-7f9ed451f000 rw-p 00000000 00:00 0 
7f9ed451f000-7f9ed4520000 ---p 00000000 00:00 0 
7f9ed4520000-7f9ed4d20000 rw-p 00000000 00:00 0 
7f9ed4d20000-7f9ed4d21000 ---p 00000000 00:00 0 
7f9ed4d21000-7f9ed5521000 rw-p 00000000 00:00 0 
7f9ed5521000-7f9ed5522000 ---p 00000000 00:00 0 
7f9ed5522000-7f9ed5ebe000 rw-p 00000000 00:00 0 
7f9ed5ebe000-7f9ed5ec2000 ---p 00000000 00:00 0 
7f9ed5ec2000-7f9ed5fbf000 rw-p 00000000 00:00 0 
7f9ed5fbf000-7f9ed5fc3000 ---p 00000000 00:00 0 
7f9ed5fc3000-7f9ed60c0000 rw-p 00000000 00:00 0 
7f9ed60c0000-7f9ed6293000 r--p 00000000 fd:00 3145736                    /tmp/librocksdbjni9882974748894263508.so
7f9ed6293000-7f9ed68e9000 r-xp 001d3000 fd:00 3145736                    /tmp/librocksdbjni9882974748894263508.so
7f9ed68e9000-7f9ed69f6000 r--p 00829000 fd:00 3145736                    /tmp/librocksdbjni9882974748894263508.so
7f9ed69f6000-7f9ed6a0e000 r--p 00935000 fd:00 3145736                    /tmp/librocksdbjni9882974748894263508.so
7f9ed6a0e000-7f9ed6a1a000 rw-p 0094d000 fd:00 3145736                    /tmp/librocksdbjni9882974748894263508.so
7f9ed6a1a000-7f9ed6a66000 rw-p 00000000 00:00 0 
7f9ed6a66000-7f9ed6a6a000 r--p 00000000 fd:00 7086119                    /usr/lib/x86_64-linux-gnu/libzstd.so.1.4.4
7f9ed6a6a000-7f9ed6afc000 r-xp 00004000 fd:00 7086119                    /usr/lib/x86_64-linux-gnu/libzstd.so.1.4.4
7f9ed6afc000-7f9ed6b0d000 r--p 00096000 fd:00 7086119                    /usr/lib/x86_64-linux-gnu/libzstd.so.1.4.4
7f9ed6b0d000-7f9ed6b0e000 r--p 000a6000 fd:00 7086119                    /usr/lib/x86_64-linux-gnu/libzstd.so.1.4.4
7f9ed6b0e000-7f9ed6b0f000 rw-p 000a7000 fd:00 7086119                    /usr/lib/x86_64-linux-gnu/libzstd.so.1.4.4
7f9ed6b0f000-7f9ed6b13000 ---p 00000000 00:00 0 
7f9ed6b13000-7f9ed6c10000 rw-p 00000000 00:00 0 
7f9ed6c10000-7f9ed6c14000 ---p 00000000 00:00 0 
7f9ed6c14000-7f9ed6d11000 rw-p 00000000 00:00 0 
7f9ed6d11000-7f9ed6d12000 ---p 00000000 00:00 0 
7f9ed6d12000-7f9ed6e13000 rw-p 00000000 00:00 0 
7f9ed6e13000-7f9ed6e17000 ---p 00000000 00:00 0 
7f9ed6e17000-7f9ed6f14000 rw-p 00000000 00:00 0 
7f9ed6f14000-7f9ed6f18000 ---p 00000000 00:00 0 
7f9ed6f18000-7f9ed7015000 rw-p 00000000 00:00 0 
7f9ed7015000-7f9ed7019000 ---p 00000000 00:00 0 
7f9ed7019000-7f9ed7116000 rw-p 00000000 00:00 0 
7f9ed7116000-7f9ed711a000 ---p 00000000 00:00 0 
7f9ed711a000-7f9ed7217000 rw-p 00000000 00:00 0 
7f9ed7217000-7f9ed721b000 ---p 00000000 00:00 0 
7f9ed721b000-7f9ed7318000 rw-p 00000000 00:00 0 
7f9ed7318000-7f9ed731c000 ---p 00000000 00:00 0 
7f9ed731c000-7f9ed7419000 rw-p 00000000 00:00 0 
7f9ed7419000-7f9ed76ff000 r--p 00000000 fd:00 7081580                    /usr/lib/locale/locale-archive
7f9ed76ff000-7f9ed7703000 ---p 00000000 00:00 0 
7f9ed7703000-7f9ed7d00000 rw-p 00000000 00:00 0 
7f9ed7d00000-7f9ed8000000 ---p 00000000 00:00 0 
7f9ed8000000-7f9ed8021000 rw-p 00000000 00:00 0 
7f9ed8021000-7f9edc000000 ---p 00000000 00:00 0 
7f9edc000000-7f9edc021000 rw-p 00000000 00:00 0 
7f9edc021000-7f9ee0000000 ---p 00000000 00:00 0 
7f9ee0000000-7f9ee0021000 rw-p 00000000 00:00 0 
7f9ee0021000-7f9ee4000000 ---p 00000000 00:00 0 
7f9ee4046000-7f9ee404a000 ---p 00000000 00:00 0 
7f9ee404a000-7f9ee4068000 rw-p 00000000 00:00 0 
7f9ee4068000-7f9ee406a000 r--p 00000000 fd:00 7084550                    /usr/lib/x86_64-linux-gnu/liblz4.so.1.9.2
7f9ee406a000-7f9ee4084000 r-xp 00002000 fd:00 7084550                    /usr/lib/x86_64-linux-gnu/liblz4.so.1.9.2
7f9ee4084000-7f9ee4087000 r--p 0001c000 fd:00 7084550                    /usr/lib/x86_64-linux-gnu/liblz4.so.1.9.2
7f9ee4087000-7f9ee4088000 r--p 0001e000 fd:00 7084550                    /usr/lib/x86_64-linux-gnu/liblz4.so.1.9.2
7f9ee4088000-7f9ee4089000 rw-p 0001f000 fd:00 7084550                    /usr/lib/x86_64-linux-gnu/liblz4.so.1.9.2
7f9ee4089000-7f9ee40ba000 rw-p 00000000 00:00 0 
7f9ee40ba000-7f9ee40be000 ---p 00000000 00:00 0 
7f9ee40be000-7f9ee41bb000 rw-p 00000000 00:00 0 
7f9ee41bb000-7f9ee41bc000 ---p 00000000 00:00 0 
7f9ee41bc000-7f9ee433e000 rw-p 00000000 00:00 0 
7f9ee433e000-7f9ee433f000 ---p 00000000 00:00 0 
7f9ee433f000-7f9ee4440000 rw-p 00000000 00:00 0 
7f9ee4440000-7f9ee4441000 ---p 00000000 00:00 0 
7f9ee4441000-7f9ee7b08000 rw-p 00000000 00:00 0 
7f9ee7b08000-7f9ef5668000 ---p 00000000 00:00 0 
7f9ef5668000-7f9ef5688000 rw-p 00000000 00:00 0 
7f9ef5688000-7f9ef6688000 ---p 00000000 00:00 0 
7f9ef6688000-7f9ef7648000 rw-p 00000000 00:00 0 
7f9ef7648000-7f9f051a8000 ---p 00000000 00:00 0 
7f9f051a8000-7f9f051c8000 rw-p 00000000 00:00 0 
7f9f051c8000-7f9f061c8000 ---p 00000000 00:00 0 
7f9f061c8000-7f9f063c0000 rw-p 00000000 00:00 0 
7f9f063c0000-7f9f07f2c000 ---p 00000000 00:00 0 
7f9f07f2c000-7f9f07f30000 rw-p 00000000 00:00 0 
7f9f07f30000-7f9f08130000 ---p 00000000 00:00 0 
7f9f08130000-7f9f08328000 rw-p 00000000 00:00 0 
7f9f08328000-7f9f09e94000 ---p 00000000 00:00 0 
7f9f09e94000-7f9f09e98000 rw-p 00000000 00:00 0 
7f9f09e98000-7f9f0a098000 ---p 00000000 00:00 0 
7f9f0a098000-7f9f0a290000 rw-p 00000000 00:00 0 
7f9f0a290000-7f9f0bdfc000 ---p 00000000 00:00 0 
7f9f0bdfc000-7f9f0be00000 rw-p 00000000 00:00 0 
7f9f0be00000-7f9f0c000000 ---p 00000000 00:00 0 
7f9f0c000000-7f9f0c021000 rw-p 00000000 00:00 0 
7f9f0c021000-7f9f10000000 ---p 00000000 00:00 0 
7f9f1000a000-7f9f1000d000 r--p 00000000 fd:00 7083394                    /usr/lib/x86_64-linux-gnu/libsnappy.so.1.1.8
7f9f1000d000-7f9f10011000 r-xp 00003000 fd:00 7083394                    /usr/lib/x86_64-linux-gnu/libsnappy.so.1.1.8
7f9f10011000-7f9f10013000 r--p 00007000 fd:00 7083394                    /usr/lib/x86_64-linux-gnu/libsnappy.so.1.1.8
7f9f10013000-7f9f10014000 r--p 00008000 fd:00 7083394                    /usr/lib/x86_64-linux-gnu/libsnappy.so.1.1.8
7f9f10014000-7f9f10015000 rw-p 00009000 fd:00 7083394                    /usr/lib/x86_64-linux-gnu/libsnappy.so.1.1.8
7f9f10015000-7f9f10878000 rw-p 00000000 00:00 0 
7f9f10878000-7f9f10bc8000 rwxp 00000000 00:00 0 
7f9f10bc8000-7f9f11046000 ---p 00000000 00:00 0 
7f9f11046000-7f9f112b6000 rwxp 00000000 00:00 0 
7f9f112b6000-7f9f1845f000 ---p 00000000 00:00 0 
7f9f1845f000-7f9f186cf000 rwxp 00000000 00:00 0 
7f9f186cf000-7f9f1f878000 ---p 00000000 00:00 0 
7f9f1f878000-7f9f28000000 r--s 00000000 fd:00 10620259                   /usr/lib/jvm/java-11-openjdk-amd64/lib/modules
7f9f28000000-7f9f2846d000 rw-p 00000000 00:00 0 
7f9f2846d000-7f9f2c000000 ---p 00000000 00:00 0 
7f9f2c003000-7f9f2c007000 r--p 00000000 fd:00 10620244                   /usr/lib/jvm/java-11-openjdk-amd64/lib/libnet.so
7f9f2c007000-7f9f2c016000 r-xp 00004000 fd:00 10620244                   /usr/lib/jvm/java-11-openjdk-amd64/lib/libnet.so
7f9f2c016000-7f9f2c01a000 r--p 00013000 fd:00 10620244                   /usr/lib/jvm/java-11-openjdk-amd64/lib/libnet.so
7f9f2c01a000-7f9f2c01b000 r--p 00016000 fd:00 10620244                   /usr/lib/jvm/java-11-openjdk-amd64/lib/libnet.so
7f9f2c01b000-7f9f2c01c000 rw-p 00017000 fd:00 10620244                   /usr/lib/jvm/java-11-openjdk-amd64/lib/libnet.so
7f9f2c01c000-7f9f2c023000 r--p 00000000 fd:00 10620245                   /usr/lib/jvm/java-11-openjdk-amd64/lib/libnio.so
7f9f2c023000-7f9f2c02b000 r-xp 00007000 fd:00 10620245                   /usr/lib/jvm/java-11-openjdk-amd64/lib/libnio.so
7f9f2c02b000-7f9f2c02e000 r--p 0000f000 fd:00 10620245                   /usr/lib/jvm/java-11-openjdk-amd64/lib/libnio.so
7f9f2c02e000-7f9f2c02f000 r--p 00011000 fd:00 10620245                   /usr/lib/jvm/java-11-openjdk-amd64/lib/libnio.so
7f9f2c02f000-7f9f2c030000 rw-p 00012000 fd:00 10620245                   /usr/lib/jvm/java-11-openjdk-amd64/lib/libnio.so
7f9f2c030000-7f9f2c9a3000 rw-p 00000000 00:00 0 
7f9f2c9a3000-7f9f2c9a4000 ---p 00000000 00:00 0 
7f9f2c9a4000-7f9f2caa5000 rw-p 00000000 00:00 0 
7f9f2caa5000-7f9f2caa6000 ---p 00000000 00:00 0 
7f9f2caa6000-7f9f2e5b9000 rw-p 00000000 00:00 0 
7f9f2e5b9000-7f9f2e5ba000 ---p 00000000 00:00 0 
7f9f2e5ba000-7f9f2e6c0000 rw-p 00000000 00:00 0 
7f9f2e6c0000-7f9f2e7a4000 ---p 00000000 00:00 0 
7f9f2e7a4000-7f9f2e7a9000 rw-p 00000000 00:00 0 
7f9f2e7a9000-7f9f2e88d000 ---p 00000000 00:00 0 
7f9f2e88d000-7f9f2e894000 rw-p 00000000 00:00 0 
7f9f2e894000-7f9f2e89d000 ---p 00000000 00:00 0 
7f9f2e89d000-7f9f2e89f000 r--p 00000000 fd:00 10620258                   /usr/lib/jvm/java-11-openjdk-amd64/lib/libzip.so
7f9f2e89f000-7f9f2e8a3000 r-xp 00002000 fd:00 10620258                   /usr/lib/jvm/java-11-openjdk-amd64/lib/libzip.so
7f9f2e8a3000-7f9f2e8a5000 r--p 00006000 fd:00 10620258                   /usr/lib/jvm/java-11-openjdk-amd64/lib/libzip.so
7f9f2e8a5000-7f9f2e8a6000 r--p 00007000 fd:00 10620258                   /usr/lib/jvm/java-11-openjdk-amd64/lib/libzip.so
7f9f2e8a6000-7f9f2e8a7000 rw-p 00008000 fd:00 10620258                   /usr/lib/jvm/java-11-openjdk-amd64/lib/libzip.so
7f9f2e8a7000-7f9f2e8aa000 r--p 00000000 fd:00 7087226                    /usr/lib/x86_64-linux-gnu/libnss_files-2.31.so
7f9f2e8aa000-7f9f2e8b1000 r-xp 00003000 fd:00 7087226                    /usr/lib/x86_64-linux-gnu/libnss_files-2.31.so
7f9f2e8b1000-7f9f2e8b3000 r--p 0000a000 fd:00 7087226                    /usr/lib/x86_64-linux-gnu/libnss_files-2.31.so
7f9f2e8b3000-7f9f2e8b4000 r--p 0000b000 fd:00 7087226                    /usr/lib/x86_64-linux-gnu/libnss_files-2.31.so
7f9f2e8b4000-7f9f2e8b5000 rw-p 0000c000 fd:00 7087226                    /usr/lib/x86_64-linux-gnu/libnss_files-2.31.so
7f9f2e8b5000-7f9f2e8bb000 rw-p 00000000 00:00 0 
7f9f2e8c1000-7f9f2e8c9000 rw-s 00000000 fd:00 3145735                    /tmp/hsperfdata_root/766997
7f9f2e8c9000-7f9f2e8d7000 r--p 00000000 fd:00 10620229                   /usr/lib/jvm/java-11-openjdk-amd64/lib/libjava.so
7f9f2e8d7000-7f9f2e8ed000 r-xp 0000e000 fd:00 10620229                   /usr/lib/jvm/java-11-openjdk-amd64/lib/libjava.so
7f9f2e8ed000-7f9f2e8f4000 r--p 00024000 fd:00 10620229                   /usr/lib/jvm/java-11-openjdk-amd64/lib/libjava.so
7f9f2e8f4000-7f9f2e8f5000 r--p 0002a000 fd:00 10620229                   /usr/lib/jvm/java-11-openjdk-amd64/lib/libjava.so
7f9f2e8f5000-7f9f2e8f6000 rw-p 0002b000 fd:00 10620229                   /usr/lib/jvm/java-11-openjdk-amd64/lib/libjava.so
7f9f2e8f6000-7f9f2e8f7000 rw-p 00000000 00:00 0 
7f9f2e8f7000-7f9f2e8fc000 r--p 00000000 fd:00 10620257                   /usr/lib/jvm/java-11-openjdk-amd64/lib/libverify.so
7f9f2e8fc000-7f9f2e903000 r-xp 00005000 fd:00 10620257                   /usr/lib/jvm/java-11-openjdk-amd64/lib/libverify.so
7f9f2e903000-7f9f2e905000 r--p 0000c000 fd:00 10620257                   /usr/lib/jvm/java-11-openjdk-amd64/lib/libverify.so
7f9f2e905000-7f9f2e906000 ---p 0000e000 fd:00 10620257                   /usr/lib/jvm/java-11-openjdk-amd64/lib/libverify.so
7f9f2e906000-7f9f2e908000 r--p 0000e000 fd:00 10620257                   /usr/lib/jvm/java-11-openjdk-amd64/lib/libverify.so
7f9f2e908000-7f9f2e909000 rw-p 00010000 fd:00 10620257                   /usr/lib/jvm/java-11-openjdk-amd64/lib/libverify.so
7f9f2e909000-7f9f2e90c000 r--p 00000000 fd:00 7087233                    /usr/lib/x86_64-linux-gnu/librt-2.31.so
7f9f2e90c000-7f9f2e910000 r-xp 00003000 fd:00 7087233                    /usr/lib/x86_64-linux-gnu/librt-2.31.so
7f9f2e910000-7f9f2e911000 r--p 00007000 fd:00 7087233                    /usr/lib/x86_64-linux-gnu/librt-2.31.so
7f9f2e911000-7f9f2e912000 ---p 00008000 fd:00 7087233                    /usr/lib/x86_64-linux-gnu/librt-2.31.so
7f9f2e912000-7f9f2e913000 r--p 00008000 fd:00 7087233                    /usr/lib/x86_64-linux-gnu/librt-2.31.so
7f9f2e913000-7f9f2e914000 rw-p 00009000 fd:00 7087233                    /usr/lib/x86_64-linux-gnu/librt-2.31.so
7f9f2e914000-7f9f2e918000 ---p 00000000 00:00 0 
7f9f2e918000-7f9f2ea15000 rw-p 00000000 00:00 0 
7f9f2ea15000-7f9f2ea18000 r--p 00000000 fd:00 7080845                    /usr/lib/x86_64-linux-gnu/libgcc_s.so.1
7f9f2ea18000-7f9f2ea2a000 r-xp 00003000 fd:00 7080845                    /usr/lib/x86_64-linux-gnu/libgcc_s.so.1
7f9f2ea2a000-7f9f2ea2e000 r--p 00015000 fd:00 7080845                    /usr/lib/x86_64-linux-gnu/libgcc_s.so.1
7f9f2ea2e000-7f9f2ea2f000 r--p 00018000 fd:00 7080845                    /usr/lib/x86_64-linux-gnu/libgcc_s.so.1
7f9f2ea2f000-7f9f2ea30000 rw-p 00019000 fd:00 7080845                    /usr/lib/x86_64-linux-gnu/libgcc_s.so.1
7f9f2ea30000-7f9f2ea3f000 r--p 00000000 fd:00 7087220                    /usr/lib/x86_64-linux-gnu/libm-2.31.so
7f9f2ea3f000-7f9f2eae6000 r-xp 0000f000 fd:00 7087220                    /usr/lib/x86_64-linux-gnu/libm-2.31.so
7f9f2eae6000-7f9f2eb7d000 r--p 000b6000 fd:00 7087220                    /usr/lib/x86_64-linux-gnu/libm-2.31.so
7f9f2eb7d000-7f9f2eb7e000 r--p 0014c000 fd:00 7087220                    /usr/lib/x86_64-linux-gnu/libm-2.31.so
7f9f2eb7e000-7f9f2eb7f000 rw-p 0014d000 fd:00 7087220                    /usr/lib/x86_64-linux-gnu/libm-2.31.so
7f9f2eb7f000-7f9f2ec15000 r--p 00000000 fd:00 7080831                    /usr/lib/x86_64-linux-gnu/libstdc++.so.6.0.28
7f9f2ec15000-7f9f2ed06000 r-xp 00096000 fd:00 7080831                    /usr/lib/x86_64-linux-gnu/libstdc++.so.6.0.28
7f9f2ed06000-7f9f2ed4f000 r--p 00187000 fd:00 7080831                    /usr/lib/x86_64-linux-gnu/libstdc++.so.6.0.28
7f9f2ed4f000-7f9f2ed50000 ---p 001d0000 fd:00 7080831                    /usr/lib/x86_64-linux-gnu/libstdc++.so.6.0.28
7f9f2ed50000-7f9f2ed5b000 r--p 001d0000 fd:00 7080831                    /usr/lib/x86_64-linux-gnu/libstdc++.so.6.0.28
7f9f2ed5b000-7f9f2ed5e000 rw-p 001db000 fd:00 7080831                    /usr/lib/x86_64-linux-gnu/libstdc++.so.6.0.28
7f9f2ed5e000-7f9f2ed61000 rw-p 00000000 00:00 0 
7f9f2ed61000-7f9f2efdb000 r--p 00000000 fd:00 10620262                   /usr/lib/jvm/java-11-openjdk-amd64/lib/server/libjvm.so
7f9f2efdb000-7f9f2fc60000 r-xp 0027a000 fd:00 10620262                   /usr/lib/jvm/java-11-openjdk-amd64/lib/server/libjvm.so
7f9f2fc60000-7f9f2feb7000 r--p 00eff000 fd:00 10620262                   /usr/lib/jvm/java-11-openjdk-amd64/lib/server/libjvm.so
7f9f2feb7000-7f9f2ff78000 r--p 01155000 fd:00 10620262                   /usr/lib/jvm/java-11-openjdk-amd64/lib/server/libjvm.so
7f9f2ff78000-7f9f2ffb3000 rw-p 01216000 fd:00 10620262                   /usr/lib/jvm/java-11-openjdk-amd64/lib/server/libjvm.so
7f9f2ffb3000-7f9f3000c000 rw-p 00000000 00:00 0 
7f9f3000c000-7f9f30013000 r--p 00000000 fd:00 7087231                    /usr/lib/x86_64-linux-gnu/libpthread-2.31.so
7f9f30013000-7f9f30024000 r-xp 00007000 fd:00 7087231                    /usr/lib/x86_64-linux-gnu/libpthread-2.31.so
7f9f30024000-7f9f30029000 r--p 00018000 fd:00 7087231                    /usr/lib/x86_64-linux-gnu/libpthread-2.31.so
7f9f30029000-7f9f3002a000 r--p 0001c000 fd:00 7087231                    /usr/lib/x86_64-linux-gnu/libpthread-2.31.so
7f9f3002a000-7f9f3002b000 rw-p 0001d000 fd:00 7087231                    /usr/lib/x86_64-linux-gnu/libpthread-2.31.so
7f9f3002b000-7f9f3002f000 rw-p 00000000 00:00 0 
7f9f3002f000-7f9f30030000 r--p 00000000 fd:00 7087219                    /usr/lib/x86_64-linux-gnu/libdl-2.31.so
7f9f30030000-7f9f30032000 r-xp 00001000 fd:00 7087219                    /usr/lib/x86_64-linux-gnu/libdl-2.31.so
7f9f30032000-7f9f30033000 r--p 00003000 fd:00 7087219                    /usr/lib/x86_64-linux-gnu/libdl-2.31.so
7f9f30033000-7f9f30034000 r--p 00003000 fd:00 7087219                    /usr/lib/x86_64-linux-gnu/libdl-2.31.so
7f9f30034000-7f9f30035000 rw-p 00004000 fd:00 7087219                    /usr/lib/x86_64-linux-gnu/libdl-2.31.so
7f9f30035000-7f9f30037000 r--p 00000000 fd:00 7083404                    /usr/lib/x86_64-linux-gnu/libz.so.1.2.11
7f9f30037000-7f9f30048000 r-xp 00002000 fd:00 7083404                    /usr/lib/x86_64-linux-gnu/libz.so.1.2.11
7f9f30048000-7f9f3004e000 r--p 00013000 fd:00 7083404                    /usr/lib/x86_64-linux-gnu/libz.so.1.2.11
7f9f3004e000-7f9f3004f000 ---p 00019000 fd:00 7083404                    /usr/lib/x86_64-linux-gnu/libz.so.1.2.11
7f9f3004f000-7f9f30050000 r--p 00019000 fd:00 7083404                    /usr/lib/x86_64-linux-gnu/libz.so.1.2.11
7f9f30050000-7f9f30051000 rw-p 0001a000 fd:00 7083404                    /usr/lib/x86_64-linux-gnu/libz.so.1.2.11
7f9f30051000-7f9f30076000 r--p 00000000 fd:00 7087207                    /usr/lib/x86_64-linux-gnu/libc-2.31.so
7f9f30076000-7f9f301ee000 r-xp 00025000 fd:00 7087207                    /usr/lib/x86_64-linux-gnu/libc-2.31.so
7f9f301ee000-7f9f30238000 r--p 0019d000 fd:00 7087207                    /usr/lib/x86_64-linux-gnu/libc-2.31.so
7f9f30238000-7f9f30239000 ---p 001e7000 fd:00 7087207                    /usr/lib/x86_64-linux-gnu/libc-2.31.so
7f9f30239000-7f9f3023c000 r--p 001e7000 fd:00 7087207                    /usr/lib/x86_64-linux-gnu/libc-2.31.so
7f9f3023c000-7f9f3023f000 rw-p 001ea000 fd:00 7087207                    /usr/lib/x86_64-linux-gnu/libc-2.31.so
7f9f3023f000-7f9f30243000 rw-p 00000000 00:00 0 
7f9f30244000-7f9f30246000 r--s 0000c000 fd:00 7349190                    /usr/share/java/java-atk-wrapper.jar
7f9f30246000-7f9f30247000 ---p 00000000 00:00 0 
7f9f30247000-7f9f30248000 r--p 00000000 00:00 0 
7f9f30248000-7f9f3024a000 r--p 00000000 fd:00 10620236                   /usr/lib/jvm/java-11-openjdk-amd64/lib/libjimage.so
7f9f3024a000-7f9f3024d000 r-xp 00002000 fd:00 10620236                   /usr/lib/jvm/java-11-openjdk-amd64/lib/libjimage.so
7f9f3024d000-7f9f3024e000 r--p 00005000 fd:00 10620236                   /usr/lib/jvm/java-11-openjdk-amd64/lib/libjimage.so
7f9f3024e000-7f9f3024f000 ---p 00006000 fd:00 10620236                   /usr/lib/jvm/java-11-openjdk-amd64/lib/libjimage.so
7f9f3024f000-7f9f30250000 r--p 00006000 fd:00 10620236                   /usr/lib/jvm/java-11-openjdk-amd64/lib/libjimage.so
7f9f30250000-7f9f30251000 rw-p 00007000 fd:00 10620236                   /usr/lib/jvm/java-11-openjdk-amd64/lib/libjimage.so
7f9f30251000-7f9f30254000 r--p 00000000 fd:00 10620214                   /usr/lib/jvm/java-11-openjdk-amd64/lib/jli/libjli.so
7f9f30254000-7f9f3025e000 r-xp 00003000 fd:00 10620214                   /usr/lib/jvm/java-11-openjdk-amd64/lib/jli/libjli.so
7f9f3025e000-7f9f30261000 r--p 0000d000 fd:00 10620214                   /usr/lib/jvm/java-11-openjdk-amd64/lib/jli/libjli.so
7f9f30261000-7f9f30262000 ---p 00010000 fd:00 10620214                   /usr/lib/jvm/java-11-openjdk-amd64/lib/jli/libjli.so
7f9f30262000-7f9f30263000 r--p 00010000 fd:00 10620214                   /usr/lib/jvm/java-11-openjdk-amd64/lib/jli/libjli.so
7f9f30263000-7f9f30264000 rw-p 00011000 fd:00 10620214                   /usr/lib/jvm/java-11-openjdk-amd64/lib/jli/libjli.so
7f9f30264000-7f9f30266000 rw-p 00000000 00:00 0 
7f9f30266000-7f9f30267000 r--p 00000000 fd:00 7087203                    /usr/lib/x86_64-linux-gnu/ld-2.31.so
7f9f30267000-7f9f3028a000 r-xp 00001000 fd:00 7087203                    /usr/lib/x86_64-linux-gnu/ld-2.31.so
7f9f3028a000-7f9f30292000 r--p 00024000 fd:00 7087203                    /usr/lib/x86_64-linux-gnu/ld-2.31.so
7f9f30293000-7f9f30294000 r--p 0002c000 fd:00 7087203                    /usr/lib/x86_64-linux-gnu/ld-2.31.so
7f9f30294000-7f9f30295000 rw-p 0002d000 fd:00 7087203                    /usr/lib/x86_64-linux-gnu/ld-2.31.so
7f9f30295000-7f9f30296000 rw-p 00000000 00:00 0 
7ffd686ef000-7ffd68710000 rw-p 00000000 00:00 0                          [stack]
7ffd68775000-7ffd68778000 r--p 00000000 00:00 0                          [vvar]
7ffd68778000-7ffd68779000 r-xp 00000000 00:00 0                          [vdso]
ffffffffff600000-ffffffffff601000 --xp 00000000 00:00 0                  [vsyscall]


VM Arguments:
java_command: site.ycsb.Client -load -db site.ycsb.db.rocksdb.RocksDBClient -s -P workloads/workloada -p exportfile=/home/mldb01/hdd_folder/db_log/ycsb-status-a.output -threads 2 -p rocksdb.dir=/home/mldb01/work/db_log/YCSB -p zeropadding=20
java_class_path (initial): /home/mldb01/hdd_folder/YCSB/conf:/home/mldb01/hdd_folder/YCSB/core/target/core-0.18.0-SNAPSHOT.jar:/home/mldb01/hdd_folder/YCSB/rocksdb/target/rocksdb-binding-0.18.0-SNAPSHOT.jar:/home/mldb01/hdd_folder/YCSB/rocksdb/target/dependency/HdrHistogram-2.1.4.jar:/home/mldb01/hdd_folder/YCSB/rocksdb/target/dependency/htrace-core4-4.1.0-incubating.jar:/home/mldb01/hdd_folder/YCSB/rocksdb/target/dependency/jcip-annotations-1.0.jar:/home/mldb01/hdd_folder/YCSB/rocksdb/target/dependency/rocksdbjni-6.19.0.jar:/home/mldb01/hdd_folder/YCSB/rocksdb/target/dependency/slf4j-api-1.7.25.jar:/home/mldb01/hdd_folder/YCSB/rocksdb/target/dependency/slf4j-simple-1.7.25.jar
Launcher Type: SUN_STANDARD

[Global flags]
     intx CICompilerCount                          = 15                                        {product} {ergonomic}
     uint ConcGCThreads                            = 6                                         {product} {ergonomic}
     uint G1ConcRefinementThreads                  = 23                                        {product} {ergonomic}
   size_t G1HeapRegionSize                         = 4194304                                   {product} {ergonomic}
    uintx GCDrainStackTargetSize                   = 64                                        {product} {ergonomic}
   size_t InitialHeapSize                          = 1056964608                                {product} {ergonomic}
   size_t MarkStackSize                            = 4194304                                   {product} {ergonomic}
   size_t MaxHeapSize                              = 16861102080                               {product} {ergonomic}
   size_t MaxNewSize                               = 10116661248                               {product} {ergonomic}
   size_t MinHeapDeltaBytes                        = 4194304                                   {product} {ergonomic}
    uintx NonNMethodCodeHeapSize                   = 8182140                                {pd product} {ergonomic}
    uintx NonProfiledCodeHeapSize                  = 121738050                              {pd product} {ergonomic}
    uintx ProfiledCodeHeapSize                     = 121738050                              {pd product} {ergonomic}
    uintx ReservedCodeCacheSize                    = 251658240                              {pd product} {ergonomic}
     bool SegmentedCodeCache                       = true                                      {product} {ergonomic}
     bool UseCompressedClassPointers               = true                                 {lp64_product} {ergonomic}
     bool UseCompressedOops                        = true                                 {lp64_product} {ergonomic}
     bool UseG1GC                                  = true                                      {product} {ergonomic}

Logging:
Log output configuration:
 #0: stdout all=warning uptime,level,tags
 #1: stderr all=off uptime,level,tags

Environment Variables:
PATH=/usr/local/sbin:/usr/local/bin:/usr/sbin:/usr/bin:/sbin:/bin:/usr/games:/usr/local/games:/snap/bin
SHELL=/bin/bash
LANG=en_US.UTF-8

Signal Handlers:
SIGSEGV: [libjvm.so+0xe8ba00], sa_mask[0]=11111111011111111101111111111110, sa_flags=SA_RESTART|SA_SIGINFO
SIGBUS: [libjvm.so+0xe8ba00], sa_mask[0]=11111111011111111101111111111110, sa_flags=SA_RESTART|SA_SIGINFO
SIGFPE: [libjvm.so+0xe8ba00], sa_mask[0]=11111111011111111101111111111110, sa_flags=SA_RESTART|SA_SIGINFO
SIGPIPE: [libjvm.so+0xbd10f0], sa_mask[0]=11111111011111111101111111111110, sa_flags=SA_RESTART|SA_SIGINFO
SIGXFSZ: [libjvm.so+0xbd10f0], sa_mask[0]=11111111011111111101111111111110, sa_flags=SA_RESTART|SA_SIGINFO
SIGILL: [libjvm.so+0xe8ba00], sa_mask[0]=11111111011111111101111111111110, sa_flags=SA_RESTART|SA_SIGINFO
SIGUSR2: [libjvm.so+0xbd0f90], sa_mask[0]=00000000000000000000000000000000, sa_flags=SA_RESTART|SA_SIGINFO
SIGHUP: [libjvm.so+0xbd1430], sa_mask[0]=11111111011111111101111111111110, sa_flags=SA_RESTART|SA_SIGINFO
SIGINT: [libjvm.so+0xbd1430], sa_mask[0]=11111111011111111101111111111110, sa_flags=SA_RESTART|SA_SIGINFO
SIGTERM: [libjvm.so+0xbd1430], sa_mask[0]=11111111011111111101111111111110, sa_flags=SA_RESTART|SA_SIGINFO
SIGQUIT: [libjvm.so+0xbd1430], sa_mask[0]=11111111011111111101111111111110, sa_flags=SA_RESTART|SA_SIGINFO


---------------  S Y S T E M  ---------------

OS:DISTRIB_ID=Ubuntu
DISTRIB_RELEASE=20.04
DISTRIB_CODENAME=focal
DISTRIB_DESCRIPTION="Ubuntu 20.04.1 LTS"
uname:Linux 5.4.0-73-generic #82-Ubuntu SMP Wed Apr 14 17:39:42 UTC 2021 x86_64
OS uptime: 65 days 18:03 hours
libc:glibc 2.31 NPTL 2.31 
rlimit (soft/hard): STACK 8192k/infinity , CORE 0k/infinity , NPROC 256930/256930 , NOFILE 1048576/1048576 , AS infinity/infinity , CPU infinity/infinity , DATA infinity/infinity , FSIZE infinity/infinity , MEMLOCK 65536k/65536k
load average:1.39 1.02 0.58

/proc/meminfo:
MemTotal:       65862924 kB
MemFree:        63516656 kB
MemAvailable:   64276584 kB
Buffers:           24436 kB
Cached:          1178604 kB
SwapCached:            0 kB
Active:           587864 kB
Inactive:         718956 kB
Active(anon):     111960 kB
Inactive(anon):     2464 kB
Active(file):     475904 kB
Inactive(file):   716492 kB
Unevictable:       18584 kB
Mlocked:           18584 kB
SwapTotal:       8388604 kB
SwapFree:        8388604 kB
Dirty:             15956 kB
Writeback:             0 kB
AnonPages:        122652 kB
Mapped:            92524 kB
Shmem:              2472 kB
KReclaimable:     163144 kB
Slab:             449672 kB
SReclaimable:     163144 kB
SUnreclaim:       286528 kB
KernelStack:        9904 kB
PageTables:         2744 kB
NFS_Unstable:          0 kB
Bounce:                0 kB
WritebackTmp:          0 kB
CommitLimit:    41320064 kB
Committed_AS:    2298384 kB
VmallocTotal:   34359738367 kB
VmallocUsed:      142400 kB
VmallocChunk:          0 kB
Percpu:            32512 kB
HardwareCorrupted:     0 kB
AnonHugePages:         0 kB
ShmemHugePages:        0 kB
ShmemPmdMapped:        0 kB
FileHugePages:         0 kB
FilePmdMapped:         0 kB
CmaTotal:              0 kB
CmaFree:               0 kB
HugePages_Total:       0
HugePages_Free:        0
HugePages_Rsvd:        0
HugePages_Surp:        0
Hugepagesize:       2048 kB
Hugetlb:               0 kB
DirectMap4k:      509648 kB
DirectMap2M:    22460416 kB
DirectMap1G:    46137344 kB

/sys/kernel/mm/transparent_hugepage/enabled:
always [madvise] never
/sys/kernel/mm/transparent_hugepage/defrag (defrag/compaction efforts parameter):
always defer defer+madvise [madvise] never

Process Memory:
Virtual Size: 21914776K (peak: 28474584K)
Resident Set Size: 65208K (peak: 65208K) (anon: 31824K, file: 33384K, shmem: 0K)
Swapped out: 0K
C-Heap outstanding allocations: 8662K

/proc/sys/kernel/threads-max (system-wide limit on the number of threads):
513860
/proc/sys/vm/max_map_count (maximum number of memory map areas a process may have):
65530
/proc/sys/kernel/pid_max (system-wide limit on number of process identifiers):
4194304

container (cgroup) information:
container_type: cgroupv1
cpu_cpuset_cpus: 0-31
cpu_memory_nodes: 0-1
active_processor_count: 32
cpu_quota: -1
cpu_period: 100000
cpu_shares: -1
memory_limit_in_bytes: -1
memory_and_swap_limit_in_bytes: -2
memory_soft_limit_in_bytes: -1
memory_usage_in_bytes: 1248960512
memory_max_usage_in_bytes: 19076730880

Steal ticks since vm start: 0
Steal ticks percentage since vm start:  0.000

CPU:total 32 (initial active 32) (8 cores per cpu, 2 threads per core) family 6 model 63 stepping 2 microcode 0x44, cmov, cx8, fxsr, mmx, sse, sse2, sse3, ssse3, sse4.1, sse4.2, popcnt, avx, avx2, aes, clmul, erms, lzcnt, ht, tsc, tscinvbit, bmi1, bmi2, fma
CPU Model and flags from /proc/cpuinfo:
model name	: Intel(R) Xeon(R) CPU E5-2640 v3 @ 2.60GHz
flags		: fpu vme de pse tsc msr pae mce cx8 apic sep mtrr pge mca cmov pat pse36 clflush dts acpi mmx fxsr sse sse2 ss ht tm pbe syscall nx pdpe1gb rdtscp lm constant_tsc arch_perfmon pebs bts rep_good nopl xtopology nonstop_tsc cpuid aperfmperf pni pclmulqdq dtes64 monitor ds_cpl vmx smx est tm2 ssse3 sdbg fma cx16 xtpr pdcm pcid dca sse4_1 sse4_2 x2apic movbe popcnt tsc_deadline_timer aes xsave avx f16c rdrand lahf_lm abm cpuid_fault epb invpcid_single pti ssbd ibrs ibpb stibp tpr_shadow vnmi flexpriority ept vpid ept_ad fsgsbase tsc_adjust bmi1 avx2 smep bmi2 erms invpcid cqm xsaveopt cqm_llc cqm_occup_llc dtherm ida arat pln pts md_clear flush_l1d
Online cpus:
0-31
Offline cpus:

BIOS frequency limitation:
<Not Available>
Frequency switch latency (ns):
<Not Available>
Available cpu frequencies:
<Not Available>
Current governor:
<Not Available>
Core performance/turbo boost:
<Not Available>

Memory: 4k page, physical 65862924k(63516656k free), swap 8388604k(8388604k free)

vm_info: OpenJDK 64-Bit Server VM (11.0.11+9-Ubuntu-0ubuntu2.20.04) for linux-amd64 JRE (11.0.11+9-Ubuntu-0ubuntu2.20.04), built on Apr 21 2021 09:15:32 by "unknown" with gcc 9.3.0

END.
