#
# A fatal error has been detected by the Java Runtime Environment:
#
#  SIGSEGV (0xb) at pc=0x00007efd87c46e2e, pid=3542374, tid=3542407
#
# JRE version: OpenJDK Runtime Environment (11.0.11+9) (build 11.0.11+9-Ubuntu-0ubuntu2.20.04)
# Java VM: OpenJDK 64-Bit Server VM (11.0.11+9-Ubuntu-0ubuntu2.20.04, mixed mode, sharing, tiered, compressed oops, g1 gc, linux-amd64)
# Problematic frame:
# C  [librocksdbjni2540979149512085209.so+0x5ede2e]  rocksdb::VerifyBlockChecksum(rocksdb::ChecksumType, char const*, unsigned long, std::__cxx11::basic_string<char, std::char_traits<char>, std::allocator<char> > const&, unsigned long)+0x7e
#
# Core dump will be written. Default location: Core dumps may be processed with "/usr/share/apport/apport %p %s %c %d %P %E" (or dumping to /home/mldb01/hdd_folder/YCSB/core.3542374)
#
# If you would like to submit a bug report, please visit:
#   https://bugs.launchpad.net/ubuntu/+source/openjdk-lts
# The crash happened outside the Java Virtual Machine in native code.
# See problematic frame for where to report the bug.
#

---------------  S U M M A R Y ------------

Command Line: site.ycsb.Client -t -db site.ycsb.db.rocksdb.RocksDBClient -s -P workloads/workloada -p exportfile=/home/mldb01/hdd_folder/db_log/ycsb-status-a.output -threads 2 -p rocksdb.dir=/home/mldb01/work/db_log/YCSB -s -p status.interval=1 -p zeropadding=20

Host: Intel(R) Xeon(R) CPU E5-2640 v3 @ 2.60GHz, 32 cores, 62G, Ubuntu 20.04.1 LTS
Time: Fri Jul 30 13:41:23 2021 KST elapsed time: 2.349927 seconds (0d 0h 0m 2s)

---------------  T H R E A D  ---------------

Current thread (0x00007efe1c440000):  JavaThread "Thread-2" [_thread_in_native, id=3542407, stack(0x00007efd87558000,0x00007efd87659000)]

Stack: [0x00007efd87558000,0x00007efd87659000],  sp=0x00007efd87653f90,  free space=1007k
Native frames: (J=compiled Java code, A=aot compiled Java code, j=interpreted, Vv=VM code, C=native code)
C  [librocksdbjni2540979149512085209.so+0x5ede2e]  rocksdb::VerifyBlockChecksum(rocksdb::ChecksumType, char const*, unsigned long, std::__cxx11::basic_string<char, std::char_traits<char>, std::allocator<char> > const&, unsigned long)+0x7e
C  [librocksdbjni2540979149512085209.so+0x5f31d7]  rocksdb::BlockFetcher::ReadBlockContents_post_aio(aiocb*, rocksdb::AlignedBuffer*)+0xb77
C  [librocksdbjni2540979149512085209.so+0x5cc8c6]  rocksdb::Status rocksdb::BlockBasedTable::MaybeReadBlockAndLoadToCache_post_aio<rocksdb::Block>(rocksdb::FilePrefetchBuffer*, rocksdb::ReadOptions const&, rocksdb::BlockHandle const&, rocksdb::UncompressionDict const&, rocksdb::CachableEntry<rocksdb::Block>*, rocksdb::BlockType, rocksdb::GetContext*, rocksdb::BlockContents*, aiocb*, rocksdb::AlignedBuffer*) const+0x536
C  [librocksdbjni2540979149512085209.so+0x5ccf2d]  rocksdb::DataBlockIter* rocksdb::BlockBasedTable::NewDataBlockIterator_post_aio<rocksdb::DataBlockIter>(rocksdb::ReadOptions const&, rocksdb::BlockHandle const&, rocksdb::DataBlockIter*, rocksdb::BlockType, rocksdb::GetContext*, rocksdb::BlockCacheLookupContext*, rocksdb::Status, rocksdb::FilePrefetchBuffer*, aiocb*, rocksdb::AlignedBuffer*) const+0x53d
C  [librocksdbjni2540979149512085209.so+0x5bdff9]  rocksdb::BlockBasedTable::Get_post_aio(rocksdb::ReadOptions const&, rocksdb::Slice const&, rocksdb::GetContext*, aiocb*, rocksdb::BlockHandle*, rocksdb::AlignedBuffer*)+0x2b9
C  [librocksdbjni2540979149512085209.so+0x448b80]  rocksdb::TableCache::Get_post_aio(rocksdb::ReadOptions const&, rocksdb::InternalKeyComparator const&, rocksdb::FileMetaData const&, rocksdb::Slice const&, rocksdb::GetContext*, aiocb*, rocksdb::BlockHandle*, rocksdb::AlignedBuffer*, rocksdb::SliceTransform const*, rocksdb::HistogramImpl*, bool, int, unsigned long)+0x100
C  [librocksdbjni2540979149512085209.so+0x48a765]  rocksdb::Version::Get_aio(rocksdb::ReadOptions const&, rocksdb::LookupKey const&, rocksdb::PinnableSlice*, std::__cxx11::basic_string<char, std::char_traits<char>, std::allocator<char> >*, rocksdb::Status*, rocksdb::MergeContext*, unsigned long*, bool*, bool*, unsigned long*, rocksdb::ReadCallback*, bool*, bool)+0xf85
C  [librocksdbjni2540979149512085209.so+0x349b78]  rocksdb::DBImpl::GetImpl(rocksdb::ReadOptions const&, rocksdb::Slice const&, rocksdb::DBImpl::GetImplOptions&)+0xae8
C  [librocksdbjni2540979149512085209.so+0x349fde]  rocksdb::DBImpl::Get(rocksdb::ReadOptions const&, rocksdb::ColumnFamilyHandle*, rocksdb::Slice const&, rocksdb::PinnableSlice*, std::__cxx11::basic_string<char, std::char_traits<char>, std::allocator<char> >*)+0x5e
C  [librocksdbjni2540979149512085209.so+0x340c9b]  rocksdb::DBImpl::Get(rocksdb::ReadOptions const&, rocksdb::ColumnFamilyHandle*, rocksdb::Slice const&, rocksdb::PinnableSlice*)+0x2b
C  [librocksdbjni2540979149512085209.so+0x29fe98]  rocksdb::DB::Get(rocksdb::ReadOptions const&, rocksdb::ColumnFamilyHandle*, rocksdb::Slice const&, std::__cxx11::basic_string<char, std::char_traits<char>, std::allocator<char> >*)+0x178
C  [librocksdbjni2540979149512085209.so+0x297a5a]  rocksdb_get_helper(JNIEnv_*, rocksdb::DB*, rocksdb::ReadOptions const&, rocksdb::ColumnFamilyHandle*, _jbyteArray*, int, int)+0xfa
C  [librocksdbjni2540979149512085209.so+0x297d39]  Java_org_rocksdb_RocksDB_get__J_3BIIJ+0x79
j  org.rocksdb.RocksDB.get(J[BIIJ)[B+0
j  org.rocksdb.RocksDB.get(Lorg/rocksdb/ColumnFamilyHandle;[B)[B+13
j  site.ycsb.db.rocksdb.RocksDBClient.update(Ljava/lang/String;Ljava/lang/String;Ljava/util/Map;)Lsite/ycsb/Status;+55
j  site.ycsb.DBWrapper.update(Ljava/lang/String;Ljava/lang/String;Ljava/util/Map;)Lsite/ycsb/Status;+34
j  site.ycsb.workloads.CoreWorkload.doTransactionUpdate(Lsite/ycsb/DB;)V+54
j  site.ycsb.workloads.CoreWorkload.doTransaction(Lsite/ycsb/DB;Ljava/lang/Object;)Z+170
j  site.ycsb.ClientThread.run()V+152
j  java.lang.Thread.run()V+11 java.base@11.0.11
v  ~StubRoutines::call_stub
V  [libjvm.so+0x859b69]
V  [libjvm.so+0x8581be]
V  [libjvm.so+0x903dd1]
V  [libjvm.so+0xe2105f]
V  [libjvm.so+0xe1d690]
V  [libjvm.so+0xbdac76]

Java frames: (J=compiled Java code, j=interpreted, Vv=VM code)
j  org.rocksdb.RocksDB.get(J[BIIJ)[B+0
j  org.rocksdb.RocksDB.get(Lorg/rocksdb/ColumnFamilyHandle;[B)[B+13
j  site.ycsb.db.rocksdb.RocksDBClient.update(Ljava/lang/String;Ljava/lang/String;Ljava/util/Map;)Lsite/ycsb/Status;+55
j  site.ycsb.DBWrapper.update(Ljava/lang/String;Ljava/lang/String;Ljava/util/Map;)Lsite/ycsb/Status;+34
j  site.ycsb.workloads.CoreWorkload.doTransactionUpdate(Lsite/ycsb/DB;)V+54
j  site.ycsb.workloads.CoreWorkload.doTransaction(Lsite/ycsb/DB;Ljava/lang/Object;)Z+170
j  site.ycsb.ClientThread.run()V+152
j  java.lang.Thread.run()V+11 java.base@11.0.11
v  ~StubRoutines::call_stub

siginfo: si_signo: 11 (SIGSEGV), si_code: 1 (SEGV_MAPERR), si_addr: 0x0000000000001392

Register to memory mapping:

RAX=0x0000000000000002 is an unknown value
RBX=0x0000000000000001 is an unknown value
RCX=0x000000000000124c is an unknown value
RDX=0x00007efe1c441870 points into unknown readable memory: 0x0000000000000003 | 03 00 00 00 00 00 00 00
RSP=0x00007efd87653f90 is pointing into the stack for thread: 0x00007efe1c440000
RBP=0x00007efd87654200 is pointing into the stack for thread: 0x00007efe1c440000
RSI=0x0000000000000001 is an unknown value
RDI=0x00007efd87fa5780: <offset 0x000000000094c780> in /tmp/librocksdbjni2540979149512085209.so at 0x00007efd87659000
R8 =0x00007efd780501a0 points into unknown readable memory: 0x00007efd78056670 | 70 66 05 78 fd 7e 00 00
R9 =0x0000000003578545 is an unknown value
R10=0x00007efd87653ff0 is pointing into the stack for thread: 0x00007efe1c440000
R11=0x00000000610382f3 is an unknown value
R12=0x00007efd876542e0 is pointing into the stack for thread: 0x00007efe1c440000
R13=0x000000000000124c is an unknown value
R14=0x0000000000000145 is an unknown value
R15=0x0 is NULL


Registers:
RAX=0x0000000000000002, RBX=0x0000000000000001, RCX=0x000000000000124c, RDX=0x00007efe1c441870
RSP=0x00007efd87653f90, RBP=0x00007efd87654200, RSI=0x0000000000000001, RDI=0x00007efd87fa5780
R8 =0x00007efd780501a0, R9 =0x0000000003578545, R10=0x00007efd87653ff0, R11=0x00000000610382f3
R12=0x00007efd876542e0, R13=0x000000000000124c, R14=0x0000000000000145, R15=0x0000000000000000
RIP=0x00007efd87c46e2e, EFLAGS=0x0000000000010246, CSGSFS=0x002b000000000033, ERR=0x0000000000000004
  TRAPNO=0x000000000000000e

Top of Stack: (sp=0x00007efd87653f90)
0x00007efd87653f90:   00007efd87653ff0 00007efd87c0f05f
0x00007efd87653fa0:   00007efd7801b588 00007efd7801b500
0x00007efd87653fb0:   0000000000000000 9e56a4be21094d00
0x00007efd87653fc0:   00007efd87653ff0 02007efe21a4f44a 

Instructions: (pc=0x00007efd87c46e2e)
0x00007efd87c46d2e:   c0 74 0e 48 8b 40 08 31 d2 48 f7 73 08 4c 89 24
0x00007efd87c46d3e:   d1 48 8d 43 10 49 89 06 eb ca e8 c3 4b c0 ff f3
0x00007efd87c46d4e:   0f 1e fa 48 89 c7 c5 f8 77 e8 24 d3 bf ff 49 8d
0x00007efd87c46d5e:   7c 24 10 e8 2a b5 bf ff 4c 89 e7 e8 e2 30 c0 ff
0x00007efd87c46d6e:   e8 6d 8d c0 ff f3 0f 1e fa 49 89 c4 c5 f8 77 e8
0x00007efd87c46d7e:   de ab c0 ff 4c 89 e7 e8 06 c4 c0 ff 66 0f 1f 44
0x00007efd87c46d8e:   00 00 f3 0f 1e fa 48 8b 07 ba 01 00 00 00 48 8b
0x00007efd87c46d9e:   40 30 ff e0 66 66 2e 0f 1f 84 00 00 00 00 00 0f
0x00007efd87c46dae:   1f 00 f3 0f 1e fa 55 48 89 e5 41 57 41 56 49 89
0x00007efd87c46dbe:   d6 41 55 49 89 cd 41 54 49 89 fc 53 89 f3 48 81
0x00007efd87c46dce:   ec 48 02 00 00 4c 89 85 d0 fd ff ff 4c 89 8d d8
0x00007efd87c46dde:   fd ff ff 64 48 8b 04 25 28 00 00 00 48 89 45 c8
0x00007efd87c46dee:   31 c0 e8 db 63 c0 ff 66 48 8d 3d 83 e9 35 00 66
0x00007efd87c46dfe:   66 48 e8 3b b5 c0 ff 0f b6 00 88 85 cf fd ff ff
0x00007efd87c46e0e:   3c 02 0f 86 ea 00 00 00 e8 d5 f5 bf ff 4c 8b 38
0x00007efd87c46e1e:   49 8b 07 4c 89 ff ff 50 20 48 89 85 e0 fd ff ff
0x00007efd87c46e2e:   43 8b 44 2e 01 31 c9 49 8d 75 01 41 c6 44 24 02
0x00007efd87c46e3e:   00 66 41 89 0c 24 89 85 e8 fd ff ff 49 c7 44 24
0x00007efd87c46e4e:   08 00 00 00 00 80 fb 02 0f 84 4c 08 00 00 0f 8f
0x00007efd87c46e5e:   86 00 00 00 84 db 0f 84 2e 08 00 00 80 fb 01 0f
0x00007efd87c46e6e:   85 4d 08 00 00 8b 85 e8 fd ff ff 48 89 f2 31 ff
0x00007efd87c46e7e:   4c 89 f6 05 28 15 7d 5d c4 e3 7b f0 c0 11 89 85
0x00007efd87c46e8e:   e8 fd ff ff e8 29 8a c0 ff 41 80 3c 24 00 89 c3
0x00007efd87c46e9e:   0f 94 c0 39 9d e8 fd ff ff 74 04 84 c0 75 6b 48
0x00007efd87c46eae:   83 bd e0 fd ff ff 00 0f 85 95 07 00 00 48 8b 45
0x00007efd87c46ebe:   c8 64 48 33 04 25 28 00 00 00 0f 85 0a 10 00 00
0x00007efd87c46ece:   48 81 c4 48 02 00 00 4c 89 e0 5b 41 5c 41 5d 41
0x00007efd87c46ede:   5e 41 5f 5d c3 0f 1f 44 00 00 80 fb 03 0f 85 cf
0x00007efd87c46eee:   07 00 00 31 d2 4c 89 f7 e8 d5 e7 bf ff eb 9a 0f
0x00007efd87c46efe:   1f 00 48 c7 85 e0 fd ff ff 00 00 00 00 45 31 ff
0x00007efd87c46f0e:   e9 1b ff ff ff 0f 1f 44 00 00 4c 8b 35 b1 ec 35
0x00007efd87c46f1e:   00 48 8d 7d 80 4d 89 e8 ba 20 00 00 00 48 8d 05 


Stack slot to memory mapping:
stack at sp + 0 slots: 0x00007efd87653ff0 is pointing into the stack for thread: 0x00007efe1c440000
stack at sp + 1 slots: 0x00007efd87c0f05f: _ZNK7rocksdb15BlockBasedTable21UpdateCacheHitMetricsENS_9BlockTypeEPNS_10GetContextEm+0x00000000000000ff in /tmp/librocksdbjni2540979149512085209.so at 0x00007efd87659000
stack at sp + 2 slots: 0x00007efd7801b588 points into unknown readable memory: 0x00000000004cb3dc | dc b3 4c 00 00 00 00 00
stack at sp + 3 slots: 0x00007efd7801b500 points into unknown readable memory: 0x0000000000000002 | 02 00 00 00 00 00 00 00
stack at sp + 4 slots: 0x0 is NULL
stack at sp + 5 slots: 0x9e56a4be21094d00 is an unknown value
stack at sp + 6 slots: 0x00007efd87653ff0 is pointing into the stack for thread: 0x00007efe1c440000
stack at sp + 7 slots: 0x02007efe21a4f44a is an unknown value


---------------  P R O C E S S  ---------------

Threads class SMR info:
_java_thread_list=0x00007efd900b7190, length=16, elements={
0x00007efe1c016000, 0x00007efe1c27b000, 0x00007efe1c27d000, 0x00007efe1c282800,
0x00007efe1c284800, 0x00007efe1c286800, 0x00007efe1c288800, 0x00007efe1c28a800,
0x00007efdac013800, 0x00007efdac015000, 0x00007efdac017000, 0x00007efe1c2c8000,
0x00007efe1c3e8800, 0x00007efe1c43f000, 0x00007efe1c440000, 0x00007efe1c442000
}

Java Threads: ( => current thread )
  0x00007efe1c016000 JavaThread "main" [_thread_blocked, id=3542375, stack(0x00007efe20202000,0x00007efe20303000)]
  0x00007efe1c27b000 JavaThread "Reference Handler" daemon [_thread_blocked, id=3542382, stack(0x00007efdd1176000,0x00007efdd1277000)]
  0x00007efe1c27d000 JavaThread "Finalizer" daemon [_thread_blocked, id=3542383, stack(0x00007efdd1075000,0x00007efdd1176000)]
  0x00007efe1c282800 JavaThread "Signal Dispatcher" daemon [_thread_blocked, id=3542384, stack(0x00007efdd0c8e000,0x00007efdd0d8f000)]
  0x00007efe1c284800 JavaThread "Service Thread" daemon [_thread_blocked, id=3542385, stack(0x00007efdd0b8d000,0x00007efdd0c8e000)]
  0x00007efe1c286800 JavaThread "C2 CompilerThread0" daemon [_thread_blocked, id=3542386, stack(0x00007efdd0a8c000,0x00007efdd0b8d000)]
  0x00007efe1c288800 JavaThread "C1 CompilerThread0" daemon [_thread_blocked, id=3542387, stack(0x00007efdd098b000,0x00007efdd0a8c000)]
  0x00007efe1c28a800 JavaThread "Sweeper thread" daemon [_thread_blocked, id=3542388, stack(0x00007efdd088a000,0x00007efdd098b000)]
  0x00007efdac013800 JavaThread "C1 CompilerThread1" daemon [_thread_blocked, id=3542389, stack(0x00007efdd0789000,0x00007efdd088a000)]
  0x00007efdac015000 JavaThread "C1 CompilerThread2" daemon [_thread_blocked, id=3542390, stack(0x00007efdd0688000,0x00007efdd0789000)]
  0x00007efdac017000 JavaThread "C1 CompilerThread3" daemon [_thread_blocked, id=3542391, stack(0x00007efdd0587000,0x00007efdd0688000)]
  0x00007efe1c2c8000 JavaThread "Common-Cleaner" daemon [_thread_blocked, id=3542394, stack(0x00007efdd0283000,0x00007efdd0384000)]
  0x00007efe1c3e8800 JavaThread "process reaper" daemon [_thread_blocked, id=3542399, stack(0x00007efdd0096000,0x00007efdd00b8000)]
  0x00007efe1c43f000 JavaThread "Thread-1" [_thread_blocked, id=3542406, stack(0x00007efdd0182000,0x00007efdd0283000)]
=>0x00007efe1c440000 JavaThread "Thread-2" [_thread_in_native, id=3542407, stack(0x00007efd87558000,0x00007efd87659000)]
  0x00007efe1c442000 JavaThread "Thread-3" [_thread_in_native, id=3542408, stack(0x00007efd87457000,0x00007efd87558000)]

Other Threads:
  0x00007efe1c278000 VMThread "VM Thread" [stack: 0x00007efdd1279000,0x00007efdd1379000] [id=3542381]
  0x00007efe1c2c5000 WatcherThread [stack: 0x00007efdd0386000,0x00007efdd0486000] [id=3542393]
  0x00007efe1c02f800 GCTaskThread "GC Thread#0" [stack: 0x00007efe0468f000,0x00007efe0478f000] [id=3542376]
  0x00007efe1c06d800 ConcurrentGCThread "G1 Main Marker" [stack: 0x00007efdd96ba000,0x00007efdd97ba000] [id=3542377]
  0x00007efe1c06f800 ConcurrentGCThread "G1 Conc#0" [stack: 0x00007efdd95b8000,0x00007efdd96b8000] [id=3542378]
  0x00007efe1c236800 ConcurrentGCThread "G1 Refine#0" [stack: 0x00007efdd1cfe000,0x00007efdd1dfe000] [id=3542379]
  0x00007efe1c238800 ConcurrentGCThread "G1 Young RemSet Sampling" [stack: 0x00007efdd1bfc000,0x00007efdd1cfc000] [id=3542380]

Threads with active compile tasks:

VM state:not at safepoint (normal execution)

VM Mutex/Monitor currently owned by a thread: None

Heap address: 0x0000000413000000, size: 16080 MB, Compressed Oops mode: Zero based, Oop shift amount: 3
Narrow klass base: 0x0000000800000000, Narrow klass shift: 3
Compressed class space size: 1073741824 Address: 0x0000000840000000

Heap:
 garbage-first heap   total 1040384K, used 13000K [0x0000000413000000, 0x0000000800000000)
  region size 4096K, 4 young (16384K), 0 survivors (0K)
 Metaspace       used 3833K, capacity 5919K, committed 6272K, reserved 1056768K
  class space    used 370K, capacity 575K, committed 640K, reserved 1048576K
Heap Regions: E=young(eden), S=young(survivor), O=old, HS=humongous(starts), HC=humongous(continues), CS=collection set, F=free, A=archive, TAMS=top-at-mark-start (previous, next)
|   0|0x0000000413000000, 0x0000000413000000, 0x0000000413400000|  0%| F|  |TAMS 0x0000000413000000, 0x0000000413000000| Untracked 
|   1|0x0000000413400000, 0x0000000413400000, 0x0000000413800000|  0%| F|  |TAMS 0x0000000413400000, 0x0000000413400000| Untracked 
|   2|0x0000000413800000, 0x0000000413800000, 0x0000000413c00000|  0%| F|  |TAMS 0x0000000413800000, 0x0000000413800000| Untracked 
|   3|0x0000000413c00000, 0x0000000413c00000, 0x0000000414000000|  0%| F|  |TAMS 0x0000000413c00000, 0x0000000413c00000| Untracked 
|   4|0x0000000414000000, 0x0000000414000000, 0x0000000414400000|  0%| F|  |TAMS 0x0000000414000000, 0x0000000414000000| Untracked 
|   5|0x0000000414400000, 0x0000000414400000, 0x0000000414800000|  0%| F|  |TAMS 0x0000000414400000, 0x0000000414400000| Untracked 
|   6|0x0000000414800000, 0x0000000414800000, 0x0000000414c00000|  0%| F|  |TAMS 0x0000000414800000, 0x0000000414800000| Untracked 
|   7|0x0000000414c00000, 0x0000000414c00000, 0x0000000415000000|  0%| F|  |TAMS 0x0000000414c00000, 0x0000000414c00000| Untracked 
|   8|0x0000000415000000, 0x0000000415000000, 0x0000000415400000|  0%| F|  |TAMS 0x0000000415000000, 0x0000000415000000| Untracked 
|   9|0x0000000415400000, 0x0000000415400000, 0x0000000415800000|  0%| F|  |TAMS 0x0000000415400000, 0x0000000415400000| Untracked 
|  10|0x0000000415800000, 0x0000000415800000, 0x0000000415c00000|  0%| F|  |TAMS 0x0000000415800000, 0x0000000415800000| Untracked 
|  11|0x0000000415c00000, 0x0000000415c00000, 0x0000000416000000|  0%| F|  |TAMS 0x0000000415c00000, 0x0000000415c00000| Untracked 
|  12|0x0000000416000000, 0x0000000416000000, 0x0000000416400000|  0%| F|  |TAMS 0x0000000416000000, 0x0000000416000000| Untracked 
|  13|0x0000000416400000, 0x0000000416400000, 0x0000000416800000|  0%| F|  |TAMS 0x0000000416400000, 0x0000000416400000| Untracked 
|  14|0x0000000416800000, 0x0000000416800000, 0x0000000416c00000|  0%| F|  |TAMS 0x0000000416800000, 0x0000000416800000| Untracked 
|  15|0x0000000416c00000, 0x0000000416c00000, 0x0000000417000000|  0%| F|  |TAMS 0x0000000416c00000, 0x0000000416c00000| Untracked 
|  16|0x0000000417000000, 0x0000000417000000, 0x0000000417400000|  0%| F|  |TAMS 0x0000000417000000, 0x0000000417000000| Untracked 
|  17|0x0000000417400000, 0x0000000417400000, 0x0000000417800000|  0%| F|  |TAMS 0x0000000417400000, 0x0000000417400000| Untracked 
|  18|0x0000000417800000, 0x0000000417800000, 0x0000000417c00000|  0%| F|  |TAMS 0x0000000417800000, 0x0000000417800000| Untracked 
|  19|0x0000000417c00000, 0x0000000417c00000, 0x0000000418000000|  0%| F|  |TAMS 0x0000000417c00000, 0x0000000417c00000| Untracked 
|  20|0x0000000418000000, 0x0000000418000000, 0x0000000418400000|  0%| F|  |TAMS 0x0000000418000000, 0x0000000418000000| Untracked 
|  21|0x0000000418400000, 0x0000000418400000, 0x0000000418800000|  0%| F|  |TAMS 0x0000000418400000, 0x0000000418400000| Untracked 
|  22|0x0000000418800000, 0x0000000418800000, 0x0000000418c00000|  0%| F|  |TAMS 0x0000000418800000, 0x0000000418800000| Untracked 
|  23|0x0000000418c00000, 0x0000000418c00000, 0x0000000419000000|  0%| F|  |TAMS 0x0000000418c00000, 0x0000000418c00000| Untracked 
|  24|0x0000000419000000, 0x0000000419000000, 0x0000000419400000|  0%| F|  |TAMS 0x0000000419000000, 0x0000000419000000| Untracked 
|  25|0x0000000419400000, 0x0000000419400000, 0x0000000419800000|  0%| F|  |TAMS 0x0000000419400000, 0x0000000419400000| Untracked 
|  26|0x0000000419800000, 0x0000000419800000, 0x0000000419c00000|  0%| F|  |TAMS 0x0000000419800000, 0x0000000419800000| Untracked 
|  27|0x0000000419c00000, 0x0000000419c00000, 0x000000041a000000|  0%| F|  |TAMS 0x0000000419c00000, 0x0000000419c00000| Untracked 
|  28|0x000000041a000000, 0x000000041a000000, 0x000000041a400000|  0%| F|  |TAMS 0x000000041a000000, 0x000000041a000000| Untracked 
|  29|0x000000041a400000, 0x000000041a400000, 0x000000041a800000|  0%| F|  |TAMS 0x000000041a400000, 0x000000041a400000| Untracked 
|  30|0x000000041a800000, 0x000000041a800000, 0x000000041ac00000|  0%| F|  |TAMS 0x000000041a800000, 0x000000041a800000| Untracked 
|  31|0x000000041ac00000, 0x000000041ac00000, 0x000000041b000000|  0%| F|  |TAMS 0x000000041ac00000, 0x000000041ac00000| Untracked 
|  32|0x000000041b000000, 0x000000041b000000, 0x000000041b400000|  0%| F|  |TAMS 0x000000041b000000, 0x000000041b000000| Untracked 
|  33|0x000000041b400000, 0x000000041b400000, 0x000000041b800000|  0%| F|  |TAMS 0x000000041b400000, 0x000000041b400000| Untracked 
|  34|0x000000041b800000, 0x000000041b800000, 0x000000041bc00000|  0%| F|  |TAMS 0x000000041b800000, 0x000000041b800000| Untracked 
|  35|0x000000041bc00000, 0x000000041bc00000, 0x000000041c000000|  0%| F|  |TAMS 0x000000041bc00000, 0x000000041bc00000| Untracked 
|  36|0x000000041c000000, 0x000000041c000000, 0x000000041c400000|  0%| F|  |TAMS 0x000000041c000000, 0x000000041c000000| Untracked 
|  37|0x000000041c400000, 0x000000041c400000, 0x000000041c800000|  0%| F|  |TAMS 0x000000041c400000, 0x000000041c400000| Untracked 
|  38|0x000000041c800000, 0x000000041c800000, 0x000000041cc00000|  0%| F|  |TAMS 0x000000041c800000, 0x000000041c800000| Untracked 
|  39|0x000000041cc00000, 0x000000041cc00000, 0x000000041d000000|  0%| F|  |TAMS 0x000000041cc00000, 0x000000041cc00000| Untracked 
|  40|0x000000041d000000, 0x000000041d000000, 0x000000041d400000|  0%| F|  |TAMS 0x000000041d000000, 0x000000041d000000| Untracked 
|  41|0x000000041d400000, 0x000000041d400000, 0x000000041d800000|  0%| F|  |TAMS 0x000000041d400000, 0x000000041d400000| Untracked 
|  42|0x000000041d800000, 0x000000041d800000, 0x000000041dc00000|  0%| F|  |TAMS 0x000000041d800000, 0x000000041d800000| Untracked 
|  43|0x000000041dc00000, 0x000000041dc00000, 0x000000041e000000|  0%| F|  |TAMS 0x000000041dc00000, 0x000000041dc00000| Untracked 
|  44|0x000000041e000000, 0x000000041e000000, 0x000000041e400000|  0%| F|  |TAMS 0x000000041e000000, 0x000000041e000000| Untracked 
|  45|0x000000041e400000, 0x000000041e400000, 0x000000041e800000|  0%| F|  |TAMS 0x000000041e400000, 0x000000041e400000| Untracked 
|  46|0x000000041e800000, 0x000000041e800000, 0x000000041ec00000|  0%| F|  |TAMS 0x000000041e800000, 0x000000041e800000| Untracked 
|  47|0x000000041ec00000, 0x000000041ec00000, 0x000000041f000000|  0%| F|  |TAMS 0x000000041ec00000, 0x000000041ec00000| Untracked 
|  48|0x000000041f000000, 0x000000041f000000, 0x000000041f400000|  0%| F|  |TAMS 0x000000041f000000, 0x000000041f000000| Untracked 
|  49|0x000000041f400000, 0x000000041f400000, 0x000000041f800000|  0%| F|  |TAMS 0x000000041f400000, 0x000000041f400000| Untracked 
|  50|0x000000041f800000, 0x000000041f800000, 0x000000041fc00000|  0%| F|  |TAMS 0x000000041f800000, 0x000000041f800000| Untracked 
|  51|0x000000041fc00000, 0x000000041fc00000, 0x0000000420000000|  0%| F|  |TAMS 0x000000041fc00000, 0x000000041fc00000| Untracked 
|  52|0x0000000420000000, 0x0000000420000000, 0x0000000420400000|  0%| F|  |TAMS 0x0000000420000000, 0x0000000420000000| Untracked 
|  53|0x0000000420400000, 0x0000000420400000, 0x0000000420800000|  0%| F|  |TAMS 0x0000000420400000, 0x0000000420400000| Untracked 
|  54|0x0000000420800000, 0x0000000420800000, 0x0000000420c00000|  0%| F|  |TAMS 0x0000000420800000, 0x0000000420800000| Untracked 
|  55|0x0000000420c00000, 0x0000000420c00000, 0x0000000421000000|  0%| F|  |TAMS 0x0000000420c00000, 0x0000000420c00000| Untracked 
|  56|0x0000000421000000, 0x0000000421000000, 0x0000000421400000|  0%| F|  |TAMS 0x0000000421000000, 0x0000000421000000| Untracked 
|  57|0x0000000421400000, 0x0000000421400000, 0x0000000421800000|  0%| F|  |TAMS 0x0000000421400000, 0x0000000421400000| Untracked 
|  58|0x0000000421800000, 0x0000000421800000, 0x0000000421c00000|  0%| F|  |TAMS 0x0000000421800000, 0x0000000421800000| Untracked 
|  59|0x0000000421c00000, 0x0000000421c00000, 0x0000000422000000|  0%| F|  |TAMS 0x0000000421c00000, 0x0000000421c00000| Untracked 
|  60|0x0000000422000000, 0x0000000422000000, 0x0000000422400000|  0%| F|  |TAMS 0x0000000422000000, 0x0000000422000000| Untracked 
|  61|0x0000000422400000, 0x0000000422400000, 0x0000000422800000|  0%| F|  |TAMS 0x0000000422400000, 0x0000000422400000| Untracked 
|  62|0x0000000422800000, 0x0000000422800000, 0x0000000422c00000|  0%| F|  |TAMS 0x0000000422800000, 0x0000000422800000| Untracked 
|  63|0x0000000422c00000, 0x0000000422c00000, 0x0000000423000000|  0%| F|  |TAMS 0x0000000422c00000, 0x0000000422c00000| Untracked 
|  64|0x0000000423000000, 0x0000000423000000, 0x0000000423400000|  0%| F|  |TAMS 0x0000000423000000, 0x0000000423000000| Untracked 
|  65|0x0000000423400000, 0x0000000423400000, 0x0000000423800000|  0%| F|  |TAMS 0x0000000423400000, 0x0000000423400000| Untracked 
|  66|0x0000000423800000, 0x0000000423800000, 0x0000000423c00000|  0%| F|  |TAMS 0x0000000423800000, 0x0000000423800000| Untracked 
|  67|0x0000000423c00000, 0x0000000423c00000, 0x0000000424000000|  0%| F|  |TAMS 0x0000000423c00000, 0x0000000423c00000| Untracked 
|  68|0x0000000424000000, 0x0000000424000000, 0x0000000424400000|  0%| F|  |TAMS 0x0000000424000000, 0x0000000424000000| Untracked 
|  69|0x0000000424400000, 0x0000000424400000, 0x0000000424800000|  0%| F|  |TAMS 0x0000000424400000, 0x0000000424400000| Untracked 
|  70|0x0000000424800000, 0x0000000424800000, 0x0000000424c00000|  0%| F|  |TAMS 0x0000000424800000, 0x0000000424800000| Untracked 
|  71|0x0000000424c00000, 0x0000000424c00000, 0x0000000425000000|  0%| F|  |TAMS 0x0000000424c00000, 0x0000000424c00000| Untracked 
|  72|0x0000000425000000, 0x0000000425000000, 0x0000000425400000|  0%| F|  |TAMS 0x0000000425000000, 0x0000000425000000| Untracked 
|  73|0x0000000425400000, 0x0000000425400000, 0x0000000425800000|  0%| F|  |TAMS 0x0000000425400000, 0x0000000425400000| Untracked 
|  74|0x0000000425800000, 0x0000000425800000, 0x0000000425c00000|  0%| F|  |TAMS 0x0000000425800000, 0x0000000425800000| Untracked 
|  75|0x0000000425c00000, 0x0000000425c00000, 0x0000000426000000|  0%| F|  |TAMS 0x0000000425c00000, 0x0000000425c00000| Untracked 
|  76|0x0000000426000000, 0x0000000426000000, 0x0000000426400000|  0%| F|  |TAMS 0x0000000426000000, 0x0000000426000000| Untracked 
|  77|0x0000000426400000, 0x0000000426400000, 0x0000000426800000|  0%| F|  |TAMS 0x0000000426400000, 0x0000000426400000| Untracked 
|  78|0x0000000426800000, 0x0000000426800000, 0x0000000426c00000|  0%| F|  |TAMS 0x0000000426800000, 0x0000000426800000| Untracked 
|  79|0x0000000426c00000, 0x0000000426c00000, 0x0000000427000000|  0%| F|  |TAMS 0x0000000426c00000, 0x0000000426c00000| Untracked 
|  80|0x0000000427000000, 0x0000000427000000, 0x0000000427400000|  0%| F|  |TAMS 0x0000000427000000, 0x0000000427000000| Untracked 
|  81|0x0000000427400000, 0x0000000427400000, 0x0000000427800000|  0%| F|  |TAMS 0x0000000427400000, 0x0000000427400000| Untracked 
|  82|0x0000000427800000, 0x0000000427800000, 0x0000000427c00000|  0%| F|  |TAMS 0x0000000427800000, 0x0000000427800000| Untracked 
|  83|0x0000000427c00000, 0x0000000427c00000, 0x0000000428000000|  0%| F|  |TAMS 0x0000000427c00000, 0x0000000427c00000| Untracked 
|  84|0x0000000428000000, 0x0000000428000000, 0x0000000428400000|  0%| F|  |TAMS 0x0000000428000000, 0x0000000428000000| Untracked 
|  85|0x0000000428400000, 0x0000000428400000, 0x0000000428800000|  0%| F|  |TAMS 0x0000000428400000, 0x0000000428400000| Untracked 
|  86|0x0000000428800000, 0x0000000428800000, 0x0000000428c00000|  0%| F|  |TAMS 0x0000000428800000, 0x0000000428800000| Untracked 
|  87|0x0000000428c00000, 0x0000000428c00000, 0x0000000429000000|  0%| F|  |TAMS 0x0000000428c00000, 0x0000000428c00000| Untracked 
|  88|0x0000000429000000, 0x0000000429000000, 0x0000000429400000|  0%| F|  |TAMS 0x0000000429000000, 0x0000000429000000| Untracked 
|  89|0x0000000429400000, 0x0000000429400000, 0x0000000429800000|  0%| F|  |TAMS 0x0000000429400000, 0x0000000429400000| Untracked 
|  90|0x0000000429800000, 0x0000000429800000, 0x0000000429c00000|  0%| F|  |TAMS 0x0000000429800000, 0x0000000429800000| Untracked 
|  91|0x0000000429c00000, 0x0000000429c00000, 0x000000042a000000|  0%| F|  |TAMS 0x0000000429c00000, 0x0000000429c00000| Untracked 
|  92|0x000000042a000000, 0x000000042a000000, 0x000000042a400000|  0%| F|  |TAMS 0x000000042a000000, 0x000000042a000000| Untracked 
|  93|0x000000042a400000, 0x000000042a400000, 0x000000042a800000|  0%| F|  |TAMS 0x000000042a400000, 0x000000042a400000| Untracked 
|  94|0x000000042a800000, 0x000000042a800000, 0x000000042ac00000|  0%| F|  |TAMS 0x000000042a800000, 0x000000042a800000| Untracked 
|  95|0x000000042ac00000, 0x000000042ac00000, 0x000000042b000000|  0%| F|  |TAMS 0x000000042ac00000, 0x000000042ac00000| Untracked 
|  96|0x000000042b000000, 0x000000042b000000, 0x000000042b400000|  0%| F|  |TAMS 0x000000042b000000, 0x000000042b000000| Untracked 
|  97|0x000000042b400000, 0x000000042b400000, 0x000000042b800000|  0%| F|  |TAMS 0x000000042b400000, 0x000000042b400000| Untracked 
|  98|0x000000042b800000, 0x000000042b800000, 0x000000042bc00000|  0%| F|  |TAMS 0x000000042b800000, 0x000000042b800000| Untracked 
|  99|0x000000042bc00000, 0x000000042bc00000, 0x000000042c000000|  0%| F|  |TAMS 0x000000042bc00000, 0x000000042bc00000| Untracked 
| 100|0x000000042c000000, 0x000000042c000000, 0x000000042c400000|  0%| F|  |TAMS 0x000000042c000000, 0x000000042c000000| Untracked 
| 101|0x000000042c400000, 0x000000042c400000, 0x000000042c800000|  0%| F|  |TAMS 0x000000042c400000, 0x000000042c400000| Untracked 
| 102|0x000000042c800000, 0x000000042c800000, 0x000000042cc00000|  0%| F|  |TAMS 0x000000042c800000, 0x000000042c800000| Untracked 
| 103|0x000000042cc00000, 0x000000042cc00000, 0x000000042d000000|  0%| F|  |TAMS 0x000000042cc00000, 0x000000042cc00000| Untracked 
| 104|0x000000042d000000, 0x000000042d000000, 0x000000042d400000|  0%| F|  |TAMS 0x000000042d000000, 0x000000042d000000| Untracked 
| 105|0x000000042d400000, 0x000000042d400000, 0x000000042d800000|  0%| F|  |TAMS 0x000000042d400000, 0x000000042d400000| Untracked 
| 106|0x000000042d800000, 0x000000042d800000, 0x000000042dc00000|  0%| F|  |TAMS 0x000000042d800000, 0x000000042d800000| Untracked 
| 107|0x000000042dc00000, 0x000000042dc00000, 0x000000042e000000|  0%| F|  |TAMS 0x000000042dc00000, 0x000000042dc00000| Untracked 
| 108|0x000000042e000000, 0x000000042e000000, 0x000000042e400000|  0%| F|  |TAMS 0x000000042e000000, 0x000000042e000000| Untracked 
| 109|0x000000042e400000, 0x000000042e400000, 0x000000042e800000|  0%| F|  |TAMS 0x000000042e400000, 0x000000042e400000| Untracked 
| 110|0x000000042e800000, 0x000000042e800000, 0x000000042ec00000|  0%| F|  |TAMS 0x000000042e800000, 0x000000042e800000| Untracked 
| 111|0x000000042ec00000, 0x000000042ec00000, 0x000000042f000000|  0%| F|  |TAMS 0x000000042ec00000, 0x000000042ec00000| Untracked 
| 112|0x000000042f000000, 0x000000042f000000, 0x000000042f400000|  0%| F|  |TAMS 0x000000042f000000, 0x000000042f000000| Untracked 
| 113|0x000000042f400000, 0x000000042f400000, 0x000000042f800000|  0%| F|  |TAMS 0x000000042f400000, 0x000000042f400000| Untracked 
| 114|0x000000042f800000, 0x000000042f800000, 0x000000042fc00000|  0%| F|  |TAMS 0x000000042f800000, 0x000000042f800000| Untracked 
| 115|0x000000042fc00000, 0x000000042fc00000, 0x0000000430000000|  0%| F|  |TAMS 0x000000042fc00000, 0x000000042fc00000| Untracked 
| 116|0x0000000430000000, 0x0000000430000000, 0x0000000430400000|  0%| F|  |TAMS 0x0000000430000000, 0x0000000430000000| Untracked 
| 117|0x0000000430400000, 0x0000000430400000, 0x0000000430800000|  0%| F|  |TAMS 0x0000000430400000, 0x0000000430400000| Untracked 
| 118|0x0000000430800000, 0x0000000430800000, 0x0000000430c00000|  0%| F|  |TAMS 0x0000000430800000, 0x0000000430800000| Untracked 
| 119|0x0000000430c00000, 0x0000000430c00000, 0x0000000431000000|  0%| F|  |TAMS 0x0000000430c00000, 0x0000000430c00000| Untracked 
| 120|0x0000000431000000, 0x0000000431000000, 0x0000000431400000|  0%| F|  |TAMS 0x0000000431000000, 0x0000000431000000| Untracked 
| 121|0x0000000431400000, 0x0000000431400000, 0x0000000431800000|  0%| F|  |TAMS 0x0000000431400000, 0x0000000431400000| Untracked 
| 122|0x0000000431800000, 0x0000000431800000, 0x0000000431c00000|  0%| F|  |TAMS 0x0000000431800000, 0x0000000431800000| Untracked 
| 123|0x0000000431c00000, 0x0000000431c00000, 0x0000000432000000|  0%| F|  |TAMS 0x0000000431c00000, 0x0000000431c00000| Untracked 
| 124|0x0000000432000000, 0x0000000432000000, 0x0000000432400000|  0%| F|  |TAMS 0x0000000432000000, 0x0000000432000000| Untracked 
| 125|0x0000000432400000, 0x0000000432400000, 0x0000000432800000|  0%| F|  |TAMS 0x0000000432400000, 0x0000000432400000| Untracked 
| 126|0x0000000432800000, 0x0000000432800000, 0x0000000432c00000|  0%| F|  |TAMS 0x0000000432800000, 0x0000000432800000| Untracked 
| 127|0x0000000432c00000, 0x0000000432c00000, 0x0000000433000000|  0%| F|  |TAMS 0x0000000432c00000, 0x0000000432c00000| Untracked 
| 128|0x0000000433000000, 0x0000000433000000, 0x0000000433400000|  0%| F|  |TAMS 0x0000000433000000, 0x0000000433000000| Untracked 
| 129|0x0000000433400000, 0x0000000433400000, 0x0000000433800000|  0%| F|  |TAMS 0x0000000433400000, 0x0000000433400000| Untracked 
| 130|0x0000000433800000, 0x0000000433800000, 0x0000000433c00000|  0%| F|  |TAMS 0x0000000433800000, 0x0000000433800000| Untracked 
| 131|0x0000000433c00000, 0x0000000433c00000, 0x0000000434000000|  0%| F|  |TAMS 0x0000000433c00000, 0x0000000433c00000| Untracked 
| 132|0x0000000434000000, 0x0000000434000000, 0x0000000434400000|  0%| F|  |TAMS 0x0000000434000000, 0x0000000434000000| Untracked 
| 133|0x0000000434400000, 0x0000000434400000, 0x0000000434800000|  0%| F|  |TAMS 0x0000000434400000, 0x0000000434400000| Untracked 
| 134|0x0000000434800000, 0x0000000434800000, 0x0000000434c00000|  0%| F|  |TAMS 0x0000000434800000, 0x0000000434800000| Untracked 
| 135|0x0000000434c00000, 0x0000000434c00000, 0x0000000435000000|  0%| F|  |TAMS 0x0000000434c00000, 0x0000000434c00000| Untracked 
| 136|0x0000000435000000, 0x0000000435000000, 0x0000000435400000|  0%| F|  |TAMS 0x0000000435000000, 0x0000000435000000| Untracked 
| 137|0x0000000435400000, 0x0000000435400000, 0x0000000435800000|  0%| F|  |TAMS 0x0000000435400000, 0x0000000435400000| Untracked 
| 138|0x0000000435800000, 0x0000000435800000, 0x0000000435c00000|  0%| F|  |TAMS 0x0000000435800000, 0x0000000435800000| Untracked 
| 139|0x0000000435c00000, 0x0000000435c00000, 0x0000000436000000|  0%| F|  |TAMS 0x0000000435c00000, 0x0000000435c00000| Untracked 
| 140|0x0000000436000000, 0x0000000436000000, 0x0000000436400000|  0%| F|  |TAMS 0x0000000436000000, 0x0000000436000000| Untracked 
| 141|0x0000000436400000, 0x0000000436400000, 0x0000000436800000|  0%| F|  |TAMS 0x0000000436400000, 0x0000000436400000| Untracked 
| 142|0x0000000436800000, 0x0000000436800000, 0x0000000436c00000|  0%| F|  |TAMS 0x0000000436800000, 0x0000000436800000| Untracked 
| 143|0x0000000436c00000, 0x0000000436c00000, 0x0000000437000000|  0%| F|  |TAMS 0x0000000436c00000, 0x0000000436c00000| Untracked 
| 144|0x0000000437000000, 0x0000000437000000, 0x0000000437400000|  0%| F|  |TAMS 0x0000000437000000, 0x0000000437000000| Untracked 
| 145|0x0000000437400000, 0x0000000437400000, 0x0000000437800000|  0%| F|  |TAMS 0x0000000437400000, 0x0000000437400000| Untracked 
| 146|0x0000000437800000, 0x0000000437800000, 0x0000000437c00000|  0%| F|  |TAMS 0x0000000437800000, 0x0000000437800000| Untracked 
| 147|0x0000000437c00000, 0x0000000437c00000, 0x0000000438000000|  0%| F|  |TAMS 0x0000000437c00000, 0x0000000437c00000| Untracked 
| 148|0x0000000438000000, 0x0000000438000000, 0x0000000438400000|  0%| F|  |TAMS 0x0000000438000000, 0x0000000438000000| Untracked 
| 149|0x0000000438400000, 0x0000000438400000, 0x0000000438800000|  0%| F|  |TAMS 0x0000000438400000, 0x0000000438400000| Untracked 
| 150|0x0000000438800000, 0x0000000438800000, 0x0000000438c00000|  0%| F|  |TAMS 0x0000000438800000, 0x0000000438800000| Untracked 
| 151|0x0000000438c00000, 0x0000000438c00000, 0x0000000439000000|  0%| F|  |TAMS 0x0000000438c00000, 0x0000000438c00000| Untracked 
| 152|0x0000000439000000, 0x0000000439000000, 0x0000000439400000|  0%| F|  |TAMS 0x0000000439000000, 0x0000000439000000| Untracked 
| 153|0x0000000439400000, 0x0000000439400000, 0x0000000439800000|  0%| F|  |TAMS 0x0000000439400000, 0x0000000439400000| Untracked 
| 154|0x0000000439800000, 0x0000000439800000, 0x0000000439c00000|  0%| F|  |TAMS 0x0000000439800000, 0x0000000439800000| Untracked 
| 155|0x0000000439c00000, 0x0000000439c00000, 0x000000043a000000|  0%| F|  |TAMS 0x0000000439c00000, 0x0000000439c00000| Untracked 
| 156|0x000000043a000000, 0x000000043a000000, 0x000000043a400000|  0%| F|  |TAMS 0x000000043a000000, 0x000000043a000000| Untracked 
| 157|0x000000043a400000, 0x000000043a400000, 0x000000043a800000|  0%| F|  |TAMS 0x000000043a400000, 0x000000043a400000| Untracked 
| 158|0x000000043a800000, 0x000000043a800000, 0x000000043ac00000|  0%| F|  |TAMS 0x000000043a800000, 0x000000043a800000| Untracked 
| 159|0x000000043ac00000, 0x000000043ac00000, 0x000000043b000000|  0%| F|  |TAMS 0x000000043ac00000, 0x000000043ac00000| Untracked 
| 160|0x000000043b000000, 0x000000043b000000, 0x000000043b400000|  0%| F|  |TAMS 0x000000043b000000, 0x000000043b000000| Untracked 
| 161|0x000000043b400000, 0x000000043b400000, 0x000000043b800000|  0%| F|  |TAMS 0x000000043b400000, 0x000000043b400000| Untracked 
| 162|0x000000043b800000, 0x000000043b800000, 0x000000043bc00000|  0%| F|  |TAMS 0x000000043b800000, 0x000000043b800000| Untracked 
| 163|0x000000043bc00000, 0x000000043bc00000, 0x000000043c000000|  0%| F|  |TAMS 0x000000043bc00000, 0x000000043bc00000| Untracked 
| 164|0x000000043c000000, 0x000000043c000000, 0x000000043c400000|  0%| F|  |TAMS 0x000000043c000000, 0x000000043c000000| Untracked 
| 165|0x000000043c400000, 0x000000043c400000, 0x000000043c800000|  0%| F|  |TAMS 0x000000043c400000, 0x000000043c400000| Untracked 
| 166|0x000000043c800000, 0x000000043c800000, 0x000000043cc00000|  0%| F|  |TAMS 0x000000043c800000, 0x000000043c800000| Untracked 
| 167|0x000000043cc00000, 0x000000043cc00000, 0x000000043d000000|  0%| F|  |TAMS 0x000000043cc00000, 0x000000043cc00000| Untracked 
| 168|0x000000043d000000, 0x000000043d000000, 0x000000043d400000|  0%| F|  |TAMS 0x000000043d000000, 0x000000043d000000| Untracked 
| 169|0x000000043d400000, 0x000000043d400000, 0x000000043d800000|  0%| F|  |TAMS 0x000000043d400000, 0x000000043d400000| Untracked 
| 170|0x000000043d800000, 0x000000043d800000, 0x000000043dc00000|  0%| F|  |TAMS 0x000000043d800000, 0x000000043d800000| Untracked 
| 171|0x000000043dc00000, 0x000000043dc00000, 0x000000043e000000|  0%| F|  |TAMS 0x000000043dc00000, 0x000000043dc00000| Untracked 
| 172|0x000000043e000000, 0x000000043e000000, 0x000000043e400000|  0%| F|  |TAMS 0x000000043e000000, 0x000000043e000000| Untracked 
| 173|0x000000043e400000, 0x000000043e400000, 0x000000043e800000|  0%| F|  |TAMS 0x000000043e400000, 0x000000043e400000| Untracked 
| 174|0x000000043e800000, 0x000000043e800000, 0x000000043ec00000|  0%| F|  |TAMS 0x000000043e800000, 0x000000043e800000| Untracked 
| 175|0x000000043ec00000, 0x000000043ec00000, 0x000000043f000000|  0%| F|  |TAMS 0x000000043ec00000, 0x000000043ec00000| Untracked 
| 176|0x000000043f000000, 0x000000043f000000, 0x000000043f400000|  0%| F|  |TAMS 0x000000043f000000, 0x000000043f000000| Untracked 
| 177|0x000000043f400000, 0x000000043f400000, 0x000000043f800000|  0%| F|  |TAMS 0x000000043f400000, 0x000000043f400000| Untracked 
| 178|0x000000043f800000, 0x000000043f800000, 0x000000043fc00000|  0%| F|  |TAMS 0x000000043f800000, 0x000000043f800000| Untracked 
| 179|0x000000043fc00000, 0x000000043fc00000, 0x0000000440000000|  0%| F|  |TAMS 0x000000043fc00000, 0x000000043fc00000| Untracked 
| 180|0x0000000440000000, 0x0000000440000000, 0x0000000440400000|  0%| F|  |TAMS 0x0000000440000000, 0x0000000440000000| Untracked 
| 181|0x0000000440400000, 0x0000000440400000, 0x0000000440800000|  0%| F|  |TAMS 0x0000000440400000, 0x0000000440400000| Untracked 
| 182|0x0000000440800000, 0x0000000440800000, 0x0000000440c00000|  0%| F|  |TAMS 0x0000000440800000, 0x0000000440800000| Untracked 
| 183|0x0000000440c00000, 0x0000000440c00000, 0x0000000441000000|  0%| F|  |TAMS 0x0000000440c00000, 0x0000000440c00000| Untracked 
| 184|0x0000000441000000, 0x0000000441000000, 0x0000000441400000|  0%| F|  |TAMS 0x0000000441000000, 0x0000000441000000| Untracked 
| 185|0x0000000441400000, 0x0000000441400000, 0x0000000441800000|  0%| F|  |TAMS 0x0000000441400000, 0x0000000441400000| Untracked 
| 186|0x0000000441800000, 0x0000000441800000, 0x0000000441c00000|  0%| F|  |TAMS 0x0000000441800000, 0x0000000441800000| Untracked 
| 187|0x0000000441c00000, 0x0000000441c00000, 0x0000000442000000|  0%| F|  |TAMS 0x0000000441c00000, 0x0000000441c00000| Untracked 
| 188|0x0000000442000000, 0x0000000442000000, 0x0000000442400000|  0%| F|  |TAMS 0x0000000442000000, 0x0000000442000000| Untracked 
| 189|0x0000000442400000, 0x0000000442400000, 0x0000000442800000|  0%| F|  |TAMS 0x0000000442400000, 0x0000000442400000| Untracked 
| 190|0x0000000442800000, 0x0000000442800000, 0x0000000442c00000|  0%| F|  |TAMS 0x0000000442800000, 0x0000000442800000| Untracked 
| 191|0x0000000442c00000, 0x0000000442c00000, 0x0000000443000000|  0%| F|  |TAMS 0x0000000442c00000, 0x0000000442c00000| Untracked 
| 192|0x0000000443000000, 0x0000000443000000, 0x0000000443400000|  0%| F|  |TAMS 0x0000000443000000, 0x0000000443000000| Untracked 
| 193|0x0000000443400000, 0x0000000443400000, 0x0000000443800000|  0%| F|  |TAMS 0x0000000443400000, 0x0000000443400000| Untracked 
| 194|0x0000000443800000, 0x0000000443800000, 0x0000000443c00000|  0%| F|  |TAMS 0x0000000443800000, 0x0000000443800000| Untracked 
| 195|0x0000000443c00000, 0x0000000443c00000, 0x0000000444000000|  0%| F|  |TAMS 0x0000000443c00000, 0x0000000443c00000| Untracked 
| 196|0x0000000444000000, 0x0000000444000000, 0x0000000444400000|  0%| F|  |TAMS 0x0000000444000000, 0x0000000444000000| Untracked 
| 197|0x0000000444400000, 0x0000000444400000, 0x0000000444800000|  0%| F|  |TAMS 0x0000000444400000, 0x0000000444400000| Untracked 
| 198|0x0000000444800000, 0x0000000444800000, 0x0000000444c00000|  0%| F|  |TAMS 0x0000000444800000, 0x0000000444800000| Untracked 
| 199|0x0000000444c00000, 0x0000000444c00000, 0x0000000445000000|  0%| F|  |TAMS 0x0000000444c00000, 0x0000000444c00000| Untracked 
| 200|0x0000000445000000, 0x0000000445000000, 0x0000000445400000|  0%| F|  |TAMS 0x0000000445000000, 0x0000000445000000| Untracked 
| 201|0x0000000445400000, 0x0000000445400000, 0x0000000445800000|  0%| F|  |TAMS 0x0000000445400000, 0x0000000445400000| Untracked 
| 202|0x0000000445800000, 0x0000000445800000, 0x0000000445c00000|  0%| F|  |TAMS 0x0000000445800000, 0x0000000445800000| Untracked 
| 203|0x0000000445c00000, 0x0000000445c00000, 0x0000000446000000|  0%| F|  |TAMS 0x0000000445c00000, 0x0000000445c00000| Untracked 
| 204|0x0000000446000000, 0x0000000446000000, 0x0000000446400000|  0%| F|  |TAMS 0x0000000446000000, 0x0000000446000000| Untracked 
| 205|0x0000000446400000, 0x0000000446400000, 0x0000000446800000|  0%| F|  |TAMS 0x0000000446400000, 0x0000000446400000| Untracked 
| 206|0x0000000446800000, 0x0000000446800000, 0x0000000446c00000|  0%| F|  |TAMS 0x0000000446800000, 0x0000000446800000| Untracked 
| 207|0x0000000446c00000, 0x0000000446c00000, 0x0000000447000000|  0%| F|  |TAMS 0x0000000446c00000, 0x0000000446c00000| Untracked 
| 208|0x0000000447000000, 0x0000000447000000, 0x0000000447400000|  0%| F|  |TAMS 0x0000000447000000, 0x0000000447000000| Untracked 
| 209|0x0000000447400000, 0x0000000447400000, 0x0000000447800000|  0%| F|  |TAMS 0x0000000447400000, 0x0000000447400000| Untracked 
| 210|0x0000000447800000, 0x0000000447800000, 0x0000000447c00000|  0%| F|  |TAMS 0x0000000447800000, 0x0000000447800000| Untracked 
| 211|0x0000000447c00000, 0x0000000447c00000, 0x0000000448000000|  0%| F|  |TAMS 0x0000000447c00000, 0x0000000447c00000| Untracked 
| 212|0x0000000448000000, 0x0000000448000000, 0x0000000448400000|  0%| F|  |TAMS 0x0000000448000000, 0x0000000448000000| Untracked 
| 213|0x0000000448400000, 0x0000000448400000, 0x0000000448800000|  0%| F|  |TAMS 0x0000000448400000, 0x0000000448400000| Untracked 
| 214|0x0000000448800000, 0x0000000448800000, 0x0000000448c00000|  0%| F|  |TAMS 0x0000000448800000, 0x0000000448800000| Untracked 
| 215|0x0000000448c00000, 0x0000000448c00000, 0x0000000449000000|  0%| F|  |TAMS 0x0000000448c00000, 0x0000000448c00000| Untracked 
| 216|0x0000000449000000, 0x0000000449000000, 0x0000000449400000|  0%| F|  |TAMS 0x0000000449000000, 0x0000000449000000| Untracked 
| 217|0x0000000449400000, 0x0000000449400000, 0x0000000449800000|  0%| F|  |TAMS 0x0000000449400000, 0x0000000449400000| Untracked 
| 218|0x0000000449800000, 0x0000000449800000, 0x0000000449c00000|  0%| F|  |TAMS 0x0000000449800000, 0x0000000449800000| Untracked 
| 219|0x0000000449c00000, 0x0000000449c00000, 0x000000044a000000|  0%| F|  |TAMS 0x0000000449c00000, 0x0000000449c00000| Untracked 
| 220|0x000000044a000000, 0x000000044a000000, 0x000000044a400000|  0%| F|  |TAMS 0x000000044a000000, 0x000000044a000000| Untracked 
| 221|0x000000044a400000, 0x000000044a400000, 0x000000044a800000|  0%| F|  |TAMS 0x000000044a400000, 0x000000044a400000| Untracked 
| 222|0x000000044a800000, 0x000000044a800000, 0x000000044ac00000|  0%| F|  |TAMS 0x000000044a800000, 0x000000044a800000| Untracked 
| 223|0x000000044ac00000, 0x000000044ac00000, 0x000000044b000000|  0%| F|  |TAMS 0x000000044ac00000, 0x000000044ac00000| Untracked 
| 224|0x000000044b000000, 0x000000044b000000, 0x000000044b400000|  0%| F|  |TAMS 0x000000044b000000, 0x000000044b000000| Untracked 
| 225|0x000000044b400000, 0x000000044b400000, 0x000000044b800000|  0%| F|  |TAMS 0x000000044b400000, 0x000000044b400000| Untracked 
| 226|0x000000044b800000, 0x000000044b800000, 0x000000044bc00000|  0%| F|  |TAMS 0x000000044b800000, 0x000000044b800000| Untracked 
| 227|0x000000044bc00000, 0x000000044bc00000, 0x000000044c000000|  0%| F|  |TAMS 0x000000044bc00000, 0x000000044bc00000| Untracked 
| 228|0x000000044c000000, 0x000000044c000000, 0x000000044c400000|  0%| F|  |TAMS 0x000000044c000000, 0x000000044c000000| Untracked 
| 229|0x000000044c400000, 0x000000044c400000, 0x000000044c800000|  0%| F|  |TAMS 0x000000044c400000, 0x000000044c400000| Untracked 
| 230|0x000000044c800000, 0x000000044c800000, 0x000000044cc00000|  0%| F|  |TAMS 0x000000044c800000, 0x000000044c800000| Untracked 
| 231|0x000000044cc00000, 0x000000044cc00000, 0x000000044d000000|  0%| F|  |TAMS 0x000000044cc00000, 0x000000044cc00000| Untracked 
| 232|0x000000044d000000, 0x000000044d000000, 0x000000044d400000|  0%| F|  |TAMS 0x000000044d000000, 0x000000044d000000| Untracked 
| 233|0x000000044d400000, 0x000000044d400000, 0x000000044d800000|  0%| F|  |TAMS 0x000000044d400000, 0x000000044d400000| Untracked 
| 234|0x000000044d800000, 0x000000044d800000, 0x000000044dc00000|  0%| F|  |TAMS 0x000000044d800000, 0x000000044d800000| Untracked 
| 235|0x000000044dc00000, 0x000000044dc00000, 0x000000044e000000|  0%| F|  |TAMS 0x000000044dc00000, 0x000000044dc00000| Untracked 
| 236|0x000000044e000000, 0x000000044e000000, 0x000000044e400000|  0%| F|  |TAMS 0x000000044e000000, 0x000000044e000000| Untracked 
| 237|0x000000044e400000, 0x000000044e400000, 0x000000044e800000|  0%| F|  |TAMS 0x000000044e400000, 0x000000044e400000| Untracked 
| 238|0x000000044e800000, 0x000000044e800000, 0x000000044ec00000|  0%| F|  |TAMS 0x000000044e800000, 0x000000044e800000| Untracked 
| 239|0x000000044ec00000, 0x000000044ec00000, 0x000000044f000000|  0%| F|  |TAMS 0x000000044ec00000, 0x000000044ec00000| Untracked 
| 240|0x000000044f000000, 0x000000044f000000, 0x000000044f400000|  0%| F|  |TAMS 0x000000044f000000, 0x000000044f000000| Untracked 
| 241|0x000000044f400000, 0x000000044f400000, 0x000000044f800000|  0%| F|  |TAMS 0x000000044f400000, 0x000000044f400000| Untracked 
| 242|0x000000044f800000, 0x000000044f800000, 0x000000044fc00000|  0%| F|  |TAMS 0x000000044f800000, 0x000000044f800000| Untracked 
| 243|0x000000044fc00000, 0x000000044fc00000, 0x0000000450000000|  0%| F|  |TAMS 0x000000044fc00000, 0x000000044fc00000| Untracked 
| 244|0x0000000450000000, 0x0000000450000000, 0x0000000450400000|  0%| F|  |TAMS 0x0000000450000000, 0x0000000450000000| Untracked 
| 245|0x0000000450400000, 0x0000000450400000, 0x0000000450800000|  0%| F|  |TAMS 0x0000000450400000, 0x0000000450400000| Untracked 
| 246|0x0000000450800000, 0x0000000450800000, 0x0000000450c00000|  0%| F|  |TAMS 0x0000000450800000, 0x0000000450800000| Untracked 
| 247|0x0000000450c00000, 0x0000000450c00000, 0x0000000451000000|  0%| F|  |TAMS 0x0000000450c00000, 0x0000000450c00000| Untracked 
| 248|0x0000000451000000, 0x00000004511ec098, 0x0000000451400000| 48%| E|  |TAMS 0x0000000451000000, 0x0000000451000000| Complete 
| 249|0x0000000451400000, 0x0000000451800000, 0x0000000451800000|100%| E|CS|TAMS 0x0000000451400000, 0x0000000451400000| Complete 
| 250|0x0000000451800000, 0x0000000451c00000, 0x0000000451c00000|100%| E|CS|TAMS 0x0000000451800000, 0x0000000451800000| Complete 
| 251|0x0000000451c00000, 0x0000000452000000, 0x0000000452000000|100%| E|CS|TAMS 0x0000000451c00000, 0x0000000451c00000| Complete 
|3762|0x00000007bf800000, 0x00000007bf847000, 0x00000007bfc00000|  6%|OA|  |TAMS 0x00000007bf800000, 0x00000007bf800000| Untracked 
|3763|0x00000007bfc00000, 0x00000007bfc6b000, 0x00000007c0000000| 10%|CA|  |TAMS 0x00000007bfc00000, 0x00000007bfc00000| Untracked 

Card table byte_map: [0x00007efdfb01f000,0x00007efdfcf87000] _byte_map_base: 0x00007efdf8f87000

Marking Bits (Prev, Next): (CMBitMap*) 0x00007efe1c05cee8, (CMBitMap*) 0x00007efe1c05cf20
 Prev Bits: [0x00007efde9577000, 0x00007efdf90b7000)
 Next Bits: [0x00007efdd9a37000, 0x00007efde9577000)

Polling page: 0x00007efe21b34000

Metaspace:

Usage:
  Non-class:      5.22 MB capacity,     3.38 MB ( 65%) used,     1.83 MB ( 35%) free+waste,     6.81 KB ( <1%) overhead. 
      Class:    575.00 KB capacity,   370.61 KB ( 64%) used,   200.45 KB ( 35%) free+waste,     3.94 KB ( <1%) overhead. 
       Both:      5.78 MB capacity,     3.74 MB ( 65%) used,     2.03 MB ( 35%) free+waste,    10.75 KB ( <1%) overhead. 

Virtual space:
  Non-class space:        8.00 MB reserved,       5.50 MB ( 69%) committed 
      Class space:        1.00 GB reserved,     640.00 KB ( <1%) committed 
             Both:        1.01 GB reserved,       6.12 MB ( <1%) committed 

Chunk freelists:
   Non-Class:  56.00 KB
       Class:  1.00 KB
        Both:  57.00 KB

MaxMetaspaceSize: unlimited
CompressedClassSpaceSize: 1.00 GB

CodeHeap 'non-profiled nmethods': size=118884Kb used=161Kb max_used=161Kb free=118722Kb
 bounds [0x00007efe0c45f000, 0x00007efe0c6cf000, 0x00007efe13878000]
CodeHeap 'profiled nmethods': size=118884Kb used=1346Kb max_used=1346Kb free=117537Kb
 bounds [0x00007efe05046000, 0x00007efe052b6000, 0x00007efe0c45f000]
CodeHeap 'non-nmethods': size=7992Kb used=2796Kb max_used=3368Kb free=5195Kb
 bounds [0x00007efe04878000, 0x00007efe04bc8000, 0x00007efe05046000]
 total_blobs=1188 nmethods=756 adapters=342
 compilation: enabled
              stopped_count=0, restarted_count=0
 full_count=0

Compilation events (20 events):
Event: 2.316 Thread 0x00007efdac013800 nmethod 734 0x00007efe0518ca90 code [0x00007efe0518cc40, 0x00007efe0518cd50]
Event: 2.316 Thread 0x00007efdac013800  736       3       jdk.internal.misc.Unsafe::convEndian (16 bytes)
Event: 2.316 Thread 0x00007efdac017000 nmethod 733 0x00007efe0518ce10 code [0x00007efe0518d040, 0x00007efe0518d890]
Event: 2.316 Thread 0x00007efe1c288800 nmethod 735 0x00007efe0518db10 code [0x00007efe0518dd20, 0x00007efe0518e360]
Event: 2.316 Thread 0x00007efdac013800 nmethod 736 0x00007efe0518e590 code [0x00007efe0518e740, 0x00007efe0518e8f0]
Event: 2.316 Thread 0x00007efdac015000 nmethod 730 0x00007efe0518e990 code [0x00007efe0518eba0, 0x00007efe0518f180]
Event: 2.318 Thread 0x00007efdac017000  737       3       java.nio.Buffer::nextGetIndex (32 bytes)
Event: 2.318 Thread 0x00007efe1c288800  738       3       java.nio.HeapByteBuffer::ix (7 bytes)
Event: 2.318 Thread 0x00007efdac015000  739       3       java.nio.HeapByteBuffer::getInt (25 bytes)
Event: 2.318 Thread 0x00007efdac013800  740       3       jdk.internal.misc.Unsafe::getIntUnaligned (12 bytes)
Event: 2.318 Thread 0x00007efe1c288800 nmethod 738 0x00007efe0518f390 code [0x00007efe0518f540, 0x00007efe0518f650]
Event: 2.318 Thread 0x00007efe1c288800  741       3       jdk.internal.misc.Unsafe::getIntUnaligned (83 bytes)
Event: 2.318 Thread 0x00007efdac017000 nmethod 737 0x00007efe0518f710 code [0x00007efe0518f8e0, 0x00007efe0518fac0]
Event: 2.318 Thread 0x00007efdac017000  742       3       java.nio.HeapByteBuffer::put (59 bytes)
Event: 2.318 Thread 0x00007efdac013800 nmethod 740 0x00007efe0518fb90 code [0x00007efe0518fd60, 0x00007efe0518ffb0]
Event: 2.318 Thread 0x00007efdac015000 nmethod 739 0x00007efe05190090 code [0x00007efe05190280, 0x00007efe05190760]
Event: 2.318 Thread 0x00007efe1c288800 nmethod 741 0x00007efe05190990 code [0x00007efe05190b80, 0x00007efe05191000]
Event: 2.318 Thread 0x00007efdac017000 nmethod 742 0x00007efe05191190 code [0x00007efe051913a0, 0x00007efe051919b0]
Event: 2.318 Thread 0x00007efdac013800  743       3       java.io.OutputStream::write (9 bytes)
Event: 2.319 Thread 0x00007efdac013800 nmethod 743 0x00007efe05191c10 code [0x00007efe05191dc0, 0x00007efe05191fa0]

GC Heap History (0 events):
No events

Deoptimization events (14 events):
Event: 0.948 Thread 0x00007efe1c016000 DEOPT PACKING pc=0x00007efe05061d8b sp=0x00007efe202fd6d0
Event: 0.948 Thread 0x00007efe1c016000 DEOPT UNPACKING pc=0x00007efe0489e14a sp=0x00007efe202fcb90 mode 0
Event: 0.948 Thread 0x00007efe1c016000 DEOPT PACKING pc=0x00007efe050629c3 sp=0x00007efe202fd6a0
Event: 0.948 Thread 0x00007efe1c016000 DEOPT UNPACKING pc=0x00007efe0489e14a sp=0x00007efe202fcb90 mode 0
Event: 0.948 Thread 0x00007efe1c016000 DEOPT PACKING pc=0x00007efe05061d8b sp=0x00007efe202fd6d0
Event: 0.948 Thread 0x00007efe1c016000 DEOPT UNPACKING pc=0x00007efe0489e14a sp=0x00007efe202fcb90 mode 0
Event: 1.503 Thread 0x00007efe1c43f000 Uncommon trap: trap_request=0xffffff4d fr.pc=0x00007efe0c463ca4 relative=0x0000000000000084
Event: 1.503 Thread 0x00007efe1c43f000 Uncommon trap: reason=unstable_if action=reinterpret pc=0x00007efe0c463ca4 method=java.lang.String.isLatin1()Z @ 10 c2
Event: 1.503 Thread 0x00007efe1c43f000 DEOPT PACKING pc=0x00007efe0c463ca4 sp=0x00007efdd0281280
Event: 1.503 Thread 0x00007efe1c43f000 DEOPT UNPACKING pc=0x00007efe0489d9a5 sp=0x00007efdd02811e0 mode 2
Event: 1.504 Thread 0x00007efe1c43f000 Uncommon trap: trap_request=0xffffff4d fr.pc=0x00007efe0c47c608 relative=0x0000000000000068
Event: 1.504 Thread 0x00007efe1c43f000 Uncommon trap: reason=unstable_if action=reinterpret pc=0x00007efe0c47c608 method=java.lang.String.isLatin1()Z @ 10 c2
Event: 1.504 Thread 0x00007efe1c43f000 DEOPT PACKING pc=0x00007efe0c47c608 sp=0x00007efdd0281570
Event: 1.504 Thread 0x00007efe1c43f000 DEOPT UNPACKING pc=0x00007efe0489d9a5 sp=0x00007efdd0281520 mode 2

Classes redefined (0 events):
No events

Internal exceptions (9 events):
Event: 0.623 Thread 0x00007efe1c016000 Exception <a 'java/security/PrivilegedActionException'{0x0000000451c505d8}> (0x0000000451c505d8) thrown at [src/hotspot/share/prims/jvm.cpp, line 1304]
Event: 0.623 Thread 0x00007efe1c016000 Exception <a 'java/security/PrivilegedActionException'{0x0000000451c508a8}> (0x0000000451c508a8) thrown at [src/hotspot/share/prims/jvm.cpp, line 1304]
Event: 0.982 Thread 0x00007efe1c016000 Exception <a 'java/lang/NoClassDefFoundError'{0x0000000451faa200}: org/apache/log4j/Category> (0x0000000451faa200) thrown at [src/hotspot/share/classfile/systemDictionary.cpp, line 220]
Event: 1.091 Thread 0x00007efe1c2e6800 Exception <a 'java/lang/InterruptedException'{0x0000000451aec0f0}: sleep interrupted> (0x0000000451aec0f0) thrown at [src/hotspot/share/prims/jvm.cpp, line 3125]
Event: 1.208 Thread 0x00007efe1c016000 Exception <a 'java/lang/NoSuchMethodError'{0x0000000451443038}: 'java.lang.Object java.lang.invoke.DirectMethodHandle$Holder.invokeStaticInit(java.lang.Object, java.lang.Object, long, java.lang.Object)'> (0x0000000451443038) thrown at [src/hotspot/share/interpreter/linkResolver.cpp, line 772]
Event: 1.209 Thread 0x00007efe1c016000 Exception <a 'java/lang/NoSuchMethodError'{0x000000045144f160}: 'java.lang.Object java.lang.invoke.Invokers$Holder.linkToTargetMethod(java.lang.Object, long, java.lang.Object)'> (0x000000045144f160) thrown at [src/hotspot/share/interpreter/linkResolver.cpp, line 772]
Event: 1.240 Thread 0x00007efe1c016000 Exception <a 'java/lang/NoSuchMethodError'{0x0000000451456478}: 'java.lang.Object java.lang.invoke.DirectMethodHandle$Holder.invokeStatic(java.lang.Object, java.lang.Object, java.lang.Object, int)'> (0x0000000451456478) thrown at [src/hotspot/share/interpreter/linkResolver.cpp, line 772]
Event: 1.241 Thread 0x00007efe1c016000 Exception <a 'java/lang/NoSuchMethodError'{0x000000045145a0f0}: 'java.lang.Object java.lang.invoke.DirectMethodHandle$Holder.invokeSpecial(java.lang.Object, java.lang.Object, java.lang.Object, java.lang.Object, int)'> (0x000000045145a0f0) thrown at [src/hotspot/share/interpreter/linkResolver.cpp, line 772]
Event: 1.241 Thread 0x00007efe1c016000 Exception <a 'java/lang/NoSuchMethodError'{0x000000045145d588}: 'java.lang.Object java.lang.invoke.Invokers$Holder.linkToTargetMethod(java.lang.Object, java.lang.Object, int, java.lang.Object)'> (0x000000045145d588) thrown at [src/hotspot/share/interpreter/linkResolver.cpp, line 772]

Events (20 events):
Event: 2.299 loading class org/HdrHistogram/PercentileIterator
Event: 2.299 loading class org/HdrHistogram/PercentileIterator done
Event: 2.299 Executing VM operation: RevokeBias
Event: 2.300 Executing VM operation: RevokeBias done
Event: 2.300 loading class org/HdrHistogram/AbstractHistogramIterator
Event: 2.300 loading class org/HdrHistogram/AbstractHistogramIterator done
Event: 2.300 loading class java/util/ConcurrentModificationException
Event: 2.300 loading class java/util/ConcurrentModificationException done
Event: 2.300 loading class org/HdrHistogram/HistogramIterationValue
Event: 2.300 loading class org/HdrHistogram/HistogramIterationValue done
Event: 2.300 Executing VM operation: RevokeBias
Event: 2.300 Executing VM operation: RevokeBias done
Event: 2.301 loading class org/HdrHistogram/RecordedValuesIterator
Event: 2.301 loading class org/HdrHistogram/RecordedValuesIterator done
Event: 2.301 Executing VM operation: RevokeBias
Event: 2.301 Executing VM operation: RevokeBias done
Event: 2.301 loading class java/lang/invoke/VarHandleLongs$Array
Event: 2.311 loading class java/lang/invoke/VarHandleLongs$Array done
Event: 2.311 Executing VM operation: RevokeBias
Event: 2.311 Executing VM operation: RevokeBias done


Dynamic libraries:
413000000-452000000 rw-p 00000000 00:00 0 
452000000-7bf800000 ---p 00000000 00:00 0 
7bf800000-7bf847000 rw-p 01111000 fd:00 10618147                         /usr/lib/jvm/java-11-openjdk-amd64/lib/server/classes.jsa
7bf847000-7bfc00000 rw-p 00000000 00:00 0 
7bfc00000-7bfc6b000 rw-p 010a6000 fd:00 10618147                         /usr/lib/jvm/java-11-openjdk-amd64/lib/server/classes.jsa
7bfc6b000-7c0000000 rw-p 00000000 00:00 0 
7c0000000-800000000 ---p 00000000 00:00 0 
800000000-800002000 rwxp 00001000 fd:00 10618147                         /usr/lib/jvm/java-11-openjdk-amd64/lib/server/classes.jsa
800002000-8003b9000 rw-p 00003000 fd:00 10618147                         /usr/lib/jvm/java-11-openjdk-amd64/lib/server/classes.jsa
8003b9000-800a96000 r--p 003ba000 fd:00 10618147                         /usr/lib/jvm/java-11-openjdk-amd64/lib/server/classes.jsa
800a96000-800a97000 rw-p 00a97000 fd:00 10618147                         /usr/lib/jvm/java-11-openjdk-amd64/lib/server/classes.jsa
800a97000-8010a5000 r--p 00a98000 fd:00 10618147                         /usr/lib/jvm/java-11-openjdk-amd64/lib/server/classes.jsa
840000000-8400a0000 rw-p 00000000 00:00 0 
8400a0000-880000000 ---p 00000000 00:00 0 
560d2c91e000-560d2c91f000 r--p 00000000 fd:00 10620091                   /usr/lib/jvm/java-11-openjdk-amd64/bin/java
560d2c91f000-560d2c920000 r-xp 00001000 fd:00 10620091                   /usr/lib/jvm/java-11-openjdk-amd64/bin/java
560d2c920000-560d2c921000 r--p 00002000 fd:00 10620091                   /usr/lib/jvm/java-11-openjdk-amd64/bin/java
560d2c921000-560d2c922000 r--p 00002000 fd:00 10620091                   /usr/lib/jvm/java-11-openjdk-amd64/bin/java
560d2c922000-560d2c923000 rw-p 00003000 fd:00 10620091                   /usr/lib/jvm/java-11-openjdk-amd64/bin/java
560d2d44d000-560d2d46e000 rw-p 00000000 00:00 0                          [heap]
7efccc000000-7efccc021000 rw-p 00000000 00:00 0 
7efccc021000-7efcd0000000 ---p 00000000 00:00 0 
7efcd0000000-7efcd0021000 rw-p 00000000 00:00 0 
7efcd0021000-7efcd4000000 ---p 00000000 00:00 0 
7efcd4000000-7efcd4021000 rw-p 00000000 00:00 0 
7efcd4021000-7efcd8000000 ---p 00000000 00:00 0 
7efcdc000000-7efcdc021000 rw-p 00000000 00:00 0 
7efcdc021000-7efce0000000 ---p 00000000 00:00 0 
7efce0000000-7efce0021000 rw-p 00000000 00:00 0 
7efce0021000-7efce4000000 ---p 00000000 00:00 0 
7efce4000000-7efce4021000 rw-p 00000000 00:00 0 
7efce4021000-7efce8000000 ---p 00000000 00:00 0 
7efce8000000-7efce8024000 rw-p 00000000 00:00 0 
7efce8024000-7efcec000000 ---p 00000000 00:00 0 
7efcec000000-7efcec021000 rw-p 00000000 00:00 0 
7efcec021000-7efcf0000000 ---p 00000000 00:00 0 
7efcf0000000-7efcf0021000 rw-p 00000000 00:00 0 
7efcf0021000-7efcf4000000 ---p 00000000 00:00 0 
7efcf4000000-7efcf4021000 rw-p 00000000 00:00 0 
7efcf4021000-7efcf8000000 ---p 00000000 00:00 0 
7efcf8000000-7efcf8021000 rw-p 00000000 00:00 0 
7efcf8021000-7efcfc000000 ---p 00000000 00:00 0 
7efcfc000000-7efcfc021000 rw-p 00000000 00:00 0 
7efcfc021000-7efd00000000 ---p 00000000 00:00 0 
7efd00000000-7efd00021000 rw-p 00000000 00:00 0 
7efd00021000-7efd04000000 ---p 00000000 00:00 0 
7efd04000000-7efd04021000 rw-p 00000000 00:00 0 
7efd04021000-7efd08000000 ---p 00000000 00:00 0 
7efd0c000000-7efd0c021000 rw-p 00000000 00:00 0 
7efd0c021000-7efd10000000 ---p 00000000 00:00 0 
7efd10ffa000-7efd10ffb000 ---p 00000000 00:00 0 
7efd10ffb000-7efd117fb000 rw-p 00000000 00:00 0 
7efd117fb000-7efd117fc000 ---p 00000000 00:00 0 
7efd117fc000-7efd11ffc000 rw-p 00000000 00:00 0 
7efd11ffc000-7efd11ffd000 ---p 00000000 00:00 0 
7efd11ffd000-7efd127fd000 rw-p 00000000 00:00 0 
7efd127fd000-7efd127fe000 ---p 00000000 00:00 0 
7efd127fe000-7efd12ffe000 rw-p 00000000 00:00 0 
7efd14000000-7efd14021000 rw-p 00000000 00:00 0 
7efd14021000-7efd18000000 ---p 00000000 00:00 0 
7efd18000000-7efd18021000 rw-p 00000000 00:00 0 
7efd18021000-7efd1c000000 ---p 00000000 00:00 0 
7efd1c000000-7efd1c021000 rw-p 00000000 00:00 0 
7efd1c021000-7efd20000000 ---p 00000000 00:00 0 
7efd20000000-7efd20021000 rw-p 00000000 00:00 0 
7efd20021000-7efd24000000 ---p 00000000 00:00 0 
7efd26ffe000-7efd26fff000 ---p 00000000 00:00 0 
7efd26fff000-7efd277ff000 rw-p 00000000 00:00 0 
7efd277ff000-7efd27800000 ---p 00000000 00:00 0 
7efd27800000-7efd28000000 rw-p 00000000 00:00 0 
7efd28000000-7efd28021000 rw-p 00000000 00:00 0 
7efd28021000-7efd2c000000 ---p 00000000 00:00 0 
7efd2c000000-7efd2c021000 rw-p 00000000 00:00 0 
7efd2c021000-7efd30000000 ---p 00000000 00:00 0 
7efd30000000-7efd30021000 rw-p 00000000 00:00 0 
7efd30021000-7efd34000000 ---p 00000000 00:00 0 
7efd34000000-7efd34021000 rw-p 00000000 00:00 0 
7efd34021000-7efd38000000 ---p 00000000 00:00 0 
7efd38000000-7efd38021000 rw-p 00000000 00:00 0 
7efd38021000-7efd3c000000 ---p 00000000 00:00 0 
7efd3c000000-7efd3c021000 rw-p 00000000 00:00 0 
7efd3c021000-7efd40000000 ---p 00000000 00:00 0 
7efd40000000-7efd40021000 rw-p 00000000 00:00 0 
7efd40021000-7efd44000000 ---p 00000000 00:00 0 
7efd44000000-7efd44021000 rw-p 00000000 00:00 0 
7efd44021000-7efd48000000 ---p 00000000 00:00 0 
7efd48000000-7efd48021000 rw-p 00000000 00:00 0 
7efd48021000-7efd4c000000 ---p 00000000 00:00 0 
7efd4c000000-7efd4c021000 rw-p 00000000 00:00 0 
7efd4c021000-7efd50000000 ---p 00000000 00:00 0 
7efd50000000-7efd50021000 rw-p 00000000 00:00 0 
7efd50021000-7efd54000000 ---p 00000000 00:00 0 
7efd547f9000-7efd547fa000 ---p 00000000 00:00 0 
7efd547fa000-7efd54ffa000 rw-p 00000000 00:00 0 
7efd54ffa000-7efd54ffb000 ---p 00000000 00:00 0 
7efd54ffb000-7efd557fb000 rw-p 00000000 00:00 0 
7efd557fb000-7efd557fc000 ---p 00000000 00:00 0 
7efd557fc000-7efd55ffc000 rw-p 00000000 00:00 0 
7efd55ffc000-7efd55ffd000 ---p 00000000 00:00 0 
7efd55ffd000-7efd567fd000 rw-p 00000000 00:00 0 
7efd567fd000-7efd567fe000 ---p 00000000 00:00 0 
7efd567fe000-7efd56ffe000 rw-p 00000000 00:00 0 
7efd56ffe000-7efd56fff000 ---p 00000000 00:00 0 
7efd56fff000-7efd577ff000 rw-p 00000000 00:00 0 
7efd577ff000-7efd57800000 ---p 00000000 00:00 0 
7efd57800000-7efd58000000 rw-p 00000000 00:00 0 
7efd58000000-7efd58021000 rw-p 00000000 00:00 0 
7efd58021000-7efd5c000000 ---p 00000000 00:00 0 
7efd5c46d000-7efd5c6ca000 rw-p 00000000 00:00 0 
7efd5c7f9000-7efd5c7fa000 ---p 00000000 00:00 0 
7efd5c7fa000-7efd5cffa000 rw-p 00000000 00:00 0 
7efd5cffa000-7efd5cffb000 ---p 00000000 00:00 0 
7efd5cffb000-7efd5d7fb000 rw-p 00000000 00:00 0 
7efd5d7fb000-7efd5d7fc000 ---p 00000000 00:00 0 
7efd5d7fc000-7efd5dffc000 rw-p 00000000 00:00 0 
7efd5dffc000-7efd5dffd000 ---p 00000000 00:00 0 
7efd5dffd000-7efd5e7fd000 rw-p 00000000 00:00 0 
7efd5e7fd000-7efd5e7fe000 ---p 00000000 00:00 0 
7efd5e7fe000-7efd5effe000 rw-p 00000000 00:00 0 
7efd5effe000-7efd5efff000 ---p 00000000 00:00 0 
7efd5efff000-7efd5f7ff000 rw-p 00000000 00:00 0 
7efd5f7ff000-7efd5f800000 ---p 00000000 00:00 0 
7efd5f800000-7efd60000000 rw-p 00000000 00:00 0 
7efd60000000-7efd60021000 rw-p 00000000 00:00 0 
7efd60021000-7efd64000000 ---p 00000000 00:00 0 
7efd64000000-7efd64021000 rw-p 00000000 00:00 0 
7efd64021000-7efd68000000 ---p 00000000 00:00 0 
7efd68000000-7efd68021000 rw-p 00000000 00:00 0 
7efd68021000-7efd6c000000 ---p 00000000 00:00 0 
7efd6c000000-7efd6c021000 rw-p 00000000 00:00 0 
7efd6c021000-7efd70000000 ---p 00000000 00:00 0 
7efd70000000-7efd70abb000 rw-p 00000000 00:00 0 
7efd70abb000-7efd74000000 ---p 00000000 00:00 0 
7efd74000000-7efd74021000 rw-p 00000000 00:00 0 
7efd74021000-7efd78000000 ---p 00000000 00:00 0 
7efd78000000-7efd7b352000 rw-p 00000000 00:00 0 
7efd7b352000-7efd7c000000 ---p 00000000 00:00 0 
7efd7c000000-7efd7c505000 rw-p 00000000 00:00 0 
7efd7c505000-7efd80000000 ---p 00000000 00:00 0 
7efd80000000-7efd80021000 rw-p 00000000 00:00 0 
7efd80021000-7efd84000000 ---p 00000000 00:00 0 
7efd842b5000-7efd842b6000 ---p 00000000 00:00 0 
7efd842b6000-7efd84ab6000 rw-p 00000000 00:00 0 
7efd84ab6000-7efd84ab7000 ---p 00000000 00:00 0 
7efd84ab7000-7efd852b7000 rw-p 00000000 00:00 0 
7efd852b7000-7efd852b8000 ---p 00000000 00:00 0 
7efd852b8000-7efd85ab8000 rw-p 00000000 00:00 0 
7efd85ab8000-7efd85ab9000 ---p 00000000 00:00 0 
7efd85ab9000-7efd862b9000 rw-p 00000000 00:00 0 
7efd862b9000-7efd862ba000 ---p 00000000 00:00 0 
7efd862ba000-7efd86aba000 rw-p 00000000 00:00 0 
7efd86aba000-7efd86abb000 ---p 00000000 00:00 0 
7efd86abb000-7efd87457000 rw-p 00000000 00:00 0 
7efd87457000-7efd8745b000 ---p 00000000 00:00 0 
7efd8745b000-7efd87558000 rw-p 00000000 00:00 0 
7efd87558000-7efd8755c000 ---p 00000000 00:00 0 
7efd8755c000-7efd87659000 rw-p 00000000 00:00 0 
7efd87659000-7efd8782c000 r--p 00000000 fd:00 3145771                    /tmp/librocksdbjni2540979149512085209.so
7efd8782c000-7efd87e83000 r-xp 001d3000 fd:00 3145771                    /tmp/librocksdbjni2540979149512085209.so
7efd87e83000-7efd87f90000 r--p 0082a000 fd:00 3145771                    /tmp/librocksdbjni2540979149512085209.so
7efd87f90000-7efd87fa8000 r--p 00936000 fd:00 3145771                    /tmp/librocksdbjni2540979149512085209.so
7efd87fa8000-7efd87fb4000 rw-p 0094e000 fd:00 3145771                    /tmp/librocksdbjni2540979149512085209.so
7efd87fb4000-7efd88000000 rw-p 00000000 00:00 0 
7efd88000000-7efd88021000 rw-p 00000000 00:00 0 
7efd88021000-7efd8c000000 ---p 00000000 00:00 0 
7efd8c000000-7efd8c021000 rw-p 00000000 00:00 0 
7efd8c021000-7efd90000000 ---p 00000000 00:00 0 
7efd90000000-7efd900ba000 rw-p 00000000 00:00 0 
7efd900ba000-7efd94000000 ---p 00000000 00:00 0 
7efd94000000-7efd94021000 rw-p 00000000 00:00 0 
7efd94021000-7efd98000000 ---p 00000000 00:00 0 
7efd98000000-7efd98082000 rw-p 00000000 00:00 0 
7efd98082000-7efd9c000000 ---p 00000000 00:00 0 
7efd9c000000-7efd9c060000 rw-p 00000000 00:00 0 
7efd9c060000-7efda0000000 ---p 00000000 00:00 0 
7efda0000000-7efda0021000 rw-p 00000000 00:00 0 
7efda0021000-7efda4000000 ---p 00000000 00:00 0 
7efda4000000-7efda4121000 rw-p 00000000 00:00 0 
7efda4121000-7efda8000000 ---p 00000000 00:00 0 
7efda8000000-7efda8094000 rw-p 00000000 00:00 0 
7efda8094000-7efdac000000 ---p 00000000 00:00 0 
7efdac000000-7efdac0a4000 rw-p 00000000 00:00 0 
7efdac0a4000-7efdb0000000 ---p 00000000 00:00 0 
7efdb0000000-7efdb0021000 rw-p 00000000 00:00 0 
7efdb0021000-7efdb4000000 ---p 00000000 00:00 0 
7efdb4000000-7efdb4021000 rw-p 00000000 00:00 0 
7efdb4021000-7efdb8000000 ---p 00000000 00:00 0 
7efdb8000000-7efdb8021000 rw-p 00000000 00:00 0 
7efdb8021000-7efdbc000000 ---p 00000000 00:00 0 
7efdbc000000-7efdbc021000 rw-p 00000000 00:00 0 
7efdbc021000-7efdc0000000 ---p 00000000 00:00 0 
7efdc0000000-7efdc0021000 rw-p 00000000 00:00 0 
7efdc0021000-7efdc4000000 ---p 00000000 00:00 0 
7efdc4000000-7efdc4021000 rw-p 00000000 00:00 0 
7efdc4021000-7efdc8000000 ---p 00000000 00:00 0 
7efdc8000000-7efdc8021000 rw-p 00000000 00:00 0 
7efdc8021000-7efdcc000000 ---p 00000000 00:00 0 
7efdcc000000-7efdcc021000 rw-p 00000000 00:00 0 
7efdcc021000-7efdd0000000 ---p 00000000 00:00 0 
7efdd008e000-7efdd008f000 ---p 00000000 00:00 0 
7efdd008f000-7efdd0096000 rw-p 00000000 00:00 0 
7efdd0096000-7efdd009a000 ---p 00000000 00:00 0 
7efdd009a000-7efdd00b8000 rw-p 00000000 00:00 0 
7efdd00b8000-7efdd00bc000 r--p 00000000 fd:00 7086119                    /usr/lib/x86_64-linux-gnu/libzstd.so.1.4.4
7efdd00bc000-7efdd014e000 r-xp 00004000 fd:00 7086119                    /usr/lib/x86_64-linux-gnu/libzstd.so.1.4.4
7efdd014e000-7efdd015f000 r--p 00096000 fd:00 7086119                    /usr/lib/x86_64-linux-gnu/libzstd.so.1.4.4
7efdd015f000-7efdd0160000 r--p 000a6000 fd:00 7086119                    /usr/lib/x86_64-linux-gnu/libzstd.so.1.4.4
7efdd0160000-7efdd0161000 rw-p 000a7000 fd:00 7086119                    /usr/lib/x86_64-linux-gnu/libzstd.so.1.4.4
7efdd0161000-7efdd0163000 r--p 00000000 fd:00 7084550                    /usr/lib/x86_64-linux-gnu/liblz4.so.1.9.2
7efdd0163000-7efdd017d000 r-xp 00002000 fd:00 7084550                    /usr/lib/x86_64-linux-gnu/liblz4.so.1.9.2
7efdd017d000-7efdd0180000 r--p 0001c000 fd:00 7084550                    /usr/lib/x86_64-linux-gnu/liblz4.so.1.9.2
7efdd0180000-7efdd0181000 r--p 0001e000 fd:00 7084550                    /usr/lib/x86_64-linux-gnu/liblz4.so.1.9.2
7efdd0181000-7efdd0182000 rw-p 0001f000 fd:00 7084550                    /usr/lib/x86_64-linux-gnu/liblz4.so.1.9.2
7efdd0182000-7efdd0186000 ---p 00000000 00:00 0 
7efdd0186000-7efdd0283000 rw-p 00000000 00:00 0 
7efdd0283000-7efdd0287000 ---p 00000000 00:00 0 
7efdd0287000-7efdd0384000 rw-p 00000000 00:00 0 
7efdd0384000-7efdd0385000 ---p 00000000 00:00 0 
7efdd0385000-7efdd0486000 rw-p 00000000 00:00 0 
7efdd0486000-7efdd048a000 ---p 00000000 00:00 0 
7efdd048a000-7efdd0587000 rw-p 00000000 00:00 0 
7efdd0587000-7efdd058b000 ---p 00000000 00:00 0 
7efdd058b000-7efdd0688000 rw-p 00000000 00:00 0 
7efdd0688000-7efdd068c000 ---p 00000000 00:00 0 
7efdd068c000-7efdd0789000 rw-p 00000000 00:00 0 
7efdd0789000-7efdd078d000 ---p 00000000 00:00 0 
7efdd078d000-7efdd088a000 rw-p 00000000 00:00 0 
7efdd088a000-7efdd088e000 ---p 00000000 00:00 0 
7efdd088e000-7efdd098b000 rw-p 00000000 00:00 0 
7efdd098b000-7efdd098f000 ---p 00000000 00:00 0 
7efdd098f000-7efdd0a8c000 rw-p 00000000 00:00 0 
7efdd0a8c000-7efdd0a90000 ---p 00000000 00:00 0 
7efdd0a90000-7efdd0b8d000 rw-p 00000000 00:00 0 
7efdd0b8d000-7efdd0b91000 ---p 00000000 00:00 0 
7efdd0b91000-7efdd0c8e000 rw-p 00000000 00:00 0 
7efdd0c8e000-7efdd0c92000 ---p 00000000 00:00 0 
7efdd0c92000-7efdd0d8f000 rw-p 00000000 00:00 0 
7efdd0d8f000-7efdd1075000 r--p 00000000 fd:00 7081580                    /usr/lib/locale/locale-archive
7efdd1075000-7efdd1079000 ---p 00000000 00:00 0 
7efdd1079000-7efdd1176000 rw-p 00000000 00:00 0 
7efdd1176000-7efdd117a000 ---p 00000000 00:00 0 
7efdd117a000-7efdd1277000 rw-p 00000000 00:00 0 
7efdd1277000-7efdd1278000 ---p 00000000 00:00 0 
7efdd1278000-7efdd197a000 rw-p 00000000 00:00 0 
7efdd197a000-7efdd1bfa000 ---p 00000000 00:00 0 
7efdd1bfa000-7efdd1bfb000 ---p 00000000 00:00 0 
7efdd1bfb000-7efdd1cfc000 rw-p 00000000 00:00 0 
7efdd1cfc000-7efdd1cfd000 ---p 00000000 00:00 0 
7efdd1cfd000-7efdd4000000 rw-p 00000000 00:00 0 
7efdd4000000-7efdd4021000 rw-p 00000000 00:00 0 
7efdd4021000-7efdd8000000 ---p 00000000 00:00 0 
7efdd8002000-7efdd8003000 ---p 00000000 00:00 0 
7efdd8003000-7efdd800a000 rw-p 00000000 00:00 0 
7efdd800a000-7efdd800d000 r--p 00000000 fd:00 7083394                    /usr/lib/x86_64-linux-gnu/libsnappy.so.1.1.8
7efdd800d000-7efdd8011000 r-xp 00003000 fd:00 7083394                    /usr/lib/x86_64-linux-gnu/libsnappy.so.1.1.8
7efdd8011000-7efdd8013000 r--p 00007000 fd:00 7083394                    /usr/lib/x86_64-linux-gnu/libsnappy.so.1.1.8
7efdd8013000-7efdd8014000 r--p 00008000 fd:00 7083394                    /usr/lib/x86_64-linux-gnu/libsnappy.so.1.1.8
7efdd8014000-7efdd8015000 rw-p 00009000 fd:00 7083394                    /usr/lib/x86_64-linux-gnu/libsnappy.so.1.1.8
7efdd8015000-7efdd95b6000 rw-p 00000000 00:00 0 
7efdd95b6000-7efdd95b7000 ---p 00000000 00:00 0 
7efdd95b7000-7efdd96b8000 rw-p 00000000 00:00 0 
7efdd96b8000-7efdd96b9000 ---p 00000000 00:00 0 
7efdd96b9000-7efdda9f7000 rw-p 00000000 00:00 0 
7efdda9f7000-7efde8557000 ---p 00000000 00:00 0 
7efde8557000-7efde8577000 rw-p 00000000 00:00 0 
7efde8577000-7efde9577000 ---p 00000000 00:00 0 
7efde9577000-7efdea537000 rw-p 00000000 00:00 0 
7efdea537000-7efdf8097000 ---p 00000000 00:00 0 
7efdf8097000-7efdf80b7000 rw-p 00000000 00:00 0 
7efdf80b7000-7efdf90b7000 ---p 00000000 00:00 0 
7efdf90b7000-7efdf92af000 rw-p 00000000 00:00 0 
7efdf92af000-7efdfae1b000 ---p 00000000 00:00 0 
7efdfae1b000-7efdfae1f000 rw-p 00000000 00:00 0 
7efdfae1f000-7efdfb01f000 ---p 00000000 00:00 0 
7efdfb01f000-7efdfb217000 rw-p 00000000 00:00 0 
7efdfb217000-7efdfcd83000 ---p 00000000 00:00 0 
7efdfcd83000-7efdfcd87000 rw-p 00000000 00:00 0 
7efdfcd87000-7efdfcf87000 ---p 00000000 00:00 0 
7efdfcf87000-7efdfd17f000 rw-p 00000000 00:00 0 
7efdfd17f000-7efdfeceb000 ---p 00000000 00:00 0 
7efdfeceb000-7efdfecef000 rw-p 00000000 00:00 0 
7efdfecef000-7efdfeeef000 ---p 00000000 00:00 0 
7efdfeeef000-7efe00000000 rw-p 00000000 00:00 0 
7efe00000000-7efe00021000 rw-p 00000000 00:00 0 
7efe00021000-7efe04000000 ---p 00000000 00:00 0 
7efe04004000-7efe04008000 r--p 00000000 fd:00 10620244                   /usr/lib/jvm/java-11-openjdk-amd64/lib/libnet.so
7efe04008000-7efe04017000 r-xp 00004000 fd:00 10620244                   /usr/lib/jvm/java-11-openjdk-amd64/lib/libnet.so
7efe04017000-7efe0401b000 r--p 00013000 fd:00 10620244                   /usr/lib/jvm/java-11-openjdk-amd64/lib/libnet.so
7efe0401b000-7efe0401c000 r--p 00016000 fd:00 10620244                   /usr/lib/jvm/java-11-openjdk-amd64/lib/libnet.so
7efe0401c000-7efe0401d000 rw-p 00017000 fd:00 10620244                   /usr/lib/jvm/java-11-openjdk-amd64/lib/libnet.so
7efe0401d000-7efe0468d000 rw-p 00000000 00:00 0 
7efe0468d000-7efe0468e000 ---p 00000000 00:00 0 
7efe0468e000-7efe04794000 rw-p 00000000 00:00 0 
7efe04794000-7efe04878000 ---p 00000000 00:00 0 
7efe04878000-7efe04bc8000 rwxp 00000000 00:00 0 
7efe04bc8000-7efe05046000 ---p 00000000 00:00 0 
7efe05046000-7efe052b6000 rwxp 00000000 00:00 0 
7efe052b6000-7efe0c45f000 ---p 00000000 00:00 0 
7efe0c45f000-7efe0c6cf000 rwxp 00000000 00:00 0 
7efe0c6cf000-7efe13878000 ---p 00000000 00:00 0 
7efe13878000-7efe1c000000 r--s 00000000 fd:00 10620259                   /usr/lib/jvm/java-11-openjdk-amd64/lib/modules
7efe1c000000-7efe1c457000 rw-p 00000000 00:00 0 
7efe1c457000-7efe20000000 ---p 00000000 00:00 0 
7efe20000000-7efe20007000 r--p 00000000 fd:00 10620245                   /usr/lib/jvm/java-11-openjdk-amd64/lib/libnio.so
7efe20007000-7efe2000f000 r-xp 00007000 fd:00 10620245                   /usr/lib/jvm/java-11-openjdk-amd64/lib/libnio.so
7efe2000f000-7efe20012000 r--p 0000f000 fd:00 10620245                   /usr/lib/jvm/java-11-openjdk-amd64/lib/libnio.so
7efe20012000-7efe20013000 r--p 00011000 fd:00 10620245                   /usr/lib/jvm/java-11-openjdk-amd64/lib/libnio.so
7efe20013000-7efe20014000 rw-p 00012000 fd:00 10620245                   /usr/lib/jvm/java-11-openjdk-amd64/lib/libnio.so
7efe20014000-7efe20097000 rw-p 00000000 00:00 0 
7efe20097000-7efe2017b000 ---p 00000000 00:00 0 
7efe2017b000-7efe20182000 rw-p 00000000 00:00 0 
7efe20182000-7efe2018b000 ---p 00000000 00:00 0 
7efe2018b000-7efe2018d000 r--p 00000000 fd:00 10620258                   /usr/lib/jvm/java-11-openjdk-amd64/lib/libzip.so
7efe2018d000-7efe20191000 r-xp 00002000 fd:00 10620258                   /usr/lib/jvm/java-11-openjdk-amd64/lib/libzip.so
7efe20191000-7efe20193000 r--p 00006000 fd:00 10620258                   /usr/lib/jvm/java-11-openjdk-amd64/lib/libzip.so
7efe20193000-7efe20194000 r--p 00007000 fd:00 10620258                   /usr/lib/jvm/java-11-openjdk-amd64/lib/libzip.so
7efe20194000-7efe20195000 rw-p 00008000 fd:00 10620258                   /usr/lib/jvm/java-11-openjdk-amd64/lib/libzip.so
7efe20195000-7efe20198000 r--p 00000000 fd:00 7087226                    /usr/lib/x86_64-linux-gnu/libnss_files-2.31.so
7efe20198000-7efe2019f000 r-xp 00003000 fd:00 7087226                    /usr/lib/x86_64-linux-gnu/libnss_files-2.31.so
7efe2019f000-7efe201a1000 r--p 0000a000 fd:00 7087226                    /usr/lib/x86_64-linux-gnu/libnss_files-2.31.so
7efe201a1000-7efe201a2000 r--p 0000b000 fd:00 7087226                    /usr/lib/x86_64-linux-gnu/libnss_files-2.31.so
7efe201a2000-7efe201a3000 rw-p 0000c000 fd:00 7087226                    /usr/lib/x86_64-linux-gnu/libnss_files-2.31.so
7efe201a3000-7efe201a9000 rw-p 00000000 00:00 0 
7efe201af000-7efe201b7000 rw-s 00000000 fd:00 3145756                    /tmp/hsperfdata_root/3542374
7efe201b7000-7efe201c5000 r--p 00000000 fd:00 10620229                   /usr/lib/jvm/java-11-openjdk-amd64/lib/libjava.so
7efe201c5000-7efe201db000 r-xp 0000e000 fd:00 10620229                   /usr/lib/jvm/java-11-openjdk-amd64/lib/libjava.so
7efe201db000-7efe201e2000 r--p 00024000 fd:00 10620229                   /usr/lib/jvm/java-11-openjdk-amd64/lib/libjava.so
7efe201e2000-7efe201e3000 r--p 0002a000 fd:00 10620229                   /usr/lib/jvm/java-11-openjdk-amd64/lib/libjava.so
7efe201e3000-7efe201e4000 rw-p 0002b000 fd:00 10620229                   /usr/lib/jvm/java-11-openjdk-amd64/lib/libjava.so
7efe201e4000-7efe201e5000 rw-p 00000000 00:00 0 
7efe201e5000-7efe201ea000 r--p 00000000 fd:00 10620257                   /usr/lib/jvm/java-11-openjdk-amd64/lib/libverify.so
7efe201ea000-7efe201f1000 r-xp 00005000 fd:00 10620257                   /usr/lib/jvm/java-11-openjdk-amd64/lib/libverify.so
7efe201f1000-7efe201f3000 r--p 0000c000 fd:00 10620257                   /usr/lib/jvm/java-11-openjdk-amd64/lib/libverify.so
7efe201f3000-7efe201f4000 ---p 0000e000 fd:00 10620257                   /usr/lib/jvm/java-11-openjdk-amd64/lib/libverify.so
7efe201f4000-7efe201f6000 r--p 0000e000 fd:00 10620257                   /usr/lib/jvm/java-11-openjdk-amd64/lib/libverify.so
7efe201f6000-7efe201f7000 rw-p 00010000 fd:00 10620257                   /usr/lib/jvm/java-11-openjdk-amd64/lib/libverify.so
7efe201f7000-7efe201fa000 r--p 00000000 fd:00 7087233                    /usr/lib/x86_64-linux-gnu/librt-2.31.so
7efe201fa000-7efe201fe000 r-xp 00003000 fd:00 7087233                    /usr/lib/x86_64-linux-gnu/librt-2.31.so
7efe201fe000-7efe201ff000 r--p 00007000 fd:00 7087233                    /usr/lib/x86_64-linux-gnu/librt-2.31.so
7efe201ff000-7efe20200000 ---p 00008000 fd:00 7087233                    /usr/lib/x86_64-linux-gnu/librt-2.31.so
7efe20200000-7efe20201000 r--p 00008000 fd:00 7087233                    /usr/lib/x86_64-linux-gnu/librt-2.31.so
7efe20201000-7efe20202000 rw-p 00009000 fd:00 7087233                    /usr/lib/x86_64-linux-gnu/librt-2.31.so
7efe20202000-7efe20206000 ---p 00000000 00:00 0 
7efe20206000-7efe20303000 rw-p 00000000 00:00 0 
7efe20303000-7efe20306000 r--p 00000000 fd:00 7080845                    /usr/lib/x86_64-linux-gnu/libgcc_s.so.1
7efe20306000-7efe20318000 r-xp 00003000 fd:00 7080845                    /usr/lib/x86_64-linux-gnu/libgcc_s.so.1
7efe20318000-7efe2031c000 r--p 00015000 fd:00 7080845                    /usr/lib/x86_64-linux-gnu/libgcc_s.so.1
7efe2031c000-7efe2031d000 r--p 00018000 fd:00 7080845                    /usr/lib/x86_64-linux-gnu/libgcc_s.so.1
7efe2031d000-7efe2031e000 rw-p 00019000 fd:00 7080845                    /usr/lib/x86_64-linux-gnu/libgcc_s.so.1
7efe2031e000-7efe2032d000 r--p 00000000 fd:00 7087220                    /usr/lib/x86_64-linux-gnu/libm-2.31.so
7efe2032d000-7efe203d4000 r-xp 0000f000 fd:00 7087220                    /usr/lib/x86_64-linux-gnu/libm-2.31.so
7efe203d4000-7efe2046b000 r--p 000b6000 fd:00 7087220                    /usr/lib/x86_64-linux-gnu/libm-2.31.so
7efe2046b000-7efe2046c000 r--p 0014c000 fd:00 7087220                    /usr/lib/x86_64-linux-gnu/libm-2.31.so
7efe2046c000-7efe2046d000 rw-p 0014d000 fd:00 7087220                    /usr/lib/x86_64-linux-gnu/libm-2.31.so
7efe2046d000-7efe20503000 r--p 00000000 fd:00 7080831                    /usr/lib/x86_64-linux-gnu/libstdc++.so.6.0.28
7efe20503000-7efe205f4000 r-xp 00096000 fd:00 7080831                    /usr/lib/x86_64-linux-gnu/libstdc++.so.6.0.28
7efe205f4000-7efe2063d000 r--p 00187000 fd:00 7080831                    /usr/lib/x86_64-linux-gnu/libstdc++.so.6.0.28
7efe2063d000-7efe2063e000 ---p 001d0000 fd:00 7080831                    /usr/lib/x86_64-linux-gnu/libstdc++.so.6.0.28
7efe2063e000-7efe20649000 r--p 001d0000 fd:00 7080831                    /usr/lib/x86_64-linux-gnu/libstdc++.so.6.0.28
7efe20649000-7efe2064c000 rw-p 001db000 fd:00 7080831                    /usr/lib/x86_64-linux-gnu/libstdc++.so.6.0.28
7efe2064c000-7efe2064f000 rw-p 00000000 00:00 0 
7efe2064f000-7efe208c9000 r--p 00000000 fd:00 10620262                   /usr/lib/jvm/java-11-openjdk-amd64/lib/server/libjvm.so
7efe208c9000-7efe2154e000 r-xp 0027a000 fd:00 10620262                   /usr/lib/jvm/java-11-openjdk-amd64/lib/server/libjvm.so
7efe2154e000-7efe217a5000 r--p 00eff000 fd:00 10620262                   /usr/lib/jvm/java-11-openjdk-amd64/lib/server/libjvm.so
7efe217a5000-7efe21866000 r--p 01155000 fd:00 10620262                   /usr/lib/jvm/java-11-openjdk-amd64/lib/server/libjvm.so
7efe21866000-7efe218a1000 rw-p 01216000 fd:00 10620262                   /usr/lib/jvm/java-11-openjdk-amd64/lib/server/libjvm.so
7efe218a1000-7efe218fa000 rw-p 00000000 00:00 0 
7efe218fa000-7efe21901000 r--p 00000000 fd:00 7087231                    /usr/lib/x86_64-linux-gnu/libpthread-2.31.so
7efe21901000-7efe21912000 r-xp 00007000 fd:00 7087231                    /usr/lib/x86_64-linux-gnu/libpthread-2.31.so
7efe21912000-7efe21917000 r--p 00018000 fd:00 7087231                    /usr/lib/x86_64-linux-gnu/libpthread-2.31.so
7efe21917000-7efe21918000 r--p 0001c000 fd:00 7087231                    /usr/lib/x86_64-linux-gnu/libpthread-2.31.so
7efe21918000-7efe21919000 rw-p 0001d000 fd:00 7087231                    /usr/lib/x86_64-linux-gnu/libpthread-2.31.so
7efe21919000-7efe2191d000 rw-p 00000000 00:00 0 
7efe2191d000-7efe2191e000 r--p 00000000 fd:00 7087219                    /usr/lib/x86_64-linux-gnu/libdl-2.31.so
7efe2191e000-7efe21920000 r-xp 00001000 fd:00 7087219                    /usr/lib/x86_64-linux-gnu/libdl-2.31.so
7efe21920000-7efe21921000 r--p 00003000 fd:00 7087219                    /usr/lib/x86_64-linux-gnu/libdl-2.31.so
7efe21921000-7efe21922000 r--p 00003000 fd:00 7087219                    /usr/lib/x86_64-linux-gnu/libdl-2.31.so
7efe21922000-7efe21923000 rw-p 00004000 fd:00 7087219                    /usr/lib/x86_64-linux-gnu/libdl-2.31.so
7efe21923000-7efe21925000 r--p 00000000 fd:00 7083404                    /usr/lib/x86_64-linux-gnu/libz.so.1.2.11
7efe21925000-7efe21936000 r-xp 00002000 fd:00 7083404                    /usr/lib/x86_64-linux-gnu/libz.so.1.2.11
7efe21936000-7efe2193c000 r--p 00013000 fd:00 7083404                    /usr/lib/x86_64-linux-gnu/libz.so.1.2.11
7efe2193c000-7efe2193d000 ---p 00019000 fd:00 7083404                    /usr/lib/x86_64-linux-gnu/libz.so.1.2.11
7efe2193d000-7efe2193e000 r--p 00019000 fd:00 7083404                    /usr/lib/x86_64-linux-gnu/libz.so.1.2.11
7efe2193e000-7efe2193f000 rw-p 0001a000 fd:00 7083404                    /usr/lib/x86_64-linux-gnu/libz.so.1.2.11
7efe2193f000-7efe21964000 r--p 00000000 fd:00 7087207                    /usr/lib/x86_64-linux-gnu/libc-2.31.so
7efe21964000-7efe21adc000 r-xp 00025000 fd:00 7087207                    /usr/lib/x86_64-linux-gnu/libc-2.31.so
7efe21adc000-7efe21b26000 r--p 0019d000 fd:00 7087207                    /usr/lib/x86_64-linux-gnu/libc-2.31.so
7efe21b26000-7efe21b27000 ---p 001e7000 fd:00 7087207                    /usr/lib/x86_64-linux-gnu/libc-2.31.so
7efe21b27000-7efe21b2a000 r--p 001e7000 fd:00 7087207                    /usr/lib/x86_64-linux-gnu/libc-2.31.so
7efe21b2a000-7efe21b2d000 rw-p 001ea000 fd:00 7087207                    /usr/lib/x86_64-linux-gnu/libc-2.31.so
7efe21b2d000-7efe21b31000 rw-p 00000000 00:00 0 
7efe21b32000-7efe21b34000 r--s 0000c000 fd:00 7349190                    /usr/share/java/java-atk-wrapper.jar
7efe21b34000-7efe21b35000 ---p 00000000 00:00 0 
7efe21b35000-7efe21b36000 r--p 00000000 00:00 0 
7efe21b36000-7efe21b38000 r--p 00000000 fd:00 10620236                   /usr/lib/jvm/java-11-openjdk-amd64/lib/libjimage.so
7efe21b38000-7efe21b3b000 r-xp 00002000 fd:00 10620236                   /usr/lib/jvm/java-11-openjdk-amd64/lib/libjimage.so
7efe21b3b000-7efe21b3c000 r--p 00005000 fd:00 10620236                   /usr/lib/jvm/java-11-openjdk-amd64/lib/libjimage.so
7efe21b3c000-7efe21b3d000 ---p 00006000 fd:00 10620236                   /usr/lib/jvm/java-11-openjdk-amd64/lib/libjimage.so
7efe21b3d000-7efe21b3e000 r--p 00006000 fd:00 10620236                   /usr/lib/jvm/java-11-openjdk-amd64/lib/libjimage.so
7efe21b3e000-7efe21b3f000 rw-p 00007000 fd:00 10620236                   /usr/lib/jvm/java-11-openjdk-amd64/lib/libjimage.so
7efe21b3f000-7efe21b42000 r--p 00000000 fd:00 10620214                   /usr/lib/jvm/java-11-openjdk-amd64/lib/jli/libjli.so
7efe21b42000-7efe21b4c000 r-xp 00003000 fd:00 10620214                   /usr/lib/jvm/java-11-openjdk-amd64/lib/jli/libjli.so
7efe21b4c000-7efe21b4f000 r--p 0000d000 fd:00 10620214                   /usr/lib/jvm/java-11-openjdk-amd64/lib/jli/libjli.so
7efe21b4f000-7efe21b50000 ---p 00010000 fd:00 10620214                   /usr/lib/jvm/java-11-openjdk-amd64/lib/jli/libjli.so
7efe21b50000-7efe21b51000 r--p 00010000 fd:00 10620214                   /usr/lib/jvm/java-11-openjdk-amd64/lib/jli/libjli.so
7efe21b51000-7efe21b52000 rw-p 00011000 fd:00 10620214                   /usr/lib/jvm/java-11-openjdk-amd64/lib/jli/libjli.so
7efe21b52000-7efe21b54000 rw-p 00000000 00:00 0 
7efe21b54000-7efe21b55000 r--p 00000000 fd:00 7087203                    /usr/lib/x86_64-linux-gnu/ld-2.31.so
7efe21b55000-7efe21b78000 r-xp 00001000 fd:00 7087203                    /usr/lib/x86_64-linux-gnu/ld-2.31.so
7efe21b78000-7efe21b80000 r--p 00024000 fd:00 7087203                    /usr/lib/x86_64-linux-gnu/ld-2.31.so
7efe21b81000-7efe21b82000 r--p 0002c000 fd:00 7087203                    /usr/lib/x86_64-linux-gnu/ld-2.31.so
7efe21b82000-7efe21b83000 rw-p 0002d000 fd:00 7087203                    /usr/lib/x86_64-linux-gnu/ld-2.31.so
7efe21b83000-7efe21b84000 rw-p 00000000 00:00 0 
7ffe0151d000-7ffe0153e000 rw-p 00000000 00:00 0                          [stack]
7ffe01572000-7ffe01575000 r--p 00000000 00:00 0                          [vvar]
7ffe01575000-7ffe01576000 r-xp 00000000 00:00 0                          [vdso]
ffffffffff600000-ffffffffff601000 --xp 00000000 00:00 0                  [vsyscall]


VM Arguments:
java_command: site.ycsb.Client -t -db site.ycsb.db.rocksdb.RocksDBClient -s -P workloads/workloada -p exportfile=/home/mldb01/hdd_folder/db_log/ycsb-status-a.output -threads 2 -p rocksdb.dir=/home/mldb01/work/db_log/YCSB -s -p status.interval=1 -p zeropadding=20
java_class_path (initial): /home/mldb01/hdd_folder/YCSB/conf:/home/mldb01/hdd_folder/YCSB/core/target/core-0.18.0-SNAPSHOT.jar:/home/mldb01/hdd_folder/YCSB/rocksdb/target/rocksdb-binding-0.18.0-SNAPSHOT.jar:/home/mldb01/hdd_folder/YCSB/rocksdb/target/dependency/HdrHistogram-2.1.4.jar:/home/mldb01/hdd_folder/YCSB/rocksdb/target/dependency/htrace-core4-4.1.0-incubating.jar:/home/mldb01/hdd_folder/YCSB/rocksdb/target/dependency/jcip-annotations-1.0.jar:/home/mldb01/hdd_folder/YCSB/rocksdb/target/dependency/rocksdbjni-6.19.0.jar:/home/mldb01/hdd_folder/YCSB/rocksdb/target/dependency/slf4j-api-1.7.25.jar:/home/mldb01/hdd_folder/YCSB/rocksdb/target/dependency/slf4j-simple-1.7.25.jar
Launcher Type: SUN_STANDARD

[Global flags]
     intx CICompilerCount                          = 15                                        {product} {ergonomic}
     uint ConcGCThreads                            = 6                                         {product} {ergonomic}
     uint G1ConcRefinementThreads                  = 23                                        {product} {ergonomic}
   size_t G1HeapRegionSize                         = 4194304                                   {product} {ergonomic}
    uintx GCDrainStackTargetSize                   = 64                                        {product} {ergonomic}
   size_t InitialHeapSize                          = 1056964608                                {product} {ergonomic}
   size_t MarkStackSize                            = 4194304                                   {product} {ergonomic}
   size_t MaxHeapSize                              = 16861102080                               {product} {ergonomic}
   size_t MaxNewSize                               = 10116661248                               {product} {ergonomic}
   size_t MinHeapDeltaBytes                        = 4194304                                   {product} {ergonomic}
    uintx NonNMethodCodeHeapSize                   = 8182140                                {pd product} {ergonomic}
    uintx NonProfiledCodeHeapSize                  = 121738050                              {pd product} {ergonomic}
    uintx ProfiledCodeHeapSize                     = 121738050                              {pd product} {ergonomic}
    uintx ReservedCodeCacheSize                    = 251658240                              {pd product} {ergonomic}
     bool SegmentedCodeCache                       = true                                      {product} {ergonomic}
     bool UseCompressedClassPointers               = true                                 {lp64_product} {ergonomic}
     bool UseCompressedOops                        = true                                 {lp64_product} {ergonomic}
     bool UseG1GC                                  = true                                      {product} {ergonomic}

Logging:
Log output configuration:
 #0: stdout all=warning uptime,level,tags
 #1: stderr all=off uptime,level,tags

Environment Variables:
PATH=/usr/local/sbin:/usr/local/bin:/usr/sbin:/usr/bin:/sbin:/bin:/usr/games:/usr/local/games:/snap/bin
SHELL=/bin/bash
LANG=en_US.UTF-8

Signal Handlers:
SIGSEGV: [libjvm.so+0xe8ba00], sa_mask[0]=11111111011111111101111111111110, sa_flags=SA_RESTART|SA_SIGINFO
SIGBUS: [libjvm.so+0xe8ba00], sa_mask[0]=11111111011111111101111111111110, sa_flags=SA_RESTART|SA_SIGINFO
SIGFPE: [libjvm.so+0xe8ba00], sa_mask[0]=11111111011111111101111111111110, sa_flags=SA_RESTART|SA_SIGINFO
SIGPIPE: [libjvm.so+0xbd10f0], sa_mask[0]=11111111011111111101111111111110, sa_flags=SA_RESTART|SA_SIGINFO
SIGXFSZ: [libjvm.so+0xbd10f0], sa_mask[0]=11111111011111111101111111111110, sa_flags=SA_RESTART|SA_SIGINFO
SIGILL: [libjvm.so+0xe8ba00], sa_mask[0]=11111111011111111101111111111110, sa_flags=SA_RESTART|SA_SIGINFO
SIGUSR2: [libjvm.so+0xbd0f90], sa_mask[0]=00000000000000000000000000000000, sa_flags=SA_RESTART|SA_SIGINFO
SIGHUP: [libjvm.so+0xbd1430], sa_mask[0]=11111111011111111101111111111110, sa_flags=SA_RESTART|SA_SIGINFO
SIGINT: [libjvm.so+0xbd1430], sa_mask[0]=11111111011111111101111111111110, sa_flags=SA_RESTART|SA_SIGINFO
SIGTERM: [libjvm.so+0xbd1430], sa_mask[0]=11111111011111111101111111111110, sa_flags=SA_RESTART|SA_SIGINFO
SIGQUIT: [libjvm.so+0xbd1430], sa_mask[0]=11111111011111111101111111111110, sa_flags=SA_RESTART|SA_SIGINFO


---------------  S Y S T E M  ---------------

OS:DISTRIB_ID=Ubuntu
DISTRIB_RELEASE=20.04
DISTRIB_CODENAME=focal
DISTRIB_DESCRIPTION="Ubuntu 20.04.1 LTS"
uname:Linux 5.4.0-73-generic #82-Ubuntu SMP Wed Apr 14 17:39:42 UTC 2021 x86_64
OS uptime: 73 days 14:17 hours
libc:glibc 2.31 NPTL 2.31 
rlimit (soft/hard): STACK 8192k/infinity , CORE 0k/infinity , NPROC 256930/256930 , NOFILE 1048576/1048576 , AS infinity/infinity , CPU infinity/infinity , DATA infinity/infinity , FSIZE infinity/infinity , MEMLOCK 65536k/65536k
load average:1.40 1.54 0.92

/proc/meminfo:
MemTotal:       65862924 kB
MemFree:        53167024 kB
MemAvailable:   52959912 kB
Buffers:            5516 kB
Cached:         11177204 kB
SwapCached:       243588 kB
Active:           134636 kB
Inactive:       11405812 kB
Active(anon):     121296 kB
Inactive(anon): 11331208 kB
Active(file):      13340 kB
Inactive(file):    74604 kB
Unevictable:       18584 kB
Mlocked:           18584 kB
SwapTotal:       8388604 kB
SwapFree:        4778824 kB
Dirty:             11188 kB
Writeback:             0 kB
AnonPages:        138552 kB
Mapped:            69212 kB
Shmem:          11086512 kB
KReclaimable:     214176 kB
Slab:             554612 kB
SReclaimable:     214176 kB
SUnreclaim:       340436 kB
KernelStack:        9632 kB
PageTables:         3320 kB
NFS_Unstable:          0 kB
Bounce:                0 kB
WritebackTmp:          0 kB
CommitLimit:    41320064 kB
Committed_AS:   16847012 kB
VmallocTotal:   34359738367 kB
VmallocUsed:      142288 kB
VmallocChunk:          0 kB
Percpu:            32512 kB
HardwareCorrupted:     0 kB
AnonHugePages:         0 kB
ShmemHugePages:        0 kB
ShmemPmdMapped:        0 kB
FileHugePages:         0 kB
FilePmdMapped:         0 kB
CmaTotal:              0 kB
CmaFree:               0 kB
HugePages_Total:       0
HugePages_Free:        0
HugePages_Rsvd:        0
HugePages_Surp:        0
Hugepagesize:       2048 kB
Hugetlb:               0 kB
DirectMap4k:      538320 kB
DirectMap2M:    25577472 kB
DirectMap1G:    42991616 kB

/sys/kernel/mm/transparent_hugepage/enabled:
always [madvise] never
/sys/kernel/mm/transparent_hugepage/defrag (defrag/compaction efforts parameter):
always defer defer+madvise [madvise] never

Process Memory:
Virtual Size: 22900304K (peak: 28474584K)
Resident Set Size: 138024K (peak: 201152K) (anon: 104516K, file: 33508K, shmem: 0K)
Swapped out: 0K
C-Heap outstanding allocations: 43963K

/proc/sys/kernel/threads-max (system-wide limit on the number of threads):
513860
/proc/sys/vm/max_map_count (maximum number of memory map areas a process may have):
65530
/proc/sys/kernel/pid_max (system-wide limit on number of process identifiers):
4194304

container (cgroup) information:
container_type: cgroupv1
cpu_cpuset_cpus: 0-31
cpu_memory_nodes: 0-1
active_processor_count: 32
cpu_quota: -1
cpu_period: 100000
cpu_shares: -1
memory_limit_in_bytes: -1
memory_and_swap_limit_in_bytes: -2
memory_soft_limit_in_bytes: -1
memory_usage_in_bytes: 11908169728
memory_max_usage_in_bytes: 66232139776

Steal ticks since vm start: 0
Steal ticks percentage since vm start:  0.000

CPU:total 32 (initial active 32) (8 cores per cpu, 2 threads per core) family 6 model 63 stepping 2 microcode 0x44, cmov, cx8, fxsr, mmx, sse, sse2, sse3, ssse3, sse4.1, sse4.2, popcnt, avx, avx2, aes, clmul, erms, lzcnt, ht, tsc, tscinvbit, bmi1, bmi2, fma
CPU Model and flags from /proc/cpuinfo:
model name	: Intel(R) Xeon(R) CPU E5-2640 v3 @ 2.60GHz
flags		: fpu vme de pse tsc msr pae mce cx8 apic sep mtrr pge mca cmov pat pse36 clflush dts acpi mmx fxsr sse sse2 ss ht tm pbe syscall nx pdpe1gb rdtscp lm constant_tsc arch_perfmon pebs bts rep_good nopl xtopology nonstop_tsc cpuid aperfmperf pni pclmulqdq dtes64 monitor ds_cpl vmx smx est tm2 ssse3 sdbg fma cx16 xtpr pdcm pcid dca sse4_1 sse4_2 x2apic movbe popcnt tsc_deadline_timer aes xsave avx f16c rdrand lahf_lm abm cpuid_fault epb invpcid_single pti ssbd ibrs ibpb stibp tpr_shadow vnmi flexpriority ept vpid ept_ad fsgsbase tsc_adjust bmi1 avx2 smep bmi2 erms invpcid cqm xsaveopt cqm_llc cqm_occup_llc dtherm ida arat pln pts md_clear flush_l1d
Online cpus:
0-31
Offline cpus:

BIOS frequency limitation:
<Not Available>
Frequency switch latency (ns):
<Not Available>
Available cpu frequencies:
<Not Available>
Current governor:
<Not Available>
Core performance/turbo boost:
<Not Available>

Memory: 4k page, physical 65862924k(53167024k free), swap 8388604k(4778824k free)

vm_info: OpenJDK 64-Bit Server VM (11.0.11+9-Ubuntu-0ubuntu2.20.04) for linux-amd64 JRE (11.0.11+9-Ubuntu-0ubuntu2.20.04), built on Apr 21 2021 09:15:32 by "unknown" with gcc 9.3.0

END.
