#
# A fatal error has been detected by the Java Runtime Environment:
#
#  SIGSEGV (0xb) at pc=0x00007ff5620d2ece, pid=3548239, tid=3548273
#
# JRE version: OpenJDK Runtime Environment (11.0.11+9) (build 11.0.11+9-Ubuntu-0ubuntu2.20.04)
# Java VM: OpenJDK 64-Bit Server VM (11.0.11+9-Ubuntu-0ubuntu2.20.04, mixed mode, sharing, tiered, compressed oops, g1 gc, linux-amd64)
# Problematic frame:
# C  [librocksdbjni5674842701598681518.so+0x5edece]  rocksdb::VerifyBlockChecksum(rocksdb::ChecksumType, char const*, unsigned long, std::__cxx11::basic_string<char, std::char_traits<char>, std::allocator<char> > const&, unsigned long)+0x7e
#
# Core dump will be written. Default location: Core dumps may be processed with "/usr/share/apport/apport %p %s %c %d %P %E" (or dumping to /home/mldb01/hdd_folder/YCSB/core.3548239)
#
# If you would like to submit a bug report, please visit:
#   https://bugs.launchpad.net/ubuntu/+source/openjdk-lts
# The crash happened outside the Java Virtual Machine in native code.
# See problematic frame for where to report the bug.
#

---------------  S U M M A R Y ------------

Command Line: site.ycsb.Client -t -db site.ycsb.db.rocksdb.RocksDBClient -s -P workloads/workloada -p exportfile=/home/mldb01/hdd_folder/db_log/ycsb-status-a.output -threads 2 -p rocksdb.dir=/home/mldb01/work/db_log/YCSB -s -p status.interval=1 -p zeropadding=20

Host: Intel(R) Xeon(R) CPU E5-2640 v3 @ 2.60GHz, 32 cores, 62G, Ubuntu 20.04.1 LTS
Time: Fri Jul 30 14:38:47 2021 KST elapsed time: 2.225042 seconds (0d 0h 0m 2s)

---------------  T H R E A D  ---------------

Current thread (0x00007ff5b444a000):  JavaThread "Thread-3" [_thread_in_native, id=3548273, stack(0x00007ff5618e3000,0x00007ff5619e4000)]

Stack: [0x00007ff5618e3000,0x00007ff5619e4000],  sp=0x00007ff5619def90,  free space=1007k
Native frames: (J=compiled Java code, A=aot compiled Java code, j=interpreted, Vv=VM code, C=native code)
C  [librocksdbjni5674842701598681518.so+0x5edece]  rocksdb::VerifyBlockChecksum(rocksdb::ChecksumType, char const*, unsigned long, std::__cxx11::basic_string<char, std::char_traits<char>, std::allocator<char> > const&, unsigned long)+0x7e
C  [librocksdbjni5674842701598681518.so+0x5f3277]  rocksdb::BlockFetcher::ReadBlockContents_post_aio(aiocb*, rocksdb::AlignedBuffer*)+0xb77
C  [librocksdbjni5674842701598681518.so+0x5cc966]  rocksdb::Status rocksdb::BlockBasedTable::MaybeReadBlockAndLoadToCache_post_aio<rocksdb::Block>(rocksdb::FilePrefetchBuffer*, rocksdb::ReadOptions const&, rocksdb::BlockHandle const&, rocksdb::UncompressionDict const&, rocksdb::CachableEntry<rocksdb::Block>*, rocksdb::BlockType, rocksdb::GetContext*, rocksdb::BlockContents*, aiocb*, rocksdb::AlignedBuffer*) const+0x536
C  [librocksdbjni5674842701598681518.so+0x5ccfcd]  rocksdb::DataBlockIter* rocksdb::BlockBasedTable::NewDataBlockIterator_post_aio<rocksdb::DataBlockIter>(rocksdb::ReadOptions const&, rocksdb::BlockHandle const&, rocksdb::DataBlockIter*, rocksdb::BlockType, rocksdb::GetContext*, rocksdb::BlockCacheLookupContext*, rocksdb::Status, rocksdb::FilePrefetchBuffer*, aiocb*, rocksdb::AlignedBuffer*) const+0x53d
C  [librocksdbjni5674842701598681518.so+0x5be099]  rocksdb::BlockBasedTable::Get_post_aio(rocksdb::ReadOptions const&, rocksdb::Slice const&, rocksdb::GetContext*, aiocb*, rocksdb::BlockHandle*, rocksdb::AlignedBuffer*)+0x2b9
C  [librocksdbjni5674842701598681518.so+0x448be0]  rocksdb::TableCache::Get_post_aio(rocksdb::ReadOptions const&, rocksdb::InternalKeyComparator const&, rocksdb::FileMetaData const&, rocksdb::Slice const&, rocksdb::GetContext*, aiocb*, rocksdb::BlockHandle*, rocksdb::AlignedBuffer*, rocksdb::SliceTransform const*, rocksdb::HistogramImpl*, bool, int, unsigned long)+0x100
C  [librocksdbjni5674842701598681518.so+0x48a809]  rocksdb::Version::Get_aio(rocksdb::ReadOptions const&, rocksdb::LookupKey const&, rocksdb::PinnableSlice*, std::__cxx11::basic_string<char, std::char_traits<char>, std::allocator<char> >*, rocksdb::Status*, rocksdb::MergeContext*, unsigned long*, bool*, bool*, unsigned long*, rocksdb::ReadCallback*, bool*, bool)+0xfb9
C  [librocksdbjni5674842701598681518.so+0x349bd8]  rocksdb::DBImpl::GetImpl(rocksdb::ReadOptions const&, rocksdb::Slice const&, rocksdb::DBImpl::GetImplOptions&)+0xae8
C  [librocksdbjni5674842701598681518.so+0x34a03e]  rocksdb::DBImpl::Get(rocksdb::ReadOptions const&, rocksdb::ColumnFamilyHandle*, rocksdb::Slice const&, rocksdb::PinnableSlice*, std::__cxx11::basic_string<char, std::char_traits<char>, std::allocator<char> >*)+0x5e
C  [librocksdbjni5674842701598681518.so+0x340cfb]  rocksdb::DBImpl::Get(rocksdb::ReadOptions const&, rocksdb::ColumnFamilyHandle*, rocksdb::Slice const&, rocksdb::PinnableSlice*)+0x2b
C  [librocksdbjni5674842701598681518.so+0x29fef8]  rocksdb::DB::Get(rocksdb::ReadOptions const&, rocksdb::ColumnFamilyHandle*, rocksdb::Slice const&, std::__cxx11::basic_string<char, std::char_traits<char>, std::allocator<char> >*)+0x178
C  [librocksdbjni5674842701598681518.so+0x297aba]  rocksdb_get_helper(JNIEnv_*, rocksdb::DB*, rocksdb::ReadOptions const&, rocksdb::ColumnFamilyHandle*, _jbyteArray*, int, int)+0xfa
C  [librocksdbjni5674842701598681518.so+0x297d99]  Java_org_rocksdb_RocksDB_get__J_3BIIJ+0x79
j  org.rocksdb.RocksDB.get(J[BIIJ)[B+0
j  org.rocksdb.RocksDB.get(Lorg/rocksdb/ColumnFamilyHandle;[B)[B+13
j  site.ycsb.db.rocksdb.RocksDBClient.update(Ljava/lang/String;Ljava/lang/String;Ljava/util/Map;)Lsite/ycsb/Status;+55
j  site.ycsb.DBWrapper.update(Ljava/lang/String;Ljava/lang/String;Ljava/util/Map;)Lsite/ycsb/Status;+34
j  site.ycsb.workloads.CoreWorkload.doTransactionUpdate(Lsite/ycsb/DB;)V+54
j  site.ycsb.workloads.CoreWorkload.doTransaction(Lsite/ycsb/DB;Ljava/lang/Object;)Z+170
j  site.ycsb.ClientThread.run()V+152
j  java.lang.Thread.run()V+11 java.base@11.0.11
v  ~StubRoutines::call_stub
V  [libjvm.so+0x859b69]
V  [libjvm.so+0x8581be]
V  [libjvm.so+0x903dd1]
V  [libjvm.so+0xe2105f]
V  [libjvm.so+0xe1d690]
V  [libjvm.so+0xbdac76]

Java frames: (J=compiled Java code, j=interpreted, Vv=VM code)
j  org.rocksdb.RocksDB.get(J[BIIJ)[B+0
j  org.rocksdb.RocksDB.get(Lorg/rocksdb/ColumnFamilyHandle;[B)[B+13
j  site.ycsb.db.rocksdb.RocksDBClient.update(Ljava/lang/String;Ljava/lang/String;Ljava/util/Map;)Lsite/ycsb/Status;+55
j  site.ycsb.DBWrapper.update(Ljava/lang/String;Ljava/lang/String;Ljava/util/Map;)Lsite/ycsb/Status;+34
j  site.ycsb.workloads.CoreWorkload.doTransactionUpdate(Lsite/ycsb/DB;)V+54
j  site.ycsb.workloads.CoreWorkload.doTransaction(Lsite/ycsb/DB;Ljava/lang/Object;)Z+170
j  site.ycsb.ClientThread.run()V+152
j  java.lang.Thread.run()V+11 java.base@11.0.11
v  ~StubRoutines::call_stub

siginfo: si_signo: 11 (SIGSEGV), si_code: 1 (SEGV_MAPERR), si_addr: 0x0000000000001425

Register to memory mapping:

RAX=0x0000000000000002 is an unknown value
RBX=0x0000000000000001 is an unknown value
RCX=0x000000000000124c is an unknown value
RDX=0x00007ff5b444b2c0 points into unknown readable memory: 0x0000000000000003 | 03 00 00 00 00 00 00 00
RSP=0x00007ff5619def90 is pointing into the stack for thread: 0x00007ff5b444a000
RBP=0x00007ff5619df200 is pointing into the stack for thread: 0x00007ff5b444a000
RSI=0x0000000000000001 is an unknown value
RDI=0x00007ff562431780: <offset 0x000000000094c780> in /tmp/librocksdbjni5674842701598681518.so at 0x00007ff561ae5000
R8 =0x00007ff51c149160 points into unknown readable memory: 0x00007ff51c04f9a0 | a0 f9 04 1c f5 7f 00 00
R9 =0x000000000349ffd8 is an unknown value
R10=0x00007ff5619deff0 is pointing into the stack for thread: 0x00007ff5b444a000
R11=0x0000000061039067 is an unknown value
R12=0x00007ff5619df2e0 is pointing into the stack for thread: 0x00007ff5b444a000
R13=0x000000000000124c is an unknown value
R14=0x00000000000001d8 is an unknown value
R15=0x0 is NULL


Registers:
RAX=0x0000000000000002, RBX=0x0000000000000001, RCX=0x000000000000124c, RDX=0x00007ff5b444b2c0
RSP=0x00007ff5619def90, RBP=0x00007ff5619df200, RSI=0x0000000000000001, RDI=0x00007ff562431780
R8 =0x00007ff51c149160, R9 =0x000000000349ffd8, R10=0x00007ff5619deff0, R11=0x0000000061039067
R12=0x00007ff5619df2e0, R13=0x000000000000124c, R14=0x00000000000001d8, R15=0x0000000000000000
RIP=0x00007ff5620d2ece, EFLAGS=0x0000000000010246, CSGSFS=0x002b000000000033, ERR=0x0000000000000004
  TRAPNO=0x000000000000000e

Top of Stack: (sp=0x00007ff5619def90)
0x00007ff5619def90:   00007ff5619deff0 00007ff56209b0ff
0x00007ff5619defa0:   00007ff510000fc8 00007ff510000f40
0x00007ff5619defb0:   0000000000000000 ceb1ecb65035e900
0x00007ff5619defc0:   00007ff5619deff0 02007ff5bbe5344a 

Instructions: (pc=0x00007ff5620d2ece)
0x00007ff5620d2dce:   c0 74 0e 48 8b 40 08 31 d2 48 f7 73 08 4c 89 24
0x00007ff5620d2dde:   d1 48 8d 43 10 49 89 06 eb ca e8 03 4b c0 ff f3
0x00007ff5620d2dee:   0f 1e fa 48 89 c7 c5 f8 77 e8 74 d2 bf ff 49 8d
0x00007ff5620d2dfe:   7c 24 10 e8 7a b4 bf ff 4c 89 e7 e8 22 30 c0 ff
0x00007ff5620d2e0e:   e8 ad 8c c0 ff f3 0f 1e fa 49 89 c4 c5 f8 77 e8
0x00007ff5620d2e1e:   1e ab c0 ff 4c 89 e7 e8 46 c3 c0 ff 66 0f 1f 44
0x00007ff5620d2e2e:   00 00 f3 0f 1e fa 48 8b 07 ba 01 00 00 00 48 8b
0x00007ff5620d2e3e:   40 30 ff e0 66 66 2e 0f 1f 84 00 00 00 00 00 0f
0x00007ff5620d2e4e:   1f 00 f3 0f 1e fa 55 48 89 e5 41 57 41 56 49 89
0x00007ff5620d2e5e:   d6 41 55 49 89 cd 41 54 49 89 fc 53 89 f3 48 81
0x00007ff5620d2e6e:   ec 48 02 00 00 4c 89 85 d0 fd ff ff 4c 89 8d d8
0x00007ff5620d2e7e:   fd ff ff 64 48 8b 04 25 28 00 00 00 48 89 45 c8
0x00007ff5620d2e8e:   31 c0 e8 1b 63 c0 ff 66 48 8d 3d e3 e8 35 00 66
0x00007ff5620d2e9e:   66 48 e8 7b b4 c0 ff 0f b6 00 88 85 cf fd ff ff
0x00007ff5620d2eae:   3c 02 0f 86 ea 00 00 00 e8 25 f5 bf ff 4c 8b 38
0x00007ff5620d2ebe:   49 8b 07 4c 89 ff ff 50 20 48 89 85 e0 fd ff ff
0x00007ff5620d2ece:   43 8b 44 2e 01 31 c9 49 8d 75 01 41 c6 44 24 02
0x00007ff5620d2ede:   00 66 41 89 0c 24 89 85 e8 fd ff ff 49 c7 44 24
0x00007ff5620d2eee:   08 00 00 00 00 80 fb 02 0f 84 4c 08 00 00 0f 8f
0x00007ff5620d2efe:   86 00 00 00 84 db 0f 84 2e 08 00 00 80 fb 01 0f
0x00007ff5620d2f0e:   85 4d 08 00 00 8b 85 e8 fd ff ff 48 89 f2 31 ff
0x00007ff5620d2f1e:   4c 89 f6 05 28 15 7d 5d c4 e3 7b f0 c0 11 89 85
0x00007ff5620d2f2e:   e8 fd ff ff e8 69 89 c0 ff 41 80 3c 24 00 89 c3
0x00007ff5620d2f3e:   0f 94 c0 39 9d e8 fd ff ff 74 04 84 c0 75 6b 48
0x00007ff5620d2f4e:   83 bd e0 fd ff ff 00 0f 85 95 07 00 00 48 8b 45
0x00007ff5620d2f5e:   c8 64 48 33 04 25 28 00 00 00 0f 85 0a 10 00 00
0x00007ff5620d2f6e:   48 81 c4 48 02 00 00 4c 89 e0 5b 41 5c 41 5d 41
0x00007ff5620d2f7e:   5e 41 5f 5d c3 0f 1f 44 00 00 80 fb 03 0f 85 cf
0x00007ff5620d2f8e:   07 00 00 31 d2 4c 89 f7 e8 25 e7 bf ff eb 9a 0f
0x00007ff5620d2f9e:   1f 00 48 c7 85 e0 fd ff ff 00 00 00 00 45 31 ff
0x00007ff5620d2fae:   e9 1b ff ff ff 0f 1f 44 00 00 4c 8b 35 11 ec 35
0x00007ff5620d2fbe:   00 48 8d 7d 80 4d 89 e8 ba 20 00 00 00 48 8d 05 


Stack slot to memory mapping:
stack at sp + 0 slots: 0x00007ff5619deff0 is pointing into the stack for thread: 0x00007ff5b444a000
stack at sp + 1 slots: 0x00007ff56209b0ff: _ZNK7rocksdb15BlockBasedTable21UpdateCacheHitMetricsENS_9BlockTypeEPNS_10GetContextEm+0x00000000000000ff in /tmp/librocksdbjni5674842701598681518.so at 0x00007ff561ae5000
stack at sp + 2 slots: 0x00007ff510000fc8 points into unknown readable memory: 0x0000000000000217 | 17 02 00 00 00 00 00 00
stack at sp + 3 slots: 0x00007ff510000f40 points into unknown readable memory: 0x0000000000000002 | 02 00 00 00 00 00 00 00
stack at sp + 4 slots: 0x0 is NULL
stack at sp + 5 slots: 0xceb1ecb65035e900 is an unknown value
stack at sp + 6 slots: 0x00007ff5619deff0 is pointing into the stack for thread: 0x00007ff5b444a000
stack at sp + 7 slots: 0x02007ff5bbe5344a is an unknown value


---------------  P R O C E S S  ---------------

Threads class SMR info:
_java_thread_list=0x00007ff528100e70, length=16, elements={
0x00007ff5b4016000, 0x00007ff5b427b000, 0x00007ff5b427d000, 0x00007ff5b4282800,
0x00007ff5b4284800, 0x00007ff5b4286800, 0x00007ff5b4288800, 0x00007ff5b428a800,
0x00007ff544013800, 0x00007ff544015000, 0x00007ff544017000, 0x00007ff5b42c8000,
0x00007ff5b43f0800, 0x00007ff5b4447000, 0x00007ff5b4448000, 0x00007ff5b444a000
}

Java Threads: ( => current thread )
  0x00007ff5b4016000 JavaThread "main" [_thread_blocked, id=3548240, stack(0x00007ff5ba606000,0x00007ff5ba707000)]
  0x00007ff5b427b000 JavaThread "Reference Handler" daemon [_thread_blocked, id=3548247, stack(0x00007ff56357c000,0x00007ff56367d000)]
  0x00007ff5b427d000 JavaThread "Finalizer" daemon [_thread_blocked, id=3548248, stack(0x00007ff56347b000,0x00007ff56357c000)]
  0x00007ff5b4282800 JavaThread "Signal Dispatcher" daemon [_thread_blocked, id=3548249, stack(0x00007ff563094000,0x00007ff563195000)]
  0x00007ff5b4284800 JavaThread "Service Thread" daemon [_thread_blocked, id=3548250, stack(0x00007ff562f93000,0x00007ff563094000)]
  0x00007ff5b4286800 JavaThread "C2 CompilerThread0" daemon [_thread_blocked, id=3548251, stack(0x00007ff562e92000,0x00007ff562f93000)]
  0x00007ff5b4288800 JavaThread "C1 CompilerThread0" daemon [_thread_blocked, id=3548252, stack(0x00007ff562d91000,0x00007ff562e92000)]
  0x00007ff5b428a800 JavaThread "Sweeper thread" daemon [_thread_blocked, id=3548253, stack(0x00007ff562c90000,0x00007ff562d91000)]
  0x00007ff544013800 JavaThread "C1 CompilerThread1" daemon [_thread_blocked, id=3548254, stack(0x00007ff562b8f000,0x00007ff562c90000)]
  0x00007ff544015000 JavaThread "C1 CompilerThread2" daemon [_thread_blocked, id=3548255, stack(0x00007ff562a8e000,0x00007ff562b8f000)]
  0x00007ff544017000 JavaThread "C1 CompilerThread3" daemon [_thread_blocked, id=3548256, stack(0x00007ff56298d000,0x00007ff562a8e000)]
  0x00007ff5b42c8000 JavaThread "Common-Cleaner" daemon [_thread_blocked, id=3548259, stack(0x00007ff562689000,0x00007ff56278a000)]
  0x00007ff5b43f0800 JavaThread "process reaper" daemon [_thread_blocked, id=3548264, stack(0x00007ff56248c000,0x00007ff5624ae000)]
  0x00007ff5b4447000 JavaThread "Thread-1" [_thread_blocked, id=3548271, stack(0x00007ff562557000,0x00007ff562658000)]
  0x00007ff5b4448000 JavaThread "Thread-2" [_thread_in_native, id=3548272, stack(0x00007ff5619e4000,0x00007ff561ae5000)]
=>0x00007ff5b444a000 JavaThread "Thread-3" [_thread_in_native, id=3548273, stack(0x00007ff5618e3000,0x00007ff5619e4000)]

Other Threads:
  0x00007ff5b4278000 VMThread "VM Thread" [stack: 0x00007ff56367f000,0x00007ff56377f000] [id=3548246]
  0x00007ff5b42c5800 WatcherThread [stack: 0x00007ff56278c000,0x00007ff56288c000] [id=3548258]
  0x00007ff5b402f800 GCTaskThread "GC Thread#0" [stack: 0x00007ff5ba2ad000,0x00007ff5ba3ad000] [id=3548241]
  0x00007ff5b406d800 ConcurrentGCThread "G1 Main Marker" [stack: 0x00007ff5b8799000,0x00007ff5b8899000] [id=3548242]
  0x00007ff5b406f800 ConcurrentGCThread "G1 Conc#0" [stack: 0x00007ff5b8697000,0x00007ff5b8797000] [id=3548243]
  0x00007ff5b4236800 ConcurrentGCThread "G1 Refine#0" [stack: 0x00007ff57013f000,0x00007ff57023f000] [id=3548244]
  0x00007ff5b4238800 ConcurrentGCThread "G1 Young RemSet Sampling" [stack: 0x00007ff57003d000,0x00007ff57013d000] [id=3548245]

Threads with active compile tasks:

VM state:not at safepoint (normal execution)

VM Mutex/Monitor currently owned by a thread: None

Heap address: 0x0000000413000000, size: 16080 MB, Compressed Oops mode: Zero based, Oop shift amount: 3
Narrow klass base: 0x0000000800000000, Narrow klass shift: 3
Compressed class space size: 1073741824 Address: 0x0000000840000000

Heap:
 garbage-first heap   total 1040384K, used 8904K [0x0000000413000000, 0x0000000800000000)
  region size 4096K, 3 young (12288K), 0 survivors (0K)
 Metaspace       used 3847K, capacity 5919K, committed 6016K, reserved 1056768K
  class space    used 370K, capacity 575K, committed 640K, reserved 1048576K
Heap Regions: E=young(eden), S=young(survivor), O=old, HS=humongous(starts), HC=humongous(continues), CS=collection set, F=free, A=archive, TAMS=top-at-mark-start (previous, next)
|   0|0x0000000413000000, 0x0000000413000000, 0x0000000413400000|  0%| F|  |TAMS 0x0000000413000000, 0x0000000413000000| Untracked 
|   1|0x0000000413400000, 0x0000000413400000, 0x0000000413800000|  0%| F|  |TAMS 0x0000000413400000, 0x0000000413400000| Untracked 
|   2|0x0000000413800000, 0x0000000413800000, 0x0000000413c00000|  0%| F|  |TAMS 0x0000000413800000, 0x0000000413800000| Untracked 
|   3|0x0000000413c00000, 0x0000000413c00000, 0x0000000414000000|  0%| F|  |TAMS 0x0000000413c00000, 0x0000000413c00000| Untracked 
|   4|0x0000000414000000, 0x0000000414000000, 0x0000000414400000|  0%| F|  |TAMS 0x0000000414000000, 0x0000000414000000| Untracked 
|   5|0x0000000414400000, 0x0000000414400000, 0x0000000414800000|  0%| F|  |TAMS 0x0000000414400000, 0x0000000414400000| Untracked 
|   6|0x0000000414800000, 0x0000000414800000, 0x0000000414c00000|  0%| F|  |TAMS 0x0000000414800000, 0x0000000414800000| Untracked 
|   7|0x0000000414c00000, 0x0000000414c00000, 0x0000000415000000|  0%| F|  |TAMS 0x0000000414c00000, 0x0000000414c00000| Untracked 
|   8|0x0000000415000000, 0x0000000415000000, 0x0000000415400000|  0%| F|  |TAMS 0x0000000415000000, 0x0000000415000000| Untracked 
|   9|0x0000000415400000, 0x0000000415400000, 0x0000000415800000|  0%| F|  |TAMS 0x0000000415400000, 0x0000000415400000| Untracked 
|  10|0x0000000415800000, 0x0000000415800000, 0x0000000415c00000|  0%| F|  |TAMS 0x0000000415800000, 0x0000000415800000| Untracked 
|  11|0x0000000415c00000, 0x0000000415c00000, 0x0000000416000000|  0%| F|  |TAMS 0x0000000415c00000, 0x0000000415c00000| Untracked 
|  12|0x0000000416000000, 0x0000000416000000, 0x0000000416400000|  0%| F|  |TAMS 0x0000000416000000, 0x0000000416000000| Untracked 
|  13|0x0000000416400000, 0x0000000416400000, 0x0000000416800000|  0%| F|  |TAMS 0x0000000416400000, 0x0000000416400000| Untracked 
|  14|0x0000000416800000, 0x0000000416800000, 0x0000000416c00000|  0%| F|  |TAMS 0x0000000416800000, 0x0000000416800000| Untracked 
|  15|0x0000000416c00000, 0x0000000416c00000, 0x0000000417000000|  0%| F|  |TAMS 0x0000000416c00000, 0x0000000416c00000| Untracked 
|  16|0x0000000417000000, 0x0000000417000000, 0x0000000417400000|  0%| F|  |TAMS 0x0000000417000000, 0x0000000417000000| Untracked 
|  17|0x0000000417400000, 0x0000000417400000, 0x0000000417800000|  0%| F|  |TAMS 0x0000000417400000, 0x0000000417400000| Untracked 
|  18|0x0000000417800000, 0x0000000417800000, 0x0000000417c00000|  0%| F|  |TAMS 0x0000000417800000, 0x0000000417800000| Untracked 
|  19|0x0000000417c00000, 0x0000000417c00000, 0x0000000418000000|  0%| F|  |TAMS 0x0000000417c00000, 0x0000000417c00000| Untracked 
|  20|0x0000000418000000, 0x0000000418000000, 0x0000000418400000|  0%| F|  |TAMS 0x0000000418000000, 0x0000000418000000| Untracked 
|  21|0x0000000418400000, 0x0000000418400000, 0x0000000418800000|  0%| F|  |TAMS 0x0000000418400000, 0x0000000418400000| Untracked 
|  22|0x0000000418800000, 0x0000000418800000, 0x0000000418c00000|  0%| F|  |TAMS 0x0000000418800000, 0x0000000418800000| Untracked 
|  23|0x0000000418c00000, 0x0000000418c00000, 0x0000000419000000|  0%| F|  |TAMS 0x0000000418c00000, 0x0000000418c00000| Untracked 
|  24|0x0000000419000000, 0x0000000419000000, 0x0000000419400000|  0%| F|  |TAMS 0x0000000419000000, 0x0000000419000000| Untracked 
|  25|0x0000000419400000, 0x0000000419400000, 0x0000000419800000|  0%| F|  |TAMS 0x0000000419400000, 0x0000000419400000| Untracked 
|  26|0x0000000419800000, 0x0000000419800000, 0x0000000419c00000|  0%| F|  |TAMS 0x0000000419800000, 0x0000000419800000| Untracked 
|  27|0x0000000419c00000, 0x0000000419c00000, 0x000000041a000000|  0%| F|  |TAMS 0x0000000419c00000, 0x0000000419c00000| Untracked 
|  28|0x000000041a000000, 0x000000041a000000, 0x000000041a400000|  0%| F|  |TAMS 0x000000041a000000, 0x000000041a000000| Untracked 
|  29|0x000000041a400000, 0x000000041a400000, 0x000000041a800000|  0%| F|  |TAMS 0x000000041a400000, 0x000000041a400000| Untracked 
|  30|0x000000041a800000, 0x000000041a800000, 0x000000041ac00000|  0%| F|  |TAMS 0x000000041a800000, 0x000000041a800000| Untracked 
|  31|0x000000041ac00000, 0x000000041ac00000, 0x000000041b000000|  0%| F|  |TAMS 0x000000041ac00000, 0x000000041ac00000| Untracked 
|  32|0x000000041b000000, 0x000000041b000000, 0x000000041b400000|  0%| F|  |TAMS 0x000000041b000000, 0x000000041b000000| Untracked 
|  33|0x000000041b400000, 0x000000041b400000, 0x000000041b800000|  0%| F|  |TAMS 0x000000041b400000, 0x000000041b400000| Untracked 
|  34|0x000000041b800000, 0x000000041b800000, 0x000000041bc00000|  0%| F|  |TAMS 0x000000041b800000, 0x000000041b800000| Untracked 
|  35|0x000000041bc00000, 0x000000041bc00000, 0x000000041c000000|  0%| F|  |TAMS 0x000000041bc00000, 0x000000041bc00000| Untracked 
|  36|0x000000041c000000, 0x000000041c000000, 0x000000041c400000|  0%| F|  |TAMS 0x000000041c000000, 0x000000041c000000| Untracked 
|  37|0x000000041c400000, 0x000000041c400000, 0x000000041c800000|  0%| F|  |TAMS 0x000000041c400000, 0x000000041c400000| Untracked 
|  38|0x000000041c800000, 0x000000041c800000, 0x000000041cc00000|  0%| F|  |TAMS 0x000000041c800000, 0x000000041c800000| Untracked 
|  39|0x000000041cc00000, 0x000000041cc00000, 0x000000041d000000|  0%| F|  |TAMS 0x000000041cc00000, 0x000000041cc00000| Untracked 
|  40|0x000000041d000000, 0x000000041d000000, 0x000000041d400000|  0%| F|  |TAMS 0x000000041d000000, 0x000000041d000000| Untracked 
|  41|0x000000041d400000, 0x000000041d400000, 0x000000041d800000|  0%| F|  |TAMS 0x000000041d400000, 0x000000041d400000| Untracked 
|  42|0x000000041d800000, 0x000000041d800000, 0x000000041dc00000|  0%| F|  |TAMS 0x000000041d800000, 0x000000041d800000| Untracked 
|  43|0x000000041dc00000, 0x000000041dc00000, 0x000000041e000000|  0%| F|  |TAMS 0x000000041dc00000, 0x000000041dc00000| Untracked 
|  44|0x000000041e000000, 0x000000041e000000, 0x000000041e400000|  0%| F|  |TAMS 0x000000041e000000, 0x000000041e000000| Untracked 
|  45|0x000000041e400000, 0x000000041e400000, 0x000000041e800000|  0%| F|  |TAMS 0x000000041e400000, 0x000000041e400000| Untracked 
|  46|0x000000041e800000, 0x000000041e800000, 0x000000041ec00000|  0%| F|  |TAMS 0x000000041e800000, 0x000000041e800000| Untracked 
|  47|0x000000041ec00000, 0x000000041ec00000, 0x000000041f000000|  0%| F|  |TAMS 0x000000041ec00000, 0x000000041ec00000| Untracked 
|  48|0x000000041f000000, 0x000000041f000000, 0x000000041f400000|  0%| F|  |TAMS 0x000000041f000000, 0x000000041f000000| Untracked 
|  49|0x000000041f400000, 0x000000041f400000, 0x000000041f800000|  0%| F|  |TAMS 0x000000041f400000, 0x000000041f400000| Untracked 
|  50|0x000000041f800000, 0x000000041f800000, 0x000000041fc00000|  0%| F|  |TAMS 0x000000041f800000, 0x000000041f800000| Untracked 
|  51|0x000000041fc00000, 0x000000041fc00000, 0x0000000420000000|  0%| F|  |TAMS 0x000000041fc00000, 0x000000041fc00000| Untracked 
|  52|0x0000000420000000, 0x0000000420000000, 0x0000000420400000|  0%| F|  |TAMS 0x0000000420000000, 0x0000000420000000| Untracked 
|  53|0x0000000420400000, 0x0000000420400000, 0x0000000420800000|  0%| F|  |TAMS 0x0000000420400000, 0x0000000420400000| Untracked 
|  54|0x0000000420800000, 0x0000000420800000, 0x0000000420c00000|  0%| F|  |TAMS 0x0000000420800000, 0x0000000420800000| Untracked 
|  55|0x0000000420c00000, 0x0000000420c00000, 0x0000000421000000|  0%| F|  |TAMS 0x0000000420c00000, 0x0000000420c00000| Untracked 
|  56|0x0000000421000000, 0x0000000421000000, 0x0000000421400000|  0%| F|  |TAMS 0x0000000421000000, 0x0000000421000000| Untracked 
|  57|0x0000000421400000, 0x0000000421400000, 0x0000000421800000|  0%| F|  |TAMS 0x0000000421400000, 0x0000000421400000| Untracked 
|  58|0x0000000421800000, 0x0000000421800000, 0x0000000421c00000|  0%| F|  |TAMS 0x0000000421800000, 0x0000000421800000| Untracked 
|  59|0x0000000421c00000, 0x0000000421c00000, 0x0000000422000000|  0%| F|  |TAMS 0x0000000421c00000, 0x0000000421c00000| Untracked 
|  60|0x0000000422000000, 0x0000000422000000, 0x0000000422400000|  0%| F|  |TAMS 0x0000000422000000, 0x0000000422000000| Untracked 
|  61|0x0000000422400000, 0x0000000422400000, 0x0000000422800000|  0%| F|  |TAMS 0x0000000422400000, 0x0000000422400000| Untracked 
|  62|0x0000000422800000, 0x0000000422800000, 0x0000000422c00000|  0%| F|  |TAMS 0x0000000422800000, 0x0000000422800000| Untracked 
|  63|0x0000000422c00000, 0x0000000422c00000, 0x0000000423000000|  0%| F|  |TAMS 0x0000000422c00000, 0x0000000422c00000| Untracked 
|  64|0x0000000423000000, 0x0000000423000000, 0x0000000423400000|  0%| F|  |TAMS 0x0000000423000000, 0x0000000423000000| Untracked 
|  65|0x0000000423400000, 0x0000000423400000, 0x0000000423800000|  0%| F|  |TAMS 0x0000000423400000, 0x0000000423400000| Untracked 
|  66|0x0000000423800000, 0x0000000423800000, 0x0000000423c00000|  0%| F|  |TAMS 0x0000000423800000, 0x0000000423800000| Untracked 
|  67|0x0000000423c00000, 0x0000000423c00000, 0x0000000424000000|  0%| F|  |TAMS 0x0000000423c00000, 0x0000000423c00000| Untracked 
|  68|0x0000000424000000, 0x0000000424000000, 0x0000000424400000|  0%| F|  |TAMS 0x0000000424000000, 0x0000000424000000| Untracked 
|  69|0x0000000424400000, 0x0000000424400000, 0x0000000424800000|  0%| F|  |TAMS 0x0000000424400000, 0x0000000424400000| Untracked 
|  70|0x0000000424800000, 0x0000000424800000, 0x0000000424c00000|  0%| F|  |TAMS 0x0000000424800000, 0x0000000424800000| Untracked 
|  71|0x0000000424c00000, 0x0000000424c00000, 0x0000000425000000|  0%| F|  |TAMS 0x0000000424c00000, 0x0000000424c00000| Untracked 
|  72|0x0000000425000000, 0x0000000425000000, 0x0000000425400000|  0%| F|  |TAMS 0x0000000425000000, 0x0000000425000000| Untracked 
|  73|0x0000000425400000, 0x0000000425400000, 0x0000000425800000|  0%| F|  |TAMS 0x0000000425400000, 0x0000000425400000| Untracked 
|  74|0x0000000425800000, 0x0000000425800000, 0x0000000425c00000|  0%| F|  |TAMS 0x0000000425800000, 0x0000000425800000| Untracked 
|  75|0x0000000425c00000, 0x0000000425c00000, 0x0000000426000000|  0%| F|  |TAMS 0x0000000425c00000, 0x0000000425c00000| Untracked 
|  76|0x0000000426000000, 0x0000000426000000, 0x0000000426400000|  0%| F|  |TAMS 0x0000000426000000, 0x0000000426000000| Untracked 
|  77|0x0000000426400000, 0x0000000426400000, 0x0000000426800000|  0%| F|  |TAMS 0x0000000426400000, 0x0000000426400000| Untracked 
|  78|0x0000000426800000, 0x0000000426800000, 0x0000000426c00000|  0%| F|  |TAMS 0x0000000426800000, 0x0000000426800000| Untracked 
|  79|0x0000000426c00000, 0x0000000426c00000, 0x0000000427000000|  0%| F|  |TAMS 0x0000000426c00000, 0x0000000426c00000| Untracked 
|  80|0x0000000427000000, 0x0000000427000000, 0x0000000427400000|  0%| F|  |TAMS 0x0000000427000000, 0x0000000427000000| Untracked 
|  81|0x0000000427400000, 0x0000000427400000, 0x0000000427800000|  0%| F|  |TAMS 0x0000000427400000, 0x0000000427400000| Untracked 
|  82|0x0000000427800000, 0x0000000427800000, 0x0000000427c00000|  0%| F|  |TAMS 0x0000000427800000, 0x0000000427800000| Untracked 
|  83|0x0000000427c00000, 0x0000000427c00000, 0x0000000428000000|  0%| F|  |TAMS 0x0000000427c00000, 0x0000000427c00000| Untracked 
|  84|0x0000000428000000, 0x0000000428000000, 0x0000000428400000|  0%| F|  |TAMS 0x0000000428000000, 0x0000000428000000| Untracked 
|  85|0x0000000428400000, 0x0000000428400000, 0x0000000428800000|  0%| F|  |TAMS 0x0000000428400000, 0x0000000428400000| Untracked 
|  86|0x0000000428800000, 0x0000000428800000, 0x0000000428c00000|  0%| F|  |TAMS 0x0000000428800000, 0x0000000428800000| Untracked 
|  87|0x0000000428c00000, 0x0000000428c00000, 0x0000000429000000|  0%| F|  |TAMS 0x0000000428c00000, 0x0000000428c00000| Untracked 
|  88|0x0000000429000000, 0x0000000429000000, 0x0000000429400000|  0%| F|  |TAMS 0x0000000429000000, 0x0000000429000000| Untracked 
|  89|0x0000000429400000, 0x0000000429400000, 0x0000000429800000|  0%| F|  |TAMS 0x0000000429400000, 0x0000000429400000| Untracked 
|  90|0x0000000429800000, 0x0000000429800000, 0x0000000429c00000|  0%| F|  |TAMS 0x0000000429800000, 0x0000000429800000| Untracked 
|  91|0x0000000429c00000, 0x0000000429c00000, 0x000000042a000000|  0%| F|  |TAMS 0x0000000429c00000, 0x0000000429c00000| Untracked 
|  92|0x000000042a000000, 0x000000042a000000, 0x000000042a400000|  0%| F|  |TAMS 0x000000042a000000, 0x000000042a000000| Untracked 
|  93|0x000000042a400000, 0x000000042a400000, 0x000000042a800000|  0%| F|  |TAMS 0x000000042a400000, 0x000000042a400000| Untracked 
|  94|0x000000042a800000, 0x000000042a800000, 0x000000042ac00000|  0%| F|  |TAMS 0x000000042a800000, 0x000000042a800000| Untracked 
|  95|0x000000042ac00000, 0x000000042ac00000, 0x000000042b000000|  0%| F|  |TAMS 0x000000042ac00000, 0x000000042ac00000| Untracked 
|  96|0x000000042b000000, 0x000000042b000000, 0x000000042b400000|  0%| F|  |TAMS 0x000000042b000000, 0x000000042b000000| Untracked 
|  97|0x000000042b400000, 0x000000042b400000, 0x000000042b800000|  0%| F|  |TAMS 0x000000042b400000, 0x000000042b400000| Untracked 
|  98|0x000000042b800000, 0x000000042b800000, 0x000000042bc00000|  0%| F|  |TAMS 0x000000042b800000, 0x000000042b800000| Untracked 
|  99|0x000000042bc00000, 0x000000042bc00000, 0x000000042c000000|  0%| F|  |TAMS 0x000000042bc00000, 0x000000042bc00000| Untracked 
| 100|0x000000042c000000, 0x000000042c000000, 0x000000042c400000|  0%| F|  |TAMS 0x000000042c000000, 0x000000042c000000| Untracked 
| 101|0x000000042c400000, 0x000000042c400000, 0x000000042c800000|  0%| F|  |TAMS 0x000000042c400000, 0x000000042c400000| Untracked 
| 102|0x000000042c800000, 0x000000042c800000, 0x000000042cc00000|  0%| F|  |TAMS 0x000000042c800000, 0x000000042c800000| Untracked 
| 103|0x000000042cc00000, 0x000000042cc00000, 0x000000042d000000|  0%| F|  |TAMS 0x000000042cc00000, 0x000000042cc00000| Untracked 
| 104|0x000000042d000000, 0x000000042d000000, 0x000000042d400000|  0%| F|  |TAMS 0x000000042d000000, 0x000000042d000000| Untracked 
| 105|0x000000042d400000, 0x000000042d400000, 0x000000042d800000|  0%| F|  |TAMS 0x000000042d400000, 0x000000042d400000| Untracked 
| 106|0x000000042d800000, 0x000000042d800000, 0x000000042dc00000|  0%| F|  |TAMS 0x000000042d800000, 0x000000042d800000| Untracked 
| 107|0x000000042dc00000, 0x000000042dc00000, 0x000000042e000000|  0%| F|  |TAMS 0x000000042dc00000, 0x000000042dc00000| Untracked 
| 108|0x000000042e000000, 0x000000042e000000, 0x000000042e400000|  0%| F|  |TAMS 0x000000042e000000, 0x000000042e000000| Untracked 
| 109|0x000000042e400000, 0x000000042e400000, 0x000000042e800000|  0%| F|  |TAMS 0x000000042e400000, 0x000000042e400000| Untracked 
| 110|0x000000042e800000, 0x000000042e800000, 0x000000042ec00000|  0%| F|  |TAMS 0x000000042e800000, 0x000000042e800000| Untracked 
| 111|0x000000042ec00000, 0x000000042ec00000, 0x000000042f000000|  0%| F|  |TAMS 0x000000042ec00000, 0x000000042ec00000| Untracked 
| 112|0x000000042f000000, 0x000000042f000000, 0x000000042f400000|  0%| F|  |TAMS 0x000000042f000000, 0x000000042f000000| Untracked 
| 113|0x000000042f400000, 0x000000042f400000, 0x000000042f800000|  0%| F|  |TAMS 0x000000042f400000, 0x000000042f400000| Untracked 
| 114|0x000000042f800000, 0x000000042f800000, 0x000000042fc00000|  0%| F|  |TAMS 0x000000042f800000, 0x000000042f800000| Untracked 
| 115|0x000000042fc00000, 0x000000042fc00000, 0x0000000430000000|  0%| F|  |TAMS 0x000000042fc00000, 0x000000042fc00000| Untracked 
| 116|0x0000000430000000, 0x0000000430000000, 0x0000000430400000|  0%| F|  |TAMS 0x0000000430000000, 0x0000000430000000| Untracked 
| 117|0x0000000430400000, 0x0000000430400000, 0x0000000430800000|  0%| F|  |TAMS 0x0000000430400000, 0x0000000430400000| Untracked 
| 118|0x0000000430800000, 0x0000000430800000, 0x0000000430c00000|  0%| F|  |TAMS 0x0000000430800000, 0x0000000430800000| Untracked 
| 119|0x0000000430c00000, 0x0000000430c00000, 0x0000000431000000|  0%| F|  |TAMS 0x0000000430c00000, 0x0000000430c00000| Untracked 
| 120|0x0000000431000000, 0x0000000431000000, 0x0000000431400000|  0%| F|  |TAMS 0x0000000431000000, 0x0000000431000000| Untracked 
| 121|0x0000000431400000, 0x0000000431400000, 0x0000000431800000|  0%| F|  |TAMS 0x0000000431400000, 0x0000000431400000| Untracked 
| 122|0x0000000431800000, 0x0000000431800000, 0x0000000431c00000|  0%| F|  |TAMS 0x0000000431800000, 0x0000000431800000| Untracked 
| 123|0x0000000431c00000, 0x0000000431c00000, 0x0000000432000000|  0%| F|  |TAMS 0x0000000431c00000, 0x0000000431c00000| Untracked 
| 124|0x0000000432000000, 0x0000000432000000, 0x0000000432400000|  0%| F|  |TAMS 0x0000000432000000, 0x0000000432000000| Untracked 
| 125|0x0000000432400000, 0x0000000432400000, 0x0000000432800000|  0%| F|  |TAMS 0x0000000432400000, 0x0000000432400000| Untracked 
| 126|0x0000000432800000, 0x0000000432800000, 0x0000000432c00000|  0%| F|  |TAMS 0x0000000432800000, 0x0000000432800000| Untracked 
| 127|0x0000000432c00000, 0x0000000432c00000, 0x0000000433000000|  0%| F|  |TAMS 0x0000000432c00000, 0x0000000432c00000| Untracked 
| 128|0x0000000433000000, 0x0000000433000000, 0x0000000433400000|  0%| F|  |TAMS 0x0000000433000000, 0x0000000433000000| Untracked 
| 129|0x0000000433400000, 0x0000000433400000, 0x0000000433800000|  0%| F|  |TAMS 0x0000000433400000, 0x0000000433400000| Untracked 
| 130|0x0000000433800000, 0x0000000433800000, 0x0000000433c00000|  0%| F|  |TAMS 0x0000000433800000, 0x0000000433800000| Untracked 
| 131|0x0000000433c00000, 0x0000000433c00000, 0x0000000434000000|  0%| F|  |TAMS 0x0000000433c00000, 0x0000000433c00000| Untracked 
| 132|0x0000000434000000, 0x0000000434000000, 0x0000000434400000|  0%| F|  |TAMS 0x0000000434000000, 0x0000000434000000| Untracked 
| 133|0x0000000434400000, 0x0000000434400000, 0x0000000434800000|  0%| F|  |TAMS 0x0000000434400000, 0x0000000434400000| Untracked 
| 134|0x0000000434800000, 0x0000000434800000, 0x0000000434c00000|  0%| F|  |TAMS 0x0000000434800000, 0x0000000434800000| Untracked 
| 135|0x0000000434c00000, 0x0000000434c00000, 0x0000000435000000|  0%| F|  |TAMS 0x0000000434c00000, 0x0000000434c00000| Untracked 
| 136|0x0000000435000000, 0x0000000435000000, 0x0000000435400000|  0%| F|  |TAMS 0x0000000435000000, 0x0000000435000000| Untracked 
| 137|0x0000000435400000, 0x0000000435400000, 0x0000000435800000|  0%| F|  |TAMS 0x0000000435400000, 0x0000000435400000| Untracked 
| 138|0x0000000435800000, 0x0000000435800000, 0x0000000435c00000|  0%| F|  |TAMS 0x0000000435800000, 0x0000000435800000| Untracked 
| 139|0x0000000435c00000, 0x0000000435c00000, 0x0000000436000000|  0%| F|  |TAMS 0x0000000435c00000, 0x0000000435c00000| Untracked 
| 140|0x0000000436000000, 0x0000000436000000, 0x0000000436400000|  0%| F|  |TAMS 0x0000000436000000, 0x0000000436000000| Untracked 
| 141|0x0000000436400000, 0x0000000436400000, 0x0000000436800000|  0%| F|  |TAMS 0x0000000436400000, 0x0000000436400000| Untracked 
| 142|0x0000000436800000, 0x0000000436800000, 0x0000000436c00000|  0%| F|  |TAMS 0x0000000436800000, 0x0000000436800000| Untracked 
| 143|0x0000000436c00000, 0x0000000436c00000, 0x0000000437000000|  0%| F|  |TAMS 0x0000000436c00000, 0x0000000436c00000| Untracked 
| 144|0x0000000437000000, 0x0000000437000000, 0x0000000437400000|  0%| F|  |TAMS 0x0000000437000000, 0x0000000437000000| Untracked 
| 145|0x0000000437400000, 0x0000000437400000, 0x0000000437800000|  0%| F|  |TAMS 0x0000000437400000, 0x0000000437400000| Untracked 
| 146|0x0000000437800000, 0x0000000437800000, 0x0000000437c00000|  0%| F|  |TAMS 0x0000000437800000, 0x0000000437800000| Untracked 
| 147|0x0000000437c00000, 0x0000000437c00000, 0x0000000438000000|  0%| F|  |TAMS 0x0000000437c00000, 0x0000000437c00000| Untracked 
| 148|0x0000000438000000, 0x0000000438000000, 0x0000000438400000|  0%| F|  |TAMS 0x0000000438000000, 0x0000000438000000| Untracked 
| 149|0x0000000438400000, 0x0000000438400000, 0x0000000438800000|  0%| F|  |TAMS 0x0000000438400000, 0x0000000438400000| Untracked 
| 150|0x0000000438800000, 0x0000000438800000, 0x0000000438c00000|  0%| F|  |TAMS 0x0000000438800000, 0x0000000438800000| Untracked 
| 151|0x0000000438c00000, 0x0000000438c00000, 0x0000000439000000|  0%| F|  |TAMS 0x0000000438c00000, 0x0000000438c00000| Untracked 
| 152|0x0000000439000000, 0x0000000439000000, 0x0000000439400000|  0%| F|  |TAMS 0x0000000439000000, 0x0000000439000000| Untracked 
| 153|0x0000000439400000, 0x0000000439400000, 0x0000000439800000|  0%| F|  |TAMS 0x0000000439400000, 0x0000000439400000| Untracked 
| 154|0x0000000439800000, 0x0000000439800000, 0x0000000439c00000|  0%| F|  |TAMS 0x0000000439800000, 0x0000000439800000| Untracked 
| 155|0x0000000439c00000, 0x0000000439c00000, 0x000000043a000000|  0%| F|  |TAMS 0x0000000439c00000, 0x0000000439c00000| Untracked 
| 156|0x000000043a000000, 0x000000043a000000, 0x000000043a400000|  0%| F|  |TAMS 0x000000043a000000, 0x000000043a000000| Untracked 
| 157|0x000000043a400000, 0x000000043a400000, 0x000000043a800000|  0%| F|  |TAMS 0x000000043a400000, 0x000000043a400000| Untracked 
| 158|0x000000043a800000, 0x000000043a800000, 0x000000043ac00000|  0%| F|  |TAMS 0x000000043a800000, 0x000000043a800000| Untracked 
| 159|0x000000043ac00000, 0x000000043ac00000, 0x000000043b000000|  0%| F|  |TAMS 0x000000043ac00000, 0x000000043ac00000| Untracked 
| 160|0x000000043b000000, 0x000000043b000000, 0x000000043b400000|  0%| F|  |TAMS 0x000000043b000000, 0x000000043b000000| Untracked 
| 161|0x000000043b400000, 0x000000043b400000, 0x000000043b800000|  0%| F|  |TAMS 0x000000043b400000, 0x000000043b400000| Untracked 
| 162|0x000000043b800000, 0x000000043b800000, 0x000000043bc00000|  0%| F|  |TAMS 0x000000043b800000, 0x000000043b800000| Untracked 
| 163|0x000000043bc00000, 0x000000043bc00000, 0x000000043c000000|  0%| F|  |TAMS 0x000000043bc00000, 0x000000043bc00000| Untracked 
| 164|0x000000043c000000, 0x000000043c000000, 0x000000043c400000|  0%| F|  |TAMS 0x000000043c000000, 0x000000043c000000| Untracked 
| 165|0x000000043c400000, 0x000000043c400000, 0x000000043c800000|  0%| F|  |TAMS 0x000000043c400000, 0x000000043c400000| Untracked 
| 166|0x000000043c800000, 0x000000043c800000, 0x000000043cc00000|  0%| F|  |TAMS 0x000000043c800000, 0x000000043c800000| Untracked 
| 167|0x000000043cc00000, 0x000000043cc00000, 0x000000043d000000|  0%| F|  |TAMS 0x000000043cc00000, 0x000000043cc00000| Untracked 
| 168|0x000000043d000000, 0x000000043d000000, 0x000000043d400000|  0%| F|  |TAMS 0x000000043d000000, 0x000000043d000000| Untracked 
| 169|0x000000043d400000, 0x000000043d400000, 0x000000043d800000|  0%| F|  |TAMS 0x000000043d400000, 0x000000043d400000| Untracked 
| 170|0x000000043d800000, 0x000000043d800000, 0x000000043dc00000|  0%| F|  |TAMS 0x000000043d800000, 0x000000043d800000| Untracked 
| 171|0x000000043dc00000, 0x000000043dc00000, 0x000000043e000000|  0%| F|  |TAMS 0x000000043dc00000, 0x000000043dc00000| Untracked 
| 172|0x000000043e000000, 0x000000043e000000, 0x000000043e400000|  0%| F|  |TAMS 0x000000043e000000, 0x000000043e000000| Untracked 
| 173|0x000000043e400000, 0x000000043e400000, 0x000000043e800000|  0%| F|  |TAMS 0x000000043e400000, 0x000000043e400000| Untracked 
| 174|0x000000043e800000, 0x000000043e800000, 0x000000043ec00000|  0%| F|  |TAMS 0x000000043e800000, 0x000000043e800000| Untracked 
| 175|0x000000043ec00000, 0x000000043ec00000, 0x000000043f000000|  0%| F|  |TAMS 0x000000043ec00000, 0x000000043ec00000| Untracked 
| 176|0x000000043f000000, 0x000000043f000000, 0x000000043f400000|  0%| F|  |TAMS 0x000000043f000000, 0x000000043f000000| Untracked 
| 177|0x000000043f400000, 0x000000043f400000, 0x000000043f800000|  0%| F|  |TAMS 0x000000043f400000, 0x000000043f400000| Untracked 
| 178|0x000000043f800000, 0x000000043f800000, 0x000000043fc00000|  0%| F|  |TAMS 0x000000043f800000, 0x000000043f800000| Untracked 
| 179|0x000000043fc00000, 0x000000043fc00000, 0x0000000440000000|  0%| F|  |TAMS 0x000000043fc00000, 0x000000043fc00000| Untracked 
| 180|0x0000000440000000, 0x0000000440000000, 0x0000000440400000|  0%| F|  |TAMS 0x0000000440000000, 0x0000000440000000| Untracked 
| 181|0x0000000440400000, 0x0000000440400000, 0x0000000440800000|  0%| F|  |TAMS 0x0000000440400000, 0x0000000440400000| Untracked 
| 182|0x0000000440800000, 0x0000000440800000, 0x0000000440c00000|  0%| F|  |TAMS 0x0000000440800000, 0x0000000440800000| Untracked 
| 183|0x0000000440c00000, 0x0000000440c00000, 0x0000000441000000|  0%| F|  |TAMS 0x0000000440c00000, 0x0000000440c00000| Untracked 
| 184|0x0000000441000000, 0x0000000441000000, 0x0000000441400000|  0%| F|  |TAMS 0x0000000441000000, 0x0000000441000000| Untracked 
| 185|0x0000000441400000, 0x0000000441400000, 0x0000000441800000|  0%| F|  |TAMS 0x0000000441400000, 0x0000000441400000| Untracked 
| 186|0x0000000441800000, 0x0000000441800000, 0x0000000441c00000|  0%| F|  |TAMS 0x0000000441800000, 0x0000000441800000| Untracked 
| 187|0x0000000441c00000, 0x0000000441c00000, 0x0000000442000000|  0%| F|  |TAMS 0x0000000441c00000, 0x0000000441c00000| Untracked 
| 188|0x0000000442000000, 0x0000000442000000, 0x0000000442400000|  0%| F|  |TAMS 0x0000000442000000, 0x0000000442000000| Untracked 
| 189|0x0000000442400000, 0x0000000442400000, 0x0000000442800000|  0%| F|  |TAMS 0x0000000442400000, 0x0000000442400000| Untracked 
| 190|0x0000000442800000, 0x0000000442800000, 0x0000000442c00000|  0%| F|  |TAMS 0x0000000442800000, 0x0000000442800000| Untracked 
| 191|0x0000000442c00000, 0x0000000442c00000, 0x0000000443000000|  0%| F|  |TAMS 0x0000000442c00000, 0x0000000442c00000| Untracked 
| 192|0x0000000443000000, 0x0000000443000000, 0x0000000443400000|  0%| F|  |TAMS 0x0000000443000000, 0x0000000443000000| Untracked 
| 193|0x0000000443400000, 0x0000000443400000, 0x0000000443800000|  0%| F|  |TAMS 0x0000000443400000, 0x0000000443400000| Untracked 
| 194|0x0000000443800000, 0x0000000443800000, 0x0000000443c00000|  0%| F|  |TAMS 0x0000000443800000, 0x0000000443800000| Untracked 
| 195|0x0000000443c00000, 0x0000000443c00000, 0x0000000444000000|  0%| F|  |TAMS 0x0000000443c00000, 0x0000000443c00000| Untracked 
| 196|0x0000000444000000, 0x0000000444000000, 0x0000000444400000|  0%| F|  |TAMS 0x0000000444000000, 0x0000000444000000| Untracked 
| 197|0x0000000444400000, 0x0000000444400000, 0x0000000444800000|  0%| F|  |TAMS 0x0000000444400000, 0x0000000444400000| Untracked 
| 198|0x0000000444800000, 0x0000000444800000, 0x0000000444c00000|  0%| F|  |TAMS 0x0000000444800000, 0x0000000444800000| Untracked 
| 199|0x0000000444c00000, 0x0000000444c00000, 0x0000000445000000|  0%| F|  |TAMS 0x0000000444c00000, 0x0000000444c00000| Untracked 
| 200|0x0000000445000000, 0x0000000445000000, 0x0000000445400000|  0%| F|  |TAMS 0x0000000445000000, 0x0000000445000000| Untracked 
| 201|0x0000000445400000, 0x0000000445400000, 0x0000000445800000|  0%| F|  |TAMS 0x0000000445400000, 0x0000000445400000| Untracked 
| 202|0x0000000445800000, 0x0000000445800000, 0x0000000445c00000|  0%| F|  |TAMS 0x0000000445800000, 0x0000000445800000| Untracked 
| 203|0x0000000445c00000, 0x0000000445c00000, 0x0000000446000000|  0%| F|  |TAMS 0x0000000445c00000, 0x0000000445c00000| Untracked 
| 204|0x0000000446000000, 0x0000000446000000, 0x0000000446400000|  0%| F|  |TAMS 0x0000000446000000, 0x0000000446000000| Untracked 
| 205|0x0000000446400000, 0x0000000446400000, 0x0000000446800000|  0%| F|  |TAMS 0x0000000446400000, 0x0000000446400000| Untracked 
| 206|0x0000000446800000, 0x0000000446800000, 0x0000000446c00000|  0%| F|  |TAMS 0x0000000446800000, 0x0000000446800000| Untracked 
| 207|0x0000000446c00000, 0x0000000446c00000, 0x0000000447000000|  0%| F|  |TAMS 0x0000000446c00000, 0x0000000446c00000| Untracked 
| 208|0x0000000447000000, 0x0000000447000000, 0x0000000447400000|  0%| F|  |TAMS 0x0000000447000000, 0x0000000447000000| Untracked 
| 209|0x0000000447400000, 0x0000000447400000, 0x0000000447800000|  0%| F|  |TAMS 0x0000000447400000, 0x0000000447400000| Untracked 
| 210|0x0000000447800000, 0x0000000447800000, 0x0000000447c00000|  0%| F|  |TAMS 0x0000000447800000, 0x0000000447800000| Untracked 
| 211|0x0000000447c00000, 0x0000000447c00000, 0x0000000448000000|  0%| F|  |TAMS 0x0000000447c00000, 0x0000000447c00000| Untracked 
| 212|0x0000000448000000, 0x0000000448000000, 0x0000000448400000|  0%| F|  |TAMS 0x0000000448000000, 0x0000000448000000| Untracked 
| 213|0x0000000448400000, 0x0000000448400000, 0x0000000448800000|  0%| F|  |TAMS 0x0000000448400000, 0x0000000448400000| Untracked 
| 214|0x0000000448800000, 0x0000000448800000, 0x0000000448c00000|  0%| F|  |TAMS 0x0000000448800000, 0x0000000448800000| Untracked 
| 215|0x0000000448c00000, 0x0000000448c00000, 0x0000000449000000|  0%| F|  |TAMS 0x0000000448c00000, 0x0000000448c00000| Untracked 
| 216|0x0000000449000000, 0x0000000449000000, 0x0000000449400000|  0%| F|  |TAMS 0x0000000449000000, 0x0000000449000000| Untracked 
| 217|0x0000000449400000, 0x0000000449400000, 0x0000000449800000|  0%| F|  |TAMS 0x0000000449400000, 0x0000000449400000| Untracked 
| 218|0x0000000449800000, 0x0000000449800000, 0x0000000449c00000|  0%| F|  |TAMS 0x0000000449800000, 0x0000000449800000| Untracked 
| 219|0x0000000449c00000, 0x0000000449c00000, 0x000000044a000000|  0%| F|  |TAMS 0x0000000449c00000, 0x0000000449c00000| Untracked 
| 220|0x000000044a000000, 0x000000044a000000, 0x000000044a400000|  0%| F|  |TAMS 0x000000044a000000, 0x000000044a000000| Untracked 
| 221|0x000000044a400000, 0x000000044a400000, 0x000000044a800000|  0%| F|  |TAMS 0x000000044a400000, 0x000000044a400000| Untracked 
| 222|0x000000044a800000, 0x000000044a800000, 0x000000044ac00000|  0%| F|  |TAMS 0x000000044a800000, 0x000000044a800000| Untracked 
| 223|0x000000044ac00000, 0x000000044ac00000, 0x000000044b000000|  0%| F|  |TAMS 0x000000044ac00000, 0x000000044ac00000| Untracked 
| 224|0x000000044b000000, 0x000000044b000000, 0x000000044b400000|  0%| F|  |TAMS 0x000000044b000000, 0x000000044b000000| Untracked 
| 225|0x000000044b400000, 0x000000044b400000, 0x000000044b800000|  0%| F|  |TAMS 0x000000044b400000, 0x000000044b400000| Untracked 
| 226|0x000000044b800000, 0x000000044b800000, 0x000000044bc00000|  0%| F|  |TAMS 0x000000044b800000, 0x000000044b800000| Untracked 
| 227|0x000000044bc00000, 0x000000044bc00000, 0x000000044c000000|  0%| F|  |TAMS 0x000000044bc00000, 0x000000044bc00000| Untracked 
| 228|0x000000044c000000, 0x000000044c000000, 0x000000044c400000|  0%| F|  |TAMS 0x000000044c000000, 0x000000044c000000| Untracked 
| 229|0x000000044c400000, 0x000000044c400000, 0x000000044c800000|  0%| F|  |TAMS 0x000000044c400000, 0x000000044c400000| Untracked 
| 230|0x000000044c800000, 0x000000044c800000, 0x000000044cc00000|  0%| F|  |TAMS 0x000000044c800000, 0x000000044c800000| Untracked 
| 231|0x000000044cc00000, 0x000000044cc00000, 0x000000044d000000|  0%| F|  |TAMS 0x000000044cc00000, 0x000000044cc00000| Untracked 
| 232|0x000000044d000000, 0x000000044d000000, 0x000000044d400000|  0%| F|  |TAMS 0x000000044d000000, 0x000000044d000000| Untracked 
| 233|0x000000044d400000, 0x000000044d400000, 0x000000044d800000|  0%| F|  |TAMS 0x000000044d400000, 0x000000044d400000| Untracked 
| 234|0x000000044d800000, 0x000000044d800000, 0x000000044dc00000|  0%| F|  |TAMS 0x000000044d800000, 0x000000044d800000| Untracked 
| 235|0x000000044dc00000, 0x000000044dc00000, 0x000000044e000000|  0%| F|  |TAMS 0x000000044dc00000, 0x000000044dc00000| Untracked 
| 236|0x000000044e000000, 0x000000044e000000, 0x000000044e400000|  0%| F|  |TAMS 0x000000044e000000, 0x000000044e000000| Untracked 
| 237|0x000000044e400000, 0x000000044e400000, 0x000000044e800000|  0%| F|  |TAMS 0x000000044e400000, 0x000000044e400000| Untracked 
| 238|0x000000044e800000, 0x000000044e800000, 0x000000044ec00000|  0%| F|  |TAMS 0x000000044e800000, 0x000000044e800000| Untracked 
| 239|0x000000044ec00000, 0x000000044ec00000, 0x000000044f000000|  0%| F|  |TAMS 0x000000044ec00000, 0x000000044ec00000| Untracked 
| 240|0x000000044f000000, 0x000000044f000000, 0x000000044f400000|  0%| F|  |TAMS 0x000000044f000000, 0x000000044f000000| Untracked 
| 241|0x000000044f400000, 0x000000044f400000, 0x000000044f800000|  0%| F|  |TAMS 0x000000044f400000, 0x000000044f400000| Untracked 
| 242|0x000000044f800000, 0x000000044f800000, 0x000000044fc00000|  0%| F|  |TAMS 0x000000044f800000, 0x000000044f800000| Untracked 
| 243|0x000000044fc00000, 0x000000044fc00000, 0x0000000450000000|  0%| F|  |TAMS 0x000000044fc00000, 0x000000044fc00000| Untracked 
| 244|0x0000000450000000, 0x0000000450000000, 0x0000000450400000|  0%| F|  |TAMS 0x0000000450000000, 0x0000000450000000| Untracked 
| 245|0x0000000450400000, 0x0000000450400000, 0x0000000450800000|  0%| F|  |TAMS 0x0000000450400000, 0x0000000450400000| Untracked 
| 246|0x0000000450800000, 0x0000000450800000, 0x0000000450c00000|  0%| F|  |TAMS 0x0000000450800000, 0x0000000450800000| Untracked 
| 247|0x0000000450c00000, 0x0000000450c00000, 0x0000000451000000|  0%| F|  |TAMS 0x0000000450c00000, 0x0000000450c00000| Untracked 
| 248|0x0000000451000000, 0x0000000451000000, 0x0000000451400000|  0%| F|  |TAMS 0x0000000451000000, 0x0000000451000000| Untracked 
| 249|0x0000000451400000, 0x0000000451800000, 0x0000000451800000|100%| E|  |TAMS 0x0000000451400000, 0x0000000451400000| Complete 
| 250|0x0000000451800000, 0x0000000451c00000, 0x0000000451c00000|100%| E|CS|TAMS 0x0000000451800000, 0x0000000451800000| Complete 
| 251|0x0000000451c00000, 0x0000000452000000, 0x0000000452000000|100%| E|CS|TAMS 0x0000000451c00000, 0x0000000451c00000| Complete 
|3762|0x00000007bf800000, 0x00000007bf847000, 0x00000007bfc00000|  6%|OA|  |TAMS 0x00000007bf800000, 0x00000007bf800000| Untracked 
|3763|0x00000007bfc00000, 0x00000007bfc6b000, 0x00000007c0000000| 10%|CA|  |TAMS 0x00000007bfc00000, 0x00000007bfc00000| Untracked 

Card table byte_map: [0x00007ff594130000,0x00007ff596098000] _byte_map_base: 0x00007ff592098000

Marking Bits (Prev, Next): (CMBitMap*) 0x00007ff5b405cee8, (CMBitMap*) 0x00007ff5b405cf20
 Prev Bits: [0x00007ff582688000, 0x00007ff5921c8000)
 Next Bits: [0x00007ff572b48000, 0x00007ff582688000)

Polling page: 0x00007ff5bbf38000

Metaspace:

Usage:
  Non-class:      5.22 MB capacity,     3.40 MB ( 65%) used,     1.81 MB ( 35%) free+waste,     6.81 KB ( <1%) overhead. 
      Class:    575.00 KB capacity,   370.61 KB ( 64%) used,   200.45 KB ( 35%) free+waste,     3.94 KB ( <1%) overhead. 
       Both:      5.78 MB capacity,     3.76 MB ( 65%) used,     2.01 MB ( 35%) free+waste,    10.75 KB ( <1%) overhead. 

Virtual space:
  Non-class space:        8.00 MB reserved,       5.25 MB ( 66%) committed 
      Class space:        1.00 GB reserved,     640.00 KB ( <1%) committed 
             Both:        1.01 GB reserved,       5.88 MB ( <1%) committed 

Chunk freelists:
   Non-Class:  32.00 KB
       Class:  1.00 KB
        Both:  33.00 KB

MaxMetaspaceSize: unlimited
CompressedClassSpaceSize: 1.00 GB

CodeHeap 'non-profiled nmethods': size=118884Kb used=169Kb max_used=169Kb free=118714Kb
 bounds [0x00007ff5a445f000, 0x00007ff5a46cf000, 0x00007ff5ab878000]
CodeHeap 'profiled nmethods': size=118884Kb used=1378Kb max_used=1378Kb free=117505Kb
 bounds [0x00007ff59d046000, 0x00007ff59d2b6000, 0x00007ff5a445f000]
CodeHeap 'non-nmethods': size=7992Kb used=2795Kb max_used=3363Kb free=5196Kb
 bounds [0x00007ff59c878000, 0x00007ff59cbc8000, 0x00007ff59d046000]
 total_blobs=1209 nmethods=777 adapters=342
 compilation: enabled
              stopped_count=0, restarted_count=0
 full_count=0

Compilation events (20 events):
Event: 2.192 Thread 0x00007ff544015000 nmethod 733 0x00007ff59d18f510 code [0x00007ff59d18f880, 0x00007ff59d1914c0]
Event: 2.194 Thread 0x00007ff5b4288800  740       1       java.util.HashMap$Node::getValue (5 bytes)
Event: 2.194 Thread 0x00007ff544017000  741       3       java.lang.Integer::reverseBytes (26 bytes)
Event: 2.194 Thread 0x00007ff5b4288800 nmethod 740 0x00007ff5a4487790 code [0x00007ff5a4487940, 0x00007ff5a4487a10]
Event: 2.195 Thread 0x00007ff544017000 nmethod 741 0x00007ff59d191d90 code [0x00007ff59d191f40, 0x00007ff59d192050]
Event: 2.195 Thread 0x00007ff5b4286800  742       4       java.util.concurrent.atomic.AtomicLongArray::get (12 bytes)
Event: 2.196 Thread 0x00007ff5b4286800 nmethod 742 0x00007ff5a4487a90 code [0x00007ff5a4487c20, 0x00007ff5a4487cd8]
Event: 2.196 Thread 0x00007ff5b4286800  743       4       java.util.concurrent.atomic.AtomicLongArray::lazySet (13 bytes)
Event: 2.196 Thread 0x00007ff5b4286800 nmethod 743 0x00007ff5a4487e10 code [0x00007ff5a4487fa0, 0x00007ff5a4488058]
Event: 2.198 Thread 0x00007ff544013800  744       3       java.nio.ByteBuffer::clear (7 bytes)
Event: 2.198 Thread 0x00007ff5b4288800  745       3       java.nio.Buffer::clear (20 bytes)
Event: 2.198 Thread 0x00007ff544015000  746       3       java.lang.StringCoding::decodeUTF8 (45 bytes)
Event: 2.198 Thread 0x00007ff544017000  747       3       java.lang.StringCoding$Result::with (12 bytes)
Event: 2.198 Thread 0x00007ff5b4288800 nmethod 745 0x00007ff59d192110 code [0x00007ff59d1922c0, 0x00007ff59d1923f0]
Event: 2.198 Thread 0x00007ff5b4288800  748       3       java.nio.HeapByteBuffer::byteOffset (7 bytes)
Event: 2.198 Thread 0x00007ff544017000 nmethod 747 0x00007ff59d192490 code [0x00007ff59d192640, 0x00007ff59d1927b0]
Event: 2.198 Thread 0x00007ff544017000  750       3       java.util.Objects::checkFromIndexSize (8 bytes)
Event: 2.198 Thread 0x00007ff5b4288800 nmethod 748 0x00007ff59d192810 code [0x00007ff59d1929c0, 0x00007ff59d192ad0]
Event: 2.198 Thread 0x00007ff5b4288800  751       3       jdk.internal.util.Preconditions::checkFromIndexSize (25 bytes)
Event: 2.198 Thread 0x00007ff544013800 nmethod 744 0x00007ff59d192b90 code [0x00007ff59d192d40, 0x00007ff59d192ed0]

GC Heap History (0 events):
No events

Deoptimization events (10 events):
Event: 0.883 Thread 0x00007ff5b4016000 DEOPT PACKING pc=0x00007ff59d061d8b sp=0x00007ff5ba704810
Event: 0.883 Thread 0x00007ff5b4016000 DEOPT UNPACKING pc=0x00007ff59c89e14a sp=0x00007ff5ba703cd0 mode 0
Event: 0.883 Thread 0x00007ff5b4016000 DEOPT PACKING pc=0x00007ff59d0629c3 sp=0x00007ff5ba7016a0
Event: 0.883 Thread 0x00007ff5b4016000 DEOPT UNPACKING pc=0x00007ff59c89e14a sp=0x00007ff5ba700b90 mode 0
Event: 0.883 Thread 0x00007ff5b4016000 DEOPT PACKING pc=0x00007ff59d061d8b sp=0x00007ff5ba7016d0
Event: 0.883 Thread 0x00007ff5b4016000 DEOPT UNPACKING pc=0x00007ff59c89e14a sp=0x00007ff5ba700b90 mode 0
Event: 1.403 Thread 0x00007ff5b4447000 Uncommon trap: trap_request=0xffffff4d fr.pc=0x00007ff5a4463fa4 relative=0x0000000000000084
Event: 1.403 Thread 0x00007ff5b4447000 Uncommon trap: reason=unstable_if action=reinterpret pc=0x00007ff5a4463fa4 method=java.lang.String.isLatin1()Z @ 10 c2
Event: 1.403 Thread 0x00007ff5b4447000 DEOPT PACKING pc=0x00007ff5a4463fa4 sp=0x00007ff562656280
Event: 1.403 Thread 0x00007ff5b4447000 DEOPT UNPACKING pc=0x00007ff59c89d9a5 sp=0x00007ff5626561e0 mode 2

Classes redefined (0 events):
No events

Internal exceptions (9 events):
Event: 0.607 Thread 0x00007ff5b4016000 Exception <a 'java/security/PrivilegedActionException'{0x0000000451c50558}> (0x0000000451c50558) thrown at [src/hotspot/share/prims/jvm.cpp, line 1304]
Event: 0.607 Thread 0x00007ff5b4016000 Exception <a 'java/security/PrivilegedActionException'{0x0000000451c50828}> (0x0000000451c50828) thrown at [src/hotspot/share/prims/jvm.cpp, line 1304]
Event: 0.915 Thread 0x00007ff5b4016000 Exception <a 'java/lang/NoClassDefFoundError'{0x0000000451faa200}: org/apache/log4j/Category> (0x0000000451faa200) thrown at [src/hotspot/share/classfile/systemDictionary.cpp, line 220]
Event: 1.025 Thread 0x00007ff5b42e6800 Exception <a 'java/lang/InterruptedException'{0x00000004519f64b0}: sleep interrupted> (0x00000004519f64b0) thrown at [src/hotspot/share/prims/jvm.cpp, line 3125]
Event: 1.125 Thread 0x00007ff5b4016000 Exception <a 'java/lang/NoSuchMethodError'{0x0000000451b49dc8}: 'java.lang.Object java.lang.invoke.DirectMethodHandle$Holder.invokeStaticInit(java.lang.Object, java.lang.Object, long, java.lang.Object)'> (0x0000000451b49dc8) thrown at [src/hotspot/share/interpreter/linkResolver.cpp, line 772]
Event: 1.126 Thread 0x00007ff5b4016000 Exception <a 'java/lang/NoSuchMethodError'{0x0000000451b55ef0}: 'java.lang.Object java.lang.invoke.Invokers$Holder.linkToTargetMethod(java.lang.Object, long, java.lang.Object)'> (0x0000000451b55ef0) thrown at [src/hotspot/share/interpreter/linkResolver.cpp, line 772]
Event: 1.141 Thread 0x00007ff5b4016000 Exception <a 'java/lang/NoSuchMethodError'{0x0000000451b5d208}: 'java.lang.Object java.lang.invoke.DirectMethodHandle$Holder.invokeStatic(java.lang.Object, java.lang.Object, java.lang.Object, int)'> (0x0000000451b5d208) thrown at [src/hotspot/share/interpreter/linkResolver.cpp, line 772]
Event: 1.141 Thread 0x00007ff5b4016000 Exception <a 'java/lang/NoSuchMethodError'{0x0000000451b60e80}: 'java.lang.Object java.lang.invoke.DirectMethodHandle$Holder.invokeSpecial(java.lang.Object, java.lang.Object, java.lang.Object, java.lang.Object, int)'> (0x0000000451b60e80) thrown at [src/hotspot/share/interpreter/linkResolver.cpp, line 772]
Event: 1.141 Thread 0x00007ff5b4016000 Exception <a 'java/lang/NoSuchMethodError'{0x0000000451b64318}: 'java.lang.Object java.lang.invoke.Invokers$Holder.linkToTargetMethod(java.lang.Object, java.lang.Object, int, java.lang.Object)'> (0x0000000451b64318) thrown at [src/hotspot/share/interpreter/linkResolver.cpp, line 772]

Events (20 events):
Event: 2.175 loading class org/HdrHistogram/PercentileIterator
Event: 2.175 loading class org/HdrHistogram/PercentileIterator done
Event: 2.175 Executing VM operation: RevokeBias
Event: 2.175 Executing VM operation: RevokeBias done
Event: 2.175 loading class org/HdrHistogram/AbstractHistogramIterator
Event: 2.175 loading class org/HdrHistogram/AbstractHistogramIterator done
Event: 2.175 loading class java/util/ConcurrentModificationException
Event: 2.175 loading class java/util/ConcurrentModificationException done
Event: 2.176 loading class org/HdrHistogram/HistogramIterationValue
Event: 2.176 loading class org/HdrHistogram/HistogramIterationValue done
Event: 2.176 Executing VM operation: RevokeBias
Event: 2.176 Executing VM operation: RevokeBias done
Event: 2.176 loading class org/HdrHistogram/RecordedValuesIterator
Event: 2.176 Executing VM operation: RevokeBias
Event: 2.176 loading class org/HdrHistogram/RecordedValuesIterator done
Event: 2.176 Executing VM operation: RevokeBias done
Event: 2.176 loading class java/lang/invoke/VarHandleLongs$Array
Event: 2.186 loading class java/lang/invoke/VarHandleLongs$Array done
Event: 2.187 Executing VM operation: RevokeBias
Event: 2.187 Executing VM operation: RevokeBias done


Dynamic libraries:
413000000-452000000 rw-p 00000000 00:00 0 
452000000-7bf800000 ---p 00000000 00:00 0 
7bf800000-7bf847000 rw-p 01111000 fd:00 10618147                         /usr/lib/jvm/java-11-openjdk-amd64/lib/server/classes.jsa
7bf847000-7bfc00000 rw-p 00000000 00:00 0 
7bfc00000-7bfc6b000 rw-p 010a6000 fd:00 10618147                         /usr/lib/jvm/java-11-openjdk-amd64/lib/server/classes.jsa
7bfc6b000-7c0000000 rw-p 00000000 00:00 0 
7c0000000-800000000 ---p 00000000 00:00 0 
800000000-800002000 rwxp 00001000 fd:00 10618147                         /usr/lib/jvm/java-11-openjdk-amd64/lib/server/classes.jsa
800002000-8003b9000 rw-p 00003000 fd:00 10618147                         /usr/lib/jvm/java-11-openjdk-amd64/lib/server/classes.jsa
8003b9000-800a96000 r--p 003ba000 fd:00 10618147                         /usr/lib/jvm/java-11-openjdk-amd64/lib/server/classes.jsa
800a96000-800a97000 rw-p 00a97000 fd:00 10618147                         /usr/lib/jvm/java-11-openjdk-amd64/lib/server/classes.jsa
800a97000-8010a5000 r--p 00a98000 fd:00 10618147                         /usr/lib/jvm/java-11-openjdk-amd64/lib/server/classes.jsa
840000000-8400a0000 rw-p 00000000 00:00 0 
8400a0000-880000000 ---p 00000000 00:00 0 
559910a7c000-559910a7d000 r--p 00000000 fd:00 10620091                   /usr/lib/jvm/java-11-openjdk-amd64/bin/java
559910a7d000-559910a7e000 r-xp 00001000 fd:00 10620091                   /usr/lib/jvm/java-11-openjdk-amd64/bin/java
559910a7e000-559910a7f000 r--p 00002000 fd:00 10620091                   /usr/lib/jvm/java-11-openjdk-amd64/bin/java
559910a7f000-559910a80000 r--p 00002000 fd:00 10620091                   /usr/lib/jvm/java-11-openjdk-amd64/bin/java
559910a80000-559910a81000 rw-p 00003000 fd:00 10620091                   /usr/lib/jvm/java-11-openjdk-amd64/bin/java
55991284f000-559912870000 rw-p 00000000 00:00 0                          [heap]
7ff460000000-7ff460021000 rw-p 00000000 00:00 0 
7ff460021000-7ff464000000 ---p 00000000 00:00 0 
7ff468000000-7ff468e03000 rw-p 00000000 00:00 0 
7ff468e03000-7ff46c000000 ---p 00000000 00:00 0 
7ff46c000000-7ff46c021000 rw-p 00000000 00:00 0 
7ff46c021000-7ff470000000 ---p 00000000 00:00 0 
7ff470000000-7ff470021000 rw-p 00000000 00:00 0 
7ff470021000-7ff474000000 ---p 00000000 00:00 0 
7ff474000000-7ff474021000 rw-p 00000000 00:00 0 
7ff474021000-7ff478000000 ---p 00000000 00:00 0 
7ff478000000-7ff478021000 rw-p 00000000 00:00 0 
7ff478021000-7ff47c000000 ---p 00000000 00:00 0 
7ff47c000000-7ff47ce06000 rw-p 00000000 00:00 0 
7ff47ce06000-7ff480000000 ---p 00000000 00:00 0 
7ff480000000-7ff480021000 rw-p 00000000 00:00 0 
7ff480021000-7ff484000000 ---p 00000000 00:00 0 
7ff484000000-7ff48402a000 rw-p 00000000 00:00 0 
7ff48402a000-7ff488000000 ---p 00000000 00:00 0 
7ff488000000-7ff488021000 rw-p 00000000 00:00 0 
7ff488021000-7ff48c000000 ---p 00000000 00:00 0 
7ff490000000-7ff490021000 rw-p 00000000 00:00 0 
7ff490021000-7ff494000000 ---p 00000000 00:00 0 
7ff498000000-7ff498021000 rw-p 00000000 00:00 0 
7ff498021000-7ff49c000000 ---p 00000000 00:00 0 
7ff49e7fd000-7ff49e7fe000 ---p 00000000 00:00 0 
7ff49e7fe000-7ff49effe000 rw-p 00000000 00:00 0 
7ff49effe000-7ff49efff000 ---p 00000000 00:00 0 
7ff49efff000-7ff49f7ff000 rw-p 00000000 00:00 0 
7ff49f7ff000-7ff49f800000 ---p 00000000 00:00 0 
7ff49f800000-7ff4a0000000 rw-p 00000000 00:00 0 
7ff4a0000000-7ff4a0021000 rw-p 00000000 00:00 0 
7ff4a0021000-7ff4a4000000 ---p 00000000 00:00 0 
7ff4a4000000-7ff4a4021000 rw-p 00000000 00:00 0 
7ff4a4021000-7ff4a8000000 ---p 00000000 00:00 0 
7ff4a8000000-7ff4a8021000 rw-p 00000000 00:00 0 
7ff4a8021000-7ff4ac000000 ---p 00000000 00:00 0 
7ff4ac000000-7ff4ac021000 rw-p 00000000 00:00 0 
7ff4ac021000-7ff4b0000000 ---p 00000000 00:00 0 
7ff4b0000000-7ff4b0021000 rw-p 00000000 00:00 0 
7ff4b0021000-7ff4b4000000 ---p 00000000 00:00 0 
7ff4b47f9000-7ff4b47fa000 ---p 00000000 00:00 0 
7ff4b47fa000-7ff4b4ffa000 rw-p 00000000 00:00 0 
7ff4b8000000-7ff4b8021000 rw-p 00000000 00:00 0 
7ff4b8021000-7ff4bc000000 ---p 00000000 00:00 0 
7ff4bc000000-7ff4bc021000 rw-p 00000000 00:00 0 
7ff4bc021000-7ff4c0000000 ---p 00000000 00:00 0 
7ff4c0000000-7ff4c0021000 rw-p 00000000 00:00 0 
7ff4c0021000-7ff4c4000000 ---p 00000000 00:00 0 
7ff4c4000000-7ff4c4021000 rw-p 00000000 00:00 0 
7ff4c4021000-7ff4c8000000 ---p 00000000 00:00 0 
7ff4c8000000-7ff4c8021000 rw-p 00000000 00:00 0 
7ff4c8021000-7ff4cc000000 ---p 00000000 00:00 0 
7ff4cc000000-7ff4cc021000 rw-p 00000000 00:00 0 
7ff4cc021000-7ff4d0000000 ---p 00000000 00:00 0 
7ff4d0000000-7ff4d0021000 rw-p 00000000 00:00 0 
7ff4d0021000-7ff4d4000000 ---p 00000000 00:00 0 
7ff4d4000000-7ff4d4021000 rw-p 00000000 00:00 0 
7ff4d4021000-7ff4d8000000 ---p 00000000 00:00 0 
7ff4d8000000-7ff4d8021000 rw-p 00000000 00:00 0 
7ff4d8021000-7ff4dc000000 ---p 00000000 00:00 0 
7ff4dc000000-7ff4dc021000 rw-p 00000000 00:00 0 
7ff4dc021000-7ff4e0000000 ---p 00000000 00:00 0 
7ff4e0000000-7ff4e0021000 rw-p 00000000 00:00 0 
7ff4e0021000-7ff4e4000000 ---p 00000000 00:00 0 
7ff4e4000000-7ff4e4021000 rw-p 00000000 00:00 0 
7ff4e4021000-7ff4e8000000 ---p 00000000 00:00 0 
7ff4e8000000-7ff4e8021000 rw-p 00000000 00:00 0 
7ff4e8021000-7ff4ec000000 ---p 00000000 00:00 0 
7ff4ec000000-7ff4ec021000 rw-p 00000000 00:00 0 
7ff4ec021000-7ff4f0000000 ---p 00000000 00:00 0 
7ff4f0000000-7ff4f0021000 rw-p 00000000 00:00 0 
7ff4f0021000-7ff4f4000000 ---p 00000000 00:00 0 
7ff4f4ffa000-7ff4f4ffb000 ---p 00000000 00:00 0 
7ff4f4ffb000-7ff4f57fb000 rw-p 00000000 00:00 0 
7ff4f57fb000-7ff4f57fc000 ---p 00000000 00:00 0 
7ff4f57fc000-7ff4f5ffc000 rw-p 00000000 00:00 0 
7ff4f5ffc000-7ff4f5ffd000 ---p 00000000 00:00 0 
7ff4f5ffd000-7ff4f67fd000 rw-p 00000000 00:00 0 
7ff4f67fd000-7ff4f67fe000 ---p 00000000 00:00 0 
7ff4f67fe000-7ff4f6ffe000 rw-p 00000000 00:00 0 
7ff4f6ffe000-7ff4f6fff000 ---p 00000000 00:00 0 
7ff4f6fff000-7ff4f77ff000 rw-p 00000000 00:00 0 
7ff4f77ff000-7ff4f7800000 ---p 00000000 00:00 0 
7ff4f7800000-7ff4f8000000 rw-p 00000000 00:00 0 
7ff4f8000000-7ff4f8021000 rw-p 00000000 00:00 0 
7ff4f8021000-7ff4fc000000 ---p 00000000 00:00 0 
7ff4fc7f9000-7ff4fc7fa000 ---p 00000000 00:00 0 
7ff4fc7fa000-7ff4fcffa000 rw-p 00000000 00:00 0 
7ff4fcffa000-7ff4fcffb000 ---p 00000000 00:00 0 
7ff4fcffb000-7ff4fd7fb000 rw-p 00000000 00:00 0 
7ff4fd7fb000-7ff4fd7fc000 ---p 00000000 00:00 0 
7ff4fd7fc000-7ff4fdffc000 rw-p 00000000 00:00 0 
7ff4fdffc000-7ff4fdffd000 ---p 00000000 00:00 0 
7ff4fdffd000-7ff4fe7fd000 rw-p 00000000 00:00 0 
7ff4fe7fd000-7ff4fe7fe000 ---p 00000000 00:00 0 
7ff4fe7fe000-7ff4feffe000 rw-p 00000000 00:00 0 
7ff4feffe000-7ff4fefff000 ---p 00000000 00:00 0 
7ff4fefff000-7ff4ff7ff000 rw-p 00000000 00:00 0 
7ff4ff7ff000-7ff4ff800000 ---p 00000000 00:00 0 
7ff4ff800000-7ff500000000 rw-p 00000000 00:00 0 
7ff500000000-7ff500021000 rw-p 00000000 00:00 0 
7ff500021000-7ff504000000 ---p 00000000 00:00 0 
7ff5047f9000-7ff5047fa000 ---p 00000000 00:00 0 
7ff5047fa000-7ff504ffa000 rw-p 00000000 00:00 0 
7ff504ffa000-7ff504ffb000 ---p 00000000 00:00 0 
7ff504ffb000-7ff5057fb000 rw-p 00000000 00:00 0 
7ff5057fb000-7ff5057fc000 ---p 00000000 00:00 0 
7ff5057fc000-7ff505ffc000 rw-p 00000000 00:00 0 
7ff505ffc000-7ff505ffd000 ---p 00000000 00:00 0 
7ff505ffd000-7ff5067fd000 rw-p 00000000 00:00 0 
7ff5067fd000-7ff5067fe000 ---p 00000000 00:00 0 
7ff5067fe000-7ff506ffe000 rw-p 00000000 00:00 0 
7ff506ffe000-7ff506fff000 ---p 00000000 00:00 0 
7ff506fff000-7ff5077ff000 rw-p 00000000 00:00 0 
7ff5077ff000-7ff507800000 ---p 00000000 00:00 0 
7ff507800000-7ff508000000 rw-p 00000000 00:00 0 
7ff508000000-7ff508021000 rw-p 00000000 00:00 0 
7ff508021000-7ff50c000000 ---p 00000000 00:00 0 
7ff50c000000-7ff50c021000 rw-p 00000000 00:00 0 
7ff50c021000-7ff510000000 ---p 00000000 00:00 0 
7ff510000000-7ff510163000 rw-p 00000000 00:00 0 
7ff510163000-7ff514000000 ---p 00000000 00:00 0 
7ff514000000-7ff5154d2000 rw-p 00000000 00:00 0 
7ff5154d2000-7ff518000000 ---p 00000000 00:00 0 
7ff518000000-7ff518021000 rw-p 00000000 00:00 0 
7ff518021000-7ff51c000000 ---p 00000000 00:00 0 
7ff51c000000-7ff51f445000 rw-p 00000000 00:00 0 
7ff51f445000-7ff520000000 ---p 00000000 00:00 0 
7ff520000000-7ff520021000 rw-p 00000000 00:00 0 
7ff520021000-7ff524000000 ---p 00000000 00:00 0 
7ff524000000-7ff524021000 rw-p 00000000 00:00 0 
7ff524021000-7ff528000000 ---p 00000000 00:00 0 
7ff528000000-7ff528f00000 rw-p 00000000 00:00 0 
7ff528f00000-7ff52c000000 ---p 00000000 00:00 0 
7ff52c000000-7ff52c021000 rw-p 00000000 00:00 0 
7ff52c021000-7ff530000000 ---p 00000000 00:00 0 
7ff530000000-7ff530081000 rw-p 00000000 00:00 0 
7ff530081000-7ff534000000 ---p 00000000 00:00 0 
7ff534000000-7ff534091000 rw-p 00000000 00:00 0 
7ff534091000-7ff538000000 ---p 00000000 00:00 0 
7ff538000000-7ff538021000 rw-p 00000000 00:00 0 
7ff538021000-7ff53c000000 ---p 00000000 00:00 0 
7ff53c000000-7ff53c0bf000 rw-p 00000000 00:00 0 
7ff53c0bf000-7ff540000000 ---p 00000000 00:00 0 
7ff540000000-7ff540082000 rw-p 00000000 00:00 0 
7ff540082000-7ff544000000 ---p 00000000 00:00 0 
7ff544000000-7ff544082000 rw-p 00000000 00:00 0 
7ff544082000-7ff548000000 ---p 00000000 00:00 0 
7ff548000000-7ff548021000 rw-p 00000000 00:00 0 
7ff548021000-7ff54c000000 ---p 00000000 00:00 0 
7ff54c000000-7ff54c021000 rw-p 00000000 00:00 0 
7ff54c021000-7ff550000000 ---p 00000000 00:00 0 
7ff550000000-7ff550021000 rw-p 00000000 00:00 0 
7ff550021000-7ff554000000 ---p 00000000 00:00 0 
7ff554000000-7ff554021000 rw-p 00000000 00:00 0 
7ff554021000-7ff558000000 ---p 00000000 00:00 0 
7ff558000000-7ff558021000 rw-p 00000000 00:00 0 
7ff558021000-7ff55c000000 ---p 00000000 00:00 0 
7ff55c000000-7ff55c021000 rw-p 00000000 00:00 0 
7ff55c021000-7ff560000000 ---p 00000000 00:00 0 
7ff560087000-7ff5602e4000 rw-p 00000000 00:00 0 
7ff560725000-7ff560726000 ---p 00000000 00:00 0 
7ff560726000-7ff56072d000 rw-p 00000000 00:00 0 
7ff56072d000-7ff56072e000 ---p 00000000 00:00 0 
7ff56072e000-7ff560735000 rw-p 00000000 00:00 0 
7ff560735000-7ff560736000 ---p 00000000 00:00 0 
7ff560736000-7ff56073d000 rw-p 00000000 00:00 0 
7ff56073d000-7ff56073e000 ---p 00000000 00:00 0 
7ff56073e000-7ff560745000 rw-p 00000000 00:00 0 
7ff560745000-7ff560746000 ---p 00000000 00:00 0 
7ff560746000-7ff560f46000 rw-p 00000000 00:00 0 
7ff560f46000-7ff560f47000 ---p 00000000 00:00 0 
7ff560f47000-7ff5618e3000 rw-p 00000000 00:00 0 
7ff5618e3000-7ff5618e7000 ---p 00000000 00:00 0 
7ff5618e7000-7ff5619e4000 rw-p 00000000 00:00 0 
7ff5619e4000-7ff5619e8000 ---p 00000000 00:00 0 
7ff5619e8000-7ff561ae5000 rw-p 00000000 00:00 0 
7ff561ae5000-7ff561cb8000 r--p 00000000 fd:00 3145780                    /tmp/librocksdbjni5674842701598681518.so
7ff561cb8000-7ff56230f000 r-xp 001d3000 fd:00 3145780                    /tmp/librocksdbjni5674842701598681518.so
7ff56230f000-7ff56241c000 r--p 0082a000 fd:00 3145780                    /tmp/librocksdbjni5674842701598681518.so
7ff56241c000-7ff562434000 r--p 00936000 fd:00 3145780                    /tmp/librocksdbjni5674842701598681518.so
7ff562434000-7ff562440000 rw-p 0094e000 fd:00 3145780                    /tmp/librocksdbjni5674842701598681518.so
7ff562440000-7ff56248c000 rw-p 00000000 00:00 0 
7ff56248c000-7ff562490000 ---p 00000000 00:00 0 
7ff562490000-7ff5624ae000 rw-p 00000000 00:00 0 
7ff5624ae000-7ff5624b2000 r--p 00000000 fd:00 7086119                    /usr/lib/x86_64-linux-gnu/libzstd.so.1.4.4
7ff5624b2000-7ff562544000 r-xp 00004000 fd:00 7086119                    /usr/lib/x86_64-linux-gnu/libzstd.so.1.4.4
7ff562544000-7ff562555000 r--p 00096000 fd:00 7086119                    /usr/lib/x86_64-linux-gnu/libzstd.so.1.4.4
7ff562555000-7ff562556000 r--p 000a6000 fd:00 7086119                    /usr/lib/x86_64-linux-gnu/libzstd.so.1.4.4
7ff562556000-7ff562557000 rw-p 000a7000 fd:00 7086119                    /usr/lib/x86_64-linux-gnu/libzstd.so.1.4.4
7ff562557000-7ff56255b000 ---p 00000000 00:00 0 
7ff56255b000-7ff562689000 rw-p 00000000 00:00 0 
7ff562689000-7ff56268d000 ---p 00000000 00:00 0 
7ff56268d000-7ff56278a000 rw-p 00000000 00:00 0 
7ff56278a000-7ff56278b000 ---p 00000000 00:00 0 
7ff56278b000-7ff56288c000 rw-p 00000000 00:00 0 
7ff56288c000-7ff562890000 ---p 00000000 00:00 0 
7ff562890000-7ff56298d000 rw-p 00000000 00:00 0 
7ff56298d000-7ff562991000 ---p 00000000 00:00 0 
7ff562991000-7ff562a8e000 rw-p 00000000 00:00 0 
7ff562a8e000-7ff562a92000 ---p 00000000 00:00 0 
7ff562a92000-7ff562b8f000 rw-p 00000000 00:00 0 
7ff562b8f000-7ff562b93000 ---p 00000000 00:00 0 
7ff562b93000-7ff562c90000 rw-p 00000000 00:00 0 
7ff562c90000-7ff562c94000 ---p 00000000 00:00 0 
7ff562c94000-7ff562d91000 rw-p 00000000 00:00 0 
7ff562d91000-7ff562d95000 ---p 00000000 00:00 0 
7ff562d95000-7ff562e92000 rw-p 00000000 00:00 0 
7ff562e92000-7ff562e96000 ---p 00000000 00:00 0 
7ff562e96000-7ff562f93000 rw-p 00000000 00:00 0 
7ff562f93000-7ff562f97000 ---p 00000000 00:00 0 
7ff562f97000-7ff563094000 rw-p 00000000 00:00 0 
7ff563094000-7ff563098000 ---p 00000000 00:00 0 
7ff563098000-7ff563195000 rw-p 00000000 00:00 0 
7ff563195000-7ff56347b000 r--p 00000000 fd:00 7081580                    /usr/lib/locale/locale-archive
7ff56347b000-7ff56347f000 ---p 00000000 00:00 0 
7ff56347f000-7ff56357c000 rw-p 00000000 00:00 0 
7ff56357c000-7ff563580000 ---p 00000000 00:00 0 
7ff563580000-7ff56367d000 rw-p 00000000 00:00 0 
7ff56367d000-7ff56367e000 ---p 00000000 00:00 0 
7ff56367e000-7ff563d40000 rw-p 00000000 00:00 0 
7ff563d40000-7ff564000000 ---p 00000000 00:00 0 
7ff564000000-7ff564021000 rw-p 00000000 00:00 0 
7ff564021000-7ff568000000 ---p 00000000 00:00 0 
7ff568000000-7ff568021000 rw-p 00000000 00:00 0 
7ff568021000-7ff56c000000 ---p 00000000 00:00 0 
7ff56c000000-7ff56c021000 rw-p 00000000 00:00 0 
7ff56c021000-7ff570000000 ---p 00000000 00:00 0 
7ff570001000-7ff570003000 r--p 00000000 fd:00 7084550                    /usr/lib/x86_64-linux-gnu/liblz4.so.1.9.2
7ff570003000-7ff57001d000 r-xp 00002000 fd:00 7084550                    /usr/lib/x86_64-linux-gnu/liblz4.so.1.9.2
7ff57001d000-7ff570020000 r--p 0001c000 fd:00 7084550                    /usr/lib/x86_64-linux-gnu/liblz4.so.1.9.2
7ff570020000-7ff570021000 r--p 0001e000 fd:00 7084550                    /usr/lib/x86_64-linux-gnu/liblz4.so.1.9.2
7ff570021000-7ff570022000 rw-p 0001f000 fd:00 7084550                    /usr/lib/x86_64-linux-gnu/liblz4.so.1.9.2
7ff570022000-7ff570026000 r--p 00000000 fd:00 10620244                   /usr/lib/jvm/java-11-openjdk-amd64/lib/libnet.so
7ff570026000-7ff570035000 r-xp 00004000 fd:00 10620244                   /usr/lib/jvm/java-11-openjdk-amd64/lib/libnet.so
7ff570035000-7ff570039000 r--p 00013000 fd:00 10620244                   /usr/lib/jvm/java-11-openjdk-amd64/lib/libnet.so
7ff570039000-7ff57003a000 r--p 00016000 fd:00 10620244                   /usr/lib/jvm/java-11-openjdk-amd64/lib/libnet.so
7ff57003a000-7ff57003b000 rw-p 00017000 fd:00 10620244                   /usr/lib/jvm/java-11-openjdk-amd64/lib/libnet.so
7ff57003b000-7ff57003c000 ---p 00000000 00:00 0 
7ff57003c000-7ff57013d000 rw-p 00000000 00:00 0 
7ff57013d000-7ff57013e000 ---p 00000000 00:00 0 
7ff57013e000-7ff573b08000 rw-p 00000000 00:00 0 
7ff573b08000-7ff581668000 ---p 00000000 00:00 0 
7ff581668000-7ff581688000 rw-p 00000000 00:00 0 
7ff581688000-7ff582688000 ---p 00000000 00:00 0 
7ff582688000-7ff583648000 rw-p 00000000 00:00 0 
7ff583648000-7ff5911a8000 ---p 00000000 00:00 0 
7ff5911a8000-7ff5911c8000 rw-p 00000000 00:00 0 
7ff5911c8000-7ff5921c8000 ---p 00000000 00:00 0 
7ff5921c8000-7ff5923c0000 rw-p 00000000 00:00 0 
7ff5923c0000-7ff593f2c000 ---p 00000000 00:00 0 
7ff593f2c000-7ff593f30000 rw-p 00000000 00:00 0 
7ff593f30000-7ff594130000 ---p 00000000 00:00 0 
7ff594130000-7ff594328000 rw-p 00000000 00:00 0 
7ff594328000-7ff595e94000 ---p 00000000 00:00 0 
7ff595e94000-7ff595e98000 rw-p 00000000 00:00 0 
7ff595e98000-7ff596098000 ---p 00000000 00:00 0 
7ff596098000-7ff596290000 rw-p 00000000 00:00 0 
7ff596290000-7ff597dfc000 ---p 00000000 00:00 0 
7ff597dfc000-7ff597e00000 rw-p 00000000 00:00 0 
7ff597e00000-7ff598000000 ---p 00000000 00:00 0 
7ff598000000-7ff598021000 rw-p 00000000 00:00 0 
7ff598021000-7ff59c000000 ---p 00000000 00:00 0 
7ff59c005000-7ff59c006000 ---p 00000000 00:00 0 
7ff59c006000-7ff59c00d000 rw-p 00000000 00:00 0 
7ff59c00d000-7ff59c00e000 ---p 00000000 00:00 0 
7ff59c00e000-7ff59c878000 rw-p 00000000 00:00 0 
7ff59c878000-7ff59cbc8000 rwxp 00000000 00:00 0 
7ff59cbc8000-7ff59d046000 ---p 00000000 00:00 0 
7ff59d046000-7ff59d2b6000 rwxp 00000000 00:00 0 
7ff59d2b6000-7ff5a445f000 ---p 00000000 00:00 0 
7ff5a445f000-7ff5a46cf000 rwxp 00000000 00:00 0 
7ff5a46cf000-7ff5ab878000 ---p 00000000 00:00 0 
7ff5ab878000-7ff5b4000000 r--s 00000000 fd:00 10620259                   /usr/lib/jvm/java-11-openjdk-amd64/lib/modules
7ff5b4000000-7ff5b445f000 rw-p 00000000 00:00 0 
7ff5b445f000-7ff5b8000000 ---p 00000000 00:00 0 
7ff5b8006000-7ff5b8009000 r--p 00000000 fd:00 7083394                    /usr/lib/x86_64-linux-gnu/libsnappy.so.1.1.8
7ff5b8009000-7ff5b800d000 r-xp 00003000 fd:00 7083394                    /usr/lib/x86_64-linux-gnu/libsnappy.so.1.1.8
7ff5b800d000-7ff5b800f000 r--p 00007000 fd:00 7083394                    /usr/lib/x86_64-linux-gnu/libsnappy.so.1.1.8
7ff5b800f000-7ff5b8010000 r--p 00008000 fd:00 7083394                    /usr/lib/x86_64-linux-gnu/libsnappy.so.1.1.8
7ff5b8010000-7ff5b8011000 rw-p 00009000 fd:00 7083394                    /usr/lib/x86_64-linux-gnu/libsnappy.so.1.1.8
7ff5b8011000-7ff5b8018000 r--p 00000000 fd:00 10620245                   /usr/lib/jvm/java-11-openjdk-amd64/lib/libnio.so
7ff5b8018000-7ff5b8020000 r-xp 00007000 fd:00 10620245                   /usr/lib/jvm/java-11-openjdk-amd64/lib/libnio.so
7ff5b8020000-7ff5b8023000 r--p 0000f000 fd:00 10620245                   /usr/lib/jvm/java-11-openjdk-amd64/lib/libnio.so
7ff5b8023000-7ff5b8024000 r--p 00011000 fd:00 10620245                   /usr/lib/jvm/java-11-openjdk-amd64/lib/libnio.so
7ff5b8024000-7ff5b8025000 rw-p 00012000 fd:00 10620245                   /usr/lib/jvm/java-11-openjdk-amd64/lib/libnio.so
7ff5b8025000-7ff5b8695000 rw-p 00000000 00:00 0 
7ff5b8695000-7ff5b8696000 ---p 00000000 00:00 0 
7ff5b8696000-7ff5b8797000 rw-p 00000000 00:00 0 
7ff5b8797000-7ff5b8798000 ---p 00000000 00:00 0 
7ff5b8798000-7ff5ba2ab000 rw-p 00000000 00:00 0 
7ff5ba2ab000-7ff5ba2ac000 ---p 00000000 00:00 0 
7ff5ba2ac000-7ff5ba3b2000 rw-p 00000000 00:00 0 
7ff5ba3b2000-7ff5ba496000 ---p 00000000 00:00 0 
7ff5ba496000-7ff5ba49b000 rw-p 00000000 00:00 0 
7ff5ba49b000-7ff5ba57f000 ---p 00000000 00:00 0 
7ff5ba57f000-7ff5ba586000 rw-p 00000000 00:00 0 
7ff5ba586000-7ff5ba58f000 ---p 00000000 00:00 0 
7ff5ba58f000-7ff5ba591000 r--p 00000000 fd:00 10620258                   /usr/lib/jvm/java-11-openjdk-amd64/lib/libzip.so
7ff5ba591000-7ff5ba595000 r-xp 00002000 fd:00 10620258                   /usr/lib/jvm/java-11-openjdk-amd64/lib/libzip.so
7ff5ba595000-7ff5ba597000 r--p 00006000 fd:00 10620258                   /usr/lib/jvm/java-11-openjdk-amd64/lib/libzip.so
7ff5ba597000-7ff5ba598000 r--p 00007000 fd:00 10620258                   /usr/lib/jvm/java-11-openjdk-amd64/lib/libzip.so
7ff5ba598000-7ff5ba599000 rw-p 00008000 fd:00 10620258                   /usr/lib/jvm/java-11-openjdk-amd64/lib/libzip.so
7ff5ba599000-7ff5ba59c000 r--p 00000000 fd:00 7087226                    /usr/lib/x86_64-linux-gnu/libnss_files-2.31.so
7ff5ba59c000-7ff5ba5a3000 r-xp 00003000 fd:00 7087226                    /usr/lib/x86_64-linux-gnu/libnss_files-2.31.so
7ff5ba5a3000-7ff5ba5a5000 r--p 0000a000 fd:00 7087226                    /usr/lib/x86_64-linux-gnu/libnss_files-2.31.so
7ff5ba5a5000-7ff5ba5a6000 r--p 0000b000 fd:00 7087226                    /usr/lib/x86_64-linux-gnu/libnss_files-2.31.so
7ff5ba5a6000-7ff5ba5a7000 rw-p 0000c000 fd:00 7087226                    /usr/lib/x86_64-linux-gnu/libnss_files-2.31.so
7ff5ba5a7000-7ff5ba5ad000 rw-p 00000000 00:00 0 
7ff5ba5b3000-7ff5ba5bb000 rw-s 00000000 fd:00 3145756                    /tmp/hsperfdata_root/3548239
7ff5ba5bb000-7ff5ba5c9000 r--p 00000000 fd:00 10620229                   /usr/lib/jvm/java-11-openjdk-amd64/lib/libjava.so
7ff5ba5c9000-7ff5ba5df000 r-xp 0000e000 fd:00 10620229                   /usr/lib/jvm/java-11-openjdk-amd64/lib/libjava.so
7ff5ba5df000-7ff5ba5e6000 r--p 00024000 fd:00 10620229                   /usr/lib/jvm/java-11-openjdk-amd64/lib/libjava.so
7ff5ba5e6000-7ff5ba5e7000 r--p 0002a000 fd:00 10620229                   /usr/lib/jvm/java-11-openjdk-amd64/lib/libjava.so
7ff5ba5e7000-7ff5ba5e8000 rw-p 0002b000 fd:00 10620229                   /usr/lib/jvm/java-11-openjdk-amd64/lib/libjava.so
7ff5ba5e8000-7ff5ba5e9000 rw-p 00000000 00:00 0 
7ff5ba5e9000-7ff5ba5ee000 r--p 00000000 fd:00 10620257                   /usr/lib/jvm/java-11-openjdk-amd64/lib/libverify.so
7ff5ba5ee000-7ff5ba5f5000 r-xp 00005000 fd:00 10620257                   /usr/lib/jvm/java-11-openjdk-amd64/lib/libverify.so
7ff5ba5f5000-7ff5ba5f7000 r--p 0000c000 fd:00 10620257                   /usr/lib/jvm/java-11-openjdk-amd64/lib/libverify.so
7ff5ba5f7000-7ff5ba5f8000 ---p 0000e000 fd:00 10620257                   /usr/lib/jvm/java-11-openjdk-amd64/lib/libverify.so
7ff5ba5f8000-7ff5ba5fa000 r--p 0000e000 fd:00 10620257                   /usr/lib/jvm/java-11-openjdk-amd64/lib/libverify.so
7ff5ba5fa000-7ff5ba5fb000 rw-p 00010000 fd:00 10620257                   /usr/lib/jvm/java-11-openjdk-amd64/lib/libverify.so
7ff5ba5fb000-7ff5ba5fe000 r--p 00000000 fd:00 7087233                    /usr/lib/x86_64-linux-gnu/librt-2.31.so
7ff5ba5fe000-7ff5ba602000 r-xp 00003000 fd:00 7087233                    /usr/lib/x86_64-linux-gnu/librt-2.31.so
7ff5ba602000-7ff5ba603000 r--p 00007000 fd:00 7087233                    /usr/lib/x86_64-linux-gnu/librt-2.31.so
7ff5ba603000-7ff5ba604000 ---p 00008000 fd:00 7087233                    /usr/lib/x86_64-linux-gnu/librt-2.31.so
7ff5ba604000-7ff5ba605000 r--p 00008000 fd:00 7087233                    /usr/lib/x86_64-linux-gnu/librt-2.31.so
7ff5ba605000-7ff5ba606000 rw-p 00009000 fd:00 7087233                    /usr/lib/x86_64-linux-gnu/librt-2.31.so
7ff5ba606000-7ff5ba60a000 ---p 00000000 00:00 0 
7ff5ba60a000-7ff5ba707000 rw-p 00000000 00:00 0 
7ff5ba707000-7ff5ba70a000 r--p 00000000 fd:00 7080845                    /usr/lib/x86_64-linux-gnu/libgcc_s.so.1
7ff5ba70a000-7ff5ba71c000 r-xp 00003000 fd:00 7080845                    /usr/lib/x86_64-linux-gnu/libgcc_s.so.1
7ff5ba71c000-7ff5ba720000 r--p 00015000 fd:00 7080845                    /usr/lib/x86_64-linux-gnu/libgcc_s.so.1
7ff5ba720000-7ff5ba721000 r--p 00018000 fd:00 7080845                    /usr/lib/x86_64-linux-gnu/libgcc_s.so.1
7ff5ba721000-7ff5ba722000 rw-p 00019000 fd:00 7080845                    /usr/lib/x86_64-linux-gnu/libgcc_s.so.1
7ff5ba722000-7ff5ba731000 r--p 00000000 fd:00 7087220                    /usr/lib/x86_64-linux-gnu/libm-2.31.so
7ff5ba731000-7ff5ba7d8000 r-xp 0000f000 fd:00 7087220                    /usr/lib/x86_64-linux-gnu/libm-2.31.so
7ff5ba7d8000-7ff5ba86f000 r--p 000b6000 fd:00 7087220                    /usr/lib/x86_64-linux-gnu/libm-2.31.so
7ff5ba86f000-7ff5ba870000 r--p 0014c000 fd:00 7087220                    /usr/lib/x86_64-linux-gnu/libm-2.31.so
7ff5ba870000-7ff5ba871000 rw-p 0014d000 fd:00 7087220                    /usr/lib/x86_64-linux-gnu/libm-2.31.so
7ff5ba871000-7ff5ba907000 r--p 00000000 fd:00 7080831                    /usr/lib/x86_64-linux-gnu/libstdc++.so.6.0.28
7ff5ba907000-7ff5ba9f8000 r-xp 00096000 fd:00 7080831                    /usr/lib/x86_64-linux-gnu/libstdc++.so.6.0.28
7ff5ba9f8000-7ff5baa41000 r--p 00187000 fd:00 7080831                    /usr/lib/x86_64-linux-gnu/libstdc++.so.6.0.28
7ff5baa41000-7ff5baa42000 ---p 001d0000 fd:00 7080831                    /usr/lib/x86_64-linux-gnu/libstdc++.so.6.0.28
7ff5baa42000-7ff5baa4d000 r--p 001d0000 fd:00 7080831                    /usr/lib/x86_64-linux-gnu/libstdc++.so.6.0.28
7ff5baa4d000-7ff5baa50000 rw-p 001db000 fd:00 7080831                    /usr/lib/x86_64-linux-gnu/libstdc++.so.6.0.28
7ff5baa50000-7ff5baa53000 rw-p 00000000 00:00 0 
7ff5baa53000-7ff5baccd000 r--p 00000000 fd:00 10620262                   /usr/lib/jvm/java-11-openjdk-amd64/lib/server/libjvm.so
7ff5baccd000-7ff5bb952000 r-xp 0027a000 fd:00 10620262                   /usr/lib/jvm/java-11-openjdk-amd64/lib/server/libjvm.so
7ff5bb952000-7ff5bbba9000 r--p 00eff000 fd:00 10620262                   /usr/lib/jvm/java-11-openjdk-amd64/lib/server/libjvm.so
7ff5bbba9000-7ff5bbc6a000 r--p 01155000 fd:00 10620262                   /usr/lib/jvm/java-11-openjdk-amd64/lib/server/libjvm.so
7ff5bbc6a000-7ff5bbca5000 rw-p 01216000 fd:00 10620262                   /usr/lib/jvm/java-11-openjdk-amd64/lib/server/libjvm.so
7ff5bbca5000-7ff5bbcfe000 rw-p 00000000 00:00 0 
7ff5bbcfe000-7ff5bbd05000 r--p 00000000 fd:00 7087231                    /usr/lib/x86_64-linux-gnu/libpthread-2.31.so
7ff5bbd05000-7ff5bbd16000 r-xp 00007000 fd:00 7087231                    /usr/lib/x86_64-linux-gnu/libpthread-2.31.so
7ff5bbd16000-7ff5bbd1b000 r--p 00018000 fd:00 7087231                    /usr/lib/x86_64-linux-gnu/libpthread-2.31.so
7ff5bbd1b000-7ff5bbd1c000 r--p 0001c000 fd:00 7087231                    /usr/lib/x86_64-linux-gnu/libpthread-2.31.so
7ff5bbd1c000-7ff5bbd1d000 rw-p 0001d000 fd:00 7087231                    /usr/lib/x86_64-linux-gnu/libpthread-2.31.so
7ff5bbd1d000-7ff5bbd21000 rw-p 00000000 00:00 0 
7ff5bbd21000-7ff5bbd22000 r--p 00000000 fd:00 7087219                    /usr/lib/x86_64-linux-gnu/libdl-2.31.so
7ff5bbd22000-7ff5bbd24000 r-xp 00001000 fd:00 7087219                    /usr/lib/x86_64-linux-gnu/libdl-2.31.so
7ff5bbd24000-7ff5bbd25000 r--p 00003000 fd:00 7087219                    /usr/lib/x86_64-linux-gnu/libdl-2.31.so
7ff5bbd25000-7ff5bbd26000 r--p 00003000 fd:00 7087219                    /usr/lib/x86_64-linux-gnu/libdl-2.31.so
7ff5bbd26000-7ff5bbd27000 rw-p 00004000 fd:00 7087219                    /usr/lib/x86_64-linux-gnu/libdl-2.31.so
7ff5bbd27000-7ff5bbd29000 r--p 00000000 fd:00 7083404                    /usr/lib/x86_64-linux-gnu/libz.so.1.2.11
7ff5bbd29000-7ff5bbd3a000 r-xp 00002000 fd:00 7083404                    /usr/lib/x86_64-linux-gnu/libz.so.1.2.11
7ff5bbd3a000-7ff5bbd40000 r--p 00013000 fd:00 7083404                    /usr/lib/x86_64-linux-gnu/libz.so.1.2.11
7ff5bbd40000-7ff5bbd41000 ---p 00019000 fd:00 7083404                    /usr/lib/x86_64-linux-gnu/libz.so.1.2.11
7ff5bbd41000-7ff5bbd42000 r--p 00019000 fd:00 7083404                    /usr/lib/x86_64-linux-gnu/libz.so.1.2.11
7ff5bbd42000-7ff5bbd43000 rw-p 0001a000 fd:00 7083404                    /usr/lib/x86_64-linux-gnu/libz.so.1.2.11
7ff5bbd43000-7ff5bbd68000 r--p 00000000 fd:00 7087207                    /usr/lib/x86_64-linux-gnu/libc-2.31.so
7ff5bbd68000-7ff5bbee0000 r-xp 00025000 fd:00 7087207                    /usr/lib/x86_64-linux-gnu/libc-2.31.so
7ff5bbee0000-7ff5bbf2a000 r--p 0019d000 fd:00 7087207                    /usr/lib/x86_64-linux-gnu/libc-2.31.so
7ff5bbf2a000-7ff5bbf2b000 ---p 001e7000 fd:00 7087207                    /usr/lib/x86_64-linux-gnu/libc-2.31.so
7ff5bbf2b000-7ff5bbf2e000 r--p 001e7000 fd:00 7087207                    /usr/lib/x86_64-linux-gnu/libc-2.31.so
7ff5bbf2e000-7ff5bbf31000 rw-p 001ea000 fd:00 7087207                    /usr/lib/x86_64-linux-gnu/libc-2.31.so
7ff5bbf31000-7ff5bbf35000 rw-p 00000000 00:00 0 
7ff5bbf36000-7ff5bbf38000 r--s 0000c000 fd:00 7349190                    /usr/share/java/java-atk-wrapper.jar
7ff5bbf38000-7ff5bbf39000 ---p 00000000 00:00 0 
7ff5bbf39000-7ff5bbf3a000 r--p 00000000 00:00 0 
7ff5bbf3a000-7ff5bbf3c000 r--p 00000000 fd:00 10620236                   /usr/lib/jvm/java-11-openjdk-amd64/lib/libjimage.so
7ff5bbf3c000-7ff5bbf3f000 r-xp 00002000 fd:00 10620236                   /usr/lib/jvm/java-11-openjdk-amd64/lib/libjimage.so
7ff5bbf3f000-7ff5bbf40000 r--p 00005000 fd:00 10620236                   /usr/lib/jvm/java-11-openjdk-amd64/lib/libjimage.so
7ff5bbf40000-7ff5bbf41000 ---p 00006000 fd:00 10620236                   /usr/lib/jvm/java-11-openjdk-amd64/lib/libjimage.so
7ff5bbf41000-7ff5bbf42000 r--p 00006000 fd:00 10620236                   /usr/lib/jvm/java-11-openjdk-amd64/lib/libjimage.so
7ff5bbf42000-7ff5bbf43000 rw-p 00007000 fd:00 10620236                   /usr/lib/jvm/java-11-openjdk-amd64/lib/libjimage.so
7ff5bbf43000-7ff5bbf46000 r--p 00000000 fd:00 10620214                   /usr/lib/jvm/java-11-openjdk-amd64/lib/jli/libjli.so
7ff5bbf46000-7ff5bbf50000 r-xp 00003000 fd:00 10620214                   /usr/lib/jvm/java-11-openjdk-amd64/lib/jli/libjli.so
7ff5bbf50000-7ff5bbf53000 r--p 0000d000 fd:00 10620214                   /usr/lib/jvm/java-11-openjdk-amd64/lib/jli/libjli.so
7ff5bbf53000-7ff5bbf54000 ---p 00010000 fd:00 10620214                   /usr/lib/jvm/java-11-openjdk-amd64/lib/jli/libjli.so
7ff5bbf54000-7ff5bbf55000 r--p 00010000 fd:00 10620214                   /usr/lib/jvm/java-11-openjdk-amd64/lib/jli/libjli.so
7ff5bbf55000-7ff5bbf56000 rw-p 00011000 fd:00 10620214                   /usr/lib/jvm/java-11-openjdk-amd64/lib/jli/libjli.so
7ff5bbf56000-7ff5bbf58000 rw-p 00000000 00:00 0 
7ff5bbf58000-7ff5bbf59000 r--p 00000000 fd:00 7087203                    /usr/lib/x86_64-linux-gnu/ld-2.31.so
7ff5bbf59000-7ff5bbf7c000 r-xp 00001000 fd:00 7087203                    /usr/lib/x86_64-linux-gnu/ld-2.31.so
7ff5bbf7c000-7ff5bbf84000 r--p 00024000 fd:00 7087203                    /usr/lib/x86_64-linux-gnu/ld-2.31.so
7ff5bbf85000-7ff5bbf86000 r--p 0002c000 fd:00 7087203                    /usr/lib/x86_64-linux-gnu/ld-2.31.so
7ff5bbf86000-7ff5bbf87000 rw-p 0002d000 fd:00 7087203                    /usr/lib/x86_64-linux-gnu/ld-2.31.so
7ff5bbf87000-7ff5bbf88000 rw-p 00000000 00:00 0 
7fff937d6000-7fff937f7000 rw-p 00000000 00:00 0                          [stack]
7fff937fc000-7fff937ff000 r--p 00000000 00:00 0                          [vvar]
7fff937ff000-7fff93800000 r-xp 00000000 00:00 0                          [vdso]
ffffffffff600000-ffffffffff601000 --xp 00000000 00:00 0                  [vsyscall]


VM Arguments:
java_command: site.ycsb.Client -t -db site.ycsb.db.rocksdb.RocksDBClient -s -P workloads/workloada -p exportfile=/home/mldb01/hdd_folder/db_log/ycsb-status-a.output -threads 2 -p rocksdb.dir=/home/mldb01/work/db_log/YCSB -s -p status.interval=1 -p zeropadding=20
java_class_path (initial): /home/mldb01/hdd_folder/YCSB/conf:/home/mldb01/hdd_folder/YCSB/core/target/core-0.18.0-SNAPSHOT.jar:/home/mldb01/hdd_folder/YCSB/rocksdb/target/rocksdb-binding-0.18.0-SNAPSHOT.jar:/home/mldb01/hdd_folder/YCSB/rocksdb/target/dependency/HdrHistogram-2.1.4.jar:/home/mldb01/hdd_folder/YCSB/rocksdb/target/dependency/htrace-core4-4.1.0-incubating.jar:/home/mldb01/hdd_folder/YCSB/rocksdb/target/dependency/jcip-annotations-1.0.jar:/home/mldb01/hdd_folder/YCSB/rocksdb/target/dependency/rocksdbjni-6.19.0.jar:/home/mldb01/hdd_folder/YCSB/rocksdb/target/dependency/slf4j-api-1.7.25.jar:/home/mldb01/hdd_folder/YCSB/rocksdb/target/dependency/slf4j-simple-1.7.25.jar
Launcher Type: SUN_STANDARD

[Global flags]
     intx CICompilerCount                          = 15                                        {product} {ergonomic}
     uint ConcGCThreads                            = 6                                         {product} {ergonomic}
     uint G1ConcRefinementThreads                  = 23                                        {product} {ergonomic}
   size_t G1HeapRegionSize                         = 4194304                                   {product} {ergonomic}
    uintx GCDrainStackTargetSize                   = 64                                        {product} {ergonomic}
   size_t InitialHeapSize                          = 1056964608                                {product} {ergonomic}
   size_t MarkStackSize                            = 4194304                                   {product} {ergonomic}
   size_t MaxHeapSize                              = 16861102080                               {product} {ergonomic}
   size_t MaxNewSize                               = 10116661248                               {product} {ergonomic}
   size_t MinHeapDeltaBytes                        = 4194304                                   {product} {ergonomic}
    uintx NonNMethodCodeHeapSize                   = 8182140                                {pd product} {ergonomic}
    uintx NonProfiledCodeHeapSize                  = 121738050                              {pd product} {ergonomic}
    uintx ProfiledCodeHeapSize                     = 121738050                              {pd product} {ergonomic}
    uintx ReservedCodeCacheSize                    = 251658240                              {pd product} {ergonomic}
     bool SegmentedCodeCache                       = true                                      {product} {ergonomic}
     bool UseCompressedClassPointers               = true                                 {lp64_product} {ergonomic}
     bool UseCompressedOops                        = true                                 {lp64_product} {ergonomic}
     bool UseG1GC                                  = true                                      {product} {ergonomic}

Logging:
Log output configuration:
 #0: stdout all=warning uptime,level,tags
 #1: stderr all=off uptime,level,tags

Environment Variables:
PATH=/usr/local/sbin:/usr/local/bin:/usr/sbin:/usr/bin:/sbin:/bin:/usr/games:/usr/local/games:/snap/bin
SHELL=/bin/bash
LANG=en_US.UTF-8

Signal Handlers:
SIGSEGV: [libjvm.so+0xe8ba00], sa_mask[0]=11111111011111111101111111111110, sa_flags=SA_RESTART|SA_SIGINFO
SIGBUS: [libjvm.so+0xe8ba00], sa_mask[0]=11111111011111111101111111111110, sa_flags=SA_RESTART|SA_SIGINFO
SIGFPE: [libjvm.so+0xe8ba00], sa_mask[0]=11111111011111111101111111111110, sa_flags=SA_RESTART|SA_SIGINFO
SIGPIPE: [libjvm.so+0xbd10f0], sa_mask[0]=11111111011111111101111111111110, sa_flags=SA_RESTART|SA_SIGINFO
SIGXFSZ: [libjvm.so+0xbd10f0], sa_mask[0]=11111111011111111101111111111110, sa_flags=SA_RESTART|SA_SIGINFO
SIGILL: [libjvm.so+0xe8ba00], sa_mask[0]=11111111011111111101111111111110, sa_flags=SA_RESTART|SA_SIGINFO
SIGUSR2: [libjvm.so+0xbd0f90], sa_mask[0]=00000000000000000000000000000000, sa_flags=SA_RESTART|SA_SIGINFO
SIGHUP: [libjvm.so+0xbd1430], sa_mask[0]=11111111011111111101111111111110, sa_flags=SA_RESTART|SA_SIGINFO
SIGINT: [libjvm.so+0xbd1430], sa_mask[0]=11111111011111111101111111111110, sa_flags=SA_RESTART|SA_SIGINFO
SIGTERM: [libjvm.so+0xbd1430], sa_mask[0]=11111111011111111101111111111110, sa_flags=SA_RESTART|SA_SIGINFO
SIGQUIT: [libjvm.so+0xbd1430], sa_mask[0]=11111111011111111101111111111110, sa_flags=SA_RESTART|SA_SIGINFO


---------------  S Y S T E M  ---------------

OS:DISTRIB_ID=Ubuntu
DISTRIB_RELEASE=20.04
DISTRIB_CODENAME=focal
DISTRIB_DESCRIPTION="Ubuntu 20.04.1 LTS"
uname:Linux 5.4.0-73-generic #82-Ubuntu SMP Wed Apr 14 17:39:42 UTC 2021 x86_64
OS uptime: 73 days 15:15 hours
libc:glibc 2.31 NPTL 2.31 
rlimit (soft/hard): STACK 8192k/infinity , CORE 0k/infinity , NPROC 256930/256930 , NOFILE 1048576/1048576 , AS infinity/infinity , CPU infinity/infinity , DATA infinity/infinity , FSIZE infinity/infinity , MEMLOCK 65536k/65536k
load average:1.91 0.93 0.43

/proc/meminfo:
MemTotal:       65862924 kB
MemFree:        53115576 kB
MemAvailable:   52910756 kB
Buffers:            5480 kB
Cached:         11177484 kB
SwapCached:       243584 kB
Active:           185304 kB
Inactive:       11405976 kB
Active(anon):     171904 kB
Inactive(anon): 11331204 kB
Active(file):      13400 kB
Inactive(file):    74772 kB
Unevictable:       18584 kB
Mlocked:           18584 kB
SwapTotal:       8388604 kB
SwapFree:        4778824 kB
Dirty:             11144 kB
Writeback:             0 kB
AnonPages:        189320 kB
Mapped:            69380 kB
Shmem:          11086512 kB
KReclaimable:     218528 kB
Slab:             559040 kB
SReclaimable:     218528 kB
SUnreclaim:       340512 kB
KernelStack:        9744 kB
PageTables:         3424 kB
NFS_Unstable:          0 kB
Bounce:                0 kB
WritebackTmp:          0 kB
CommitLimit:    41320064 kB
Committed_AS:   16816892 kB
VmallocTotal:   34359738367 kB
VmallocUsed:      142320 kB
VmallocChunk:          0 kB
Percpu:            32512 kB
HardwareCorrupted:     0 kB
AnonHugePages:         0 kB
ShmemHugePages:        0 kB
ShmemPmdMapped:        0 kB
FileHugePages:         0 kB
FilePmdMapped:         0 kB
CmaTotal:              0 kB
CmaFree:               0 kB
HugePages_Total:       0
HugePages_Free:        0
HugePages_Rsvd:        0
HugePages_Surp:        0
Hugepagesize:       2048 kB
Hugetlb:               0 kB
DirectMap4k:      538320 kB
DirectMap2M:    25577472 kB
DirectMap1G:    42991616 kB

/sys/kernel/mm/transparent_hugepage/enabled:
always [madvise] never
/sys/kernel/mm/transparent_hugepage/defrag (defrag/compaction efforts parameter):
always defer defer+madvise [madvise] never

Process Memory:
Virtual Size: 22900432K (peak: 28474584K)
Resident Set Size: 188940K (peak: 201260K) (anon: 155132K, file: 33808K, shmem: 0K)
Swapped out: 0K
C-Heap outstanding allocations: 89926K

/proc/sys/kernel/threads-max (system-wide limit on the number of threads):
513860
/proc/sys/vm/max_map_count (maximum number of memory map areas a process may have):
65530
/proc/sys/kernel/pid_max (system-wide limit on number of process identifiers):
4194304

container (cgroup) information:
container_type: cgroupv1
cpu_cpuset_cpus: 0-31
cpu_memory_nodes: 0-1
active_processor_count: 32
cpu_quota: -1
cpu_period: 100000
cpu_shares: -1
memory_limit_in_bytes: -1
memory_and_swap_limit_in_bytes: -2
memory_soft_limit_in_bytes: -1
memory_usage_in_bytes: 11964796928
memory_max_usage_in_bytes: 66232139776

Steal ticks since vm start: 0
Steal ticks percentage since vm start:  0.000

CPU:total 32 (initial active 32) (8 cores per cpu, 2 threads per core) family 6 model 63 stepping 2 microcode 0x44, cmov, cx8, fxsr, mmx, sse, sse2, sse3, ssse3, sse4.1, sse4.2, popcnt, avx, avx2, aes, clmul, erms, lzcnt, ht, tsc, tscinvbit, bmi1, bmi2, fma
CPU Model and flags from /proc/cpuinfo:
model name	: Intel(R) Xeon(R) CPU E5-2640 v3 @ 2.60GHz
flags		: fpu vme de pse tsc msr pae mce cx8 apic sep mtrr pge mca cmov pat pse36 clflush dts acpi mmx fxsr sse sse2 ss ht tm pbe syscall nx pdpe1gb rdtscp lm constant_tsc arch_perfmon pebs bts rep_good nopl xtopology nonstop_tsc cpuid aperfmperf pni pclmulqdq dtes64 monitor ds_cpl vmx smx est tm2 ssse3 sdbg fma cx16 xtpr pdcm pcid dca sse4_1 sse4_2 x2apic movbe popcnt tsc_deadline_timer aes xsave avx f16c rdrand lahf_lm abm cpuid_fault epb invpcid_single pti ssbd ibrs ibpb stibp tpr_shadow vnmi flexpriority ept vpid ept_ad fsgsbase tsc_adjust bmi1 avx2 smep bmi2 erms invpcid cqm xsaveopt cqm_llc cqm_occup_llc dtherm ida arat pln pts md_clear flush_l1d
Online cpus:
0-31
Offline cpus:

BIOS frequency limitation:
<Not Available>
Frequency switch latency (ns):
<Not Available>
Available cpu frequencies:
<Not Available>
Current governor:
<Not Available>
Core performance/turbo boost:
<Not Available>

Memory: 4k page, physical 65862924k(53115576k free), swap 8388604k(4778824k free)

vm_info: OpenJDK 64-Bit Server VM (11.0.11+9-Ubuntu-0ubuntu2.20.04) for linux-amd64 JRE (11.0.11+9-Ubuntu-0ubuntu2.20.04), built on Apr 21 2021 09:15:32 by "unknown" with gcc 9.3.0

END.
