#
# A fatal error has been detected by the Java Runtime Environment:
#
#  SIGSEGV (0xb) at pc=0x00007f598db8dab2, pid=767108, tid=767141
#
# JRE version: OpenJDK Runtime Environment (11.0.11+9) (build 11.0.11+9-Ubuntu-0ubuntu2.20.04)
# Java VM: OpenJDK 64-Bit Server VM (11.0.11+9-Ubuntu-0ubuntu2.20.04, mixed mode, sharing, tiered, compressed oops, g1 gc, linux-amd64)
# Problematic frame:
# C  [librocksdbjni14076709162536663789.so+0x45aab2]  rocksdb::VersionBuilder::Rep::SaveTo(rocksdb::VersionStorageInfo*)+0x132
#
# Core dump will be written. Default location: Core dumps may be processed with "/usr/share/apport/apport %p %s %c %d %P %E" (or dumping to /home/mldb01/hdd_folder/YCSB/core.767108)
#
# If you would like to submit a bug report, please visit:
#   https://bugs.launchpad.net/ubuntu/+source/openjdk-lts
# The crash happened outside the Java Virtual Machine in native code.
# See problematic frame for where to report the bug.
#

---------------  S U M M A R Y ------------

Command Line: site.ycsb.Client -t -db site.ycsb.db.rocksdb.RocksDBClient -s -P workloads/workloada -p exportfile=/home/mldb01/hdd_folder/db_log/ycsb-status-a.output -threads 2 -p rocksdb.dir=/home/mldb01/work/db_log/YCSB -s -p status.interval=1 -p zeropadding=20

Host: Intel(R) Xeon(R) CPU E5-2640 v3 @ 2.60GHz, 32 cores, 62G, Ubuntu 20.04.1 LTS
Time: Thu Jul 22 17:27:45 2021 KST elapsed time: 1.375333 seconds (0d 0h 0m 1s)

---------------  T H R E A D  ---------------

Current thread (0x00007f59d8450000):  JavaThread "Thread-3" [_thread_in_native, id=767141, stack(0x00007f598d632000,0x00007f598d733000)]

Stack: [0x00007f598d632000,0x00007f598d733000],  sp=0x00007f598d72f640,  free space=1013k
Native frames: (J=compiled Java code, A=aot compiled Java code, j=interpreted, Vv=VM code, C=native code)
C  [librocksdbjni14076709162536663789.so+0x45aab2]  rocksdb::VersionBuilder::Rep::SaveTo(rocksdb::VersionStorageInfo*)+0x132
C  [librocksdbjni14076709162536663789.so+0x44f098]  rocksdb::VersionBuilder::SaveTo(rocksdb::VersionStorageInfo*)+0x28
C  [librocksdbjni14076709162536663789.so+0x466923]  rocksdb::VersionEditHandler::MaybeCreateVersion(rocksdb::VersionEdit const&, rocksdb::ColumnFamilyData*, bool)+0x5a3
C  [librocksdbjni14076709162536663789.so+0x4693f3]  rocksdb::VersionEditHandler::CheckIterationResult(rocksdb::log::Reader const&, rocksdb::Status*)+0x6a3
C  [librocksdbjni14076709162536663789.so+0x46726e]  rocksdb::VersionEditHandlerBase::Iterate(rocksdb::log::Reader&, rocksdb::Status*)+0x7fe
C  [librocksdbjni14076709162536663789.so+0x4939c4]  rocksdb::VersionSet::Recover(std::vector<rocksdb::ColumnFamilyDescriptor, std::allocator<rocksdb::ColumnFamilyDescriptor> > const&, bool, std::__cxx11::basic_string<char, std::char_traits<char>, std::allocator<char> >*)+0x504
C  [librocksdbjni14076709162536663789.so+0x3aff61]  rocksdb::DBImpl::Recover(std::vector<rocksdb::ColumnFamilyDescriptor, std::allocator<rocksdb::ColumnFamilyDescriptor> > const&, bool, bool, bool, unsigned long*)+0x211
C  [librocksdbjni14076709162536663789.so+0x3a848c]  rocksdb::DBImpl::Open(rocksdb::DBOptions const&, std::__cxx11::basic_string<char, std::char_traits<char>, std::allocator<char> > const&, std::vector<rocksdb::ColumnFamilyDescriptor, std::allocator<rocksdb::ColumnFamilyDescriptor> > const&, std::vector<rocksdb::ColumnFamilyHandle*, std::allocator<rocksdb::ColumnFamilyHandle*> >*, rocksdb::DB**, bool, bool)+0x65c
C  [librocksdbjni14076709162536663789.so+0x3a9fb9]  rocksdb::DB::Open(rocksdb::DBOptions const&, std::__cxx11::basic_string<char, std::char_traits<char>, std::allocator<char> > const&, std::vector<rocksdb::ColumnFamilyDescriptor, std::allocator<rocksdb::ColumnFamilyDescriptor> > const&, std::vector<rocksdb::ColumnFamilyHandle*, std::allocator<rocksdb::ColumnFamilyHandle*> >*, rocksdb::DB**)+0x29
C  [librocksdbjni14076709162536663789.so+0x3aa18c]  rocksdb::DB::Open(rocksdb::Options const&, std::__cxx11::basic_string<char, std::char_traits<char>, std::allocator<char> > const&, rocksdb::DB**)+0x1ac
C  [librocksdbjni14076709162536663789.so+0x29c65f]  std::_Function_handler<rocksdb::Status (rocksdb::Options const&, std::__cxx11::basic_string<char, std::char_traits<char>, std::allocator<char> > const&, rocksdb::DB**), rocksdb::Status (*)(rocksdb::Options const&, std::__cxx11::basic_string<char, std::char_traits<char>, std::allocator<char> > const&, rocksdb::DB**)>::_M_invoke(std::_Any_data const&, rocksdb::Options const&, std::__cxx11::basic_string<char, std::char_traits<char>, std::allocator<char> > const&, rocksdb::DB**&&)+0x2f
C  [librocksdbjni14076709162536663789.so+0x2966d5]  rocksdb_open_helper(JNIEnv_*, long, _jstring*, std::function<rocksdb::Status (rocksdb::Options const&, std::__cxx11::basic_string<char, std::char_traits<char>, std::allocator<char> > const&, rocksdb::DB**)>)+0xb5
C  [librocksdbjni14076709162536663789.so+0x2967d2]  Java_org_rocksdb_RocksDB_open__JLjava_lang_String_2+0x52
j  org.rocksdb.RocksDB.open(JLjava/lang/String;)J+0
j  org.rocksdb.RocksDB.open(Lorg/rocksdb/Options;Ljava/lang/String;)Lorg/rocksdb/RocksDB;+9
j  site.ycsb.db.rocksdb.RocksDBClient.initRocksDB()Lorg/rocksdb/RocksDB;+334
j  site.ycsb.db.rocksdb.RocksDBClient.init()V+130
j  site.ycsb.DBWrapper.init()V+16
j  site.ycsb.ClientThread.run()V+4
j  java.lang.Thread.run()V+11 java.base@11.0.11
v  ~StubRoutines::call_stub
V  [libjvm.so+0x859b69]
V  [libjvm.so+0x8581be]
V  [libjvm.so+0x903dd1]
V  [libjvm.so+0xe2105f]
V  [libjvm.so+0xe1d690]
V  [libjvm.so+0xbdac76]

Java frames: (J=compiled Java code, j=interpreted, Vv=VM code)
j  org.rocksdb.RocksDB.open(JLjava/lang/String;)J+0
j  org.rocksdb.RocksDB.open(Lorg/rocksdb/Options;Ljava/lang/String;)Lorg/rocksdb/RocksDB;+9
j  site.ycsb.db.rocksdb.RocksDBClient.initRocksDB()Lorg/rocksdb/RocksDB;+334
j  site.ycsb.db.rocksdb.RocksDBClient.init()V+130
j  site.ycsb.DBWrapper.init()V+16
j  site.ycsb.ClientThread.run()V+4
j  java.lang.Thread.run()V+11 java.base@11.0.11
v  ~StubRoutines::call_stub

siginfo: si_signo: 11 (SIGSEGV), si_code: 1 (SEGV_MAPERR), si_addr: 0x0000000000000008

Register to memory mapping:

RAX=0x00007f5940031198 points into unknown readable memory: 0x00007f59400311c8 | c8 11 03 40 59 7f 00 00
RBX=0x00007f5940031198 points into unknown readable memory: 0x00007f59400311c8 | c8 11 03 40 59 7f 00 00
RCX=0x0000000000000003 is an unknown value
RDX=0x0 is NULL
RSP=0x00007f598d72f640 is pointing into the stack for thread: 0x00007f59d8450000
RBP=0x00007f598d72f740 is pointing into the stack for thread: 0x00007f59d8450000
RSI=0x00007f5940000ff0 points into unknown readable memory: 0x00000101000101d0 | d0 01 01 00 01 01 00 00
RDI=0x0 is NULL
R8 =0x0000000000000006 is an unknown value
R9 =0x00007f59400000a0 points into unknown readable memory: 0x00007f5940000090 | 90 00 00 40 59 7f 00 00
R10=0x00007f598d80ccb2: <offset 0x00000000000d9cb2> in /tmp/librocksdbjni14076709162536663789.so at 0x00007f598d733000
R11=0x0 is NULL
R12=0x0 is NULL
R13=0x00007f598d72f9c0 is pointing into the stack for thread: 0x00007f59d8450000
R14=0x0 is NULL
R15=0x00007f59400339f0 points into unknown readable memory: 0x00007f594001da90 | 90 da 01 40 59 7f 00 00


Registers:
RAX=0x00007f5940031198, RBX=0x00007f5940031198, RCX=0x0000000000000003, RDX=0x0000000000000000
RSP=0x00007f598d72f640, RBP=0x00007f598d72f740, RSI=0x00007f5940000ff0, RDI=0x0000000000000000
R8 =0x0000000000000006, R9 =0x00007f59400000a0, R10=0x00007f598d80ccb2, R11=0x0000000000000000
R12=0x0000000000000000, R13=0x00007f598d72f9c0, R14=0x0000000000000000, R15=0x00007f59400339f0
RIP=0x00007f598db8dab2, EFLAGS=0x0000000000010246, CSGSFS=0x002b000000000033, ERR=0x0000000000000004
  TRAPNO=0x000000000000000e

Top of Stack: (sp=0x00007f598d72f640)
0x00007f598d72f640:   0000000000000000 0000000000000000
0x00007f598d72f650:   00007f598d72f790 0000000000000000
0x00007f598d72f660:   0000000000000000 0000000000000000
0x00007f598d72f670:   0000000000000000 0000000000000000 

Instructions: (pc=0x00007f598db8dab2)
0x00007f598db8d9b2:   28 00 00 00 48 89 45 c8 31 c0 80 ba d9 0e 00 00
0x00007f598db8d9c2:   00 0f 85 d7 04 00 00 45 31 db c6 47 02 00 66 44
0x00007f598db8d9d2:   89 1f 48 c7 47 08 00 00 00 00 41 80 bf d9 0e 00
0x00007f598db8d9e2:   00 00 0f 85 ab 05 00 00 48 8b 85 10 ff ff ff 31
0x00007f598db8d9f2:   d2 45 31 e4 48 8b 78 08 66 89 10 c6 40 02 00 48
0x00007f598db8da02:   85 ff 74 22 e8 15 9d d9 ff 48 8b 85 10 ff ff ff
0x00007f598db8da12:   0f b6 00 48 8b 9d 10 ff ff ff 4c 89 63 08 84 c0
0x00007f598db8da22:   0f 85 41 05 00 00 48 8b 85 78 ff ff ff 48 c7 85
0x00007f598db8da32:   70 ff ff ff 00 00 00 00 48 c7 85 08 ff ff ff 00
0x00007f598db8da42:   00 00 00 c7 85 4c ff ff ff 00 00 00 00 44 8b 40
0x00007f598db8da52:   28 45 85 c0 0f 8e f1 03 00 00 0f 1f 40 00 48 8b
0x00007f598db8da62:   9d 78 ff ff ff 8b bd 4c ff ff ff 48 8d 93 c0 00
0x00007f598db8da72:   00 00 85 ff 48 8d 83 b0 00 00 00 48 0f 45 c2 48
0x00007f598db8da82:   8b 95 08 ff ff ff 48 89 85 58 ff ff ff 48 8b 43
0x00007f598db8da92:   18 4c 8b b0 48 0a 00 00 48 8b 85 70 ff ff ff 48
0x00007f598db8daa2:   03 43 30 49 01 d6 49 03 97 48 0a 00 00 48 89 c3
0x00007f598db8dab2:   49 8b 76 08 49 2b 36 48 89 d7 48 c1 fe 03 48 03
0x00007f598db8dac2:   70 50 e8 e7 00 da ff 4c 8d 6d b0 48 8b 73 50 48
0x00007f598db8dad2:   c7 45 b0 00 00 00 00 4c 89 ef 48 c7 45 b8 00 00
0x00007f598db8dae2:   00 00 48 c7 45 c0 00 00 00 00 e8 bf 00 da ff 48
0x00007f598db8daf2:   8b 5b 48 4c 8b 65 b8 48 85 db 75 1b eb 40 48 8b
0x00007f598db8db02:   43 10 48 8b 1b 49 83 c4 08 49 89 44 24 f8 4c 89
0x00007f598db8db12:   65 b8 48 85 db 74 27 4c 39 65 c0 75 e1 48 8d 53
0x00007f598db8db22:   10 4c 89 e6 4c 89 ef e8 92 72 d9 ff 48 8b 1b 4c
0x00007f598db8db32:   8b 65 b8 48 85 db 75 df 66 0f 1f 44 00 00 48 8b
0x00007f598db8db42:   85 58 ff ff ff 48 8b 5d b0 8b 10 4c 8b 68 08 89
0x00007f598db8db52:   95 68 ff ff ff c5 f9 6e c2 4c 39 e3 0f 84 4c 06
0x00007f598db8db62:   00 00 4c 89 e0 ba 3f 00 00 00 c4 e1 f9 7e c1 4d
0x00007f598db8db72:   89 e8 48 29 d8 4c 89 e6 48 89 df 48 89 85 60 ff
0x00007f598db8db82:   ff ff 48 c1 f8 03 f3 48 0f bd c0 29 c2 48 63 d2
0x00007f598db8db92:   48 01 d2 e8 36 c7 d9 ff 48 81 bd 60 ff ff ff 80
0x00007f598db8dba2:   00 00 00 c5 f9 6e 85 68 ff ff ff 0f 8e 09 06 00 


Stack slot to memory mapping:
stack at sp + 0 slots: 0x0 is NULL
stack at sp + 1 slots: 0x0 is NULL
stack at sp + 2 slots: 0x00007f598d72f790 is pointing into the stack for thread: 0x00007f59d8450000
stack at sp + 3 slots: 0x0 is NULL
stack at sp + 4 slots: 0x0 is NULL
stack at sp + 5 slots: 0x0 is NULL
stack at sp + 6 slots: 0x0 is NULL
stack at sp + 7 slots: 0x0 is NULL


---------------  P R O C E S S  ---------------

Threads class SMR info:
_java_thread_list=0x00007f59d8453470, length=17, elements={
0x00007f59d8016000, 0x00007f59d827b000, 0x00007f59d827d000, 0x00007f59d8282800,
0x00007f59d8284800, 0x00007f59d8286800, 0x00007f59d8288800, 0x00007f59d828a800,
0x00007f5968013800, 0x00007f5968015000, 0x00007f5968017000, 0x00007f5968019000,
0x00007f59d82d0000, 0x00007f59d83f8800, 0x00007f59d844f000, 0x00007f59d8450000,
0x00007f59d8452000
}

Java Threads: ( => current thread )
  0x00007f59d8016000 JavaThread "main" [_thread_blocked, id=767109, stack(0x00007f59de26f000,0x00007f59de370000)]
  0x00007f59d827b000 JavaThread "Reference Handler" daemon [_thread_blocked, id=767116, stack(0x00007f598f176000,0x00007f598f277000)]
  0x00007f59d827d000 JavaThread "Finalizer" daemon [_thread_blocked, id=767117, stack(0x00007f598f075000,0x00007f598f176000)]
  0x00007f59d8282800 JavaThread "Signal Dispatcher" daemon [_thread_blocked, id=767118, stack(0x00007f598ec8e000,0x00007f598ed8f000)]
  0x00007f59d8284800 JavaThread "Service Thread" daemon [_thread_blocked, id=767119, stack(0x00007f598eb8d000,0x00007f598ec8e000)]
  0x00007f59d8286800 JavaThread "C2 CompilerThread0" daemon [_thread_blocked, id=767120, stack(0x00007f598ea8c000,0x00007f598eb8d000)]
  0x00007f59d8288800 JavaThread "C1 CompilerThread0" daemon [_thread_blocked, id=767121, stack(0x00007f598e98b000,0x00007f598ea8c000)]
  0x00007f59d828a800 JavaThread "Sweeper thread" daemon [_thread_blocked, id=767122, stack(0x00007f598e88a000,0x00007f598e98b000)]
  0x00007f5968013800 JavaThread "C1 CompilerThread1" daemon [_thread_blocked, id=767123, stack(0x00007f598e789000,0x00007f598e88a000)]
  0x00007f5968015000 JavaThread "C1 CompilerThread2" daemon [_thread_blocked, id=767124, stack(0x00007f598e688000,0x00007f598e789000)]
  0x00007f5968017000 JavaThread "C1 CompilerThread3" daemon [_thread_blocked, id=767125, stack(0x00007f598e587000,0x00007f598e688000)]
  0x00007f5968019000 JavaThread "C1 CompilerThread4" daemon [_thread_blocked, id=767126, stack(0x00007f598e486000,0x00007f598e587000)]
  0x00007f59d82d0000 JavaThread "Common-Cleaner" daemon [_thread_blocked, id=767128, stack(0x00007f598e283000,0x00007f598e384000)]
  0x00007f59d83f8800 JavaThread "process reaper" daemon [_thread_blocked, id=767139, stack(0x00007f599401b000,0x00007f599403d000)]
  0x00007f59d844f000 JavaThread "Thread-1" [_thread_in_vm, id=767140, stack(0x00007f598e182000,0x00007f598e283000)]
=>0x00007f59d8450000 JavaThread "Thread-3" [_thread_in_native, id=767141, stack(0x00007f598d632000,0x00007f598d733000)]
  0x00007f59d8452000 JavaThread "Thread-2" [_thread_blocked, id=767142, stack(0x00007f598d531000,0x00007f598d632000)]

Other Threads:
  0x00007f59d8278000 VMThread "VM Thread" [stack: 0x00007f598f279000,0x00007f598f379000] [id=767115]
  0x00007f59d82cd800 WatcherThread [stack: 0x00007f598e386000,0x00007f598e486000] [id=767127]
  0x00007f59d802f800 GCTaskThread "GC Thread#0" [stack: 0x00007f59ddf16000,0x00007f59de016000] [id=767110]
  0x00007f59d806d800 ConcurrentGCThread "G1 Main Marker" [stack: 0x00007f59dc402000,0x00007f59dc502000] [id=767111]
  0x00007f59d806f800 ConcurrentGCThread "G1 Conc#0" [stack: 0x00007f59dc300000,0x00007f59dc400000] [id=767112]
  0x00007f59d8236800 ConcurrentGCThread "G1 Refine#0" [stack: 0x00007f598fcfe000,0x00007f598fdfe000] [id=767113]
  0x00007f59d8238800 ConcurrentGCThread "G1 Young RemSet Sampling" [stack: 0x00007f598fbfc000,0x00007f598fcfc000] [id=767114]

Threads with active compile tasks:

VM state:not at safepoint (normal execution)

VM Mutex/Monitor currently owned by a thread: None

Heap address: 0x0000000413000000, size: 16080 MB, Compressed Oops mode: Zero based, Oop shift amount: 3
Narrow klass base: 0x0000000800000000, Narrow klass shift: 3
Compressed class space size: 1073741824 Address: 0x0000000840000000

Heap:
 garbage-first heap   total 1040384K, used 8904K [0x0000000413000000, 0x0000000800000000)
  region size 4096K, 3 young (12288K), 0 survivors (0K)
 Metaspace       used 3358K, capacity 5631K, committed 5760K, reserved 1056768K
  class space    used 334K, capacity 543K, committed 640K, reserved 1048576K
Heap Regions: E=young(eden), S=young(survivor), O=old, HS=humongous(starts), HC=humongous(continues), CS=collection set, F=free, A=archive, TAMS=top-at-mark-start (previous, next)
|   0|0x0000000413000000, 0x0000000413000000, 0x0000000413400000|  0%| F|  |TAMS 0x0000000413000000, 0x0000000413000000| Untracked 
|   1|0x0000000413400000, 0x0000000413400000, 0x0000000413800000|  0%| F|  |TAMS 0x0000000413400000, 0x0000000413400000| Untracked 
|   2|0x0000000413800000, 0x0000000413800000, 0x0000000413c00000|  0%| F|  |TAMS 0x0000000413800000, 0x0000000413800000| Untracked 
|   3|0x0000000413c00000, 0x0000000413c00000, 0x0000000414000000|  0%| F|  |TAMS 0x0000000413c00000, 0x0000000413c00000| Untracked 
|   4|0x0000000414000000, 0x0000000414000000, 0x0000000414400000|  0%| F|  |TAMS 0x0000000414000000, 0x0000000414000000| Untracked 
|   5|0x0000000414400000, 0x0000000414400000, 0x0000000414800000|  0%| F|  |TAMS 0x0000000414400000, 0x0000000414400000| Untracked 
|   6|0x0000000414800000, 0x0000000414800000, 0x0000000414c00000|  0%| F|  |TAMS 0x0000000414800000, 0x0000000414800000| Untracked 
|   7|0x0000000414c00000, 0x0000000414c00000, 0x0000000415000000|  0%| F|  |TAMS 0x0000000414c00000, 0x0000000414c00000| Untracked 
|   8|0x0000000415000000, 0x0000000415000000, 0x0000000415400000|  0%| F|  |TAMS 0x0000000415000000, 0x0000000415000000| Untracked 
|   9|0x0000000415400000, 0x0000000415400000, 0x0000000415800000|  0%| F|  |TAMS 0x0000000415400000, 0x0000000415400000| Untracked 
|  10|0x0000000415800000, 0x0000000415800000, 0x0000000415c00000|  0%| F|  |TAMS 0x0000000415800000, 0x0000000415800000| Untracked 
|  11|0x0000000415c00000, 0x0000000415c00000, 0x0000000416000000|  0%| F|  |TAMS 0x0000000415c00000, 0x0000000415c00000| Untracked 
|  12|0x0000000416000000, 0x0000000416000000, 0x0000000416400000|  0%| F|  |TAMS 0x0000000416000000, 0x0000000416000000| Untracked 
|  13|0x0000000416400000, 0x0000000416400000, 0x0000000416800000|  0%| F|  |TAMS 0x0000000416400000, 0x0000000416400000| Untracked 
|  14|0x0000000416800000, 0x0000000416800000, 0x0000000416c00000|  0%| F|  |TAMS 0x0000000416800000, 0x0000000416800000| Untracked 
|  15|0x0000000416c00000, 0x0000000416c00000, 0x0000000417000000|  0%| F|  |TAMS 0x0000000416c00000, 0x0000000416c00000| Untracked 
|  16|0x0000000417000000, 0x0000000417000000, 0x0000000417400000|  0%| F|  |TAMS 0x0000000417000000, 0x0000000417000000| Untracked 
|  17|0x0000000417400000, 0x0000000417400000, 0x0000000417800000|  0%| F|  |TAMS 0x0000000417400000, 0x0000000417400000| Untracked 
|  18|0x0000000417800000, 0x0000000417800000, 0x0000000417c00000|  0%| F|  |TAMS 0x0000000417800000, 0x0000000417800000| Untracked 
|  19|0x0000000417c00000, 0x0000000417c00000, 0x0000000418000000|  0%| F|  |TAMS 0x0000000417c00000, 0x0000000417c00000| Untracked 
|  20|0x0000000418000000, 0x0000000418000000, 0x0000000418400000|  0%| F|  |TAMS 0x0000000418000000, 0x0000000418000000| Untracked 
|  21|0x0000000418400000, 0x0000000418400000, 0x0000000418800000|  0%| F|  |TAMS 0x0000000418400000, 0x0000000418400000| Untracked 
|  22|0x0000000418800000, 0x0000000418800000, 0x0000000418c00000|  0%| F|  |TAMS 0x0000000418800000, 0x0000000418800000| Untracked 
|  23|0x0000000418c00000, 0x0000000418c00000, 0x0000000419000000|  0%| F|  |TAMS 0x0000000418c00000, 0x0000000418c00000| Untracked 
|  24|0x0000000419000000, 0x0000000419000000, 0x0000000419400000|  0%| F|  |TAMS 0x0000000419000000, 0x0000000419000000| Untracked 
|  25|0x0000000419400000, 0x0000000419400000, 0x0000000419800000|  0%| F|  |TAMS 0x0000000419400000, 0x0000000419400000| Untracked 
|  26|0x0000000419800000, 0x0000000419800000, 0x0000000419c00000|  0%| F|  |TAMS 0x0000000419800000, 0x0000000419800000| Untracked 
|  27|0x0000000419c00000, 0x0000000419c00000, 0x000000041a000000|  0%| F|  |TAMS 0x0000000419c00000, 0x0000000419c00000| Untracked 
|  28|0x000000041a000000, 0x000000041a000000, 0x000000041a400000|  0%| F|  |TAMS 0x000000041a000000, 0x000000041a000000| Untracked 
|  29|0x000000041a400000, 0x000000041a400000, 0x000000041a800000|  0%| F|  |TAMS 0x000000041a400000, 0x000000041a400000| Untracked 
|  30|0x000000041a800000, 0x000000041a800000, 0x000000041ac00000|  0%| F|  |TAMS 0x000000041a800000, 0x000000041a800000| Untracked 
|  31|0x000000041ac00000, 0x000000041ac00000, 0x000000041b000000|  0%| F|  |TAMS 0x000000041ac00000, 0x000000041ac00000| Untracked 
|  32|0x000000041b000000, 0x000000041b000000, 0x000000041b400000|  0%| F|  |TAMS 0x000000041b000000, 0x000000041b000000| Untracked 
|  33|0x000000041b400000, 0x000000041b400000, 0x000000041b800000|  0%| F|  |TAMS 0x000000041b400000, 0x000000041b400000| Untracked 
|  34|0x000000041b800000, 0x000000041b800000, 0x000000041bc00000|  0%| F|  |TAMS 0x000000041b800000, 0x000000041b800000| Untracked 
|  35|0x000000041bc00000, 0x000000041bc00000, 0x000000041c000000|  0%| F|  |TAMS 0x000000041bc00000, 0x000000041bc00000| Untracked 
|  36|0x000000041c000000, 0x000000041c000000, 0x000000041c400000|  0%| F|  |TAMS 0x000000041c000000, 0x000000041c000000| Untracked 
|  37|0x000000041c400000, 0x000000041c400000, 0x000000041c800000|  0%| F|  |TAMS 0x000000041c400000, 0x000000041c400000| Untracked 
|  38|0x000000041c800000, 0x000000041c800000, 0x000000041cc00000|  0%| F|  |TAMS 0x000000041c800000, 0x000000041c800000| Untracked 
|  39|0x000000041cc00000, 0x000000041cc00000, 0x000000041d000000|  0%| F|  |TAMS 0x000000041cc00000, 0x000000041cc00000| Untracked 
|  40|0x000000041d000000, 0x000000041d000000, 0x000000041d400000|  0%| F|  |TAMS 0x000000041d000000, 0x000000041d000000| Untracked 
|  41|0x000000041d400000, 0x000000041d400000, 0x000000041d800000|  0%| F|  |TAMS 0x000000041d400000, 0x000000041d400000| Untracked 
|  42|0x000000041d800000, 0x000000041d800000, 0x000000041dc00000|  0%| F|  |TAMS 0x000000041d800000, 0x000000041d800000| Untracked 
|  43|0x000000041dc00000, 0x000000041dc00000, 0x000000041e000000|  0%| F|  |TAMS 0x000000041dc00000, 0x000000041dc00000| Untracked 
|  44|0x000000041e000000, 0x000000041e000000, 0x000000041e400000|  0%| F|  |TAMS 0x000000041e000000, 0x000000041e000000| Untracked 
|  45|0x000000041e400000, 0x000000041e400000, 0x000000041e800000|  0%| F|  |TAMS 0x000000041e400000, 0x000000041e400000| Untracked 
|  46|0x000000041e800000, 0x000000041e800000, 0x000000041ec00000|  0%| F|  |TAMS 0x000000041e800000, 0x000000041e800000| Untracked 
|  47|0x000000041ec00000, 0x000000041ec00000, 0x000000041f000000|  0%| F|  |TAMS 0x000000041ec00000, 0x000000041ec00000| Untracked 
|  48|0x000000041f000000, 0x000000041f000000, 0x000000041f400000|  0%| F|  |TAMS 0x000000041f000000, 0x000000041f000000| Untracked 
|  49|0x000000041f400000, 0x000000041f400000, 0x000000041f800000|  0%| F|  |TAMS 0x000000041f400000, 0x000000041f400000| Untracked 
|  50|0x000000041f800000, 0x000000041f800000, 0x000000041fc00000|  0%| F|  |TAMS 0x000000041f800000, 0x000000041f800000| Untracked 
|  51|0x000000041fc00000, 0x000000041fc00000, 0x0000000420000000|  0%| F|  |TAMS 0x000000041fc00000, 0x000000041fc00000| Untracked 
|  52|0x0000000420000000, 0x0000000420000000, 0x0000000420400000|  0%| F|  |TAMS 0x0000000420000000, 0x0000000420000000| Untracked 
|  53|0x0000000420400000, 0x0000000420400000, 0x0000000420800000|  0%| F|  |TAMS 0x0000000420400000, 0x0000000420400000| Untracked 
|  54|0x0000000420800000, 0x0000000420800000, 0x0000000420c00000|  0%| F|  |TAMS 0x0000000420800000, 0x0000000420800000| Untracked 
|  55|0x0000000420c00000, 0x0000000420c00000, 0x0000000421000000|  0%| F|  |TAMS 0x0000000420c00000, 0x0000000420c00000| Untracked 
|  56|0x0000000421000000, 0x0000000421000000, 0x0000000421400000|  0%| F|  |TAMS 0x0000000421000000, 0x0000000421000000| Untracked 
|  57|0x0000000421400000, 0x0000000421400000, 0x0000000421800000|  0%| F|  |TAMS 0x0000000421400000, 0x0000000421400000| Untracked 
|  58|0x0000000421800000, 0x0000000421800000, 0x0000000421c00000|  0%| F|  |TAMS 0x0000000421800000, 0x0000000421800000| Untracked 
|  59|0x0000000421c00000, 0x0000000421c00000, 0x0000000422000000|  0%| F|  |TAMS 0x0000000421c00000, 0x0000000421c00000| Untracked 
|  60|0x0000000422000000, 0x0000000422000000, 0x0000000422400000|  0%| F|  |TAMS 0x0000000422000000, 0x0000000422000000| Untracked 
|  61|0x0000000422400000, 0x0000000422400000, 0x0000000422800000|  0%| F|  |TAMS 0x0000000422400000, 0x0000000422400000| Untracked 
|  62|0x0000000422800000, 0x0000000422800000, 0x0000000422c00000|  0%| F|  |TAMS 0x0000000422800000, 0x0000000422800000| Untracked 
|  63|0x0000000422c00000, 0x0000000422c00000, 0x0000000423000000|  0%| F|  |TAMS 0x0000000422c00000, 0x0000000422c00000| Untracked 
|  64|0x0000000423000000, 0x0000000423000000, 0x0000000423400000|  0%| F|  |TAMS 0x0000000423000000, 0x0000000423000000| Untracked 
|  65|0x0000000423400000, 0x0000000423400000, 0x0000000423800000|  0%| F|  |TAMS 0x0000000423400000, 0x0000000423400000| Untracked 
|  66|0x0000000423800000, 0x0000000423800000, 0x0000000423c00000|  0%| F|  |TAMS 0x0000000423800000, 0x0000000423800000| Untracked 
|  67|0x0000000423c00000, 0x0000000423c00000, 0x0000000424000000|  0%| F|  |TAMS 0x0000000423c00000, 0x0000000423c00000| Untracked 
|  68|0x0000000424000000, 0x0000000424000000, 0x0000000424400000|  0%| F|  |TAMS 0x0000000424000000, 0x0000000424000000| Untracked 
|  69|0x0000000424400000, 0x0000000424400000, 0x0000000424800000|  0%| F|  |TAMS 0x0000000424400000, 0x0000000424400000| Untracked 
|  70|0x0000000424800000, 0x0000000424800000, 0x0000000424c00000|  0%| F|  |TAMS 0x0000000424800000, 0x0000000424800000| Untracked 
|  71|0x0000000424c00000, 0x0000000424c00000, 0x0000000425000000|  0%| F|  |TAMS 0x0000000424c00000, 0x0000000424c00000| Untracked 
|  72|0x0000000425000000, 0x0000000425000000, 0x0000000425400000|  0%| F|  |TAMS 0x0000000425000000, 0x0000000425000000| Untracked 
|  73|0x0000000425400000, 0x0000000425400000, 0x0000000425800000|  0%| F|  |TAMS 0x0000000425400000, 0x0000000425400000| Untracked 
|  74|0x0000000425800000, 0x0000000425800000, 0x0000000425c00000|  0%| F|  |TAMS 0x0000000425800000, 0x0000000425800000| Untracked 
|  75|0x0000000425c00000, 0x0000000425c00000, 0x0000000426000000|  0%| F|  |TAMS 0x0000000425c00000, 0x0000000425c00000| Untracked 
|  76|0x0000000426000000, 0x0000000426000000, 0x0000000426400000|  0%| F|  |TAMS 0x0000000426000000, 0x0000000426000000| Untracked 
|  77|0x0000000426400000, 0x0000000426400000, 0x0000000426800000|  0%| F|  |TAMS 0x0000000426400000, 0x0000000426400000| Untracked 
|  78|0x0000000426800000, 0x0000000426800000, 0x0000000426c00000|  0%| F|  |TAMS 0x0000000426800000, 0x0000000426800000| Untracked 
|  79|0x0000000426c00000, 0x0000000426c00000, 0x0000000427000000|  0%| F|  |TAMS 0x0000000426c00000, 0x0000000426c00000| Untracked 
|  80|0x0000000427000000, 0x0000000427000000, 0x0000000427400000|  0%| F|  |TAMS 0x0000000427000000, 0x0000000427000000| Untracked 
|  81|0x0000000427400000, 0x0000000427400000, 0x0000000427800000|  0%| F|  |TAMS 0x0000000427400000, 0x0000000427400000| Untracked 
|  82|0x0000000427800000, 0x0000000427800000, 0x0000000427c00000|  0%| F|  |TAMS 0x0000000427800000, 0x0000000427800000| Untracked 
|  83|0x0000000427c00000, 0x0000000427c00000, 0x0000000428000000|  0%| F|  |TAMS 0x0000000427c00000, 0x0000000427c00000| Untracked 
|  84|0x0000000428000000, 0x0000000428000000, 0x0000000428400000|  0%| F|  |TAMS 0x0000000428000000, 0x0000000428000000| Untracked 
|  85|0x0000000428400000, 0x0000000428400000, 0x0000000428800000|  0%| F|  |TAMS 0x0000000428400000, 0x0000000428400000| Untracked 
|  86|0x0000000428800000, 0x0000000428800000, 0x0000000428c00000|  0%| F|  |TAMS 0x0000000428800000, 0x0000000428800000| Untracked 
|  87|0x0000000428c00000, 0x0000000428c00000, 0x0000000429000000|  0%| F|  |TAMS 0x0000000428c00000, 0x0000000428c00000| Untracked 
|  88|0x0000000429000000, 0x0000000429000000, 0x0000000429400000|  0%| F|  |TAMS 0x0000000429000000, 0x0000000429000000| Untracked 
|  89|0x0000000429400000, 0x0000000429400000, 0x0000000429800000|  0%| F|  |TAMS 0x0000000429400000, 0x0000000429400000| Untracked 
|  90|0x0000000429800000, 0x0000000429800000, 0x0000000429c00000|  0%| F|  |TAMS 0x0000000429800000, 0x0000000429800000| Untracked 
|  91|0x0000000429c00000, 0x0000000429c00000, 0x000000042a000000|  0%| F|  |TAMS 0x0000000429c00000, 0x0000000429c00000| Untracked 
|  92|0x000000042a000000, 0x000000042a000000, 0x000000042a400000|  0%| F|  |TAMS 0x000000042a000000, 0x000000042a000000| Untracked 
|  93|0x000000042a400000, 0x000000042a400000, 0x000000042a800000|  0%| F|  |TAMS 0x000000042a400000, 0x000000042a400000| Untracked 
|  94|0x000000042a800000, 0x000000042a800000, 0x000000042ac00000|  0%| F|  |TAMS 0x000000042a800000, 0x000000042a800000| Untracked 
|  95|0x000000042ac00000, 0x000000042ac00000, 0x000000042b000000|  0%| F|  |TAMS 0x000000042ac00000, 0x000000042ac00000| Untracked 
|  96|0x000000042b000000, 0x000000042b000000, 0x000000042b400000|  0%| F|  |TAMS 0x000000042b000000, 0x000000042b000000| Untracked 
|  97|0x000000042b400000, 0x000000042b400000, 0x000000042b800000|  0%| F|  |TAMS 0x000000042b400000, 0x000000042b400000| Untracked 
|  98|0x000000042b800000, 0x000000042b800000, 0x000000042bc00000|  0%| F|  |TAMS 0x000000042b800000, 0x000000042b800000| Untracked 
|  99|0x000000042bc00000, 0x000000042bc00000, 0x000000042c000000|  0%| F|  |TAMS 0x000000042bc00000, 0x000000042bc00000| Untracked 
| 100|0x000000042c000000, 0x000000042c000000, 0x000000042c400000|  0%| F|  |TAMS 0x000000042c000000, 0x000000042c000000| Untracked 
| 101|0x000000042c400000, 0x000000042c400000, 0x000000042c800000|  0%| F|  |TAMS 0x000000042c400000, 0x000000042c400000| Untracked 
| 102|0x000000042c800000, 0x000000042c800000, 0x000000042cc00000|  0%| F|  |TAMS 0x000000042c800000, 0x000000042c800000| Untracked 
| 103|0x000000042cc00000, 0x000000042cc00000, 0x000000042d000000|  0%| F|  |TAMS 0x000000042cc00000, 0x000000042cc00000| Untracked 
| 104|0x000000042d000000, 0x000000042d000000, 0x000000042d400000|  0%| F|  |TAMS 0x000000042d000000, 0x000000042d000000| Untracked 
| 105|0x000000042d400000, 0x000000042d400000, 0x000000042d800000|  0%| F|  |TAMS 0x000000042d400000, 0x000000042d400000| Untracked 
| 106|0x000000042d800000, 0x000000042d800000, 0x000000042dc00000|  0%| F|  |TAMS 0x000000042d800000, 0x000000042d800000| Untracked 
| 107|0x000000042dc00000, 0x000000042dc00000, 0x000000042e000000|  0%| F|  |TAMS 0x000000042dc00000, 0x000000042dc00000| Untracked 
| 108|0x000000042e000000, 0x000000042e000000, 0x000000042e400000|  0%| F|  |TAMS 0x000000042e000000, 0x000000042e000000| Untracked 
| 109|0x000000042e400000, 0x000000042e400000, 0x000000042e800000|  0%| F|  |TAMS 0x000000042e400000, 0x000000042e400000| Untracked 
| 110|0x000000042e800000, 0x000000042e800000, 0x000000042ec00000|  0%| F|  |TAMS 0x000000042e800000, 0x000000042e800000| Untracked 
| 111|0x000000042ec00000, 0x000000042ec00000, 0x000000042f000000|  0%| F|  |TAMS 0x000000042ec00000, 0x000000042ec00000| Untracked 
| 112|0x000000042f000000, 0x000000042f000000, 0x000000042f400000|  0%| F|  |TAMS 0x000000042f000000, 0x000000042f000000| Untracked 
| 113|0x000000042f400000, 0x000000042f400000, 0x000000042f800000|  0%| F|  |TAMS 0x000000042f400000, 0x000000042f400000| Untracked 
| 114|0x000000042f800000, 0x000000042f800000, 0x000000042fc00000|  0%| F|  |TAMS 0x000000042f800000, 0x000000042f800000| Untracked 
| 115|0x000000042fc00000, 0x000000042fc00000, 0x0000000430000000|  0%| F|  |TAMS 0x000000042fc00000, 0x000000042fc00000| Untracked 
| 116|0x0000000430000000, 0x0000000430000000, 0x0000000430400000|  0%| F|  |TAMS 0x0000000430000000, 0x0000000430000000| Untracked 
| 117|0x0000000430400000, 0x0000000430400000, 0x0000000430800000|  0%| F|  |TAMS 0x0000000430400000, 0x0000000430400000| Untracked 
| 118|0x0000000430800000, 0x0000000430800000, 0x0000000430c00000|  0%| F|  |TAMS 0x0000000430800000, 0x0000000430800000| Untracked 
| 119|0x0000000430c00000, 0x0000000430c00000, 0x0000000431000000|  0%| F|  |TAMS 0x0000000430c00000, 0x0000000430c00000| Untracked 
| 120|0x0000000431000000, 0x0000000431000000, 0x0000000431400000|  0%| F|  |TAMS 0x0000000431000000, 0x0000000431000000| Untracked 
| 121|0x0000000431400000, 0x0000000431400000, 0x0000000431800000|  0%| F|  |TAMS 0x0000000431400000, 0x0000000431400000| Untracked 
| 122|0x0000000431800000, 0x0000000431800000, 0x0000000431c00000|  0%| F|  |TAMS 0x0000000431800000, 0x0000000431800000| Untracked 
| 123|0x0000000431c00000, 0x0000000431c00000, 0x0000000432000000|  0%| F|  |TAMS 0x0000000431c00000, 0x0000000431c00000| Untracked 
| 124|0x0000000432000000, 0x0000000432000000, 0x0000000432400000|  0%| F|  |TAMS 0x0000000432000000, 0x0000000432000000| Untracked 
| 125|0x0000000432400000, 0x0000000432400000, 0x0000000432800000|  0%| F|  |TAMS 0x0000000432400000, 0x0000000432400000| Untracked 
| 126|0x0000000432800000, 0x0000000432800000, 0x0000000432c00000|  0%| F|  |TAMS 0x0000000432800000, 0x0000000432800000| Untracked 
| 127|0x0000000432c00000, 0x0000000432c00000, 0x0000000433000000|  0%| F|  |TAMS 0x0000000432c00000, 0x0000000432c00000| Untracked 
| 128|0x0000000433000000, 0x0000000433000000, 0x0000000433400000|  0%| F|  |TAMS 0x0000000433000000, 0x0000000433000000| Untracked 
| 129|0x0000000433400000, 0x0000000433400000, 0x0000000433800000|  0%| F|  |TAMS 0x0000000433400000, 0x0000000433400000| Untracked 
| 130|0x0000000433800000, 0x0000000433800000, 0x0000000433c00000|  0%| F|  |TAMS 0x0000000433800000, 0x0000000433800000| Untracked 
| 131|0x0000000433c00000, 0x0000000433c00000, 0x0000000434000000|  0%| F|  |TAMS 0x0000000433c00000, 0x0000000433c00000| Untracked 
| 132|0x0000000434000000, 0x0000000434000000, 0x0000000434400000|  0%| F|  |TAMS 0x0000000434000000, 0x0000000434000000| Untracked 
| 133|0x0000000434400000, 0x0000000434400000, 0x0000000434800000|  0%| F|  |TAMS 0x0000000434400000, 0x0000000434400000| Untracked 
| 134|0x0000000434800000, 0x0000000434800000, 0x0000000434c00000|  0%| F|  |TAMS 0x0000000434800000, 0x0000000434800000| Untracked 
| 135|0x0000000434c00000, 0x0000000434c00000, 0x0000000435000000|  0%| F|  |TAMS 0x0000000434c00000, 0x0000000434c00000| Untracked 
| 136|0x0000000435000000, 0x0000000435000000, 0x0000000435400000|  0%| F|  |TAMS 0x0000000435000000, 0x0000000435000000| Untracked 
| 137|0x0000000435400000, 0x0000000435400000, 0x0000000435800000|  0%| F|  |TAMS 0x0000000435400000, 0x0000000435400000| Untracked 
| 138|0x0000000435800000, 0x0000000435800000, 0x0000000435c00000|  0%| F|  |TAMS 0x0000000435800000, 0x0000000435800000| Untracked 
| 139|0x0000000435c00000, 0x0000000435c00000, 0x0000000436000000|  0%| F|  |TAMS 0x0000000435c00000, 0x0000000435c00000| Untracked 
| 140|0x0000000436000000, 0x0000000436000000, 0x0000000436400000|  0%| F|  |TAMS 0x0000000436000000, 0x0000000436000000| Untracked 
| 141|0x0000000436400000, 0x0000000436400000, 0x0000000436800000|  0%| F|  |TAMS 0x0000000436400000, 0x0000000436400000| Untracked 
| 142|0x0000000436800000, 0x0000000436800000, 0x0000000436c00000|  0%| F|  |TAMS 0x0000000436800000, 0x0000000436800000| Untracked 
| 143|0x0000000436c00000, 0x0000000436c00000, 0x0000000437000000|  0%| F|  |TAMS 0x0000000436c00000, 0x0000000436c00000| Untracked 
| 144|0x0000000437000000, 0x0000000437000000, 0x0000000437400000|  0%| F|  |TAMS 0x0000000437000000, 0x0000000437000000| Untracked 
| 145|0x0000000437400000, 0x0000000437400000, 0x0000000437800000|  0%| F|  |TAMS 0x0000000437400000, 0x0000000437400000| Untracked 
| 146|0x0000000437800000, 0x0000000437800000, 0x0000000437c00000|  0%| F|  |TAMS 0x0000000437800000, 0x0000000437800000| Untracked 
| 147|0x0000000437c00000, 0x0000000437c00000, 0x0000000438000000|  0%| F|  |TAMS 0x0000000437c00000, 0x0000000437c00000| Untracked 
| 148|0x0000000438000000, 0x0000000438000000, 0x0000000438400000|  0%| F|  |TAMS 0x0000000438000000, 0x0000000438000000| Untracked 
| 149|0x0000000438400000, 0x0000000438400000, 0x0000000438800000|  0%| F|  |TAMS 0x0000000438400000, 0x0000000438400000| Untracked 
| 150|0x0000000438800000, 0x0000000438800000, 0x0000000438c00000|  0%| F|  |TAMS 0x0000000438800000, 0x0000000438800000| Untracked 
| 151|0x0000000438c00000, 0x0000000438c00000, 0x0000000439000000|  0%| F|  |TAMS 0x0000000438c00000, 0x0000000438c00000| Untracked 
| 152|0x0000000439000000, 0x0000000439000000, 0x0000000439400000|  0%| F|  |TAMS 0x0000000439000000, 0x0000000439000000| Untracked 
| 153|0x0000000439400000, 0x0000000439400000, 0x0000000439800000|  0%| F|  |TAMS 0x0000000439400000, 0x0000000439400000| Untracked 
| 154|0x0000000439800000, 0x0000000439800000, 0x0000000439c00000|  0%| F|  |TAMS 0x0000000439800000, 0x0000000439800000| Untracked 
| 155|0x0000000439c00000, 0x0000000439c00000, 0x000000043a000000|  0%| F|  |TAMS 0x0000000439c00000, 0x0000000439c00000| Untracked 
| 156|0x000000043a000000, 0x000000043a000000, 0x000000043a400000|  0%| F|  |TAMS 0x000000043a000000, 0x000000043a000000| Untracked 
| 157|0x000000043a400000, 0x000000043a400000, 0x000000043a800000|  0%| F|  |TAMS 0x000000043a400000, 0x000000043a400000| Untracked 
| 158|0x000000043a800000, 0x000000043a800000, 0x000000043ac00000|  0%| F|  |TAMS 0x000000043a800000, 0x000000043a800000| Untracked 
| 159|0x000000043ac00000, 0x000000043ac00000, 0x000000043b000000|  0%| F|  |TAMS 0x000000043ac00000, 0x000000043ac00000| Untracked 
| 160|0x000000043b000000, 0x000000043b000000, 0x000000043b400000|  0%| F|  |TAMS 0x000000043b000000, 0x000000043b000000| Untracked 
| 161|0x000000043b400000, 0x000000043b400000, 0x000000043b800000|  0%| F|  |TAMS 0x000000043b400000, 0x000000043b400000| Untracked 
| 162|0x000000043b800000, 0x000000043b800000, 0x000000043bc00000|  0%| F|  |TAMS 0x000000043b800000, 0x000000043b800000| Untracked 
| 163|0x000000043bc00000, 0x000000043bc00000, 0x000000043c000000|  0%| F|  |TAMS 0x000000043bc00000, 0x000000043bc00000| Untracked 
| 164|0x000000043c000000, 0x000000043c000000, 0x000000043c400000|  0%| F|  |TAMS 0x000000043c000000, 0x000000043c000000| Untracked 
| 165|0x000000043c400000, 0x000000043c400000, 0x000000043c800000|  0%| F|  |TAMS 0x000000043c400000, 0x000000043c400000| Untracked 
| 166|0x000000043c800000, 0x000000043c800000, 0x000000043cc00000|  0%| F|  |TAMS 0x000000043c800000, 0x000000043c800000| Untracked 
| 167|0x000000043cc00000, 0x000000043cc00000, 0x000000043d000000|  0%| F|  |TAMS 0x000000043cc00000, 0x000000043cc00000| Untracked 
| 168|0x000000043d000000, 0x000000043d000000, 0x000000043d400000|  0%| F|  |TAMS 0x000000043d000000, 0x000000043d000000| Untracked 
| 169|0x000000043d400000, 0x000000043d400000, 0x000000043d800000|  0%| F|  |TAMS 0x000000043d400000, 0x000000043d400000| Untracked 
| 170|0x000000043d800000, 0x000000043d800000, 0x000000043dc00000|  0%| F|  |TAMS 0x000000043d800000, 0x000000043d800000| Untracked 
| 171|0x000000043dc00000, 0x000000043dc00000, 0x000000043e000000|  0%| F|  |TAMS 0x000000043dc00000, 0x000000043dc00000| Untracked 
| 172|0x000000043e000000, 0x000000043e000000, 0x000000043e400000|  0%| F|  |TAMS 0x000000043e000000, 0x000000043e000000| Untracked 
| 173|0x000000043e400000, 0x000000043e400000, 0x000000043e800000|  0%| F|  |TAMS 0x000000043e400000, 0x000000043e400000| Untracked 
| 174|0x000000043e800000, 0x000000043e800000, 0x000000043ec00000|  0%| F|  |TAMS 0x000000043e800000, 0x000000043e800000| Untracked 
| 175|0x000000043ec00000, 0x000000043ec00000, 0x000000043f000000|  0%| F|  |TAMS 0x000000043ec00000, 0x000000043ec00000| Untracked 
| 176|0x000000043f000000, 0x000000043f000000, 0x000000043f400000|  0%| F|  |TAMS 0x000000043f000000, 0x000000043f000000| Untracked 
| 177|0x000000043f400000, 0x000000043f400000, 0x000000043f800000|  0%| F|  |TAMS 0x000000043f400000, 0x000000043f400000| Untracked 
| 178|0x000000043f800000, 0x000000043f800000, 0x000000043fc00000|  0%| F|  |TAMS 0x000000043f800000, 0x000000043f800000| Untracked 
| 179|0x000000043fc00000, 0x000000043fc00000, 0x0000000440000000|  0%| F|  |TAMS 0x000000043fc00000, 0x000000043fc00000| Untracked 
| 180|0x0000000440000000, 0x0000000440000000, 0x0000000440400000|  0%| F|  |TAMS 0x0000000440000000, 0x0000000440000000| Untracked 
| 181|0x0000000440400000, 0x0000000440400000, 0x0000000440800000|  0%| F|  |TAMS 0x0000000440400000, 0x0000000440400000| Untracked 
| 182|0x0000000440800000, 0x0000000440800000, 0x0000000440c00000|  0%| F|  |TAMS 0x0000000440800000, 0x0000000440800000| Untracked 
| 183|0x0000000440c00000, 0x0000000440c00000, 0x0000000441000000|  0%| F|  |TAMS 0x0000000440c00000, 0x0000000440c00000| Untracked 
| 184|0x0000000441000000, 0x0000000441000000, 0x0000000441400000|  0%| F|  |TAMS 0x0000000441000000, 0x0000000441000000| Untracked 
| 185|0x0000000441400000, 0x0000000441400000, 0x0000000441800000|  0%| F|  |TAMS 0x0000000441400000, 0x0000000441400000| Untracked 
| 186|0x0000000441800000, 0x0000000441800000, 0x0000000441c00000|  0%| F|  |TAMS 0x0000000441800000, 0x0000000441800000| Untracked 
| 187|0x0000000441c00000, 0x0000000441c00000, 0x0000000442000000|  0%| F|  |TAMS 0x0000000441c00000, 0x0000000441c00000| Untracked 
| 188|0x0000000442000000, 0x0000000442000000, 0x0000000442400000|  0%| F|  |TAMS 0x0000000442000000, 0x0000000442000000| Untracked 
| 189|0x0000000442400000, 0x0000000442400000, 0x0000000442800000|  0%| F|  |TAMS 0x0000000442400000, 0x0000000442400000| Untracked 
| 190|0x0000000442800000, 0x0000000442800000, 0x0000000442c00000|  0%| F|  |TAMS 0x0000000442800000, 0x0000000442800000| Untracked 
| 191|0x0000000442c00000, 0x0000000442c00000, 0x0000000443000000|  0%| F|  |TAMS 0x0000000442c00000, 0x0000000442c00000| Untracked 
| 192|0x0000000443000000, 0x0000000443000000, 0x0000000443400000|  0%| F|  |TAMS 0x0000000443000000, 0x0000000443000000| Untracked 
| 193|0x0000000443400000, 0x0000000443400000, 0x0000000443800000|  0%| F|  |TAMS 0x0000000443400000, 0x0000000443400000| Untracked 
| 194|0x0000000443800000, 0x0000000443800000, 0x0000000443c00000|  0%| F|  |TAMS 0x0000000443800000, 0x0000000443800000| Untracked 
| 195|0x0000000443c00000, 0x0000000443c00000, 0x0000000444000000|  0%| F|  |TAMS 0x0000000443c00000, 0x0000000443c00000| Untracked 
| 196|0x0000000444000000, 0x0000000444000000, 0x0000000444400000|  0%| F|  |TAMS 0x0000000444000000, 0x0000000444000000| Untracked 
| 197|0x0000000444400000, 0x0000000444400000, 0x0000000444800000|  0%| F|  |TAMS 0x0000000444400000, 0x0000000444400000| Untracked 
| 198|0x0000000444800000, 0x0000000444800000, 0x0000000444c00000|  0%| F|  |TAMS 0x0000000444800000, 0x0000000444800000| Untracked 
| 199|0x0000000444c00000, 0x0000000444c00000, 0x0000000445000000|  0%| F|  |TAMS 0x0000000444c00000, 0x0000000444c00000| Untracked 
| 200|0x0000000445000000, 0x0000000445000000, 0x0000000445400000|  0%| F|  |TAMS 0x0000000445000000, 0x0000000445000000| Untracked 
| 201|0x0000000445400000, 0x0000000445400000, 0x0000000445800000|  0%| F|  |TAMS 0x0000000445400000, 0x0000000445400000| Untracked 
| 202|0x0000000445800000, 0x0000000445800000, 0x0000000445c00000|  0%| F|  |TAMS 0x0000000445800000, 0x0000000445800000| Untracked 
| 203|0x0000000445c00000, 0x0000000445c00000, 0x0000000446000000|  0%| F|  |TAMS 0x0000000445c00000, 0x0000000445c00000| Untracked 
| 204|0x0000000446000000, 0x0000000446000000, 0x0000000446400000|  0%| F|  |TAMS 0x0000000446000000, 0x0000000446000000| Untracked 
| 205|0x0000000446400000, 0x0000000446400000, 0x0000000446800000|  0%| F|  |TAMS 0x0000000446400000, 0x0000000446400000| Untracked 
| 206|0x0000000446800000, 0x0000000446800000, 0x0000000446c00000|  0%| F|  |TAMS 0x0000000446800000, 0x0000000446800000| Untracked 
| 207|0x0000000446c00000, 0x0000000446c00000, 0x0000000447000000|  0%| F|  |TAMS 0x0000000446c00000, 0x0000000446c00000| Untracked 
| 208|0x0000000447000000, 0x0000000447000000, 0x0000000447400000|  0%| F|  |TAMS 0x0000000447000000, 0x0000000447000000| Untracked 
| 209|0x0000000447400000, 0x0000000447400000, 0x0000000447800000|  0%| F|  |TAMS 0x0000000447400000, 0x0000000447400000| Untracked 
| 210|0x0000000447800000, 0x0000000447800000, 0x0000000447c00000|  0%| F|  |TAMS 0x0000000447800000, 0x0000000447800000| Untracked 
| 211|0x0000000447c00000, 0x0000000447c00000, 0x0000000448000000|  0%| F|  |TAMS 0x0000000447c00000, 0x0000000447c00000| Untracked 
| 212|0x0000000448000000, 0x0000000448000000, 0x0000000448400000|  0%| F|  |TAMS 0x0000000448000000, 0x0000000448000000| Untracked 
| 213|0x0000000448400000, 0x0000000448400000, 0x0000000448800000|  0%| F|  |TAMS 0x0000000448400000, 0x0000000448400000| Untracked 
| 214|0x0000000448800000, 0x0000000448800000, 0x0000000448c00000|  0%| F|  |TAMS 0x0000000448800000, 0x0000000448800000| Untracked 
| 215|0x0000000448c00000, 0x0000000448c00000, 0x0000000449000000|  0%| F|  |TAMS 0x0000000448c00000, 0x0000000448c00000| Untracked 
| 216|0x0000000449000000, 0x0000000449000000, 0x0000000449400000|  0%| F|  |TAMS 0x0000000449000000, 0x0000000449000000| Untracked 
| 217|0x0000000449400000, 0x0000000449400000, 0x0000000449800000|  0%| F|  |TAMS 0x0000000449400000, 0x0000000449400000| Untracked 
| 218|0x0000000449800000, 0x0000000449800000, 0x0000000449c00000|  0%| F|  |TAMS 0x0000000449800000, 0x0000000449800000| Untracked 
| 219|0x0000000449c00000, 0x0000000449c00000, 0x000000044a000000|  0%| F|  |TAMS 0x0000000449c00000, 0x0000000449c00000| Untracked 
| 220|0x000000044a000000, 0x000000044a000000, 0x000000044a400000|  0%| F|  |TAMS 0x000000044a000000, 0x000000044a000000| Untracked 
| 221|0x000000044a400000, 0x000000044a400000, 0x000000044a800000|  0%| F|  |TAMS 0x000000044a400000, 0x000000044a400000| Untracked 
| 222|0x000000044a800000, 0x000000044a800000, 0x000000044ac00000|  0%| F|  |TAMS 0x000000044a800000, 0x000000044a800000| Untracked 
| 223|0x000000044ac00000, 0x000000044ac00000, 0x000000044b000000|  0%| F|  |TAMS 0x000000044ac00000, 0x000000044ac00000| Untracked 
| 224|0x000000044b000000, 0x000000044b000000, 0x000000044b400000|  0%| F|  |TAMS 0x000000044b000000, 0x000000044b000000| Untracked 
| 225|0x000000044b400000, 0x000000044b400000, 0x000000044b800000|  0%| F|  |TAMS 0x000000044b400000, 0x000000044b400000| Untracked 
| 226|0x000000044b800000, 0x000000044b800000, 0x000000044bc00000|  0%| F|  |TAMS 0x000000044b800000, 0x000000044b800000| Untracked 
| 227|0x000000044bc00000, 0x000000044bc00000, 0x000000044c000000|  0%| F|  |TAMS 0x000000044bc00000, 0x000000044bc00000| Untracked 
| 228|0x000000044c000000, 0x000000044c000000, 0x000000044c400000|  0%| F|  |TAMS 0x000000044c000000, 0x000000044c000000| Untracked 
| 229|0x000000044c400000, 0x000000044c400000, 0x000000044c800000|  0%| F|  |TAMS 0x000000044c400000, 0x000000044c400000| Untracked 
| 230|0x000000044c800000, 0x000000044c800000, 0x000000044cc00000|  0%| F|  |TAMS 0x000000044c800000, 0x000000044c800000| Untracked 
| 231|0x000000044cc00000, 0x000000044cc00000, 0x000000044d000000|  0%| F|  |TAMS 0x000000044cc00000, 0x000000044cc00000| Untracked 
| 232|0x000000044d000000, 0x000000044d000000, 0x000000044d400000|  0%| F|  |TAMS 0x000000044d000000, 0x000000044d000000| Untracked 
| 233|0x000000044d400000, 0x000000044d400000, 0x000000044d800000|  0%| F|  |TAMS 0x000000044d400000, 0x000000044d400000| Untracked 
| 234|0x000000044d800000, 0x000000044d800000, 0x000000044dc00000|  0%| F|  |TAMS 0x000000044d800000, 0x000000044d800000| Untracked 
| 235|0x000000044dc00000, 0x000000044dc00000, 0x000000044e000000|  0%| F|  |TAMS 0x000000044dc00000, 0x000000044dc00000| Untracked 
| 236|0x000000044e000000, 0x000000044e000000, 0x000000044e400000|  0%| F|  |TAMS 0x000000044e000000, 0x000000044e000000| Untracked 
| 237|0x000000044e400000, 0x000000044e400000, 0x000000044e800000|  0%| F|  |TAMS 0x000000044e400000, 0x000000044e400000| Untracked 
| 238|0x000000044e800000, 0x000000044e800000, 0x000000044ec00000|  0%| F|  |TAMS 0x000000044e800000, 0x000000044e800000| Untracked 
| 239|0x000000044ec00000, 0x000000044ec00000, 0x000000044f000000|  0%| F|  |TAMS 0x000000044ec00000, 0x000000044ec00000| Untracked 
| 240|0x000000044f000000, 0x000000044f000000, 0x000000044f400000|  0%| F|  |TAMS 0x000000044f000000, 0x000000044f000000| Untracked 
| 241|0x000000044f400000, 0x000000044f400000, 0x000000044f800000|  0%| F|  |TAMS 0x000000044f400000, 0x000000044f400000| Untracked 
| 242|0x000000044f800000, 0x000000044f800000, 0x000000044fc00000|  0%| F|  |TAMS 0x000000044f800000, 0x000000044f800000| Untracked 
| 243|0x000000044fc00000, 0x000000044fc00000, 0x0000000450000000|  0%| F|  |TAMS 0x000000044fc00000, 0x000000044fc00000| Untracked 
| 244|0x0000000450000000, 0x0000000450000000, 0x0000000450400000|  0%| F|  |TAMS 0x0000000450000000, 0x0000000450000000| Untracked 
| 245|0x0000000450400000, 0x0000000450400000, 0x0000000450800000|  0%| F|  |TAMS 0x0000000450400000, 0x0000000450400000| Untracked 
| 246|0x0000000450800000, 0x0000000450800000, 0x0000000450c00000|  0%| F|  |TAMS 0x0000000450800000, 0x0000000450800000| Untracked 
| 247|0x0000000450c00000, 0x0000000450c00000, 0x0000000451000000|  0%| F|  |TAMS 0x0000000450c00000, 0x0000000450c00000| Untracked 
| 248|0x0000000451000000, 0x0000000451000000, 0x0000000451400000|  0%| F|  |TAMS 0x0000000451000000, 0x0000000451000000| Untracked 
| 249|0x0000000451400000, 0x00000004517d7978, 0x0000000451800000| 96%| E|  |TAMS 0x0000000451400000, 0x0000000451400000| Complete 
| 250|0x0000000451800000, 0x0000000451c00000, 0x0000000451c00000|100%| E|CS|TAMS 0x0000000451800000, 0x0000000451800000| Complete 
| 251|0x0000000451c00000, 0x0000000452000000, 0x0000000452000000|100%| E|CS|TAMS 0x0000000451c00000, 0x0000000451c00000| Complete 
|3762|0x00000007bf800000, 0x00000007bf847000, 0x00000007bfc00000|  6%|OA|  |TAMS 0x00000007bf800000, 0x00000007bf800000| Untracked 
|3763|0x00000007bfc00000, 0x00000007bfc6b000, 0x00000007c0000000| 10%|CA|  |TAMS 0x00000007bfc00000, 0x00000007bfc00000| Untracked 

Card table byte_map: [0x00007f59b8130000,0x00007f59ba098000] _byte_map_base: 0x00007f59b6098000

Marking Bits (Prev, Next): (CMBitMap*) 0x00007f59d805cee8, (CMBitMap*) 0x00007f59d805cf20
 Prev Bits: [0x00007f59a6688000, 0x00007f59b61c8000)
 Next Bits: [0x00007f5996b48000, 0x00007f59a6688000)

Polling page: 0x00007f59dfba1000

Metaspace:

Usage:
  Non-class:      4.97 MB capacity,     2.95 MB ( 59%) used,     2.01 MB ( 40%) free+waste,     6.56 KB ( <1%) overhead. 
      Class:    543.00 KB capacity,   334.18 KB ( 62%) used,   204.95 KB ( 38%) free+waste,     3.88 KB ( <1%) overhead. 
       Both:      5.50 MB capacity,     3.28 MB ( 60%) used,     2.21 MB ( 40%) free+waste,    10.44 KB ( <1%) overhead. 

Virtual space:
  Non-class space:        8.00 MB reserved,       5.00 MB ( 62%) committed 
      Class space:        1.00 GB reserved,     640.00 KB ( <1%) committed 
             Both:        1.01 GB reserved,       5.62 MB ( <1%) committed 

Chunk freelists:
   Non-Class:  0 bytes
       Class:  1.00 KB
        Both:  1.00 KB

MaxMetaspaceSize: unlimited
CompressedClassSpaceSize: 1.00 GB

CodeHeap 'non-profiled nmethods': size=118884Kb used=149Kb max_used=149Kb free=118734Kb
 bounds [0x00007f59c845f000, 0x00007f59c86cf000, 0x00007f59cf878000]
CodeHeap 'profiled nmethods': size=118884Kb used=1239Kb max_used=1239Kb free=117644Kb
 bounds [0x00007f59c1046000, 0x00007f59c12b6000, 0x00007f59c845f000]
CodeHeap 'non-nmethods': size=7992Kb used=3356Kb max_used=3368Kb free=4636Kb
 bounds [0x00007f59c0878000, 0x00007f59c0bc8000, 0x00007f59c1046000]
 total_blobs=1123 nmethods=696 adapters=336
 compilation: enabled
              stopped_count=0, restarted_count=0
 full_count=0

Compilation events (20 events):
Event: 1.316 Thread 0x00007f5968017000 nmethod 574 0x00007f59c1129110 code [0x00007f59c11292c0, 0x00007f59c11293b0]
Event: 1.316 Thread 0x00007f5968013800 nmethod 573 0x00007f59c1129410 code [0x00007f59c1129600, 0x00007f59c1129970]
Event: 1.316 Thread 0x00007f5968015000  575       3       java.util.zip.ZipUtils::CENSIZ (9 bytes)
Event: 1.316 Thread 0x00007f59d8288800  576       3       java.io.InputStream::<init> (5 bytes)
Event: 1.316 Thread 0x00007f5968015000 nmethod 575 0x00007f59c1129a90 code [0x00007f59c1129c60, 0x00007f59c1129f30]
Event: 1.316 Thread 0x00007f59d8288800 nmethod 576 0x00007f59c112a090 code [0x00007f59c112a240, 0x00007f59c112a3b0]
Event: 1.316 Thread 0x00007f59d8288800  577       1       java.net.URLStreamHandler::getDefaultPort (2 bytes)
Event: 1.316 Thread 0x00007f59d8288800 nmethod 577 0x00007f59c847f410 code [0x00007f59c847f5c0, 0x00007f59c847f690]
Event: 1.318 Thread 0x00007f5968019000  579       3       java.util.WeakHashMap::remove (133 bytes)
Event: 1.318 Thread 0x00007f5968017000  578       3       java.util.Collections$SetFromMap::remove (19 bytes)
Event: 1.319 Thread 0x00007f5968013800  580       1       java.net.URL::getAuthority (5 bytes)
Event: 1.319 Thread 0x00007f5968015000  581       1       java.net.URL::getQuery (5 bytes)
Event: 1.319 Thread 0x00007f5968017000 nmethod 578 0x00007f59c112a490 code [0x00007f59c112a660, 0x00007f59c112a8a0]
Event: 1.319 Thread 0x00007f5968015000 nmethod 581 0x00007f59c847f710 code [0x00007f59c847f8c0, 0x00007f59c847f990]
Event: 1.319 Thread 0x00007f5968013800 nmethod 580 0x00007f59c847fa10 code [0x00007f59c847fbc0, 0x00007f59c847fc90]
Event: 1.319 Thread 0x00007f5968019000 nmethod 579 0x00007f59c112a990 code [0x00007f59c112abe0, 0x00007f59c112b720]
Event: 1.320 Thread 0x00007f59d8288800  582       1       java.util.zip.ZipEntry::getSize (5 bytes)
Event: 1.320 Thread 0x00007f59d8288800 nmethod 582 0x00007f59c847fd10 code [0x00007f59c847fec0, 0x00007f59c847ff90]
Event: 1.325 Thread 0x00007f5968015000  583       3       java.lang.Enum::<init> (15 bytes)
Event: 1.325 Thread 0x00007f5968015000 nmethod 583 0x00007f59c112bb10 code [0x00007f59c112bcc0, 0x00007f59c112be90]

GC Heap History (0 events):
No events

Deoptimization events (4 events):
Event: 0.882 Thread 0x00007f59d8016000 DEOPT PACKING pc=0x00007f59c106258b sp=0x00007f59de36a6d0
Event: 0.882 Thread 0x00007f59d8016000 DEOPT UNPACKING pc=0x00007f59c089e14a sp=0x00007f59de369b90 mode 0
Event: 0.904 Thread 0x00007f59d8016000 DEOPT PACKING pc=0x00007f59c10631c3 sp=0x00007f59de36a6a0
Event: 0.904 Thread 0x00007f59d8016000 DEOPT UNPACKING pc=0x00007f59c089e14a sp=0x00007f59de369b90 mode 0

Classes redefined (0 events):
No events

Internal exceptions (9 events):
Event: 0.598 Thread 0x00007f59d8016000 Exception <a 'java/security/PrivilegedActionException'{0x0000000451c50598}> (0x0000000451c50598) thrown at [src/hotspot/share/prims/jvm.cpp, line 1304]
Event: 0.598 Thread 0x00007f59d8016000 Exception <a 'java/security/PrivilegedActionException'{0x0000000451c50868}> (0x0000000451c50868) thrown at [src/hotspot/share/prims/jvm.cpp, line 1304]
Event: 0.937 Thread 0x00007f59d8016000 Exception <a 'java/lang/NoClassDefFoundError'{0x0000000451faa200}: org/apache/log4j/Category> (0x0000000451faa200) thrown at [src/hotspot/share/classfile/systemDictionary.cpp, line 220]
Event: 1.014 Thread 0x00007f59d82ee800 Exception <a 'java/lang/InterruptedException'{0x00000004519f64b0}: sleep interrupted> (0x00000004519f64b0) thrown at [src/hotspot/share/prims/jvm.cpp, line 3125]
Event: 1.108 Thread 0x00007f59d8016000 Exception <a 'java/lang/NoSuchMethodError'{0x0000000451b47db8}: 'java.lang.Object java.lang.invoke.DirectMethodHandle$Holder.invokeStaticInit(java.lang.Object, java.lang.Object, long, java.lang.Object)'> (0x0000000451b47db8) thrown at [src/hotspot/share/interpreter/linkResolver.cpp, line 772]
Event: 1.109 Thread 0x00007f59d8016000 Exception <a 'java/lang/NoSuchMethodError'{0x0000000451b53ee0}: 'java.lang.Object java.lang.invoke.Invokers$Holder.linkToTargetMethod(java.lang.Object, long, java.lang.Object)'> (0x0000000451b53ee0) thrown at [src/hotspot/share/interpreter/linkResolver.cpp, line 772]
Event: 1.149 Thread 0x00007f59d8016000 Exception <a 'java/lang/NoSuchMethodError'{0x0000000451b5b1f8}: 'java.lang.Object java.lang.invoke.DirectMethodHandle$Holder.invokeStatic(java.lang.Object, java.lang.Object, java.lang.Object, int)'> (0x0000000451b5b1f8) thrown at [src/hotspot/share/interpreter/linkResolver.cpp, line 772]
Event: 1.149 Thread 0x00007f59d8016000 Exception <a 'java/lang/NoSuchMethodError'{0x0000000451b5ee70}: 'java.lang.Object java.lang.invoke.DirectMethodHandle$Holder.invokeSpecial(java.lang.Object, java.lang.Object, java.lang.Object, java.lang.Object, int)'> (0x0000000451b5ee70) thrown at [src/hotspot/share/interpreter/linkResolver.cpp, line 772]
Event: 1.150 Thread 0x00007f59d8016000 Exception <a 'java/lang/NoSuchMethodError'{0x0000000451b62308}: 'java.lang.Object java.lang.invoke.Invokers$Holder.linkToTargetMethod(java.lang.Object, java.lang.Object, int, java.lang.Object)'> (0x0000000451b62308) thrown at [src/hotspot/share/interpreter/linkResolver.cpp, line 772]

Events (20 events):
Event: 1.319 Executing VM operation: RevokeBias
Event: 1.319 Executing VM operation: RevokeBias done
Event: 1.319 Executing VM operation: RevokeBias
Event: 1.319 Executing VM operation: RevokeBias done
Event: 1.320 loading class org/rocksdb/DataBlockIndexType
Event: 1.320 loading class org/rocksdb/DataBlockIndexType done
Event: 1.320 loading class org/rocksdb/ChecksumType
Event: 1.320 loading class org/rocksdb/ChecksumType done
Event: 1.320 Executing VM operation: RevokeBias
Event: 1.320 Executing VM operation: RevokeBias done
Event: 1.320 loading class org/rocksdb/IndexShorteningMode
Event: 1.320 loading class org/rocksdb/IndexShorteningMode done
Event: 1.320 Executing VM operation: RevokeBias
Event: 1.320 Executing VM operation: RevokeBias done
Event: 1.320 loading class org/rocksdb/Statistics
Event: 1.320 loading class org/rocksdb/Statistics done
Event: 1.322 loading class org/rocksdb/WalFilter
Event: 1.322 loading class org/rocksdb/WalFilter done
Event: 1.324 loading class org/rocksdb/InfoLogLevel
Event: 1.324 loading class org/rocksdb/InfoLogLevel done


Dynamic libraries:
413000000-452000000 rw-p 00000000 00:00 0 
452000000-7bf800000 ---p 00000000 00:00 0 
7bf800000-7bf847000 rw-p 01111000 fd:00 10618147                         /usr/lib/jvm/java-11-openjdk-amd64/lib/server/classes.jsa
7bf847000-7bfc00000 rw-p 00000000 00:00 0 
7bfc00000-7bfc6b000 rw-p 010a6000 fd:00 10618147                         /usr/lib/jvm/java-11-openjdk-amd64/lib/server/classes.jsa
7bfc6b000-7c0000000 rw-p 00000000 00:00 0 
7c0000000-800000000 ---p 00000000 00:00 0 
800000000-800002000 rwxp 00001000 fd:00 10618147                         /usr/lib/jvm/java-11-openjdk-amd64/lib/server/classes.jsa
800002000-8003b9000 rw-p 00003000 fd:00 10618147                         /usr/lib/jvm/java-11-openjdk-amd64/lib/server/classes.jsa
8003b9000-800a96000 r--p 003ba000 fd:00 10618147                         /usr/lib/jvm/java-11-openjdk-amd64/lib/server/classes.jsa
800a96000-800a97000 rw-p 00a97000 fd:00 10618147                         /usr/lib/jvm/java-11-openjdk-amd64/lib/server/classes.jsa
800a97000-8010a5000 r--p 00a98000 fd:00 10618147                         /usr/lib/jvm/java-11-openjdk-amd64/lib/server/classes.jsa
840000000-8400a0000 rw-p 00000000 00:00 0 
8400a0000-880000000 ---p 00000000 00:00 0 
556cdb1e7000-556cdb1e8000 r--p 00000000 fd:00 10620091                   /usr/lib/jvm/java-11-openjdk-amd64/bin/java
556cdb1e8000-556cdb1e9000 r-xp 00001000 fd:00 10620091                   /usr/lib/jvm/java-11-openjdk-amd64/bin/java
556cdb1e9000-556cdb1ea000 r--p 00002000 fd:00 10620091                   /usr/lib/jvm/java-11-openjdk-amd64/bin/java
556cdb1ea000-556cdb1eb000 r--p 00002000 fd:00 10620091                   /usr/lib/jvm/java-11-openjdk-amd64/bin/java
556cdb1eb000-556cdb1ec000 rw-p 00003000 fd:00 10620091                   /usr/lib/jvm/java-11-openjdk-amd64/bin/java
556cdbeb7000-556cdbed8000 rw-p 00000000 00:00 0                          [heap]
7f58c87f9000-7f58c87fa000 ---p 00000000 00:00 0 
7f58c87fa000-7f58c8ffa000 rw-p 00000000 00:00 0 
7f58c8ffa000-7f58c8ffb000 ---p 00000000 00:00 0 
7f58c8ffb000-7f58c97fb000 rw-p 00000000 00:00 0 
7f58c97fb000-7f58c97fc000 ---p 00000000 00:00 0 
7f58c97fc000-7f58c9ffc000 rw-p 00000000 00:00 0 
7f58c9ffc000-7f58c9ffd000 ---p 00000000 00:00 0 
7f58c9ffd000-7f58ca7fd000 rw-p 00000000 00:00 0 
7f58cc000000-7f58cc021000 rw-p 00000000 00:00 0 
7f58cc021000-7f58d0000000 ---p 00000000 00:00 0 
7f58d0000000-7f58d0021000 rw-p 00000000 00:00 0 
7f58d0021000-7f58d4000000 ---p 00000000 00:00 0 
7f58d8000000-7f58d8021000 rw-p 00000000 00:00 0 
7f58d8021000-7f58dc000000 ---p 00000000 00:00 0 
7f58dc000000-7f58dc021000 rw-p 00000000 00:00 0 
7f58dc021000-7f58e0000000 ---p 00000000 00:00 0 
7f58e0000000-7f58e0021000 rw-p 00000000 00:00 0 
7f58e0021000-7f58e4000000 ---p 00000000 00:00 0 
7f58e4000000-7f58e4021000 rw-p 00000000 00:00 0 
7f58e4021000-7f58e8000000 ---p 00000000 00:00 0 
7f58e8000000-7f58e8021000 rw-p 00000000 00:00 0 
7f58e8021000-7f58ec000000 ---p 00000000 00:00 0 
7f58ecffa000-7f58ecffb000 ---p 00000000 00:00 0 
7f58ecffb000-7f58ed7fb000 rw-p 00000000 00:00 0 
7f58ed7fb000-7f58ed7fc000 ---p 00000000 00:00 0 
7f58ed7fc000-7f58edffc000 rw-p 00000000 00:00 0 
7f58edffc000-7f58edffd000 ---p 00000000 00:00 0 
7f58edffd000-7f58ee7fd000 rw-p 00000000 00:00 0 
7f58ee7fd000-7f58ee7fe000 ---p 00000000 00:00 0 
7f58ee7fe000-7f58eeffe000 rw-p 00000000 00:00 0 
7f58eeffe000-7f58eefff000 ---p 00000000 00:00 0 
7f58eefff000-7f58ef7ff000 rw-p 00000000 00:00 0 
7f58ef7ff000-7f58ef800000 ---p 00000000 00:00 0 
7f58ef800000-7f58f0000000 rw-p 00000000 00:00 0 
7f58f0000000-7f58f0021000 rw-p 00000000 00:00 0 
7f58f0021000-7f58f4000000 ---p 00000000 00:00 0 
7f58f4000000-7f58f4021000 rw-p 00000000 00:00 0 
7f58f4021000-7f58f8000000 ---p 00000000 00:00 0 
7f58f8000000-7f58f8021000 rw-p 00000000 00:00 0 
7f58f8021000-7f58fc000000 ---p 00000000 00:00 0 
7f58fc000000-7f58fc021000 rw-p 00000000 00:00 0 
7f58fc021000-7f5900000000 ---p 00000000 00:00 0 
7f5900000000-7f5900021000 rw-p 00000000 00:00 0 
7f5900021000-7f5904000000 ---p 00000000 00:00 0 
7f5904000000-7f5904021000 rw-p 00000000 00:00 0 
7f5904021000-7f5908000000 ---p 00000000 00:00 0 
7f5908000000-7f5908021000 rw-p 00000000 00:00 0 
7f5908021000-7f590c000000 ---p 00000000 00:00 0 
7f590c7f9000-7f590c7fa000 ---p 00000000 00:00 0 
7f590c7fa000-7f590cffa000 rw-p 00000000 00:00 0 
7f590cffa000-7f590cffb000 ---p 00000000 00:00 0 
7f590cffb000-7f590d7fb000 rw-p 00000000 00:00 0 
7f590d7fb000-7f590d7fc000 ---p 00000000 00:00 0 
7f590d7fc000-7f590dffc000 rw-p 00000000 00:00 0 
7f590dffc000-7f590dffd000 ---p 00000000 00:00 0 
7f590dffd000-7f590e7fd000 rw-p 00000000 00:00 0 
7f590e7fd000-7f590e7fe000 ---p 00000000 00:00 0 
7f590e7fe000-7f590effe000 rw-p 00000000 00:00 0 
7f590effe000-7f590efff000 ---p 00000000 00:00 0 
7f590efff000-7f590f7ff000 rw-p 00000000 00:00 0 
7f590f7ff000-7f590f800000 ---p 00000000 00:00 0 
7f590f800000-7f5910000000 rw-p 00000000 00:00 0 
7f5910000000-7f5910021000 rw-p 00000000 00:00 0 
7f5910021000-7f5914000000 ---p 00000000 00:00 0 
7f5914000000-7f5914021000 rw-p 00000000 00:00 0 
7f5914021000-7f5918000000 ---p 00000000 00:00 0 
7f5918000000-7f5918021000 rw-p 00000000 00:00 0 
7f5918021000-7f591c000000 ---p 00000000 00:00 0 
7f591c000000-7f591c021000 rw-p 00000000 00:00 0 
7f591c021000-7f5920000000 ---p 00000000 00:00 0 
7f5920000000-7f5920021000 rw-p 00000000 00:00 0 
7f5920021000-7f5924000000 ---p 00000000 00:00 0 
7f5924000000-7f5924021000 rw-p 00000000 00:00 0 
7f5924021000-7f5928000000 ---p 00000000 00:00 0 
7f5928000000-7f5928021000 rw-p 00000000 00:00 0 
7f5928021000-7f592c000000 ---p 00000000 00:00 0 
7f592c000000-7f592c021000 rw-p 00000000 00:00 0 
7f592c021000-7f5930000000 ---p 00000000 00:00 0 
7f59307f9000-7f59307fa000 ---p 00000000 00:00 0 
7f59307fa000-7f5930ffa000 rw-p 00000000 00:00 0 
7f5930ffa000-7f5930ffb000 ---p 00000000 00:00 0 
7f5930ffb000-7f59317fb000 rw-p 00000000 00:00 0 
7f59317fb000-7f59317fc000 ---p 00000000 00:00 0 
7f59317fc000-7f5931ffc000 rw-p 00000000 00:00 0 
7f5931ffc000-7f5931ffd000 ---p 00000000 00:00 0 
7f5931ffd000-7f59327fd000 rw-p 00000000 00:00 0 
7f59327fd000-7f59327fe000 ---p 00000000 00:00 0 
7f59327fe000-7f5932ffe000 rw-p 00000000 00:00 0 
7f5932ffe000-7f5932fff000 ---p 00000000 00:00 0 
7f5932fff000-7f59337ff000 rw-p 00000000 00:00 0 
7f59337ff000-7f5933800000 ---p 00000000 00:00 0 
7f5933800000-7f5934000000 rw-p 00000000 00:00 0 
7f5934000000-7f5934021000 rw-p 00000000 00:00 0 
7f5934021000-7f5938000000 ---p 00000000 00:00 0 
7f5938000000-7f5938021000 rw-p 00000000 00:00 0 
7f5938021000-7f593c000000 ---p 00000000 00:00 0 
7f593c000000-7f593c021000 rw-p 00000000 00:00 0 
7f593c021000-7f5940000000 ---p 00000000 00:00 0 
7f5940000000-7f5940044000 rw-p 00000000 00:00 0 
7f5940044000-7f5944000000 ---p 00000000 00:00 0 
7f5944000000-7f5944021000 rw-p 00000000 00:00 0 
7f5944021000-7f5948000000 ---p 00000000 00:00 0 
7f5948000000-7f5948021000 rw-p 00000000 00:00 0 
7f5948021000-7f594c000000 ---p 00000000 00:00 0 
7f594c000000-7f594c0a0000 rw-p 00000000 00:00 0 
7f594c0a0000-7f5950000000 ---p 00000000 00:00 0 
7f5950000000-7f5950021000 rw-p 00000000 00:00 0 
7f5950021000-7f5954000000 ---p 00000000 00:00 0 
7f5954000000-7f5954099000 rw-p 00000000 00:00 0 
7f5954099000-7f5958000000 ---p 00000000 00:00 0 
7f5958000000-7f5958137000 rw-p 00000000 00:00 0 
7f5958137000-7f595c000000 ---p 00000000 00:00 0 
7f595c000000-7f595c021000 rw-p 00000000 00:00 0 
7f595c021000-7f5960000000 ---p 00000000 00:00 0 
7f5960000000-7f5960089000 rw-p 00000000 00:00 0 
7f5960089000-7f5964000000 ---p 00000000 00:00 0 
7f5964000000-7f596408a000 rw-p 00000000 00:00 0 
7f596408a000-7f5968000000 ---p 00000000 00:00 0 
7f5968000000-7f5968098000 rw-p 00000000 00:00 0 
7f5968098000-7f596c000000 ---p 00000000 00:00 0 
7f596c000000-7f596c021000 rw-p 00000000 00:00 0 
7f596c021000-7f5970000000 ---p 00000000 00:00 0 
7f5970000000-7f5970021000 rw-p 00000000 00:00 0 
7f5970021000-7f5974000000 ---p 00000000 00:00 0 
7f5974000000-7f5974021000 rw-p 00000000 00:00 0 
7f5974021000-7f5978000000 ---p 00000000 00:00 0 
7f5978000000-7f5978021000 rw-p 00000000 00:00 0 
7f5978021000-7f597c000000 ---p 00000000 00:00 0 
7f597c000000-7f597c021000 rw-p 00000000 00:00 0 
7f597c021000-7f5980000000 ---p 00000000 00:00 0 
7f5980000000-7f5980021000 rw-p 00000000 00:00 0 
7f5980021000-7f5984000000 ---p 00000000 00:00 0 
7f5984000000-7f5984021000 rw-p 00000000 00:00 0 
7f5984021000-7f5988000000 ---p 00000000 00:00 0 
7f5988000000-7f5988021000 rw-p 00000000 00:00 0 
7f5988021000-7f598c000000 ---p 00000000 00:00 0 
7f598c393000-7f598c394000 ---p 00000000 00:00 0 
7f598c394000-7f598cb94000 rw-p 00000000 00:00 0 
7f598cb94000-7f598cb95000 ---p 00000000 00:00 0 
7f598cb95000-7f598d531000 rw-p 00000000 00:00 0 
7f598d531000-7f598d535000 ---p 00000000 00:00 0 
7f598d535000-7f598d632000 rw-p 00000000 00:00 0 
7f598d632000-7f598d636000 ---p 00000000 00:00 0 
7f598d636000-7f598d733000 rw-p 00000000 00:00 0 
7f598d733000-7f598d906000 r--p 00000000 fd:00 3145747                    /tmp/librocksdbjni14076709162536663789.so
7f598d906000-7f598df5c000 r-xp 001d3000 fd:00 3145747                    /tmp/librocksdbjni14076709162536663789.so
7f598df5c000-7f598e069000 r--p 00829000 fd:00 3145747                    /tmp/librocksdbjni14076709162536663789.so
7f598e069000-7f598e081000 r--p 00935000 fd:00 3145747                    /tmp/librocksdbjni14076709162536663789.so
7f598e081000-7f598e08d000 rw-p 0094d000 fd:00 3145747                    /tmp/librocksdbjni14076709162536663789.so
7f598e08d000-7f598e0d9000 rw-p 00000000 00:00 0 
7f598e0d9000-7f598e0dd000 r--p 00000000 fd:00 7086119                    /usr/lib/x86_64-linux-gnu/libzstd.so.1.4.4
7f598e0dd000-7f598e16f000 r-xp 00004000 fd:00 7086119                    /usr/lib/x86_64-linux-gnu/libzstd.so.1.4.4
7f598e16f000-7f598e180000 r--p 00096000 fd:00 7086119                    /usr/lib/x86_64-linux-gnu/libzstd.so.1.4.4
7f598e180000-7f598e181000 r--p 000a6000 fd:00 7086119                    /usr/lib/x86_64-linux-gnu/libzstd.so.1.4.4
7f598e181000-7f598e182000 rw-p 000a7000 fd:00 7086119                    /usr/lib/x86_64-linux-gnu/libzstd.so.1.4.4
7f598e182000-7f598e186000 ---p 00000000 00:00 0 
7f598e186000-7f598e283000 rw-p 00000000 00:00 0 
7f598e283000-7f598e287000 ---p 00000000 00:00 0 
7f598e287000-7f598e384000 rw-p 00000000 00:00 0 
7f598e384000-7f598e385000 ---p 00000000 00:00 0 
7f598e385000-7f598e486000 rw-p 00000000 00:00 0 
7f598e486000-7f598e48a000 ---p 00000000 00:00 0 
7f598e48a000-7f598e587000 rw-p 00000000 00:00 0 
7f598e587000-7f598e58b000 ---p 00000000 00:00 0 
7f598e58b000-7f598e688000 rw-p 00000000 00:00 0 
7f598e688000-7f598e68c000 ---p 00000000 00:00 0 
7f598e68c000-7f598e789000 rw-p 00000000 00:00 0 
7f598e789000-7f598e78d000 ---p 00000000 00:00 0 
7f598e78d000-7f598e88a000 rw-p 00000000 00:00 0 
7f598e88a000-7f598e88e000 ---p 00000000 00:00 0 
7f598e88e000-7f598e98b000 rw-p 00000000 00:00 0 
7f598e98b000-7f598e98f000 ---p 00000000 00:00 0 
7f598e98f000-7f598ea8c000 rw-p 00000000 00:00 0 
7f598ea8c000-7f598ea90000 ---p 00000000 00:00 0 
7f598ea90000-7f598eb8d000 rw-p 00000000 00:00 0 
7f598eb8d000-7f598eb91000 ---p 00000000 00:00 0 
7f598eb91000-7f598ec8e000 rw-p 00000000 00:00 0 
7f598ec8e000-7f598ec92000 ---p 00000000 00:00 0 
7f598ec92000-7f598ed8f000 rw-p 00000000 00:00 0 
7f598ed8f000-7f598f075000 r--p 00000000 fd:00 7081580                    /usr/lib/locale/locale-archive
7f598f075000-7f598f079000 ---p 00000000 00:00 0 
7f598f079000-7f598f176000 rw-p 00000000 00:00 0 
7f598f176000-7f598f17a000 ---p 00000000 00:00 0 
7f598f17a000-7f598f277000 rw-p 00000000 00:00 0 
7f598f277000-7f598f278000 ---p 00000000 00:00 0 
7f598f278000-7f598f8fa000 rw-p 00000000 00:00 0 
7f598f8fa000-7f598fbfa000 ---p 00000000 00:00 0 
7f598fbfa000-7f598fbfb000 ---p 00000000 00:00 0 
7f598fbfb000-7f598fcfc000 rw-p 00000000 00:00 0 
7f598fcfc000-7f598fcfd000 ---p 00000000 00:00 0 
7f598fcfd000-7f5990000000 rw-p 00000000 00:00 0 
7f5990000000-7f5990021000 rw-p 00000000 00:00 0 
7f5990021000-7f5994000000 ---p 00000000 00:00 0 
7f599401b000-7f599401f000 ---p 00000000 00:00 0 
7f599401f000-7f5997b08000 rw-p 00000000 00:00 0 
7f5997b08000-7f59a5668000 ---p 00000000 00:00 0 
7f59a5668000-7f59a5688000 rw-p 00000000 00:00 0 
7f59a5688000-7f59a6688000 ---p 00000000 00:00 0 
7f59a6688000-7f59a7648000 rw-p 00000000 00:00 0 
7f59a7648000-7f59b51a8000 ---p 00000000 00:00 0 
7f59b51a8000-7f59b51c8000 rw-p 00000000 00:00 0 
7f59b51c8000-7f59b61c8000 ---p 00000000 00:00 0 
7f59b61c8000-7f59b63c0000 rw-p 00000000 00:00 0 
7f59b63c0000-7f59b7f2c000 ---p 00000000 00:00 0 
7f59b7f2c000-7f59b7f30000 rw-p 00000000 00:00 0 
7f59b7f30000-7f59b8130000 ---p 00000000 00:00 0 
7f59b8130000-7f59b8328000 rw-p 00000000 00:00 0 
7f59b8328000-7f59b9e94000 ---p 00000000 00:00 0 
7f59b9e94000-7f59b9e98000 rw-p 00000000 00:00 0 
7f59b9e98000-7f59ba098000 ---p 00000000 00:00 0 
7f59ba098000-7f59ba290000 rw-p 00000000 00:00 0 
7f59ba290000-7f59bbdfc000 ---p 00000000 00:00 0 
7f59bbdfc000-7f59bbe00000 rw-p 00000000 00:00 0 
7f59bbe00000-7f59bc000000 ---p 00000000 00:00 0 
7f59bc000000-7f59bc021000 rw-p 00000000 00:00 0 
7f59bc021000-7f59c0000000 ---p 00000000 00:00 0 
7f59c0013000-7f59c0015000 r--p 00000000 fd:00 7084550                    /usr/lib/x86_64-linux-gnu/liblz4.so.1.9.2
7f59c0015000-7f59c002f000 r-xp 00002000 fd:00 7084550                    /usr/lib/x86_64-linux-gnu/liblz4.so.1.9.2
7f59c002f000-7f59c0032000 r--p 0001c000 fd:00 7084550                    /usr/lib/x86_64-linux-gnu/liblz4.so.1.9.2
7f59c0032000-7f59c0033000 r--p 0001e000 fd:00 7084550                    /usr/lib/x86_64-linux-gnu/liblz4.so.1.9.2
7f59c0033000-7f59c0034000 rw-p 0001f000 fd:00 7084550                    /usr/lib/x86_64-linux-gnu/liblz4.so.1.9.2
7f59c0034000-7f59c0037000 r--p 00000000 fd:00 7083394                    /usr/lib/x86_64-linux-gnu/libsnappy.so.1.1.8
7f59c0037000-7f59c003b000 r-xp 00003000 fd:00 7083394                    /usr/lib/x86_64-linux-gnu/libsnappy.so.1.1.8
7f59c003b000-7f59c003d000 r--p 00007000 fd:00 7083394                    /usr/lib/x86_64-linux-gnu/libsnappy.so.1.1.8
7f59c003d000-7f59c003e000 r--p 00008000 fd:00 7083394                    /usr/lib/x86_64-linux-gnu/libsnappy.so.1.1.8
7f59c003e000-7f59c003f000 rw-p 00009000 fd:00 7083394                    /usr/lib/x86_64-linux-gnu/libsnappy.so.1.1.8
7f59c003f000-7f59c0878000 rw-p 00000000 00:00 0 
7f59c0878000-7f59c0bc8000 rwxp 00000000 00:00 0 
7f59c0bc8000-7f59c1046000 ---p 00000000 00:00 0 
7f59c1046000-7f59c12b6000 rwxp 00000000 00:00 0 
7f59c12b6000-7f59c845f000 ---p 00000000 00:00 0 
7f59c845f000-7f59c86cf000 rwxp 00000000 00:00 0 
7f59c86cf000-7f59cf878000 ---p 00000000 00:00 0 
7f59cf878000-7f59d8000000 r--s 00000000 fd:00 10620259                   /usr/lib/jvm/java-11-openjdk-amd64/lib/modules
7f59d8000000-7f59d8467000 rw-p 00000000 00:00 0 
7f59d8467000-7f59dc000000 ---p 00000000 00:00 0 
7f59dc00a000-7f59dc00e000 r--p 00000000 fd:00 10620244                   /usr/lib/jvm/java-11-openjdk-amd64/lib/libnet.so
7f59dc00e000-7f59dc01d000 r-xp 00004000 fd:00 10620244                   /usr/lib/jvm/java-11-openjdk-amd64/lib/libnet.so
7f59dc01d000-7f59dc021000 r--p 00013000 fd:00 10620244                   /usr/lib/jvm/java-11-openjdk-amd64/lib/libnet.so
7f59dc021000-7f59dc022000 r--p 00016000 fd:00 10620244                   /usr/lib/jvm/java-11-openjdk-amd64/lib/libnet.so
7f59dc022000-7f59dc023000 rw-p 00017000 fd:00 10620244                   /usr/lib/jvm/java-11-openjdk-amd64/lib/libnet.so
7f59dc023000-7f59dc02a000 r--p 00000000 fd:00 10620245                   /usr/lib/jvm/java-11-openjdk-amd64/lib/libnio.so
7f59dc02a000-7f59dc032000 r-xp 00007000 fd:00 10620245                   /usr/lib/jvm/java-11-openjdk-amd64/lib/libnio.so
7f59dc032000-7f59dc035000 r--p 0000f000 fd:00 10620245                   /usr/lib/jvm/java-11-openjdk-amd64/lib/libnio.so
7f59dc035000-7f59dc036000 r--p 00011000 fd:00 10620245                   /usr/lib/jvm/java-11-openjdk-amd64/lib/libnio.so
7f59dc036000-7f59dc037000 rw-p 00012000 fd:00 10620245                   /usr/lib/jvm/java-11-openjdk-amd64/lib/libnio.so
7f59dc037000-7f59dc2fe000 rw-p 00000000 00:00 0 
7f59dc2fe000-7f59dc2ff000 ---p 00000000 00:00 0 
7f59dc2ff000-7f59dc400000 rw-p 00000000 00:00 0 
7f59dc400000-7f59dc401000 ---p 00000000 00:00 0 
7f59dc401000-7f59ddf14000 rw-p 00000000 00:00 0 
7f59ddf14000-7f59ddf15000 ---p 00000000 00:00 0 
7f59ddf15000-7f59de01b000 rw-p 00000000 00:00 0 
7f59de01b000-7f59de0ff000 ---p 00000000 00:00 0 
7f59de0ff000-7f59de104000 rw-p 00000000 00:00 0 
7f59de104000-7f59de1e8000 ---p 00000000 00:00 0 
7f59de1e8000-7f59de1ef000 rw-p 00000000 00:00 0 
7f59de1ef000-7f59de1f8000 ---p 00000000 00:00 0 
7f59de1f8000-7f59de1fa000 r--p 00000000 fd:00 10620258                   /usr/lib/jvm/java-11-openjdk-amd64/lib/libzip.so
7f59de1fa000-7f59de1fe000 r-xp 00002000 fd:00 10620258                   /usr/lib/jvm/java-11-openjdk-amd64/lib/libzip.so
7f59de1fe000-7f59de200000 r--p 00006000 fd:00 10620258                   /usr/lib/jvm/java-11-openjdk-amd64/lib/libzip.so
7f59de200000-7f59de201000 r--p 00007000 fd:00 10620258                   /usr/lib/jvm/java-11-openjdk-amd64/lib/libzip.so
7f59de201000-7f59de202000 rw-p 00008000 fd:00 10620258                   /usr/lib/jvm/java-11-openjdk-amd64/lib/libzip.so
7f59de202000-7f59de205000 r--p 00000000 fd:00 7087226                    /usr/lib/x86_64-linux-gnu/libnss_files-2.31.so
7f59de205000-7f59de20c000 r-xp 00003000 fd:00 7087226                    /usr/lib/x86_64-linux-gnu/libnss_files-2.31.so
7f59de20c000-7f59de20e000 r--p 0000a000 fd:00 7087226                    /usr/lib/x86_64-linux-gnu/libnss_files-2.31.so
7f59de20e000-7f59de20f000 r--p 0000b000 fd:00 7087226                    /usr/lib/x86_64-linux-gnu/libnss_files-2.31.so
7f59de20f000-7f59de210000 rw-p 0000c000 fd:00 7087226                    /usr/lib/x86_64-linux-gnu/libnss_files-2.31.so
7f59de210000-7f59de216000 rw-p 00000000 00:00 0 
7f59de21c000-7f59de224000 rw-s 00000000 fd:00 3145735                    /tmp/hsperfdata_root/767108
7f59de224000-7f59de232000 r--p 00000000 fd:00 10620229                   /usr/lib/jvm/java-11-openjdk-amd64/lib/libjava.so
7f59de232000-7f59de248000 r-xp 0000e000 fd:00 10620229                   /usr/lib/jvm/java-11-openjdk-amd64/lib/libjava.so
7f59de248000-7f59de24f000 r--p 00024000 fd:00 10620229                   /usr/lib/jvm/java-11-openjdk-amd64/lib/libjava.so
7f59de24f000-7f59de250000 r--p 0002a000 fd:00 10620229                   /usr/lib/jvm/java-11-openjdk-amd64/lib/libjava.so
7f59de250000-7f59de251000 rw-p 0002b000 fd:00 10620229                   /usr/lib/jvm/java-11-openjdk-amd64/lib/libjava.so
7f59de251000-7f59de252000 rw-p 00000000 00:00 0 
7f59de252000-7f59de257000 r--p 00000000 fd:00 10620257                   /usr/lib/jvm/java-11-openjdk-amd64/lib/libverify.so
7f59de257000-7f59de25e000 r-xp 00005000 fd:00 10620257                   /usr/lib/jvm/java-11-openjdk-amd64/lib/libverify.so
7f59de25e000-7f59de260000 r--p 0000c000 fd:00 10620257                   /usr/lib/jvm/java-11-openjdk-amd64/lib/libverify.so
7f59de260000-7f59de261000 ---p 0000e000 fd:00 10620257                   /usr/lib/jvm/java-11-openjdk-amd64/lib/libverify.so
7f59de261000-7f59de263000 r--p 0000e000 fd:00 10620257                   /usr/lib/jvm/java-11-openjdk-amd64/lib/libverify.so
7f59de263000-7f59de264000 rw-p 00010000 fd:00 10620257                   /usr/lib/jvm/java-11-openjdk-amd64/lib/libverify.so
7f59de264000-7f59de267000 r--p 00000000 fd:00 7087233                    /usr/lib/x86_64-linux-gnu/librt-2.31.so
7f59de267000-7f59de26b000 r-xp 00003000 fd:00 7087233                    /usr/lib/x86_64-linux-gnu/librt-2.31.so
7f59de26b000-7f59de26c000 r--p 00007000 fd:00 7087233                    /usr/lib/x86_64-linux-gnu/librt-2.31.so
7f59de26c000-7f59de26d000 ---p 00008000 fd:00 7087233                    /usr/lib/x86_64-linux-gnu/librt-2.31.so
7f59de26d000-7f59de26e000 r--p 00008000 fd:00 7087233                    /usr/lib/x86_64-linux-gnu/librt-2.31.so
7f59de26e000-7f59de26f000 rw-p 00009000 fd:00 7087233                    /usr/lib/x86_64-linux-gnu/librt-2.31.so
7f59de26f000-7f59de273000 ---p 00000000 00:00 0 
7f59de273000-7f59de370000 rw-p 00000000 00:00 0 
7f59de370000-7f59de373000 r--p 00000000 fd:00 7080845                    /usr/lib/x86_64-linux-gnu/libgcc_s.so.1
7f59de373000-7f59de385000 r-xp 00003000 fd:00 7080845                    /usr/lib/x86_64-linux-gnu/libgcc_s.so.1
7f59de385000-7f59de389000 r--p 00015000 fd:00 7080845                    /usr/lib/x86_64-linux-gnu/libgcc_s.so.1
7f59de389000-7f59de38a000 r--p 00018000 fd:00 7080845                    /usr/lib/x86_64-linux-gnu/libgcc_s.so.1
7f59de38a000-7f59de38b000 rw-p 00019000 fd:00 7080845                    /usr/lib/x86_64-linux-gnu/libgcc_s.so.1
7f59de38b000-7f59de39a000 r--p 00000000 fd:00 7087220                    /usr/lib/x86_64-linux-gnu/libm-2.31.so
7f59de39a000-7f59de441000 r-xp 0000f000 fd:00 7087220                    /usr/lib/x86_64-linux-gnu/libm-2.31.so
7f59de441000-7f59de4d8000 r--p 000b6000 fd:00 7087220                    /usr/lib/x86_64-linux-gnu/libm-2.31.so
7f59de4d8000-7f59de4d9000 r--p 0014c000 fd:00 7087220                    /usr/lib/x86_64-linux-gnu/libm-2.31.so
7f59de4d9000-7f59de4da000 rw-p 0014d000 fd:00 7087220                    /usr/lib/x86_64-linux-gnu/libm-2.31.so
7f59de4da000-7f59de570000 r--p 00000000 fd:00 7080831                    /usr/lib/x86_64-linux-gnu/libstdc++.so.6.0.28
7f59de570000-7f59de661000 r-xp 00096000 fd:00 7080831                    /usr/lib/x86_64-linux-gnu/libstdc++.so.6.0.28
7f59de661000-7f59de6aa000 r--p 00187000 fd:00 7080831                    /usr/lib/x86_64-linux-gnu/libstdc++.so.6.0.28
7f59de6aa000-7f59de6ab000 ---p 001d0000 fd:00 7080831                    /usr/lib/x86_64-linux-gnu/libstdc++.so.6.0.28
7f59de6ab000-7f59de6b6000 r--p 001d0000 fd:00 7080831                    /usr/lib/x86_64-linux-gnu/libstdc++.so.6.0.28
7f59de6b6000-7f59de6b9000 rw-p 001db000 fd:00 7080831                    /usr/lib/x86_64-linux-gnu/libstdc++.so.6.0.28
7f59de6b9000-7f59de6bc000 rw-p 00000000 00:00 0 
7f59de6bc000-7f59de936000 r--p 00000000 fd:00 10620262                   /usr/lib/jvm/java-11-openjdk-amd64/lib/server/libjvm.so
7f59de936000-7f59df5bb000 r-xp 0027a000 fd:00 10620262                   /usr/lib/jvm/java-11-openjdk-amd64/lib/server/libjvm.so
7f59df5bb000-7f59df812000 r--p 00eff000 fd:00 10620262                   /usr/lib/jvm/java-11-openjdk-amd64/lib/server/libjvm.so
7f59df812000-7f59df8d3000 r--p 01155000 fd:00 10620262                   /usr/lib/jvm/java-11-openjdk-amd64/lib/server/libjvm.so
7f59df8d3000-7f59df90e000 rw-p 01216000 fd:00 10620262                   /usr/lib/jvm/java-11-openjdk-amd64/lib/server/libjvm.so
7f59df90e000-7f59df967000 rw-p 00000000 00:00 0 
7f59df967000-7f59df96e000 r--p 00000000 fd:00 7087231                    /usr/lib/x86_64-linux-gnu/libpthread-2.31.so
7f59df96e000-7f59df97f000 r-xp 00007000 fd:00 7087231                    /usr/lib/x86_64-linux-gnu/libpthread-2.31.so
7f59df97f000-7f59df984000 r--p 00018000 fd:00 7087231                    /usr/lib/x86_64-linux-gnu/libpthread-2.31.so
7f59df984000-7f59df985000 r--p 0001c000 fd:00 7087231                    /usr/lib/x86_64-linux-gnu/libpthread-2.31.so
7f59df985000-7f59df986000 rw-p 0001d000 fd:00 7087231                    /usr/lib/x86_64-linux-gnu/libpthread-2.31.so
7f59df986000-7f59df98a000 rw-p 00000000 00:00 0 
7f59df98a000-7f59df98b000 r--p 00000000 fd:00 7087219                    /usr/lib/x86_64-linux-gnu/libdl-2.31.so
7f59df98b000-7f59df98d000 r-xp 00001000 fd:00 7087219                    /usr/lib/x86_64-linux-gnu/libdl-2.31.so
7f59df98d000-7f59df98e000 r--p 00003000 fd:00 7087219                    /usr/lib/x86_64-linux-gnu/libdl-2.31.so
7f59df98e000-7f59df98f000 r--p 00003000 fd:00 7087219                    /usr/lib/x86_64-linux-gnu/libdl-2.31.so
7f59df98f000-7f59df990000 rw-p 00004000 fd:00 7087219                    /usr/lib/x86_64-linux-gnu/libdl-2.31.so
7f59df990000-7f59df992000 r--p 00000000 fd:00 7083404                    /usr/lib/x86_64-linux-gnu/libz.so.1.2.11
7f59df992000-7f59df9a3000 r-xp 00002000 fd:00 7083404                    /usr/lib/x86_64-linux-gnu/libz.so.1.2.11
7f59df9a3000-7f59df9a9000 r--p 00013000 fd:00 7083404                    /usr/lib/x86_64-linux-gnu/libz.so.1.2.11
7f59df9a9000-7f59df9aa000 ---p 00019000 fd:00 7083404                    /usr/lib/x86_64-linux-gnu/libz.so.1.2.11
7f59df9aa000-7f59df9ab000 r--p 00019000 fd:00 7083404                    /usr/lib/x86_64-linux-gnu/libz.so.1.2.11
7f59df9ab000-7f59df9ac000 rw-p 0001a000 fd:00 7083404                    /usr/lib/x86_64-linux-gnu/libz.so.1.2.11
7f59df9ac000-7f59df9d1000 r--p 00000000 fd:00 7087207                    /usr/lib/x86_64-linux-gnu/libc-2.31.so
7f59df9d1000-7f59dfb49000 r-xp 00025000 fd:00 7087207                    /usr/lib/x86_64-linux-gnu/libc-2.31.so
7f59dfb49000-7f59dfb93000 r--p 0019d000 fd:00 7087207                    /usr/lib/x86_64-linux-gnu/libc-2.31.so
7f59dfb93000-7f59dfb94000 ---p 001e7000 fd:00 7087207                    /usr/lib/x86_64-linux-gnu/libc-2.31.so
7f59dfb94000-7f59dfb97000 r--p 001e7000 fd:00 7087207                    /usr/lib/x86_64-linux-gnu/libc-2.31.so
7f59dfb97000-7f59dfb9a000 rw-p 001ea000 fd:00 7087207                    /usr/lib/x86_64-linux-gnu/libc-2.31.so
7f59dfb9a000-7f59dfb9e000 rw-p 00000000 00:00 0 
7f59dfb9f000-7f59dfba1000 r--s 0000c000 fd:00 7349190                    /usr/share/java/java-atk-wrapper.jar
7f59dfba1000-7f59dfba2000 ---p 00000000 00:00 0 
7f59dfba2000-7f59dfba3000 r--p 00000000 00:00 0 
7f59dfba3000-7f59dfba5000 r--p 00000000 fd:00 10620236                   /usr/lib/jvm/java-11-openjdk-amd64/lib/libjimage.so
7f59dfba5000-7f59dfba8000 r-xp 00002000 fd:00 10620236                   /usr/lib/jvm/java-11-openjdk-amd64/lib/libjimage.so
7f59dfba8000-7f59dfba9000 r--p 00005000 fd:00 10620236                   /usr/lib/jvm/java-11-openjdk-amd64/lib/libjimage.so
7f59dfba9000-7f59dfbaa000 ---p 00006000 fd:00 10620236                   /usr/lib/jvm/java-11-openjdk-amd64/lib/libjimage.so
7f59dfbaa000-7f59dfbab000 r--p 00006000 fd:00 10620236                   /usr/lib/jvm/java-11-openjdk-amd64/lib/libjimage.so
7f59dfbab000-7f59dfbac000 rw-p 00007000 fd:00 10620236                   /usr/lib/jvm/java-11-openjdk-amd64/lib/libjimage.so
7f59dfbac000-7f59dfbaf000 r--p 00000000 fd:00 10620214                   /usr/lib/jvm/java-11-openjdk-amd64/lib/jli/libjli.so
7f59dfbaf000-7f59dfbb9000 r-xp 00003000 fd:00 10620214                   /usr/lib/jvm/java-11-openjdk-amd64/lib/jli/libjli.so
7f59dfbb9000-7f59dfbbc000 r--p 0000d000 fd:00 10620214                   /usr/lib/jvm/java-11-openjdk-amd64/lib/jli/libjli.so
7f59dfbbc000-7f59dfbbd000 ---p 00010000 fd:00 10620214                   /usr/lib/jvm/java-11-openjdk-amd64/lib/jli/libjli.so
7f59dfbbd000-7f59dfbbe000 r--p 00010000 fd:00 10620214                   /usr/lib/jvm/java-11-openjdk-amd64/lib/jli/libjli.so
7f59dfbbe000-7f59dfbbf000 rw-p 00011000 fd:00 10620214                   /usr/lib/jvm/java-11-openjdk-amd64/lib/jli/libjli.so
7f59dfbbf000-7f59dfbc1000 rw-p 00000000 00:00 0 
7f59dfbc1000-7f59dfbc2000 r--p 00000000 fd:00 7087203                    /usr/lib/x86_64-linux-gnu/ld-2.31.so
7f59dfbc2000-7f59dfbe5000 r-xp 00001000 fd:00 7087203                    /usr/lib/x86_64-linux-gnu/ld-2.31.so
7f59dfbe5000-7f59dfbed000 r--p 00024000 fd:00 7087203                    /usr/lib/x86_64-linux-gnu/ld-2.31.so
7f59dfbee000-7f59dfbef000 r--p 0002c000 fd:00 7087203                    /usr/lib/x86_64-linux-gnu/ld-2.31.so
7f59dfbef000-7f59dfbf0000 rw-p 0002d000 fd:00 7087203                    /usr/lib/x86_64-linux-gnu/ld-2.31.so
7f59dfbf0000-7f59dfbf1000 rw-p 00000000 00:00 0 
7ffd1435f000-7ffd14380000 rw-p 00000000 00:00 0                          [stack]
7ffd14381000-7ffd14384000 r--p 00000000 00:00 0                          [vvar]
7ffd14384000-7ffd14385000 r-xp 00000000 00:00 0                          [vdso]
ffffffffff600000-ffffffffff601000 --xp 00000000 00:00 0                  [vsyscall]


VM Arguments:
java_command: site.ycsb.Client -t -db site.ycsb.db.rocksdb.RocksDBClient -s -P workloads/workloada -p exportfile=/home/mldb01/hdd_folder/db_log/ycsb-status-a.output -threads 2 -p rocksdb.dir=/home/mldb01/work/db_log/YCSB -s -p status.interval=1 -p zeropadding=20
java_class_path (initial): /home/mldb01/hdd_folder/YCSB/conf:/home/mldb01/hdd_folder/YCSB/core/target/core-0.18.0-SNAPSHOT.jar:/home/mldb01/hdd_folder/YCSB/rocksdb/target/rocksdb-binding-0.18.0-SNAPSHOT.jar:/home/mldb01/hdd_folder/YCSB/rocksdb/target/dependency/HdrHistogram-2.1.4.jar:/home/mldb01/hdd_folder/YCSB/rocksdb/target/dependency/htrace-core4-4.1.0-incubating.jar:/home/mldb01/hdd_folder/YCSB/rocksdb/target/dependency/jcip-annotations-1.0.jar:/home/mldb01/hdd_folder/YCSB/rocksdb/target/dependency/rocksdbjni-6.19.0.jar:/home/mldb01/hdd_folder/YCSB/rocksdb/target/dependency/slf4j-api-1.7.25.jar:/home/mldb01/hdd_folder/YCSB/rocksdb/target/dependency/slf4j-simple-1.7.25.jar
Launcher Type: SUN_STANDARD

[Global flags]
     intx CICompilerCount                          = 15                                        {product} {ergonomic}
     uint ConcGCThreads                            = 6                                         {product} {ergonomic}
     uint G1ConcRefinementThreads                  = 23                                        {product} {ergonomic}
   size_t G1HeapRegionSize                         = 4194304                                   {product} {ergonomic}
    uintx GCDrainStackTargetSize                   = 64                                        {product} {ergonomic}
   size_t InitialHeapSize                          = 1056964608                                {product} {ergonomic}
   size_t MarkStackSize                            = 4194304                                   {product} {ergonomic}
   size_t MaxHeapSize                              = 16861102080                               {product} {ergonomic}
   size_t MaxNewSize                               = 10116661248                               {product} {ergonomic}
   size_t MinHeapDeltaBytes                        = 4194304                                   {product} {ergonomic}
    uintx NonNMethodCodeHeapSize                   = 8182140                                {pd product} {ergonomic}
    uintx NonProfiledCodeHeapSize                  = 121738050                              {pd product} {ergonomic}
    uintx ProfiledCodeHeapSize                     = 121738050                              {pd product} {ergonomic}
    uintx ReservedCodeCacheSize                    = 251658240                              {pd product} {ergonomic}
     bool SegmentedCodeCache                       = true                                      {product} {ergonomic}
     bool UseCompressedClassPointers               = true                                 {lp64_product} {ergonomic}
     bool UseCompressedOops                        = true                                 {lp64_product} {ergonomic}
     bool UseG1GC                                  = true                                      {product} {ergonomic}

Logging:
Log output configuration:
 #0: stdout all=warning uptime,level,tags
 #1: stderr all=off uptime,level,tags

Environment Variables:
PATH=/usr/local/sbin:/usr/local/bin:/usr/sbin:/usr/bin:/sbin:/bin:/usr/games:/usr/local/games:/snap/bin
SHELL=/bin/bash
LANG=en_US.UTF-8

Signal Handlers:
SIGSEGV: [libjvm.so+0xe8ba00], sa_mask[0]=11111111011111111101111111111110, sa_flags=SA_RESTART|SA_SIGINFO
SIGBUS: [libjvm.so+0xe8ba00], sa_mask[0]=11111111011111111101111111111110, sa_flags=SA_RESTART|SA_SIGINFO
SIGFPE: [libjvm.so+0xe8ba00], sa_mask[0]=11111111011111111101111111111110, sa_flags=SA_RESTART|SA_SIGINFO
SIGPIPE: [libjvm.so+0xbd10f0], sa_mask[0]=11111111011111111101111111111110, sa_flags=SA_RESTART|SA_SIGINFO
SIGXFSZ: [libjvm.so+0xbd10f0], sa_mask[0]=11111111011111111101111111111110, sa_flags=SA_RESTART|SA_SIGINFO
SIGILL: [libjvm.so+0xe8ba00], sa_mask[0]=11111111011111111101111111111110, sa_flags=SA_RESTART|SA_SIGINFO
SIGUSR2: [libjvm.so+0xbd0f90], sa_mask[0]=00000000000000000000000000000000, sa_flags=SA_RESTART|SA_SIGINFO
SIGHUP: [libjvm.so+0xbd1430], sa_mask[0]=11111111011111111101111111111110, sa_flags=SA_RESTART|SA_SIGINFO
SIGINT: [libjvm.so+0xbd1430], sa_mask[0]=11111111011111111101111111111110, sa_flags=SA_RESTART|SA_SIGINFO
SIGTERM: [libjvm.so+0xbd1430], sa_mask[0]=11111111011111111101111111111110, sa_flags=SA_RESTART|SA_SIGINFO
SIGQUIT: [libjvm.so+0xbd1430], sa_mask[0]=11111111011111111101111111111110, sa_flags=SA_RESTART|SA_SIGINFO


---------------  S Y S T E M  ---------------

OS:DISTRIB_ID=Ubuntu
DISTRIB_RELEASE=20.04
DISTRIB_CODENAME=focal
DISTRIB_DESCRIPTION="Ubuntu 20.04.1 LTS"
uname:Linux 5.4.0-73-generic #82-Ubuntu SMP Wed Apr 14 17:39:42 UTC 2021 x86_64
OS uptime: 65 days 18:04 hours
libc:glibc 2.31 NPTL 2.31 
rlimit (soft/hard): STACK 8192k/infinity , CORE 0k/infinity , NPROC 256930/256930 , NOFILE 1048576/1048576 , AS infinity/infinity , CPU infinity/infinity , DATA infinity/infinity , FSIZE infinity/infinity , MEMLOCK 65536k/65536k
load average:12.21 3.88 1.56

/proc/meminfo:
MemTotal:       65862924 kB
MemFree:        64616748 kB
MemAvailable:   64388980 kB
Buffers:            4412 kB
Cached:           116060 kB
SwapCached:            0 kB
Active:           147356 kB
Inactive:          78600 kB
Active(anon):     113672 kB
Inactive(anon):     2472 kB
Active(file):      33684 kB
Inactive(file):    76128 kB
Unevictable:       18584 kB
Mlocked:           18584 kB
SwapTotal:       8388604 kB
SwapFree:        8388604 kB
Dirty:             11108 kB
Writeback:             0 kB
AnonPages:        124276 kB
Mapped:            92968 kB
Shmem:              2472 kB
KReclaimable:     150992 kB
Slab:             437780 kB
SReclaimable:     150992 kB
SUnreclaim:       286788 kB
KernelStack:        9840 kB
PageTables:         3260 kB
NFS_Unstable:          0 kB
Bounce:                0 kB
WritebackTmp:          0 kB
CommitLimit:    41320064 kB
Committed_AS:    2323512 kB
VmallocTotal:   34359738367 kB
VmallocUsed:      142480 kB
VmallocChunk:          0 kB
Percpu:            32512 kB
HardwareCorrupted:     0 kB
AnonHugePages:         0 kB
ShmemHugePages:        0 kB
ShmemPmdMapped:        0 kB
FileHugePages:         0 kB
FilePmdMapped:         0 kB
CmaTotal:              0 kB
CmaFree:               0 kB
HugePages_Total:       0
HugePages_Free:        0
HugePages_Rsvd:        0
HugePages_Surp:        0
Hugepagesize:       2048 kB
Hugetlb:               0 kB
DirectMap4k:      509648 kB
DirectMap2M:    22460416 kB
DirectMap1G:    46137344 kB

/sys/kernel/mm/transparent_hugepage/enabled:
always [madvise] never
/sys/kernel/mm/transparent_hugepage/defrag (defrag/compaction efforts parameter):
always defer defer+madvise [madvise] never

Process Memory:
Virtual Size: 21980312K (peak: 28474584K)
Resident Set Size: 64972K (peak: 64972K) (anon: 32108K, file: 32864K, shmem: 0K)
Swapped out: 0K
C-Heap outstanding allocations: 9138K

/proc/sys/kernel/threads-max (system-wide limit on the number of threads):
513860
/proc/sys/vm/max_map_count (maximum number of memory map areas a process may have):
65530
/proc/sys/kernel/pid_max (system-wide limit on number of process identifiers):
4194304

container (cgroup) information:
container_type: cgroupv1
cpu_cpuset_cpus: 0-31
cpu_memory_nodes: 0-1
active_processor_count: 32
cpu_quota: -1
cpu_period: 100000
cpu_shares: -1
memory_limit_in_bytes: -1
memory_and_swap_limit_in_bytes: -2
memory_soft_limit_in_bytes: -1
memory_usage_in_bytes: 154177536
memory_max_usage_in_bytes: 19076730880

Steal ticks since vm start: 0
Steal ticks percentage since vm start:  0.000

CPU:total 32 (initial active 32) (8 cores per cpu, 2 threads per core) family 6 model 63 stepping 2 microcode 0x44, cmov, cx8, fxsr, mmx, sse, sse2, sse3, ssse3, sse4.1, sse4.2, popcnt, avx, avx2, aes, clmul, erms, lzcnt, ht, tsc, tscinvbit, bmi1, bmi2, fma
CPU Model and flags from /proc/cpuinfo:
model name	: Intel(R) Xeon(R) CPU E5-2640 v3 @ 2.60GHz
flags		: fpu vme de pse tsc msr pae mce cx8 apic sep mtrr pge mca cmov pat pse36 clflush dts acpi mmx fxsr sse sse2 ss ht tm pbe syscall nx pdpe1gb rdtscp lm constant_tsc arch_perfmon pebs bts rep_good nopl xtopology nonstop_tsc cpuid aperfmperf pni pclmulqdq dtes64 monitor ds_cpl vmx smx est tm2 ssse3 sdbg fma cx16 xtpr pdcm pcid dca sse4_1 sse4_2 x2apic movbe popcnt tsc_deadline_timer aes xsave avx f16c rdrand lahf_lm abm cpuid_fault epb invpcid_single pti ssbd ibrs ibpb stibp tpr_shadow vnmi flexpriority ept vpid ept_ad fsgsbase tsc_adjust bmi1 avx2 smep bmi2 erms invpcid cqm xsaveopt cqm_llc cqm_occup_llc dtherm ida arat pln pts md_clear flush_l1d
Online cpus:
0-31
Offline cpus:

BIOS frequency limitation:
<Not Available>
Frequency switch latency (ns):
<Not Available>
Available cpu frequencies:
<Not Available>
Current governor:
<Not Available>
Core performance/turbo boost:
<Not Available>

Memory: 4k page, physical 65862924k(64616496k free), swap 8388604k(8388604k free)

vm_info: OpenJDK 64-Bit Server VM (11.0.11+9-Ubuntu-0ubuntu2.20.04) for linux-amd64 JRE (11.0.11+9-Ubuntu-0ubuntu2.20.04), built on Apr 21 2021 09:15:32 by "unknown" with gcc 9.3.0

END.
