#
# A fatal error has been detected by the Java Runtime Environment:
#
#  SIGSEGV (0xb) at pc=0x00007f93aaf356a0, pid=1859928, tid=0x00007f93a8d1a700
#
# JRE version: OpenJDK Runtime Environment (8.0_312-b07) (build 1.8.0_312-8u312-b07-0ubuntu1~20.04-b07)
# Java VM: OpenJDK 64-Bit Server VM (25.312-b07 mixed mode linux-amd64 compressed oops)
# Problematic frame:
# C  [librocksdbjni2983324997144142695.so+0x5fe6a0]  rocksdb::VerifyBlockChecksum(rocksdb::ChecksumType, char const*, unsigned long, std::__cxx11::basic_string<char, std::char_traits<char>, std::allocator<char> > const&, unsigned long)+0x90
#
# Failed to write core dump. Core dumps have been disabled. To enable core dumping, try "ulimit -c unlimited" before starting Java again
#
# If you would like to submit a bug report, please visit:
#   http://bugreport.java.com/bugreport/crash.jsp
# The crash happened outside the Java Virtual Machine in native code.
# See problematic frame for where to report the bug.
#

---------------  T H R E A D  ---------------

Current thread (0x00007f95a03fb800):  JavaThread "Thread-18" [_thread_in_native, id=1860083, stack(0x00007f93a8c1a000,0x00007f93a8d1b000)]

siginfo: si_signo: 11 (SIGSEGV), si_code: 1 (SEGV_MAPERR), si_addr: 0x0000000000001bb3

Registers:
RAX=0x0000000000001b6b, RBX=0x0000000000000001, RCX=0x0000000000001b6b, RDX=0x00007f95a03fd2b0
RSP=0x00007f93a8d144f0, RBP=0x00007f93a8d14770, RSI=0x0000000000001b6c, RDI=0x00007f93ab298788
R8 =0x00007f9370221a00, R9 =0x0000000006a7b247, R10=0x00007f93a8d14560, R11=0x0000000061ef8929
R12=0x00007f93a8d14850, R13=0x0000000000000047, R14=0x00007f93a8d14850, R15=0x0000000000000000
RIP=0x00007f93aaf356a0, EFLAGS=0x0000000000010246, CSGSFS=0x002b000000000033, ERR=0x0000000000000004
  TRAPNO=0x000000000000000e

Top of Stack: (sp=0x00007f93a8d144f0)
0x00007f93a8d144f0:   00007f9591024603 0000000000000000
0x00007f93a8d14500:   00007f9591024603 0000000000000000
0x00007f93a8d14510:   00007f9591024603 0000000000000000
0x00007f93a8d14520:   2027732527203d20 0000000073250920
0x00007f93a8d14530:   0002000000000000 00007f9370221a00
0x00007f93a8d14540:   0000000006a7b247 0000000000000000
0x00007f93a8d14550:   0000000000001b6b 00007f93aaecb83d
0x00007f93a8d14560:   00007f93a8d14580 00007f93aae8002d
0x00007f93a8d14570:   00007f937000bd00 0000000000000016
0x00007f93a8d14580:   00007f93a8d145b0 00007f93aae88f8f
0x00007f93a8d14590:   0000000061ef8929 00007f93aae8002d
0x00007f93a8d145a0:   00007f93702219a0 00007f93a8d14850
0x00007f93a8d145b0:   00007f93a8d14750 00007f93aae687d2
0x00007f93a8d145c0:   0000000000000000 0000000000001b70
0x00007f93a8d145d0:   00007f93a8d14c40 00007f93a8d14c28
0x00007f93a8d145e0:   0200000000000000 0000000006a7b200
0x00007f93a8d145f0:   00007f93701a2068 0000000006a7b247
0x00007f93a8d14600:   0000000000001c00 00007f93701f1868
0x00007f93a8d14610:   0000000000000000 0000000000000000
0x00007f93a8d14620:   00007f9360001400 0000000000001c00
0x00007f93a8d14630:   0000000000000000 0000000000000000
0x00007f93a8d14640:   00007f93a8000000 0000000000000000
0x00007f93a8d14650:   0000000061ef0000 00007f95a649844a
0x00007f93a8d14660:   00000000a8d10000 0000000000000000
0x00007f93a8d14670:   0000000000000000 00007f9300000fb8
0x00007f93a8d14680:   0000000000000000 00007f93aae8002d
0x00007f93a8d14690:   00007f937000eac0 00007f937000bd00
0x00007f93a8d146a0:   00007f9300000016 00007f93a8d14618
0x00007f93a8d146b0:   00007f93a8010101 0000000000000000
0x00007f93a8d146c0:   0000000000000000 0005d66146abe612
0x00007f93a8d146d0:   00000000a8d10100 0000000000000000
0x00007f93a8d146e0:   0000000000000000 00007f9300000fe8 

Instructions: (pc=0x00007f93aaf356a0)
0x00007f93aaf35680:   be ff 4c 8b 38 49 8b 07 4c 89 ff ff 50 20 48 89
0x00007f93aaf35690:   85 d8 fd ff ff 48 8b 85 e0 fd ff ff 48 8d 70 01
0x00007f93aaf356a0:   41 8b 44 35 00 66 41 c7 04 24 00 00 41 c6 44 24
0x00007f93aaf356b0:   02 00 49 c7 44 24 08 00 00 00 00 89 85 e8 fd ff 

Register to memory mapping:

RAX=0x0000000000001b6b is an unknown value
RBX=0x0000000000000001 is an unknown value
RCX=0x0000000000001b6b is an unknown value
RDX=0x00007f95a03fd2b0 is an unknown value
RSP=0x00007f93a8d144f0 is pointing into the stack for thread: 0x00007f95a03fb800
RBP=0x00007f93a8d14770 is pointing into the stack for thread: 0x00007f95a03fb800
RSI=0x0000000000001b6c is an unknown value
RDI=0x00007f93ab298788: <offset 0x961788> in /tmp/librocksdbjni2983324997144142695.so at 0x00007f93aa937000
R8 =0x00007f9370221a00 is an unknown value
R9 =0x0000000006a7b247 is an unknown value
R10=0x00007f93a8d14560 is pointing into the stack for thread: 0x00007f95a03fb800
R11=0x0000000061ef8929 is an unknown value
R12=0x00007f93a8d14850 is pointing into the stack for thread: 0x00007f95a03fb800
R13=0x0000000000000047 is an unknown value
R14=0x00007f93a8d14850 is pointing into the stack for thread: 0x00007f95a03fb800
R15=0x0000000000000000 is an unknown value


Stack: [0x00007f93a8c1a000,0x00007f93a8d1b000],  sp=0x00007f93a8d144f0,  free space=1001k
Native frames: (J=compiled Java code, j=interpreted, Vv=VM code, C=native code)
C  [librocksdbjni2983324997144142695.so+0x5fe6a0]  rocksdb::VerifyBlockChecksum(rocksdb::ChecksumType, char const*, unsigned long, std::__cxx11::basic_string<char, std::char_traits<char>, std::allocator<char> > const&, unsigned long)+0x90
C  [librocksdbjni2983324997144142695.so+0x603b5f]