#
# A fatal error has been detected by the Java Runtime Environment:
#
#  SIGSEGV (0xb) at pc=0x00007f1aa9b4aa92, pid=769831, tid=769861
#
# JRE version: OpenJDK Runtime Environment (11.0.11+9) (build 11.0.11+9-Ubuntu-0ubuntu2.20.04)
# Java VM: OpenJDK 64-Bit Server VM (11.0.11+9-Ubuntu-0ubuntu2.20.04, mixed mode, sharing, tiered, compressed oops, g1 gc, linux-amd64)
# Problematic frame:
# C  [librocksdbjni6249479634698071196.so+0x45aa92]  rocksdb::VersionBuilder::Rep::SaveTo(rocksdb::VersionStorageInfo*)+0x132
#
# Core dump will be written. Default location: Core dumps may be processed with "/usr/share/apport/apport %p %s %c %d %P %E" (or dumping to /home/mldb01/hdd_folder/YCSB/core.769831)
#
# If you would like to submit a bug report, please visit:
#   https://bugs.launchpad.net/ubuntu/+source/openjdk-lts
# The crash happened outside the Java Virtual Machine in native code.
# See problematic frame for where to report the bug.
#

---------------  S U M M A R Y ------------

Command Line: site.ycsb.Client -load -db site.ycsb.db.rocksdb.RocksDBClient -s -P workloads/workloada -p exportfile=/home/mldb01/hdd_folder/db_log/ycsb-status-a.output -threads 2 -p rocksdb.dir=/home/mldb01/work/db_log/YCSB -p zeropadding=20

Host: Intel(R) Xeon(R) CPU E5-2640 v3 @ 2.60GHz, 32 cores, 62G, Ubuntu 20.04.1 LTS
Time: Thu Jul 22 18:33:51 2021 KST elapsed time: 0.277427 seconds (0d 0h 0m 0s)

---------------  T H R E A D  ---------------

Current thread (0x00007f1af4457800):  JavaThread "Thread-3" [_thread_in_native, id=769861, stack(0x00007f1aa95ef000,0x00007f1aa96f0000)]

Stack: [0x00007f1aa95ef000,0x00007f1aa96f0000],  sp=0x00007f1aa96ec640,  free space=1013k
Native frames: (J=compiled Java code, A=aot compiled Java code, j=interpreted, Vv=VM code, C=native code)
C  [librocksdbjni6249479634698071196.so+0x45aa92]  rocksdb::VersionBuilder::Rep::SaveTo(rocksdb::VersionStorageInfo*)+0x132
C  [librocksdbjni6249479634698071196.so+0x44f078]  rocksdb::VersionBuilder::SaveTo(rocksdb::VersionStorageInfo*)+0x28
C  [librocksdbjni6249479634698071196.so+0x466903]  rocksdb::VersionEditHandler::MaybeCreateVersion(rocksdb::VersionEdit const&, rocksdb::ColumnFamilyData*, bool)+0x5a3
C  [librocksdbjni6249479634698071196.so+0x4693d3]  rocksdb::VersionEditHandler::CheckIterationResult(rocksdb::log::Reader const&, rocksdb::Status*)+0x6a3
C  [librocksdbjni6249479634698071196.so+0x46724e]  rocksdb::VersionEditHandlerBase::Iterate(rocksdb::log::Reader&, rocksdb::Status*)+0x7fe
C  [librocksdbjni6249479634698071196.so+0x4939a4]  rocksdb::VersionSet::Recover(std::vector<rocksdb::ColumnFamilyDescriptor, std::allocator<rocksdb::ColumnFamilyDescriptor> > const&, bool, std::__cxx11::basic_string<char, std::char_traits<char>, std::allocator<char> >*)+0x504
C  [librocksdbjni6249479634698071196.so+0x3aff41]  rocksdb::DBImpl::Recover(std::vector<rocksdb::ColumnFamilyDescriptor, std::allocator<rocksdb::ColumnFamilyDescriptor> > const&, bool, bool, bool, unsigned long*)+0x211
C  [librocksdbjni6249479634698071196.so+0x3a846c]  rocksdb::DBImpl::Open(rocksdb::DBOptions const&, std::__cxx11::basic_string<char, std::char_traits<char>, std::allocator<char> > const&, std::vector<rocksdb::ColumnFamilyDescriptor, std::allocator<rocksdb::ColumnFamilyDescriptor> > const&, std::vector<rocksdb::ColumnFamilyHandle*, std::allocator<rocksdb::ColumnFamilyHandle*> >*, rocksdb::DB**, bool, bool)+0x65c
C  [librocksdbjni6249479634698071196.so+0x3a9f99]  rocksdb::DB::Open(rocksdb::DBOptions const&, std::__cxx11::basic_string<char, std::char_traits<char>, std::allocator<char> > const&, std::vector<rocksdb::ColumnFamilyDescriptor, std::allocator<rocksdb::ColumnFamilyDescriptor> > const&, std::vector<rocksdb::ColumnFamilyHandle*, std::allocator<rocksdb::ColumnFamilyHandle*> >*, rocksdb::DB**)+0x29
C  [librocksdbjni6249479634698071196.so+0x3aa16c]  rocksdb::DB::Open(rocksdb::Options const&, std::__cxx11::basic_string<char, std::char_traits<char>, std::allocator<char> > const&, rocksdb::DB**)+0x1ac
C  [librocksdbjni6249479634698071196.so+0x29c63f]  std::_Function_handler<rocksdb::Status (rocksdb::Options const&, std::__cxx11::basic_string<char, std::char_traits<char>, std::allocator<char> > const&, rocksdb::DB**), rocksdb::Status (*)(rocksdb::Options const&, std::__cxx11::basic_string<char, std::char_traits<char>, std::allocator<char> > const&, rocksdb::DB**)>::_M_invoke(std::_Any_data const&, rocksdb::Options const&, std::__cxx11::basic_string<char, std::char_traits<char>, std::allocator<char> > const&, rocksdb::DB**&&)+0x2f
C  [librocksdbjni6249479634698071196.so+0x2966b5]  rocksdb_open_helper(JNIEnv_*, long, _jstring*, std::function<rocksdb::Status (rocksdb::Options const&, std::__cxx11::basic_string<char, std::char_traits<char>, std::allocator<char> > const&, rocksdb::DB**)>)+0xb5
C  [librocksdbjni6249479634698071196.so+0x2967b2]  Java_org_rocksdb_RocksDB_open__JLjava_lang_String_2+0x52
j  org.rocksdb.RocksDB.open(JLjava/lang/String;)J+0
j  org.rocksdb.RocksDB.open(Lorg/rocksdb/Options;Ljava/lang/String;)Lorg/rocksdb/RocksDB;+9
j  site.ycsb.db.rocksdb.RocksDBClient.initRocksDB()Lorg/rocksdb/RocksDB;+334
j  site.ycsb.db.rocksdb.RocksDBClient.init()V+130
j  site.ycsb.DBWrapper.init()V+16
j  site.ycsb.ClientThread.run()V+4
j  java.lang.Thread.run()V+11 java.base@11.0.11
v  ~StubRoutines::call_stub
V  [libjvm.so+0x859b69]
V  [libjvm.so+0x8581be]
V  [libjvm.so+0x903dd1]
V  [libjvm.so+0xe2105f]
V  [libjvm.so+0xe1d690]
V  [libjvm.so+0xbdac76]

Java frames: (J=compiled Java code, j=interpreted, Vv=VM code)
j  org.rocksdb.RocksDB.open(JLjava/lang/String;)J+0
j  org.rocksdb.RocksDB.open(Lorg/rocksdb/Options;Ljava/lang/String;)Lorg/rocksdb/RocksDB;+9
j  site.ycsb.db.rocksdb.RocksDBClient.initRocksDB()Lorg/rocksdb/RocksDB;+334
j  site.ycsb.db.rocksdb.RocksDBClient.init()V+130
j  site.ycsb.DBWrapper.init()V+16
j  site.ycsb.ClientThread.run()V+4
j  java.lang.Thread.run()V+11 java.base@11.0.11
v  ~StubRoutines::call_stub

siginfo: si_signo: 11 (SIGSEGV), si_code: 1 (SEGV_MAPERR), si_addr: 0x0000000000000008

Register to memory mapping:

RAX=0x00007f1a60032c28 points into unknown readable memory: 0x00007f1a60032c58 | 58 2c 03 60 1a 7f 00 00
RBX=0x00007f1a60032c28 points into unknown readable memory: 0x00007f1a60032c58 | 58 2c 03 60 1a 7f 00 00
RCX=0x0000000000000001 is an unknown value
RDX=0x0 is NULL
RSP=0x00007f1aa96ec640 is pointing into the stack for thread: 0x00007f1af4457800
RBP=0x00007f1aa96ec740 is pointing into the stack for thread: 0x00007f1af4457800
RSI=0x00007f1a60000ff0 points into unknown readable memory: 0x00000101000101d0 | d0 01 01 00 01 01 00 00
RDI=0x0 is NULL
R8 =0x0000000000000006 is an unknown value
R9 =0x00007f1a600008d2 points into unknown readable memory: 01 00 00 00 02 00
R10=0x00007f1aa97c9be9: <offset 0x00000000000d9be9> in /tmp/librocksdbjni6249479634698071196.so at 0x00007f1aa96f0000
R11=0x0 is NULL
R12=0x0 is NULL
R13=0x00007f1aa96ec9c0 is pointing into the stack for thread: 0x00007f1af4457800
R14=0x0 is NULL
R15=0x00007f1a600355c0 points into unknown readable memory: 0x00007f1a60029530 | 30 95 02 60 1a 7f 00 00


Registers:
RAX=0x00007f1a60032c28, RBX=0x00007f1a60032c28, RCX=0x0000000000000001, RDX=0x0000000000000000
RSP=0x00007f1aa96ec640, RBP=0x00007f1aa96ec740, RSI=0x00007f1a60000ff0, RDI=0x0000000000000000
R8 =0x0000000000000006, R9 =0x00007f1a600008d2, R10=0x00007f1aa97c9be9, R11=0x0000000000000000
R12=0x0000000000000000, R13=0x00007f1aa96ec9c0, R14=0x0000000000000000, R15=0x00007f1a600355c0
RIP=0x00007f1aa9b4aa92, EFLAGS=0x0000000000010246, CSGSFS=0x002b000000000033, ERR=0x0000000000000004
  TRAPNO=0x000000000000000e

Top of Stack: (sp=0x00007f1aa96ec640)
0x00007f1aa96ec640:   0000000000000000 0000000000000000
0x00007f1aa96ec650:   00007f1aa96ec790 0000000000000000
0x00007f1aa96ec660:   0000000000000000 0000000000000000
0x00007f1aa96ec670:   0000000000000000 0000000000000000 

Instructions: (pc=0x00007f1aa9b4aa92)
0x00007f1aa9b4a992:   28 00 00 00 48 89 45 c8 31 c0 80 ba d9 0e 00 00
0x00007f1aa9b4a9a2:   00 0f 85 d7 04 00 00 45 31 db c6 47 02 00 66 44
0x00007f1aa9b4a9b2:   89 1f 48 c7 47 08 00 00 00 00 41 80 bf d9 0e 00
0x00007f1aa9b4a9c2:   00 00 0f 85 ab 05 00 00 48 8b 85 10 ff ff ff 31
0x00007f1aa9b4a9d2:   d2 45 31 e4 48 8b 78 08 66 89 10 c6 40 02 00 48
0x00007f1aa9b4a9e2:   85 ff 74 22 e8 15 9d d9 ff 48 8b 85 10 ff ff ff
0x00007f1aa9b4a9f2:   0f b6 00 48 8b 9d 10 ff ff ff 4c 89 63 08 84 c0
0x00007f1aa9b4aa02:   0f 85 41 05 00 00 48 8b 85 78 ff ff ff 48 c7 85
0x00007f1aa9b4aa12:   70 ff ff ff 00 00 00 00 48 c7 85 08 ff ff ff 00
0x00007f1aa9b4aa22:   00 00 00 c7 85 4c ff ff ff 00 00 00 00 44 8b 40
0x00007f1aa9b4aa32:   28 45 85 c0 0f 8e f1 03 00 00 0f 1f 40 00 48 8b
0x00007f1aa9b4aa42:   9d 78 ff ff ff 8b bd 4c ff ff ff 48 8d 93 c0 00
0x00007f1aa9b4aa52:   00 00 85 ff 48 8d 83 b0 00 00 00 48 0f 45 c2 48
0x00007f1aa9b4aa62:   8b 95 08 ff ff ff 48 89 85 58 ff ff ff 48 8b 43
0x00007f1aa9b4aa72:   18 4c 8b b0 48 0a 00 00 48 8b 85 70 ff ff ff 48
0x00007f1aa9b4aa82:   03 43 30 49 01 d6 49 03 97 48 0a 00 00 48 89 c3
0x00007f1aa9b4aa92:   49 8b 76 08 49 2b 36 48 89 d7 48 c1 fe 03 48 03
0x00007f1aa9b4aaa2:   70 50 e8 e7 00 da ff 4c 8d 6d b0 48 8b 73 50 48
0x00007f1aa9b4aab2:   c7 45 b0 00 00 00 00 4c 89 ef 48 c7 45 b8 00 00
0x00007f1aa9b4aac2:   00 00 48 c7 45 c0 00 00 00 00 e8 bf 00 da ff 48
0x00007f1aa9b4aad2:   8b 5b 48 4c 8b 65 b8 48 85 db 75 1b eb 40 48 8b
0x00007f1aa9b4aae2:   43 10 48 8b 1b 49 83 c4 08 49 89 44 24 f8 4c 89
0x00007f1aa9b4aaf2:   65 b8 48 85 db 74 27 4c 39 65 c0 75 e1 48 8d 53
0x00007f1aa9b4ab02:   10 4c 89 e6 4c 89 ef e8 a2 72 d9 ff 48 8b 1b 4c
0x00007f1aa9b4ab12:   8b 65 b8 48 85 db 75 df 66 0f 1f 44 00 00 48 8b
0x00007f1aa9b4ab22:   85 58 ff ff ff 48 8b 5d b0 8b 10 4c 8b 68 08 89
0x00007f1aa9b4ab32:   95 68 ff ff ff c5 f9 6e c2 4c 39 e3 0f 84 4c 06
0x00007f1aa9b4ab42:   00 00 4c 89 e0 ba 3f 00 00 00 c4 e1 f9 7e c1 4d
0x00007f1aa9b4ab52:   89 e8 48 29 d8 4c 89 e6 48 89 df 48 89 85 60 ff
0x00007f1aa9b4ab62:   ff ff 48 c1 f8 03 f3 48 0f bd c0 29 c2 48 63 d2
0x00007f1aa9b4ab72:   48 01 d2 e8 36 c7 d9 ff 48 81 bd 60 ff ff ff 80
0x00007f1aa9b4ab82:   00 00 00 c5 f9 6e 85 68 ff ff ff 0f 8e 09 06 00 


Stack slot to memory mapping:
stack at sp + 0 slots: 0x0 is NULL
stack at sp + 1 slots: 0x0 is NULL
stack at sp + 2 slots: 0x00007f1aa96ec790 is pointing into the stack for thread: 0x00007f1af4457800
stack at sp + 3 slots: 0x0 is NULL
stack at sp + 4 slots: 0x0 is NULL
stack at sp + 5 slots: 0x0 is NULL
stack at sp + 6 slots: 0x0 is NULL
stack at sp + 7 slots: 0x0 is NULL


---------------  P R O C E S S  ---------------

Threads class SMR info:
_java_thread_list=0x00007f19f40039d0, length=16, elements={
0x00007f1af4016000, 0x00007f1af427b000, 0x00007f1af427d000, 0x00007f1af4282800,
0x00007f1af4284800, 0x00007f1af4286800, 0x00007f1af4288800, 0x00007f1af428a800,
0x00007f1a800ad800, 0x00007f1af42be000, 0x00007f1af4400000, 0x00007f1af4456800,
0x00007f1af4457800, 0x00007f1af4459000, 0x00007f1a7c115800, 0x00007f19f4002000
}

Java Threads: ( => current thread )
  0x00007f1af4016000 JavaThread "main" [_thread_blocked, id=769832, stack(0x00007f1af9f07000,0x00007f1afa008000)]
  0x00007f1af427b000 JavaThread "Reference Handler" daemon [_thread_blocked, id=769839, stack(0x00007f1aaae73000,0x00007f1aaaf74000)]
  0x00007f1af427d000 JavaThread "Finalizer" daemon [_thread_blocked, id=769840, stack(0x00007f1aaad72000,0x00007f1aaae73000)]
  0x00007f1af4282800 JavaThread "Signal Dispatcher" daemon [_thread_blocked, id=769841, stack(0x00007f1aaa98b000,0x00007f1aaaa8c000)]
  0x00007f1af4284800 JavaThread "Service Thread" daemon [_thread_blocked, id=769842, stack(0x00007f1aaa88a000,0x00007f1aaa98b000)]
  0x00007f1af4286800 JavaThread "C2 CompilerThread0" daemon [_thread_in_native, id=769843, stack(0x00007f1aaa789000,0x00007f1aaa88a000)]
  0x00007f1af4288800 JavaThread "C1 CompilerThread0" daemon [_thread_in_vm, id=769844, stack(0x00007f1aaa688000,0x00007f1aaa789000)]
  0x00007f1af428a800 JavaThread "Sweeper thread" daemon [_thread_blocked, id=769845, stack(0x00007f1aaa587000,0x00007f1aaa688000)]
  0x00007f1a800ad800 JavaThread "C1 CompilerThread1" daemon [_thread_in_native, id=769846, stack(0x00007f1aaa486000,0x00007f1aaa587000)]
  0x00007f1af42be000 JavaThread "Common-Cleaner" daemon [_thread_blocked, id=769848, stack(0x00007f1aaa283000,0x00007f1aaa384000)]
  0x00007f1af4400000 JavaThread "process reaper" daemon [_thread_blocked, id=769859, stack(0x00007f1aaa096000,0x00007f1aaa0b8000)]
  0x00007f1af4456800 JavaThread "Thread-1" [_thread_in_vm, id=769860, stack(0x00007f1aaa182000,0x00007f1aaa283000)]
=>0x00007f1af4457800 JavaThread "Thread-3" [_thread_in_native, id=769861, stack(0x00007f1aa95ef000,0x00007f1aa96f0000)]
  0x00007f1af4459000 JavaThread "Thread-2" [_thread_blocked, id=769862, stack(0x00007f1aa94ee000,0x00007f1aa95ef000)]
  0x00007f1a7c115800 JavaThread "C1 CompilerThread2" daemon [_thread_in_vm, id=769900, stack(0x00007f1aa824f000,0x00007f1aa8350000)]
  0x00007f19f4002000 JavaThread "C1 CompilerThread3" daemon [_thread_blocked, id=769901, stack(0x00007f1aa814e000,0x00007f1aa824f000)]

Other Threads:
  0x00007f1af4278000 VMThread "VM Thread" [stack: 0x00007f1aaaf76000,0x00007f1aab076000] [id=769838]
  0x00007f1af42bb800 WatcherThread [stack: 0x00007f1aaa386000,0x00007f1aaa486000] [id=769847]
  0x00007f1af402f800 GCTaskThread "GC Thread#0" [stack: 0x00007f1af9bae000,0x00007f1af9cae000] [id=769833]
  0x00007f1af406d800 ConcurrentGCThread "G1 Main Marker" [stack: 0x00007f1af809a000,0x00007f1af819a000] [id=769834]
  0x00007f1af406f800 ConcurrentGCThread "G1 Conc#0" [stack: 0x00007f1adc778000,0x00007f1adc878000] [id=769835]
  0x00007f1af4236800 ConcurrentGCThread "G1 Refine#0" [stack: 0x00007f1aab9fb000,0x00007f1aabafb000] [id=769836]
  0x00007f1af4238800 ConcurrentGCThread "G1 Young RemSet Sampling" [stack: 0x00007f1aab8f9000,0x00007f1aab9f9000] [id=769837]

Threads with active compile tasks:
C2 CompilerThread0    284  655       4       java.lang.StringUTF16::compress (50 bytes)
C1 CompilerThread0    284  672       3       sun.util.locale.LanguageTag::getVariants (24 bytes)
C1 CompilerThread1    284  671       3       sun.util.locale.LanguageTag::isLanguage (29 bytes)
C1 CompilerThread2    284  661       3       sun.util.locale.LocaleUtils::toUpperString (95 bytes)

VM state:not at safepoint (normal execution)

VM Mutex/Monitor currently owned by a thread:  ([mutex/lock_event])
[0x00007f1af40121a0] CodeCache_lock - owner thread: 0x00007f1af4288800
[0x00007f1af4012fb0] Threads_lock - owner thread: 0x00007f1a7c115800
[0x00007f1af4014090] CompileThread_lock - owner thread: 0x00007f1a7c115800

Heap address: 0x0000000413000000, size: 16080 MB, Compressed Oops mode: Zero based, Oop shift amount: 3
Narrow klass base: 0x0000000800000000, Narrow klass shift: 3
Compressed class space size: 1073741824 Address: 0x0000000840000000

Heap:
 garbage-first heap   total 1040384K, used 8904K [0x0000000413000000, 0x0000000800000000)
  region size 4096K, 3 young (12288K), 0 survivors (0K)
 Metaspace       used 3314K, capacity 5619K, committed 5760K, reserved 1056768K
  class space    used 331K, capacity 539K, committed 640K, reserved 1048576K
Heap Regions: E=young(eden), S=young(survivor), O=old, HS=humongous(starts), HC=humongous(continues), CS=collection set, F=free, A=archive, TAMS=top-at-mark-start (previous, next)
|   0|0x0000000413000000, 0x0000000413000000, 0x0000000413400000|  0%| F|  |TAMS 0x0000000413000000, 0x0000000413000000| Untracked 
|   1|0x0000000413400000, 0x0000000413400000, 0x0000000413800000|  0%| F|  |TAMS 0x0000000413400000, 0x0000000413400000| Untracked 
|   2|0x0000000413800000, 0x0000000413800000, 0x0000000413c00000|  0%| F|  |TAMS 0x0000000413800000, 0x0000000413800000| Untracked 
|   3|0x0000000413c00000, 0x0000000413c00000, 0x0000000414000000|  0%| F|  |TAMS 0x0000000413c00000, 0x0000000413c00000| Untracked 
|   4|0x0000000414000000, 0x0000000414000000, 0x0000000414400000|  0%| F|  |TAMS 0x0000000414000000, 0x0000000414000000| Untracked 
|   5|0x0000000414400000, 0x0000000414400000, 0x0000000414800000|  0%| F|  |TAMS 0x0000000414400000, 0x0000000414400000| Untracked 
|   6|0x0000000414800000, 0x0000000414800000, 0x0000000414c00000|  0%| F|  |TAMS 0x0000000414800000, 0x0000000414800000| Untracked 
|   7|0x0000000414c00000, 0x0000000414c00000, 0x0000000415000000|  0%| F|  |TAMS 0x0000000414c00000, 0x0000000414c00000| Untracked 
|   8|0x0000000415000000, 0x0000000415000000, 0x0000000415400000|  0%| F|  |TAMS 0x0000000415000000, 0x0000000415000000| Untracked 
|   9|0x0000000415400000, 0x0000000415400000, 0x0000000415800000|  0%| F|  |TAMS 0x0000000415400000, 0x0000000415400000| Untracked 
|  10|0x0000000415800000, 0x0000000415800000, 0x0000000415c00000|  0%| F|  |TAMS 0x0000000415800000, 0x0000000415800000| Untracked 
|  11|0x0000000415c00000, 0x0000000415c00000, 0x0000000416000000|  0%| F|  |TAMS 0x0000000415c00000, 0x0000000415c00000| Untracked 
|  12|0x0000000416000000, 0x0000000416000000, 0x0000000416400000|  0%| F|  |TAMS 0x0000000416000000, 0x0000000416000000| Untracked 
|  13|0x0000000416400000, 0x0000000416400000, 0x0000000416800000|  0%| F|  |TAMS 0x0000000416400000, 0x0000000416400000| Untracked 
|  14|0x0000000416800000, 0x0000000416800000, 0x0000000416c00000|  0%| F|  |TAMS 0x0000000416800000, 0x0000000416800000| Untracked 
|  15|0x0000000416c00000, 0x0000000416c00000, 0x0000000417000000|  0%| F|  |TAMS 0x0000000416c00000, 0x0000000416c00000| Untracked 
|  16|0x0000000417000000, 0x0000000417000000, 0x0000000417400000|  0%| F|  |TAMS 0x0000000417000000, 0x0000000417000000| Untracked 
|  17|0x0000000417400000, 0x0000000417400000, 0x0000000417800000|  0%| F|  |TAMS 0x0000000417400000, 0x0000000417400000| Untracked 
|  18|0x0000000417800000, 0x0000000417800000, 0x0000000417c00000|  0%| F|  |TAMS 0x0000000417800000, 0x0000000417800000| Untracked 
|  19|0x0000000417c00000, 0x0000000417c00000, 0x0000000418000000|  0%| F|  |TAMS 0x0000000417c00000, 0x0000000417c00000| Untracked 
|  20|0x0000000418000000, 0x0000000418000000, 0x0000000418400000|  0%| F|  |TAMS 0x0000000418000000, 0x0000000418000000| Untracked 
|  21|0x0000000418400000, 0x0000000418400000, 0x0000000418800000|  0%| F|  |TAMS 0x0000000418400000, 0x0000000418400000| Untracked 
|  22|0x0000000418800000, 0x0000000418800000, 0x0000000418c00000|  0%| F|  |TAMS 0x0000000418800000, 0x0000000418800000| Untracked 
|  23|0x0000000418c00000, 0x0000000418c00000, 0x0000000419000000|  0%| F|  |TAMS 0x0000000418c00000, 0x0000000418c00000| Untracked 
|  24|0x0000000419000000, 0x0000000419000000, 0x0000000419400000|  0%| F|  |TAMS 0x0000000419000000, 0x0000000419000000| Untracked 
|  25|0x0000000419400000, 0x0000000419400000, 0x0000000419800000|  0%| F|  |TAMS 0x0000000419400000, 0x0000000419400000| Untracked 
|  26|0x0000000419800000, 0x0000000419800000, 0x0000000419c00000|  0%| F|  |TAMS 0x0000000419800000, 0x0000000419800000| Untracked 
|  27|0x0000000419c00000, 0x0000000419c00000, 0x000000041a000000|  0%| F|  |TAMS 0x0000000419c00000, 0x0000000419c00000| Untracked 
|  28|0x000000041a000000, 0x000000041a000000, 0x000000041a400000|  0%| F|  |TAMS 0x000000041a000000, 0x000000041a000000| Untracked 
|  29|0x000000041a400000, 0x000000041a400000, 0x000000041a800000|  0%| F|  |TAMS 0x000000041a400000, 0x000000041a400000| Untracked 
|  30|0x000000041a800000, 0x000000041a800000, 0x000000041ac00000|  0%| F|  |TAMS 0x000000041a800000, 0x000000041a800000| Untracked 
|  31|0x000000041ac00000, 0x000000041ac00000, 0x000000041b000000|  0%| F|  |TAMS 0x000000041ac00000, 0x000000041ac00000| Untracked 
|  32|0x000000041b000000, 0x000000041b000000, 0x000000041b400000|  0%| F|  |TAMS 0x000000041b000000, 0x000000041b000000| Untracked 
|  33|0x000000041b400000, 0x000000041b400000, 0x000000041b800000|  0%| F|  |TAMS 0x000000041b400000, 0x000000041b400000| Untracked 
|  34|0x000000041b800000, 0x000000041b800000, 0x000000041bc00000|  0%| F|  |TAMS 0x000000041b800000, 0x000000041b800000| Untracked 
|  35|0x000000041bc00000, 0x000000041bc00000, 0x000000041c000000|  0%| F|  |TAMS 0x000000041bc00000, 0x000000041bc00000| Untracked 
|  36|0x000000041c000000, 0x000000041c000000, 0x000000041c400000|  0%| F|  |TAMS 0x000000041c000000, 0x000000041c000000| Untracked 
|  37|0x000000041c400000, 0x000000041c400000, 0x000000041c800000|  0%| F|  |TAMS 0x000000041c400000, 0x000000041c400000| Untracked 
|  38|0x000000041c800000, 0x000000041c800000, 0x000000041cc00000|  0%| F|  |TAMS 0x000000041c800000, 0x000000041c800000| Untracked 
|  39|0x000000041cc00000, 0x000000041cc00000, 0x000000041d000000|  0%| F|  |TAMS 0x000000041cc00000, 0x000000041cc00000| Untracked 
|  40|0x000000041d000000, 0x000000041d000000, 0x000000041d400000|  0%| F|  |TAMS 0x000000041d000000, 0x000000041d000000| Untracked 
|  41|0x000000041d400000, 0x000000041d400000, 0x000000041d800000|  0%| F|  |TAMS 0x000000041d400000, 0x000000041d400000| Untracked 
|  42|0x000000041d800000, 0x000000041d800000, 0x000000041dc00000|  0%| F|  |TAMS 0x000000041d800000, 0x000000041d800000| Untracked 
|  43|0x000000041dc00000, 0x000000041dc00000, 0x000000041e000000|  0%| F|  |TAMS 0x000000041dc00000, 0x000000041dc00000| Untracked 
|  44|0x000000041e000000, 0x000000041e000000, 0x000000041e400000|  0%| F|  |TAMS 0x000000041e000000, 0x000000041e000000| Untracked 
|  45|0x000000041e400000, 0x000000041e400000, 0x000000041e800000|  0%| F|  |TAMS 0x000000041e400000, 0x000000041e400000| Untracked 
|  46|0x000000041e800000, 0x000000041e800000, 0x000000041ec00000|  0%| F|  |TAMS 0x000000041e800000, 0x000000041e800000| Untracked 
|  47|0x000000041ec00000, 0x000000041ec00000, 0x000000041f000000|  0%| F|  |TAMS 0x000000041ec00000, 0x000000041ec00000| Untracked 
|  48|0x000000041f000000, 0x000000041f000000, 0x000000041f400000|  0%| F|  |TAMS 0x000000041f000000, 0x000000041f000000| Untracked 
|  49|0x000000041f400000, 0x000000041f400000, 0x000000041f800000|  0%| F|  |TAMS 0x000000041f400000, 0x000000041f400000| Untracked 
|  50|0x000000041f800000, 0x000000041f800000, 0x000000041fc00000|  0%| F|  |TAMS 0x000000041f800000, 0x000000041f800000| Untracked 
|  51|0x000000041fc00000, 0x000000041fc00000, 0x0000000420000000|  0%| F|  |TAMS 0x000000041fc00000, 0x000000041fc00000| Untracked 
|  52|0x0000000420000000, 0x0000000420000000, 0x0000000420400000|  0%| F|  |TAMS 0x0000000420000000, 0x0000000420000000| Untracked 
|  53|0x0000000420400000, 0x0000000420400000, 0x0000000420800000|  0%| F|  |TAMS 0x0000000420400000, 0x0000000420400000| Untracked 
|  54|0x0000000420800000, 0x0000000420800000, 0x0000000420c00000|  0%| F|  |TAMS 0x0000000420800000, 0x0000000420800000| Untracked 
|  55|0x0000000420c00000, 0x0000000420c00000, 0x0000000421000000|  0%| F|  |TAMS 0x0000000420c00000, 0x0000000420c00000| Untracked 
|  56|0x0000000421000000, 0x0000000421000000, 0x0000000421400000|  0%| F|  |TAMS 0x0000000421000000, 0x0000000421000000| Untracked 
|  57|0x0000000421400000, 0x0000000421400000, 0x0000000421800000|  0%| F|  |TAMS 0x0000000421400000, 0x0000000421400000| Untracked 
|  58|0x0000000421800000, 0x0000000421800000, 0x0000000421c00000|  0%| F|  |TAMS 0x0000000421800000, 0x0000000421800000| Untracked 
|  59|0x0000000421c00000, 0x0000000421c00000, 0x0000000422000000|  0%| F|  |TAMS 0x0000000421c00000, 0x0000000421c00000| Untracked 
|  60|0x0000000422000000, 0x0000000422000000, 0x0000000422400000|  0%| F|  |TAMS 0x0000000422000000, 0x0000000422000000| Untracked 
|  61|0x0000000422400000, 0x0000000422400000, 0x0000000422800000|  0%| F|  |TAMS 0x0000000422400000, 0x0000000422400000| Untracked 
|  62|0x0000000422800000, 0x0000000422800000, 0x0000000422c00000|  0%| F|  |TAMS 0x0000000422800000, 0x0000000422800000| Untracked 
|  63|0x0000000422c00000, 0x0000000422c00000, 0x0000000423000000|  0%| F|  |TAMS 0x0000000422c00000, 0x0000000422c00000| Untracked 
|  64|0x0000000423000000, 0x0000000423000000, 0x0000000423400000|  0%| F|  |TAMS 0x0000000423000000, 0x0000000423000000| Untracked 
|  65|0x0000000423400000, 0x0000000423400000, 0x0000000423800000|  0%| F|  |TAMS 0x0000000423400000, 0x0000000423400000| Untracked 
|  66|0x0000000423800000, 0x0000000423800000, 0x0000000423c00000|  0%| F|  |TAMS 0x0000000423800000, 0x0000000423800000| Untracked 
|  67|0x0000000423c00000, 0x0000000423c00000, 0x0000000424000000|  0%| F|  |TAMS 0x0000000423c00000, 0x0000000423c00000| Untracked 
|  68|0x0000000424000000, 0x0000000424000000, 0x0000000424400000|  0%| F|  |TAMS 0x0000000424000000, 0x0000000424000000| Untracked 
|  69|0x0000000424400000, 0x0000000424400000, 0x0000000424800000|  0%| F|  |TAMS 0x0000000424400000, 0x0000000424400000| Untracked 
|  70|0x0000000424800000, 0x0000000424800000, 0x0000000424c00000|  0%| F|  |TAMS 0x0000000424800000, 0x0000000424800000| Untracked 
|  71|0x0000000424c00000, 0x0000000424c00000, 0x0000000425000000|  0%| F|  |TAMS 0x0000000424c00000, 0x0000000424c00000| Untracked 
|  72|0x0000000425000000, 0x0000000425000000, 0x0000000425400000|  0%| F|  |TAMS 0x0000000425000000, 0x0000000425000000| Untracked 
|  73|0x0000000425400000, 0x0000000425400000, 0x0000000425800000|  0%| F|  |TAMS 0x0000000425400000, 0x0000000425400000| Untracked 
|  74|0x0000000425800000, 0x0000000425800000, 0x0000000425c00000|  0%| F|  |TAMS 0x0000000425800000, 0x0000000425800000| Untracked 
|  75|0x0000000425c00000, 0x0000000425c00000, 0x0000000426000000|  0%| F|  |TAMS 0x0000000425c00000, 0x0000000425c00000| Untracked 
|  76|0x0000000426000000, 0x0000000426000000, 0x0000000426400000|  0%| F|  |TAMS 0x0000000426000000, 0x0000000426000000| Untracked 
|  77|0x0000000426400000, 0x0000000426400000, 0x0000000426800000|  0%| F|  |TAMS 0x0000000426400000, 0x0000000426400000| Untracked 
|  78|0x0000000426800000, 0x0000000426800000, 0x0000000426c00000|  0%| F|  |TAMS 0x0000000426800000, 0x0000000426800000| Untracked 
|  79|0x0000000426c00000, 0x0000000426c00000, 0x0000000427000000|  0%| F|  |TAMS 0x0000000426c00000, 0x0000000426c00000| Untracked 
|  80|0x0000000427000000, 0x0000000427000000, 0x0000000427400000|  0%| F|  |TAMS 0x0000000427000000, 0x0000000427000000| Untracked 
|  81|0x0000000427400000, 0x0000000427400000, 0x0000000427800000|  0%| F|  |TAMS 0x0000000427400000, 0x0000000427400000| Untracked 
|  82|0x0000000427800000, 0x0000000427800000, 0x0000000427c00000|  0%| F|  |TAMS 0x0000000427800000, 0x0000000427800000| Untracked 
|  83|0x0000000427c00000, 0x0000000427c00000, 0x0000000428000000|  0%| F|  |TAMS 0x0000000427c00000, 0x0000000427c00000| Untracked 
|  84|0x0000000428000000, 0x0000000428000000, 0x0000000428400000|  0%| F|  |TAMS 0x0000000428000000, 0x0000000428000000| Untracked 
|  85|0x0000000428400000, 0x0000000428400000, 0x0000000428800000|  0%| F|  |TAMS 0x0000000428400000, 0x0000000428400000| Untracked 
|  86|0x0000000428800000, 0x0000000428800000, 0x0000000428c00000|  0%| F|  |TAMS 0x0000000428800000, 0x0000000428800000| Untracked 
|  87|0x0000000428c00000, 0x0000000428c00000, 0x0000000429000000|  0%| F|  |TAMS 0x0000000428c00000, 0x0000000428c00000| Untracked 
|  88|0x0000000429000000, 0x0000000429000000, 0x0000000429400000|  0%| F|  |TAMS 0x0000000429000000, 0x0000000429000000| Untracked 
|  89|0x0000000429400000, 0x0000000429400000, 0x0000000429800000|  0%| F|  |TAMS 0x0000000429400000, 0x0000000429400000| Untracked 
|  90|0x0000000429800000, 0x0000000429800000, 0x0000000429c00000|  0%| F|  |TAMS 0x0000000429800000, 0x0000000429800000| Untracked 
|  91|0x0000000429c00000, 0x0000000429c00000, 0x000000042a000000|  0%| F|  |TAMS 0x0000000429c00000, 0x0000000429c00000| Untracked 
|  92|0x000000042a000000, 0x000000042a000000, 0x000000042a400000|  0%| F|  |TAMS 0x000000042a000000, 0x000000042a000000| Untracked 
|  93|0x000000042a400000, 0x000000042a400000, 0x000000042a800000|  0%| F|  |TAMS 0x000000042a400000, 0x000000042a400000| Untracked 
|  94|0x000000042a800000, 0x000000042a800000, 0x000000042ac00000|  0%| F|  |TAMS 0x000000042a800000, 0x000000042a800000| Untracked 
|  95|0x000000042ac00000, 0x000000042ac00000, 0x000000042b000000|  0%| F|  |TAMS 0x000000042ac00000, 0x000000042ac00000| Untracked 
|  96|0x000000042b000000, 0x000000042b000000, 0x000000042b400000|  0%| F|  |TAMS 0x000000042b000000, 0x000000042b000000| Untracked 
|  97|0x000000042b400000, 0x000000042b400000, 0x000000042b800000|  0%| F|  |TAMS 0x000000042b400000, 0x000000042b400000| Untracked 
|  98|0x000000042b800000, 0x000000042b800000, 0x000000042bc00000|  0%| F|  |TAMS 0x000000042b800000, 0x000000042b800000| Untracked 
|  99|0x000000042bc00000, 0x000000042bc00000, 0x000000042c000000|  0%| F|  |TAMS 0x000000042bc00000, 0x000000042bc00000| Untracked 
| 100|0x000000042c000000, 0x000000042c000000, 0x000000042c400000|  0%| F|  |TAMS 0x000000042c000000, 0x000000042c000000| Untracked 
| 101|0x000000042c400000, 0x000000042c400000, 0x000000042c800000|  0%| F|  |TAMS 0x000000042c400000, 0x000000042c400000| Untracked 
| 102|0x000000042c800000, 0x000000042c800000, 0x000000042cc00000|  0%| F|  |TAMS 0x000000042c800000, 0x000000042c800000| Untracked 
| 103|0x000000042cc00000, 0x000000042cc00000, 0x000000042d000000|  0%| F|  |TAMS 0x000000042cc00000, 0x000000042cc00000| Untracked 
| 104|0x000000042d000000, 0x000000042d000000, 0x000000042d400000|  0%| F|  |TAMS 0x000000042d000000, 0x000000042d000000| Untracked 
| 105|0x000000042d400000, 0x000000042d400000, 0x000000042d800000|  0%| F|  |TAMS 0x000000042d400000, 0x000000042d400000| Untracked 
| 106|0x000000042d800000, 0x000000042d800000, 0x000000042dc00000|  0%| F|  |TAMS 0x000000042d800000, 0x000000042d800000| Untracked 
| 107|0x000000042dc00000, 0x000000042dc00000, 0x000000042e000000|  0%| F|  |TAMS 0x000000042dc00000, 0x000000042dc00000| Untracked 
| 108|0x000000042e000000, 0x000000042e000000, 0x000000042e400000|  0%| F|  |TAMS 0x000000042e000000, 0x000000042e000000| Untracked 
| 109|0x000000042e400000, 0x000000042e400000, 0x000000042e800000|  0%| F|  |TAMS 0x000000042e400000, 0x000000042e400000| Untracked 
| 110|0x000000042e800000, 0x000000042e800000, 0x000000042ec00000|  0%| F|  |TAMS 0x000000042e800000, 0x000000042e800000| Untracked 
| 111|0x000000042ec00000, 0x000000042ec00000, 0x000000042f000000|  0%| F|  |TAMS 0x000000042ec00000, 0x000000042ec00000| Untracked 
| 112|0x000000042f000000, 0x000000042f000000, 0x000000042f400000|  0%| F|  |TAMS 0x000000042f000000, 0x000000042f000000| Untracked 
| 113|0x000000042f400000, 0x000000042f400000, 0x000000042f800000|  0%| F|  |TAMS 0x000000042f400000, 0x000000042f400000| Untracked 
| 114|0x000000042f800000, 0x000000042f800000, 0x000000042fc00000|  0%| F|  |TAMS 0x000000042f800000, 0x000000042f800000| Untracked 
| 115|0x000000042fc00000, 0x000000042fc00000, 0x0000000430000000|  0%| F|  |TAMS 0x000000042fc00000, 0x000000042fc00000| Untracked 
| 116|0x0000000430000000, 0x0000000430000000, 0x0000000430400000|  0%| F|  |TAMS 0x0000000430000000, 0x0000000430000000| Untracked 
| 117|0x0000000430400000, 0x0000000430400000, 0x0000000430800000|  0%| F|  |TAMS 0x0000000430400000, 0x0000000430400000| Untracked 
| 118|0x0000000430800000, 0x0000000430800000, 0x0000000430c00000|  0%| F|  |TAMS 0x0000000430800000, 0x0000000430800000| Untracked 
| 119|0x0000000430c00000, 0x0000000430c00000, 0x0000000431000000|  0%| F|  |TAMS 0x0000000430c00000, 0x0000000430c00000| Untracked 
| 120|0x0000000431000000, 0x0000000431000000, 0x0000000431400000|  0%| F|  |TAMS 0x0000000431000000, 0x0000000431000000| Untracked 
| 121|0x0000000431400000, 0x0000000431400000, 0x0000000431800000|  0%| F|  |TAMS 0x0000000431400000, 0x0000000431400000| Untracked 
| 122|0x0000000431800000, 0x0000000431800000, 0x0000000431c00000|  0%| F|  |TAMS 0x0000000431800000, 0x0000000431800000| Untracked 
| 123|0x0000000431c00000, 0x0000000431c00000, 0x0000000432000000|  0%| F|  |TAMS 0x0000000431c00000, 0x0000000431c00000| Untracked 
| 124|0x0000000432000000, 0x0000000432000000, 0x0000000432400000|  0%| F|  |TAMS 0x0000000432000000, 0x0000000432000000| Untracked 
| 125|0x0000000432400000, 0x0000000432400000, 0x0000000432800000|  0%| F|  |TAMS 0x0000000432400000, 0x0000000432400000| Untracked 
| 126|0x0000000432800000, 0x0000000432800000, 0x0000000432c00000|  0%| F|  |TAMS 0x0000000432800000, 0x0000000432800000| Untracked 
| 127|0x0000000432c00000, 0x0000000432c00000, 0x0000000433000000|  0%| F|  |TAMS 0x0000000432c00000, 0x0000000432c00000| Untracked 
| 128|0x0000000433000000, 0x0000000433000000, 0x0000000433400000|  0%| F|  |TAMS 0x0000000433000000, 0x0000000433000000| Untracked 
| 129|0x0000000433400000, 0x0000000433400000, 0x0000000433800000|  0%| F|  |TAMS 0x0000000433400000, 0x0000000433400000| Untracked 
| 130|0x0000000433800000, 0x0000000433800000, 0x0000000433c00000|  0%| F|  |TAMS 0x0000000433800000, 0x0000000433800000| Untracked 
| 131|0x0000000433c00000, 0x0000000433c00000, 0x0000000434000000|  0%| F|  |TAMS 0x0000000433c00000, 0x0000000433c00000| Untracked 
| 132|0x0000000434000000, 0x0000000434000000, 0x0000000434400000|  0%| F|  |TAMS 0x0000000434000000, 0x0000000434000000| Untracked 
| 133|0x0000000434400000, 0x0000000434400000, 0x0000000434800000|  0%| F|  |TAMS 0x0000000434400000, 0x0000000434400000| Untracked 
| 134|0x0000000434800000, 0x0000000434800000, 0x0000000434c00000|  0%| F|  |TAMS 0x0000000434800000, 0x0000000434800000| Untracked 
| 135|0x0000000434c00000, 0x0000000434c00000, 0x0000000435000000|  0%| F|  |TAMS 0x0000000434c00000, 0x0000000434c00000| Untracked 
| 136|0x0000000435000000, 0x0000000435000000, 0x0000000435400000|  0%| F|  |TAMS 0x0000000435000000, 0x0000000435000000| Untracked 
| 137|0x0000000435400000, 0x0000000435400000, 0x0000000435800000|  0%| F|  |TAMS 0x0000000435400000, 0x0000000435400000| Untracked 
| 138|0x0000000435800000, 0x0000000435800000, 0x0000000435c00000|  0%| F|  |TAMS 0x0000000435800000, 0x0000000435800000| Untracked 
| 139|0x0000000435c00000, 0x0000000435c00000, 0x0000000436000000|  0%| F|  |TAMS 0x0000000435c00000, 0x0000000435c00000| Untracked 
| 140|0x0000000436000000, 0x0000000436000000, 0x0000000436400000|  0%| F|  |TAMS 0x0000000436000000, 0x0000000436000000| Untracked 
| 141|0x0000000436400000, 0x0000000436400000, 0x0000000436800000|  0%| F|  |TAMS 0x0000000436400000, 0x0000000436400000| Untracked 
| 142|0x0000000436800000, 0x0000000436800000, 0x0000000436c00000|  0%| F|  |TAMS 0x0000000436800000, 0x0000000436800000| Untracked 
| 143|0x0000000436c00000, 0x0000000436c00000, 0x0000000437000000|  0%| F|  |TAMS 0x0000000436c00000, 0x0000000436c00000| Untracked 
| 144|0x0000000437000000, 0x0000000437000000, 0x0000000437400000|  0%| F|  |TAMS 0x0000000437000000, 0x0000000437000000| Untracked 
| 145|0x0000000437400000, 0x0000000437400000, 0x0000000437800000|  0%| F|  |TAMS 0x0000000437400000, 0x0000000437400000| Untracked 
| 146|0x0000000437800000, 0x0000000437800000, 0x0000000437c00000|  0%| F|  |TAMS 0x0000000437800000, 0x0000000437800000| Untracked 
| 147|0x0000000437c00000, 0x0000000437c00000, 0x0000000438000000|  0%| F|  |TAMS 0x0000000437c00000, 0x0000000437c00000| Untracked 
| 148|0x0000000438000000, 0x0000000438000000, 0x0000000438400000|  0%| F|  |TAMS 0x0000000438000000, 0x0000000438000000| Untracked 
| 149|0x0000000438400000, 0x0000000438400000, 0x0000000438800000|  0%| F|  |TAMS 0x0000000438400000, 0x0000000438400000| Untracked 
| 150|0x0000000438800000, 0x0000000438800000, 0x0000000438c00000|  0%| F|  |TAMS 0x0000000438800000, 0x0000000438800000| Untracked 
| 151|0x0000000438c00000, 0x0000000438c00000, 0x0000000439000000|  0%| F|  |TAMS 0x0000000438c00000, 0x0000000438c00000| Untracked 
| 152|0x0000000439000000, 0x0000000439000000, 0x0000000439400000|  0%| F|  |TAMS 0x0000000439000000, 0x0000000439000000| Untracked 
| 153|0x0000000439400000, 0x0000000439400000, 0x0000000439800000|  0%| F|  |TAMS 0x0000000439400000, 0x0000000439400000| Untracked 
| 154|0x0000000439800000, 0x0000000439800000, 0x0000000439c00000|  0%| F|  |TAMS 0x0000000439800000, 0x0000000439800000| Untracked 
| 155|0x0000000439c00000, 0x0000000439c00000, 0x000000043a000000|  0%| F|  |TAMS 0x0000000439c00000, 0x0000000439c00000| Untracked 
| 156|0x000000043a000000, 0x000000043a000000, 0x000000043a400000|  0%| F|  |TAMS 0x000000043a000000, 0x000000043a000000| Untracked 
| 157|0x000000043a400000, 0x000000043a400000, 0x000000043a800000|  0%| F|  |TAMS 0x000000043a400000, 0x000000043a400000| Untracked 
| 158|0x000000043a800000, 0x000000043a800000, 0x000000043ac00000|  0%| F|  |TAMS 0x000000043a800000, 0x000000043a800000| Untracked 
| 159|0x000000043ac00000, 0x000000043ac00000, 0x000000043b000000|  0%| F|  |TAMS 0x000000043ac00000, 0x000000043ac00000| Untracked 
| 160|0x000000043b000000, 0x000000043b000000, 0x000000043b400000|  0%| F|  |TAMS 0x000000043b000000, 0x000000043b000000| Untracked 
| 161|0x000000043b400000, 0x000000043b400000, 0x000000043b800000|  0%| F|  |TAMS 0x000000043b400000, 0x000000043b400000| Untracked 
| 162|0x000000043b800000, 0x000000043b800000, 0x000000043bc00000|  0%| F|  |TAMS 0x000000043b800000, 0x000000043b800000| Untracked 
| 163|0x000000043bc00000, 0x000000043bc00000, 0x000000043c000000|  0%| F|  |TAMS 0x000000043bc00000, 0x000000043bc00000| Untracked 
| 164|0x000000043c000000, 0x000000043c000000, 0x000000043c400000|  0%| F|  |TAMS 0x000000043c000000, 0x000000043c000000| Untracked 
| 165|0x000000043c400000, 0x000000043c400000, 0x000000043c800000|  0%| F|  |TAMS 0x000000043c400000, 0x000000043c400000| Untracked 
| 166|0x000000043c800000, 0x000000043c800000, 0x000000043cc00000|  0%| F|  |TAMS 0x000000043c800000, 0x000000043c800000| Untracked 
| 167|0x000000043cc00000, 0x000000043cc00000, 0x000000043d000000|  0%| F|  |TAMS 0x000000043cc00000, 0x000000043cc00000| Untracked 
| 168|0x000000043d000000, 0x000000043d000000, 0x000000043d400000|  0%| F|  |TAMS 0x000000043d000000, 0x000000043d000000| Untracked 
| 169|0x000000043d400000, 0x000000043d400000, 0x000000043d800000|  0%| F|  |TAMS 0x000000043d400000, 0x000000043d400000| Untracked 
| 170|0x000000043d800000, 0x000000043d800000, 0x000000043dc00000|  0%| F|  |TAMS 0x000000043d800000, 0x000000043d800000| Untracked 
| 171|0x000000043dc00000, 0x000000043dc00000, 0x000000043e000000|  0%| F|  |TAMS 0x000000043dc00000, 0x000000043dc00000| Untracked 
| 172|0x000000043e000000, 0x000000043e000000, 0x000000043e400000|  0%| F|  |TAMS 0x000000043e000000, 0x000000043e000000| Untracked 
| 173|0x000000043e400000, 0x000000043e400000, 0x000000043e800000|  0%| F|  |TAMS 0x000000043e400000, 0x000000043e400000| Untracked 
| 174|0x000000043e800000, 0x000000043e800000, 0x000000043ec00000|  0%| F|  |TAMS 0x000000043e800000, 0x000000043e800000| Untracked 
| 175|0x000000043ec00000, 0x000000043ec00000, 0x000000043f000000|  0%| F|  |TAMS 0x000000043ec00000, 0x000000043ec00000| Untracked 
| 176|0x000000043f000000, 0x000000043f000000, 0x000000043f400000|  0%| F|  |TAMS 0x000000043f000000, 0x000000043f000000| Untracked 
| 177|0x000000043f400000, 0x000000043f400000, 0x000000043f800000|  0%| F|  |TAMS 0x000000043f400000, 0x000000043f400000| Untracked 
| 178|0x000000043f800000, 0x000000043f800000, 0x000000043fc00000|  0%| F|  |TAMS 0x000000043f800000, 0x000000043f800000| Untracked 
| 179|0x000000043fc00000, 0x000000043fc00000, 0x0000000440000000|  0%| F|  |TAMS 0x000000043fc00000, 0x000000043fc00000| Untracked 
| 180|0x0000000440000000, 0x0000000440000000, 0x0000000440400000|  0%| F|  |TAMS 0x0000000440000000, 0x0000000440000000| Untracked 
| 181|0x0000000440400000, 0x0000000440400000, 0x0000000440800000|  0%| F|  |TAMS 0x0000000440400000, 0x0000000440400000| Untracked 
| 182|0x0000000440800000, 0x0000000440800000, 0x0000000440c00000|  0%| F|  |TAMS 0x0000000440800000, 0x0000000440800000| Untracked 
| 183|0x0000000440c00000, 0x0000000440c00000, 0x0000000441000000|  0%| F|  |TAMS 0x0000000440c00000, 0x0000000440c00000| Untracked 
| 184|0x0000000441000000, 0x0000000441000000, 0x0000000441400000|  0%| F|  |TAMS 0x0000000441000000, 0x0000000441000000| Untracked 
| 185|0x0000000441400000, 0x0000000441400000, 0x0000000441800000|  0%| F|  |TAMS 0x0000000441400000, 0x0000000441400000| Untracked 
| 186|0x0000000441800000, 0x0000000441800000, 0x0000000441c00000|  0%| F|  |TAMS 0x0000000441800000, 0x0000000441800000| Untracked 
| 187|0x0000000441c00000, 0x0000000441c00000, 0x0000000442000000|  0%| F|  |TAMS 0x0000000441c00000, 0x0000000441c00000| Untracked 
| 188|0x0000000442000000, 0x0000000442000000, 0x0000000442400000|  0%| F|  |TAMS 0x0000000442000000, 0x0000000442000000| Untracked 
| 189|0x0000000442400000, 0x0000000442400000, 0x0000000442800000|  0%| F|  |TAMS 0x0000000442400000, 0x0000000442400000| Untracked 
| 190|0x0000000442800000, 0x0000000442800000, 0x0000000442c00000|  0%| F|  |TAMS 0x0000000442800000, 0x0000000442800000| Untracked 
| 191|0x0000000442c00000, 0x0000000442c00000, 0x0000000443000000|  0%| F|  |TAMS 0x0000000442c00000, 0x0000000442c00000| Untracked 
| 192|0x0000000443000000, 0x0000000443000000, 0x0000000443400000|  0%| F|  |TAMS 0x0000000443000000, 0x0000000443000000| Untracked 
| 193|0x0000000443400000, 0x0000000443400000, 0x0000000443800000|  0%| F|  |TAMS 0x0000000443400000, 0x0000000443400000| Untracked 
| 194|0x0000000443800000, 0x0000000443800000, 0x0000000443c00000|  0%| F|  |TAMS 0x0000000443800000, 0x0000000443800000| Untracked 
| 195|0x0000000443c00000, 0x0000000443c00000, 0x0000000444000000|  0%| F|  |TAMS 0x0000000443c00000, 0x0000000443c00000| Untracked 
| 196|0x0000000444000000, 0x0000000444000000, 0x0000000444400000|  0%| F|  |TAMS 0x0000000444000000, 0x0000000444000000| Untracked 
| 197|0x0000000444400000, 0x0000000444400000, 0x0000000444800000|  0%| F|  |TAMS 0x0000000444400000, 0x0000000444400000| Untracked 
| 198|0x0000000444800000, 0x0000000444800000, 0x0000000444c00000|  0%| F|  |TAMS 0x0000000444800000, 0x0000000444800000| Untracked 
| 199|0x0000000444c00000, 0x0000000444c00000, 0x0000000445000000|  0%| F|  |TAMS 0x0000000444c00000, 0x0000000444c00000| Untracked 
| 200|0x0000000445000000, 0x0000000445000000, 0x0000000445400000|  0%| F|  |TAMS 0x0000000445000000, 0x0000000445000000| Untracked 
| 201|0x0000000445400000, 0x0000000445400000, 0x0000000445800000|  0%| F|  |TAMS 0x0000000445400000, 0x0000000445400000| Untracked 
| 202|0x0000000445800000, 0x0000000445800000, 0x0000000445c00000|  0%| F|  |TAMS 0x0000000445800000, 0x0000000445800000| Untracked 
| 203|0x0000000445c00000, 0x0000000445c00000, 0x0000000446000000|  0%| F|  |TAMS 0x0000000445c00000, 0x0000000445c00000| Untracked 
| 204|0x0000000446000000, 0x0000000446000000, 0x0000000446400000|  0%| F|  |TAMS 0x0000000446000000, 0x0000000446000000| Untracked 
| 205|0x0000000446400000, 0x0000000446400000, 0x0000000446800000|  0%| F|  |TAMS 0x0000000446400000, 0x0000000446400000| Untracked 
| 206|0x0000000446800000, 0x0000000446800000, 0x0000000446c00000|  0%| F|  |TAMS 0x0000000446800000, 0x0000000446800000| Untracked 
| 207|0x0000000446c00000, 0x0000000446c00000, 0x0000000447000000|  0%| F|  |TAMS 0x0000000446c00000, 0x0000000446c00000| Untracked 
| 208|0x0000000447000000, 0x0000000447000000, 0x0000000447400000|  0%| F|  |TAMS 0x0000000447000000, 0x0000000447000000| Untracked 
| 209|0x0000000447400000, 0x0000000447400000, 0x0000000447800000|  0%| F|  |TAMS 0x0000000447400000, 0x0000000447400000| Untracked 
| 210|0x0000000447800000, 0x0000000447800000, 0x0000000447c00000|  0%| F|  |TAMS 0x0000000447800000, 0x0000000447800000| Untracked 
| 211|0x0000000447c00000, 0x0000000447c00000, 0x0000000448000000|  0%| F|  |TAMS 0x0000000447c00000, 0x0000000447c00000| Untracked 
| 212|0x0000000448000000, 0x0000000448000000, 0x0000000448400000|  0%| F|  |TAMS 0x0000000448000000, 0x0000000448000000| Untracked 
| 213|0x0000000448400000, 0x0000000448400000, 0x0000000448800000|  0%| F|  |TAMS 0x0000000448400000, 0x0000000448400000| Untracked 
| 214|0x0000000448800000, 0x0000000448800000, 0x0000000448c00000|  0%| F|  |TAMS 0x0000000448800000, 0x0000000448800000| Untracked 
| 215|0x0000000448c00000, 0x0000000448c00000, 0x0000000449000000|  0%| F|  |TAMS 0x0000000448c00000, 0x0000000448c00000| Untracked 
| 216|0x0000000449000000, 0x0000000449000000, 0x0000000449400000|  0%| F|  |TAMS 0x0000000449000000, 0x0000000449000000| Untracked 
| 217|0x0000000449400000, 0x0000000449400000, 0x0000000449800000|  0%| F|  |TAMS 0x0000000449400000, 0x0000000449400000| Untracked 
| 218|0x0000000449800000, 0x0000000449800000, 0x0000000449c00000|  0%| F|  |TAMS 0x0000000449800000, 0x0000000449800000| Untracked 
| 219|0x0000000449c00000, 0x0000000449c00000, 0x000000044a000000|  0%| F|  |TAMS 0x0000000449c00000, 0x0000000449c00000| Untracked 
| 220|0x000000044a000000, 0x000000044a000000, 0x000000044a400000|  0%| F|  |TAMS 0x000000044a000000, 0x000000044a000000| Untracked 
| 221|0x000000044a400000, 0x000000044a400000, 0x000000044a800000|  0%| F|  |TAMS 0x000000044a400000, 0x000000044a400000| Untracked 
| 222|0x000000044a800000, 0x000000044a800000, 0x000000044ac00000|  0%| F|  |TAMS 0x000000044a800000, 0x000000044a800000| Untracked 
| 223|0x000000044ac00000, 0x000000044ac00000, 0x000000044b000000|  0%| F|  |TAMS 0x000000044ac00000, 0x000000044ac00000| Untracked 
| 224|0x000000044b000000, 0x000000044b000000, 0x000000044b400000|  0%| F|  |TAMS 0x000000044b000000, 0x000000044b000000| Untracked 
| 225|0x000000044b400000, 0x000000044b400000, 0x000000044b800000|  0%| F|  |TAMS 0x000000044b400000, 0x000000044b400000| Untracked 
| 226|0x000000044b800000, 0x000000044b800000, 0x000000044bc00000|  0%| F|  |TAMS 0x000000044b800000, 0x000000044b800000| Untracked 
| 227|0x000000044bc00000, 0x000000044bc00000, 0x000000044c000000|  0%| F|  |TAMS 0x000000044bc00000, 0x000000044bc00000| Untracked 
| 228|0x000000044c000000, 0x000000044c000000, 0x000000044c400000|  0%| F|  |TAMS 0x000000044c000000, 0x000000044c000000| Untracked 
| 229|0x000000044c400000, 0x000000044c400000, 0x000000044c800000|  0%| F|  |TAMS 0x000000044c400000, 0x000000044c400000| Untracked 
| 230|0x000000044c800000, 0x000000044c800000, 0x000000044cc00000|  0%| F|  |TAMS 0x000000044c800000, 0x000000044c800000| Untracked 
| 231|0x000000044cc00000, 0x000000044cc00000, 0x000000044d000000|  0%| F|  |TAMS 0x000000044cc00000, 0x000000044cc00000| Untracked 
| 232|0x000000044d000000, 0x000000044d000000, 0x000000044d400000|  0%| F|  |TAMS 0x000000044d000000, 0x000000044d000000| Untracked 
| 233|0x000000044d400000, 0x000000044d400000, 0x000000044d800000|  0%| F|  |TAMS 0x000000044d400000, 0x000000044d400000| Untracked 
| 234|0x000000044d800000, 0x000000044d800000, 0x000000044dc00000|  0%| F|  |TAMS 0x000000044d800000, 0x000000044d800000| Untracked 
| 235|0x000000044dc00000, 0x000000044dc00000, 0x000000044e000000|  0%| F|  |TAMS 0x000000044dc00000, 0x000000044dc00000| Untracked 
| 236|0x000000044e000000, 0x000000044e000000, 0x000000044e400000|  0%| F|  |TAMS 0x000000044e000000, 0x000000044e000000| Untracked 
| 237|0x000000044e400000, 0x000000044e400000, 0x000000044e800000|  0%| F|  |TAMS 0x000000044e400000, 0x000000044e400000| Untracked 
| 238|0x000000044e800000, 0x000000044e800000, 0x000000044ec00000|  0%| F|  |TAMS 0x000000044e800000, 0x000000044e800000| Untracked 
| 239|0x000000044ec00000, 0x000000044ec00000, 0x000000044f000000|  0%| F|  |TAMS 0x000000044ec00000, 0x000000044ec00000| Untracked 
| 240|0x000000044f000000, 0x000000044f000000, 0x000000044f400000|  0%| F|  |TAMS 0x000000044f000000, 0x000000044f000000| Untracked 
| 241|0x000000044f400000, 0x000000044f400000, 0x000000044f800000|  0%| F|  |TAMS 0x000000044f400000, 0x000000044f400000| Untracked 
| 242|0x000000044f800000, 0x000000044f800000, 0x000000044fc00000|  0%| F|  |TAMS 0x000000044f800000, 0x000000044f800000| Untracked 
| 243|0x000000044fc00000, 0x000000044fc00000, 0x0000000450000000|  0%| F|  |TAMS 0x000000044fc00000, 0x000000044fc00000| Untracked 
| 244|0x0000000450000000, 0x0000000450000000, 0x0000000450400000|  0%| F|  |TAMS 0x0000000450000000, 0x0000000450000000| Untracked 
| 245|0x0000000450400000, 0x0000000450400000, 0x0000000450800000|  0%| F|  |TAMS 0x0000000450400000, 0x0000000450400000| Untracked 
| 246|0x0000000450800000, 0x0000000450800000, 0x0000000450c00000|  0%| F|  |TAMS 0x0000000450800000, 0x0000000450800000| Untracked 
| 247|0x0000000450c00000, 0x0000000450c00000, 0x0000000451000000|  0%| F|  |TAMS 0x0000000450c00000, 0x0000000450c00000| Untracked 
| 248|0x0000000451000000, 0x0000000451000000, 0x0000000451400000|  0%| F|  |TAMS 0x0000000451000000, 0x0000000451000000| Untracked 
| 249|0x0000000451400000, 0x00000004517d7960, 0x0000000451800000| 96%| E|  |TAMS 0x0000000451400000, 0x0000000451400000| Complete 
| 250|0x0000000451800000, 0x0000000451c00000, 0x0000000451c00000|100%| E|CS|TAMS 0x0000000451800000, 0x0000000451800000| Complete 
| 251|0x0000000451c00000, 0x0000000452000000, 0x0000000452000000|100%| E|CS|TAMS 0x0000000451c00000, 0x0000000451c00000| Complete 
|3762|0x00000007bf800000, 0x00000007bf847000, 0x00000007bfc00000|  6%|OA|  |TAMS 0x00000007bf800000, 0x00000007bf800000| Untracked 
|3763|0x00000007bfc00000, 0x00000007bfc6b000, 0x00000007c0000000| 10%|CA|  |TAMS 0x00000007bfc00000, 0x00000007bfc00000| Untracked 

Card table byte_map: [0x00007f1ad4130000,0x00007f1ad6098000] _byte_map_base: 0x00007f1ad2098000

Marking Bits (Prev, Next): (CMBitMap*) 0x00007f1af405cea8, (CMBitMap*) 0x00007f1af405cee0
 Prev Bits: [0x00007f1ac2688000, 0x00007f1ad21c8000)
 Next Bits: [0x00007f1ab2b48000, 0x00007f1ac2688000)

Polling page: 0x00007f1afb839000

Metaspace:

Usage:
  Non-class:      4.96 MB capacity,     2.94 MB ( 59%) used,     2.02 MB ( 41%) free+waste,     6.19 KB ( <1%) overhead. 
      Class:    540.00 KB capacity,   331.55 KB ( 61%) used,   204.76 KB ( 38%) free+waste,     3.69 KB ( <1%) overhead. 
       Both:      5.49 MB capacity,     3.26 MB ( 59%) used,     2.22 MB ( 40%) free+waste,     9.88 KB ( <1%) overhead. 

Virtual space:
  Non-class space:        8.00 MB reserved,       5.00 MB ( 62%) committed 
      Class space:        1.00 GB reserved,     640.00 KB ( <1%) committed 
             Both:        1.01 GB reserved,       5.62 MB ( <1%) committed 

Chunk freelists:
   Non-Class:  10.00 KB
       Class:  4.00 KB
        Both:  14.00 KB

MaxMetaspaceSize: unlimited
CompressedClassSpaceSize: 1.00 GB

CodeHeap 'non-profiled nmethods': size=118884Kb used=148Kb max_used=148Kb free=118735Kb
 bounds [0x00007f1ae445f000, 0x00007f1ae46cf000, 0x00007f1aeb878000]
CodeHeap 'profiled nmethods': size=118884Kb used=1206Kb max_used=1206Kb free=117677Kb
 bounds [0x00007f1add046000, 0x00007f1add2b6000, 0x00007f1ae445f000]
CodeHeap 'non-nmethods': size=7992Kb used=3349Kb max_used=3361Kb free=4643Kb
 bounds [0x00007f1adc878000, 0x00007f1adcbc8000, 0x00007f1add046000]
 total_blobs=1112 nmethods=691 adapters=330
 compilation: enabled
              stopped_count=0, restarted_count=0
 full_count=0

Compilation events (20 events):
Event: 0.273 Thread 0x00007f1af4288800 nmethod 609 0x00007f1add139110 code [0x00007f1add1392c0, 0x00007f1add1393f0]
Event: 0.274 Thread 0x00007f1a800ad800  611       3       java.lang.Enum::<init> (15 bytes)
Event: 0.274 Thread 0x00007f1a800ad800 nmethod 611 0x00007f1add139490 code [0x00007f1add139640, 0x00007f1add139810]
Event: 0.274 Thread 0x00007f1af4288800  612       3       java.util.StringTokenizer::scanToken (179 bytes)
Event: 0.274 Thread 0x00007f1a800ad800  614       3       java.util.StringTokenizer::skipDelimiters (116 bytes)
Event: 0.275 Thread 0x00007f1a800ad800 nmethod 614 0x00007f1add139910 code [0x00007f1add139bc0, 0x00007f1add13a900]
Event: 0.275 Thread 0x00007f1a800ad800  613       3       java.util.StringTokenizer::hasMoreTokens (29 bytes)
Event: 0.275 Thread 0x00007f1a800ad800 nmethod 613 0x00007f1add13ae10 code [0x00007f1add13afc0, 0x00007f1add13b180]
Event: 0.275 Thread 0x00007f1a800ad800  615       3       java.util.StringTokenizer::nextToken (92 bytes)
Event: 0.276 Thread 0x00007f1a800ad800 nmethod 615 0x00007f1add13b210 code [0x00007f1add13b400, 0x00007f1add13b730]
Event: 0.276 Thread 0x00007f1a800ad800  616       3       java.lang.invoke.MemberName$Factory::resolveOrFail (53 bytes)
Event: 0.276 Thread 0x00007f1af4288800 nmethod 612 0x00007f1add13b890 code [0x00007f1add13bc20, 0x00007f1add13d210]
Event: 0.276 Thread 0x00007f1a800ad800 nmethod 616 0x00007f1add13da10 code [0x00007f1add13dc40, 0x00007f1add13e370]
Event: 0.276 Thread 0x00007f1a800ad800  618       3       sun.util.locale.LocaleUtils::toLower (17 bytes)
Event: 0.276 Thread 0x00007f1af4288800  619       1       sun.util.locale.StringTokenIterator::isDone (5 bytes)
Event: 0.276 Thread 0x00007f1a800ad800 nmethod 618 0x00007f1add13e590 code [0x00007f1add13e740, 0x00007f1add13e970]
Event: 0.276 Thread 0x00007f1af4288800 nmethod 619 0x00007f1ae4481390 code [0x00007f1ae4481540, 0x00007f1ae4481610]
Event: 0.276 Thread 0x00007f1a800ad800  620       1       java.util.Collections$EmptyList::isEmpty (2 bytes)
Event: 0.276 Thread 0x00007f1a800ad800 nmethod 620 0x00007f1ae4481690 code [0x00007f1ae4481840, 0x00007f1ae4481910]
Event: 0.276 Thread 0x00007f1af4288800  621       3       java.lang.ref.SoftReference::<init> (13 bytes)

GC Heap History (0 events):
No events

Deoptimization events (6 events):
Event: 0.104 Thread 0x00007f1af4016000 DEOPT PACKING pc=0x00007f1add067e8b sp=0x00007f1afa0026d0
Event: 0.104 Thread 0x00007f1af4016000 DEOPT UNPACKING pc=0x00007f1adc89e14a sp=0x00007f1afa001b90 mode 0
Event: 0.104 Thread 0x00007f1af4016000 DEOPT PACKING pc=0x00007f1add068ac3 sp=0x00007f1afa0026a0
Event: 0.104 Thread 0x00007f1af4016000 DEOPT UNPACKING pc=0x00007f1adc89e14a sp=0x00007f1afa001b90 mode 0
Event: 0.104 Thread 0x00007f1af4016000 DEOPT PACKING pc=0x00007f1add067e8b sp=0x00007f1afa0026d0
Event: 0.104 Thread 0x00007f1af4016000 DEOPT UNPACKING pc=0x00007f1adc89e14a sp=0x00007f1afa001b90 mode 0

Classes redefined (0 events):
No events

Internal exceptions (9 events):
Event: 0.054 Thread 0x00007f1af4016000 Exception <a 'java/security/PrivilegedActionException'{0x0000000451c505e8}> (0x0000000451c505e8) thrown at [src/hotspot/share/prims/jvm.cpp, line 1304]
Event: 0.054 Thread 0x00007f1af4016000 Exception <a 'java/security/PrivilegedActionException'{0x0000000451c508b8}> (0x0000000451c508b8) thrown at [src/hotspot/share/prims/jvm.cpp, line 1304]
Event: 0.110 Thread 0x00007f1af4016000 Exception <a 'java/lang/NoClassDefFoundError'{0x0000000451fa6520}: org/apache/log4j/Category> (0x0000000451fa6520) thrown at [src/hotspot/share/classfile/systemDictionary.cpp, line 220]
Event: 0.144 Thread 0x00007f1af42dd000 Exception <a 'java/lang/InterruptedException'{0x00000004519f64a0}: sleep interrupted> (0x00000004519f64a0) thrown at [src/hotspot/share/prims/jvm.cpp, line 3125]
Event: 0.161 Thread 0x00007f1af4016000 Exception <a 'java/lang/NoSuchMethodError'{0x0000000451b359c8}: 'java.lang.Object java.lang.invoke.DirectMethodHandle$Holder.invokeStaticInit(java.lang.Object, java.lang.Object, long, java.lang.Object)'> (0x0000000451b359c8) thrown at [src/hotspot/share/interpreter/linkResolver.cpp, line 772]
Event: 0.162 Thread 0x00007f1af4016000 Exception <a 'java/lang/NoSuchMethodError'{0x0000000451b41af0}: 'java.lang.Object java.lang.invoke.Invokers$Holder.linkToTargetMethod(java.lang.Object, long, java.lang.Object)'> (0x0000000451b41af0) thrown at [src/hotspot/share/interpreter/linkResolver.cpp, line 772]
Event: 0.163 Thread 0x00007f1af4016000 Exception <a 'java/lang/NoSuchMethodError'{0x0000000451b48e08}: 'java.lang.Object java.lang.invoke.DirectMethodHandle$Holder.invokeStatic(java.lang.Object, java.lang.Object, java.lang.Object, int)'> (0x0000000451b48e08) thrown at [src/hotspot/share/interpreter/linkResolver.cpp, line 772]
Event: 0.164 Thread 0x00007f1af4016000 Exception <a 'java/lang/NoSuchMethodError'{0x0000000451b4ca80}: 'java.lang.Object java.lang.invoke.DirectMethodHandle$Holder.invokeSpecial(java.lang.Object, java.lang.Object, java.lang.Object, java.lang.Object, int)'> (0x0000000451b4ca80) thrown at [src/hotspot/share/interpreter/linkResolver.cpp, line 772]
Event: 0.164 Thread 0x00007f1af4016000 Exception <a 'java/lang/NoSuchMethodError'{0x0000000451b4ff18}: 'java.lang.Object java.lang.invoke.Invokers$Holder.linkToTargetMethod(java.lang.Object, java.lang.Object, int, java.lang.Object)'> (0x0000000451b4ff18) thrown at [src/hotspot/share/interpreter/linkResolver.cpp, line 772]

Events (20 events):
Event: 0.272 Executing VM operation: RevokeBias
Event: 0.272 Executing VM operation: RevokeBias done
Event: 0.273 Executing VM operation: RevokeBias
Event: 0.273 Executing VM operation: RevokeBias done
Event: 0.273 Executing VM operation: RevokeBias
Event: 0.273 Executing VM operation: RevokeBias done
Event: 0.273 loading class jdk/internal/module/ModulePatcher$PatchedModuleReader
Event: 0.273 loading class jdk/internal/module/ModulePatcher$PatchedModuleReader done
Event: 0.273 Executing VM operation: RevokeBias
Event: 0.273 Executing VM operation: RevokeBias done
Event: 0.273 Executing VM operation: RevokeBias
Event: 0.273 Executing VM operation: RevokeBias done
Event: 0.273 Executing VM operation: RevokeBias
Event: 0.273 Executing VM operation: RevokeBias done
Event: 0.273 Executing VM operation: RevokeBias
Event: 0.273 Executing VM operation: RevokeBias done
Event: 0.273 Executing VM operation: RevokeBias
Event: 0.273 Executing VM operation: RevokeBias done
Event: 0.273 loading class org/rocksdb/InfoLogLevel
Event: 0.273 loading class org/rocksdb/InfoLogLevel done


Dynamic libraries:
413000000-452000000 rw-p 00000000 00:00 0 
452000000-7bf800000 ---p 00000000 00:00 0 
7bf800000-7bf847000 rw-p 01111000 fd:00 10618147                         /usr/lib/jvm/java-11-openjdk-amd64/lib/server/classes.jsa
7bf847000-7bfc00000 rw-p 00000000 00:00 0 
7bfc00000-7bfc6b000 rw-p 010a6000 fd:00 10618147                         /usr/lib/jvm/java-11-openjdk-amd64/lib/server/classes.jsa
7bfc6b000-7c0000000 rw-p 00000000 00:00 0 
7c0000000-800000000 ---p 00000000 00:00 0 
800000000-800002000 rwxp 00001000 fd:00 10618147                         /usr/lib/jvm/java-11-openjdk-amd64/lib/server/classes.jsa
800002000-8003b9000 rw-p 00003000 fd:00 10618147                         /usr/lib/jvm/java-11-openjdk-amd64/lib/server/classes.jsa
8003b9000-800a96000 r--p 003ba000 fd:00 10618147                         /usr/lib/jvm/java-11-openjdk-amd64/lib/server/classes.jsa
800a96000-800a97000 rw-p 00a97000 fd:00 10618147                         /usr/lib/jvm/java-11-openjdk-amd64/lib/server/classes.jsa
800a97000-8010a5000 r--p 00a98000 fd:00 10618147                         /usr/lib/jvm/java-11-openjdk-amd64/lib/server/classes.jsa
840000000-8400a0000 rw-p 00000000 00:00 0 
8400a0000-880000000 ---p 00000000 00:00 0 
56051919d000-56051919e000 r--p 00000000 fd:00 10620091                   /usr/lib/jvm/java-11-openjdk-amd64/bin/java
56051919e000-56051919f000 r-xp 00001000 fd:00 10620091                   /usr/lib/jvm/java-11-openjdk-amd64/bin/java
56051919f000-5605191a0000 r--p 00002000 fd:00 10620091                   /usr/lib/jvm/java-11-openjdk-amd64/bin/java
5605191a0000-5605191a1000 r--p 00002000 fd:00 10620091                   /usr/lib/jvm/java-11-openjdk-amd64/bin/java
5605191a1000-5605191a2000 rw-p 00003000 fd:00 10620091                   /usr/lib/jvm/java-11-openjdk-amd64/bin/java
56051a0eb000-56051a10c000 rw-p 00000000 00:00 0                          [heap]
7f19e4000000-7f19e4021000 rw-p 00000000 00:00 0 
7f19e4021000-7f19e8000000 ---p 00000000 00:00 0 
7f19ec000000-7f19ec021000 rw-p 00000000 00:00 0 
7f19ec021000-7f19f0000000 ---p 00000000 00:00 0 
7f19f07f9000-7f19f07fa000 ---p 00000000 00:00 0 
7f19f07fa000-7f19f0ffa000 rw-p 00000000 00:00 0 
7f19f0ffa000-7f19f0ffb000 ---p 00000000 00:00 0 
7f19f0ffb000-7f19f17fb000 rw-p 00000000 00:00 0 
7f19f17fb000-7f19f17fc000 ---p 00000000 00:00 0 
7f19f17fc000-7f19f1ffc000 rw-p 00000000 00:00 0 
7f19f1ffc000-7f19f1ffd000 ---p 00000000 00:00 0 
7f19f1ffd000-7f19f27fd000 rw-p 00000000 00:00 0 
7f19f4000000-7f19f4021000 rw-p 00000000 00:00 0 
7f19f4021000-7f19f8000000 ---p 00000000 00:00 0 
7f19f8000000-7f19f8021000 rw-p 00000000 00:00 0 
7f19f8021000-7f19fc000000 ---p 00000000 00:00 0 
7f1a00000000-7f1a00021000 rw-p 00000000 00:00 0 
7f1a00021000-7f1a04000000 ---p 00000000 00:00 0 
7f1a04000000-7f1a04021000 rw-p 00000000 00:00 0 
7f1a04021000-7f1a08000000 ---p 00000000 00:00 0 
7f1a08000000-7f1a08021000 rw-p 00000000 00:00 0 
7f1a08021000-7f1a0c000000 ---p 00000000 00:00 0 
7f1a0c000000-7f1a0c021000 rw-p 00000000 00:00 0 
7f1a0c021000-7f1a10000000 ---p 00000000 00:00 0 
7f1a10000000-7f1a10021000 rw-p 00000000 00:00 0 
7f1a10021000-7f1a14000000 ---p 00000000 00:00 0 
7f1a14ffa000-7f1a14ffb000 ---p 00000000 00:00 0 
7f1a14ffb000-7f1a157fb000 rw-p 00000000 00:00 0 
7f1a157fb000-7f1a157fc000 ---p 00000000 00:00 0 
7f1a157fc000-7f1a15ffc000 rw-p 00000000 00:00 0 
7f1a15ffc000-7f1a15ffd000 ---p 00000000 00:00 0 
7f1a15ffd000-7f1a167fd000 rw-p 00000000 00:00 0 
7f1a167fd000-7f1a167fe000 ---p 00000000 00:00 0 
7f1a167fe000-7f1a16ffe000 rw-p 00000000 00:00 0 
7f1a16ffe000-7f1a16fff000 ---p 00000000 00:00 0 
7f1a16fff000-7f1a177ff000 rw-p 00000000 00:00 0 
7f1a177ff000-7f1a17800000 ---p 00000000 00:00 0 
7f1a17800000-7f1a18000000 rw-p 00000000 00:00 0 
7f1a18000000-7f1a18021000 rw-p 00000000 00:00 0 
7f1a18021000-7f1a1c000000 ---p 00000000 00:00 0 
7f1a1c000000-7f1a1c021000 rw-p 00000000 00:00 0 
7f1a1c021000-7f1a20000000 ---p 00000000 00:00 0 
7f1a20000000-7f1a20021000 rw-p 00000000 00:00 0 
7f1a20021000-7f1a24000000 ---p 00000000 00:00 0 
7f1a24000000-7f1a24021000 rw-p 00000000 00:00 0 
7f1a24021000-7f1a28000000 ---p 00000000 00:00 0 
7f1a28000000-7f1a28021000 rw-p 00000000 00:00 0 
7f1a28021000-7f1a2c000000 ---p 00000000 00:00 0 
7f1a2c000000-7f1a2c021000 rw-p 00000000 00:00 0 
7f1a2c021000-7f1a30000000 ---p 00000000 00:00 0 
7f1a30000000-7f1a30021000 rw-p 00000000 00:00 0 
7f1a30021000-7f1a34000000 ---p 00000000 00:00 0 
7f1a34000000-7f1a34021000 rw-p 00000000 00:00 0 
7f1a34021000-7f1a38000000 ---p 00000000 00:00 0 
7f1a38000000-7f1a38021000 rw-p 00000000 00:00 0 
7f1a38021000-7f1a3c000000 ---p 00000000 00:00 0 
7f1a3c000000-7f1a3c021000 rw-p 00000000 00:00 0 
7f1a3c021000-7f1a40000000 ---p 00000000 00:00 0 
7f1a40000000-7f1a40021000 rw-p 00000000 00:00 0 
7f1a40021000-7f1a44000000 ---p 00000000 00:00 0 
7f1a44000000-7f1a44021000 rw-p 00000000 00:00 0 
7f1a44021000-7f1a48000000 ---p 00000000 00:00 0 
7f1a48000000-7f1a48021000 rw-p 00000000 00:00 0 
7f1a48021000-7f1a4c000000 ---p 00000000 00:00 0 
7f1a4c7f9000-7f1a4c7fa000 ---p 00000000 00:00 0 
7f1a4c7fa000-7f1a4cffa000 rw-p 00000000 00:00 0 
7f1a4cffa000-7f1a4cffb000 ---p 00000000 00:00 0 
7f1a4cffb000-7f1a4d7fb000 rw-p 00000000 00:00 0 
7f1a4d7fb000-7f1a4d7fc000 ---p 00000000 00:00 0 
7f1a4d7fc000-7f1a4dffc000 rw-p 00000000 00:00 0 
7f1a4dffc000-7f1a4dffd000 ---p 00000000 00:00 0 
7f1a4dffd000-7f1a4e7fd000 rw-p 00000000 00:00 0 
7f1a4e7fd000-7f1a4e7fe000 ---p 00000000 00:00 0 
7f1a4e7fe000-7f1a4effe000 rw-p 00000000 00:00 0 
7f1a4effe000-7f1a4efff000 ---p 00000000 00:00 0 
7f1a4efff000-7f1a4f7ff000 rw-p 00000000 00:00 0 
7f1a4f7ff000-7f1a4f800000 ---p 00000000 00:00 0 
7f1a4f800000-7f1a50000000 rw-p 00000000 00:00 0 
7f1a50000000-7f1a50021000 rw-p 00000000 00:00 0 
7f1a50021000-7f1a54000000 ---p 00000000 00:00 0 
7f1a547f9000-7f1a547fa000 ---p 00000000 00:00 0 
7f1a547fa000-7f1a54ffa000 rw-p 00000000 00:00 0 
7f1a54ffa000-7f1a54ffb000 ---p 00000000 00:00 0 
7f1a54ffb000-7f1a557fb000 rw-p 00000000 00:00 0 
7f1a557fb000-7f1a557fc000 ---p 00000000 00:00 0 
7f1a557fc000-7f1a55ffc000 rw-p 00000000 00:00 0 
7f1a55ffc000-7f1a55ffd000 ---p 00000000 00:00 0 
7f1a55ffd000-7f1a567fd000 rw-p 00000000 00:00 0 
7f1a567fd000-7f1a567fe000 ---p 00000000 00:00 0 
7f1a567fe000-7f1a56ffe000 rw-p 00000000 00:00 0 
7f1a56ffe000-7f1a56fff000 ---p 00000000 00:00 0 
7f1a56fff000-7f1a577ff000 rw-p 00000000 00:00 0 
7f1a577ff000-7f1a57800000 ---p 00000000 00:00 0 
7f1a57800000-7f1a58000000 rw-p 00000000 00:00 0 
7f1a58000000-7f1a58021000 rw-p 00000000 00:00 0 
7f1a58021000-7f1a5c000000 ---p 00000000 00:00 0 
7f1a5c000000-7f1a5c021000 rw-p 00000000 00:00 0 
7f1a5c021000-7f1a60000000 ---p 00000000 00:00 0 
7f1a60000000-7f1a60046000 rw-p 00000000 00:00 0 
7f1a60046000-7f1a64000000 ---p 00000000 00:00 0 
7f1a64000000-7f1a64021000 rw-p 00000000 00:00 0 
7f1a64021000-7f1a68000000 ---p 00000000 00:00 0 
7f1a68000000-7f1a68021000 rw-p 00000000 00:00 0 
7f1a68021000-7f1a6c000000 ---p 00000000 00:00 0 
7f1a6c000000-7f1a6c021000 rw-p 00000000 00:00 0 
7f1a6c021000-7f1a70000000 ---p 00000000 00:00 0 
7f1a70000000-7f1a70021000 rw-p 00000000 00:00 0 
7f1a70021000-7f1a74000000 ---p 00000000 00:00 0 
7f1a74000000-7f1a74021000 rw-p 00000000 00:00 0 
7f1a74021000-7f1a78000000 ---p 00000000 00:00 0 
7f1a78000000-7f1a78021000 rw-p 00000000 00:00 0 
7f1a78021000-7f1a7c000000 ---p 00000000 00:00 0 
7f1a7c000000-7f1a7c131000 rw-p 00000000 00:00 0 
7f1a7c131000-7f1a80000000 ---p 00000000 00:00 0 
7f1a80000000-7f1a80114000 rw-p 00000000 00:00 0 
7f1a80114000-7f1a84000000 ---p 00000000 00:00 0 
7f1a84000000-7f1a84141000 rw-p 00000000 00:00 0 
7f1a84141000-7f1a88000000 ---p 00000000 00:00 0 
7f1a88000000-7f1a88021000 rw-p 00000000 00:00 0 
7f1a88021000-7f1a8c000000 ---p 00000000 00:00 0 
7f1a8c000000-7f1a8c021000 rw-p 00000000 00:00 0 
7f1a8c021000-7f1a90000000 ---p 00000000 00:00 0 
7f1a90000000-7f1a90021000 rw-p 00000000 00:00 0 
7f1a90021000-7f1a94000000 ---p 00000000 00:00 0 
7f1a94000000-7f1a94021000 rw-p 00000000 00:00 0 
7f1a94021000-7f1a98000000 ---p 00000000 00:00 0 
7f1a98000000-7f1a98021000 rw-p 00000000 00:00 0 
7f1a98021000-7f1a9c000000 ---p 00000000 00:00 0 
7f1a9c000000-7f1a9c021000 rw-p 00000000 00:00 0 
7f1a9c021000-7f1aa0000000 ---p 00000000 00:00 0 
7f1aa0000000-7f1aa0021000 rw-p 00000000 00:00 0 
7f1aa0021000-7f1aa4000000 ---p 00000000 00:00 0 
7f1aa4000000-7f1aa4021000 rw-p 00000000 00:00 0 
7f1aa4021000-7f1aa8000000 ---p 00000000 00:00 0 
7f1aa804d000-7f1aa8051000 ---p 00000000 00:00 0 
7f1aa8051000-7f1aa814e000 rw-p 00000000 00:00 0 
7f1aa814e000-7f1aa8152000 ---p 00000000 00:00 0 
7f1aa8152000-7f1aa824f000 rw-p 00000000 00:00 0 
7f1aa824f000-7f1aa8253000 ---p 00000000 00:00 0 
7f1aa8253000-7f1aa8350000 rw-p 00000000 00:00 0 
7f1aa8350000-7f1aa8351000 ---p 00000000 00:00 0 
7f1aa8351000-7f1aa8b51000 rw-p 00000000 00:00 0 
7f1aa8b51000-7f1aa8b52000 ---p 00000000 00:00 0 
7f1aa8b52000-7f1aa94ee000 rw-p 00000000 00:00 0 
7f1aa94ee000-7f1aa94f2000 ---p 00000000 00:00 0 
7f1aa94f2000-7f1aa95ef000 rw-p 00000000 00:00 0 
7f1aa95ef000-7f1aa95f3000 ---p 00000000 00:00 0 
7f1aa95f3000-7f1aa96f0000 rw-p 00000000 00:00 0 
7f1aa96f0000-7f1aa98c3000 r--p 00000000 fd:00 3145748                    /tmp/librocksdbjni6249479634698071196.so
7f1aa98c3000-7f1aa9f19000 r-xp 001d3000 fd:00 3145748                    /tmp/librocksdbjni6249479634698071196.so
7f1aa9f19000-7f1aaa026000 r--p 00829000 fd:00 3145748                    /tmp/librocksdbjni6249479634698071196.so
7f1aaa026000-7f1aaa03e000 r--p 00935000 fd:00 3145748                    /tmp/librocksdbjni6249479634698071196.so
7f1aaa03e000-7f1aaa04a000 rw-p 0094d000 fd:00 3145748                    /tmp/librocksdbjni6249479634698071196.so
7f1aaa04a000-7f1aaa096000 rw-p 00000000 00:00 0 
7f1aaa096000-7f1aaa09a000 ---p 00000000 00:00 0 
7f1aaa09a000-7f1aaa0b8000 rw-p 00000000 00:00 0 
7f1aaa0b8000-7f1aaa0bc000 r--p 00000000 fd:00 7086119                    /usr/lib/x86_64-linux-gnu/libzstd.so.1.4.4
7f1aaa0bc000-7f1aaa14e000 r-xp 00004000 fd:00 7086119                    /usr/lib/x86_64-linux-gnu/libzstd.so.1.4.4
7f1aaa14e000-7f1aaa15f000 r--p 00096000 fd:00 7086119                    /usr/lib/x86_64-linux-gnu/libzstd.so.1.4.4
7f1aaa15f000-7f1aaa160000 r--p 000a6000 fd:00 7086119                    /usr/lib/x86_64-linux-gnu/libzstd.so.1.4.4
7f1aaa160000-7f1aaa161000 rw-p 000a7000 fd:00 7086119                    /usr/lib/x86_64-linux-gnu/libzstd.so.1.4.4
7f1aaa161000-7f1aaa163000 r--p 00000000 fd:00 7084550                    /usr/lib/x86_64-linux-gnu/liblz4.so.1.9.2
7f1aaa163000-7f1aaa17d000 r-xp 00002000 fd:00 7084550                    /usr/lib/x86_64-linux-gnu/liblz4.so.1.9.2
7f1aaa17d000-7f1aaa180000 r--p 0001c000 fd:00 7084550                    /usr/lib/x86_64-linux-gnu/liblz4.so.1.9.2
7f1aaa180000-7f1aaa181000 r--p 0001e000 fd:00 7084550                    /usr/lib/x86_64-linux-gnu/liblz4.so.1.9.2
7f1aaa181000-7f1aaa182000 rw-p 0001f000 fd:00 7084550                    /usr/lib/x86_64-linux-gnu/liblz4.so.1.9.2
7f1aaa182000-7f1aaa186000 ---p 00000000 00:00 0 
7f1aaa186000-7f1aaa283000 rw-p 00000000 00:00 0 
7f1aaa283000-7f1aaa287000 ---p 00000000 00:00 0 
7f1aaa287000-7f1aaa384000 rw-p 00000000 00:00 0 
7f1aaa384000-7f1aaa385000 ---p 00000000 00:00 0 
7f1aaa385000-7f1aaa486000 rw-p 00000000 00:00 0 
7f1aaa486000-7f1aaa48a000 ---p 00000000 00:00 0 
7f1aaa48a000-7f1aaa587000 rw-p 00000000 00:00 0 
7f1aaa587000-7f1aaa58b000 ---p 00000000 00:00 0 
7f1aaa58b000-7f1aaa688000 rw-p 00000000 00:00 0 
7f1aaa688000-7f1aaa68c000 ---p 00000000 00:00 0 
7f1aaa68c000-7f1aaa789000 rw-p 00000000 00:00 0 
7f1aaa789000-7f1aaa78d000 ---p 00000000 00:00 0 
7f1aaa78d000-7f1aaa88a000 rw-p 00000000 00:00 0 
7f1aaa88a000-7f1aaa88e000 ---p 00000000 00:00 0 
7f1aaa88e000-7f1aaa98b000 rw-p 00000000 00:00 0 
7f1aaa98b000-7f1aaa98f000 ---p 00000000 00:00 0 
7f1aaa98f000-7f1aaaa8c000 rw-p 00000000 00:00 0 
7f1aaaa8c000-7f1aaad72000 r--p 00000000 fd:00 7081580                    /usr/lib/locale/locale-archive
7f1aaad72000-7f1aaad76000 ---p 00000000 00:00 0 
7f1aaad76000-7f1aaae73000 rw-p 00000000 00:00 0 
7f1aaae73000-7f1aaae77000 ---p 00000000 00:00 0 
7f1aaae77000-7f1aaaf74000 rw-p 00000000 00:00 0 
7f1aaaf74000-7f1aaaf75000 ---p 00000000 00:00 0 
7f1aaaf75000-7f1aab5f7000 rw-p 00000000 00:00 0 
7f1aab5f7000-7f1aab8f7000 ---p 00000000 00:00 0 
7f1aab8f7000-7f1aab8f8000 ---p 00000000 00:00 0 
7f1aab8f8000-7f1aab9f9000 rw-p 00000000 00:00 0 
7f1aab9f9000-7f1aab9fa000 ---p 00000000 00:00 0 
7f1aab9fa000-7f1aac000000 rw-p 00000000 00:00 0 
7f1aac000000-7f1aac021000 rw-p 00000000 00:00 0 
7f1aac021000-7f1ab0000000 ---p 00000000 00:00 0 
7f1ab000c000-7f1ab3b08000 rw-p 00000000 00:00 0 
7f1ab3b08000-7f1ac1668000 ---p 00000000 00:00 0 
7f1ac1668000-7f1ac1688000 rw-p 00000000 00:00 0 
7f1ac1688000-7f1ac2688000 ---p 00000000 00:00 0 
7f1ac2688000-7f1ac3648000 rw-p 00000000 00:00 0 
7f1ac3648000-7f1ad11a8000 ---p 00000000 00:00 0 
7f1ad11a8000-7f1ad11c8000 rw-p 00000000 00:00 0 
7f1ad11c8000-7f1ad21c8000 ---p 00000000 00:00 0 
7f1ad21c8000-7f1ad23c0000 rw-p 00000000 00:00 0 
7f1ad23c0000-7f1ad3f2c000 ---p 00000000 00:00 0 
7f1ad3f2c000-7f1ad3f30000 rw-p 00000000 00:00 0 
7f1ad3f30000-7f1ad4130000 ---p 00000000 00:00 0 
7f1ad4130000-7f1ad4328000 rw-p 00000000 00:00 0 
7f1ad4328000-7f1ad5e94000 ---p 00000000 00:00 0 
7f1ad5e94000-7f1ad5e98000 rw-p 00000000 00:00 0 
7f1ad5e98000-7f1ad6098000 ---p 00000000 00:00 0 
7f1ad6098000-7f1ad6290000 rw-p 00000000 00:00 0 
7f1ad6290000-7f1ad7dfc000 ---p 00000000 00:00 0 
7f1ad7dfc000-7f1ad7e00000 rw-p 00000000 00:00 0 
7f1ad7e00000-7f1ad8000000 ---p 00000000 00:00 0 
7f1ad8000000-7f1ad8021000 rw-p 00000000 00:00 0 
7f1ad8021000-7f1adc000000 ---p 00000000 00:00 0 
7f1adc009000-7f1adc00c000 r--p 00000000 fd:00 7083394                    /usr/lib/x86_64-linux-gnu/libsnappy.so.1.1.8
7f1adc00c000-7f1adc010000 r-xp 00003000 fd:00 7083394                    /usr/lib/x86_64-linux-gnu/libsnappy.so.1.1.8
7f1adc010000-7f1adc012000 r--p 00007000 fd:00 7083394                    /usr/lib/x86_64-linux-gnu/libsnappy.so.1.1.8
7f1adc012000-7f1adc013000 r--p 00008000 fd:00 7083394                    /usr/lib/x86_64-linux-gnu/libsnappy.so.1.1.8
7f1adc013000-7f1adc014000 rw-p 00009000 fd:00 7083394                    /usr/lib/x86_64-linux-gnu/libsnappy.so.1.1.8
7f1adc014000-7f1adc776000 rw-p 00000000 00:00 0 
7f1adc776000-7f1adc777000 ---p 00000000 00:00 0 
7f1adc777000-7f1adc878000 rw-p 00000000 00:00 0 
7f1adc878000-7f1adcbc8000 rwxp 00000000 00:00 0 
7f1adcbc8000-7f1add046000 ---p 00000000 00:00 0 
7f1add046000-7f1add2b6000 rwxp 00000000 00:00 0 
7f1add2b6000-7f1ae445f000 ---p 00000000 00:00 0 
7f1ae445f000-7f1ae46cf000 rwxp 00000000 00:00 0 
7f1ae46cf000-7f1aeb878000 ---p 00000000 00:00 0 
7f1aeb878000-7f1af4000000 r--s 00000000 fd:00 10620259                   /usr/lib/jvm/java-11-openjdk-amd64/lib/modules
7f1af4000000-7f1af446e000 rw-p 00000000 00:00 0 
7f1af446e000-7f1af8000000 ---p 00000000 00:00 0 
7f1af8001000-7f1af8005000 r--p 00000000 fd:00 10620244                   /usr/lib/jvm/java-11-openjdk-amd64/lib/libnet.so
7f1af8005000-7f1af8014000 r-xp 00004000 fd:00 10620244                   /usr/lib/jvm/java-11-openjdk-amd64/lib/libnet.so
7f1af8014000-7f1af8018000 r--p 00013000 fd:00 10620244                   /usr/lib/jvm/java-11-openjdk-amd64/lib/libnet.so
7f1af8018000-7f1af8019000 r--p 00016000 fd:00 10620244                   /usr/lib/jvm/java-11-openjdk-amd64/lib/libnet.so
7f1af8019000-7f1af801a000 rw-p 00017000 fd:00 10620244                   /usr/lib/jvm/java-11-openjdk-amd64/lib/libnet.so
7f1af801a000-7f1af8021000 r--p 00000000 fd:00 10620245                   /usr/lib/jvm/java-11-openjdk-amd64/lib/libnio.so
7f1af8021000-7f1af8029000 r-xp 00007000 fd:00 10620245                   /usr/lib/jvm/java-11-openjdk-amd64/lib/libnio.so
7f1af8029000-7f1af802c000 r--p 0000f000 fd:00 10620245                   /usr/lib/jvm/java-11-openjdk-amd64/lib/libnio.so
7f1af802c000-7f1af802d000 r--p 00011000 fd:00 10620245                   /usr/lib/jvm/java-11-openjdk-amd64/lib/libnio.so
7f1af802d000-7f1af802e000 rw-p 00012000 fd:00 10620245                   /usr/lib/jvm/java-11-openjdk-amd64/lib/libnio.so
7f1af802e000-7f1af8098000 rw-p 00000000 00:00 0 
7f1af8098000-7f1af8099000 ---p 00000000 00:00 0 
7f1af8099000-7f1af9bac000 rw-p 00000000 00:00 0 
7f1af9bac000-7f1af9bad000 ---p 00000000 00:00 0 
7f1af9bad000-7f1af9cb3000 rw-p 00000000 00:00 0 
7f1af9cb3000-7f1af9d97000 ---p 00000000 00:00 0 
7f1af9d97000-7f1af9d9c000 rw-p 00000000 00:00 0 
7f1af9d9c000-7f1af9e80000 ---p 00000000 00:00 0 
7f1af9e80000-7f1af9e87000 rw-p 00000000 00:00 0 
7f1af9e87000-7f1af9e90000 ---p 00000000 00:00 0 
7f1af9e90000-7f1af9e92000 r--p 00000000 fd:00 10620258                   /usr/lib/jvm/java-11-openjdk-amd64/lib/libzip.so
7f1af9e92000-7f1af9e96000 r-xp 00002000 fd:00 10620258                   /usr/lib/jvm/java-11-openjdk-amd64/lib/libzip.so
7f1af9e96000-7f1af9e98000 r--p 00006000 fd:00 10620258                   /usr/lib/jvm/java-11-openjdk-amd64/lib/libzip.so
7f1af9e98000-7f1af9e99000 r--p 00007000 fd:00 10620258                   /usr/lib/jvm/java-11-openjdk-amd64/lib/libzip.so
7f1af9e99000-7f1af9e9a000 rw-p 00008000 fd:00 10620258                   /usr/lib/jvm/java-11-openjdk-amd64/lib/libzip.so
7f1af9e9a000-7f1af9e9d000 r--p 00000000 fd:00 7087226                    /usr/lib/x86_64-linux-gnu/libnss_files-2.31.so
7f1af9e9d000-7f1af9ea4000 r-xp 00003000 fd:00 7087226                    /usr/lib/x86_64-linux-gnu/libnss_files-2.31.so
7f1af9ea4000-7f1af9ea6000 r--p 0000a000 fd:00 7087226                    /usr/lib/x86_64-linux-gnu/libnss_files-2.31.so
7f1af9ea6000-7f1af9ea7000 r--p 0000b000 fd:00 7087226                    /usr/lib/x86_64-linux-gnu/libnss_files-2.31.so
7f1af9ea7000-7f1af9ea8000 rw-p 0000c000 fd:00 7087226                    /usr/lib/x86_64-linux-gnu/libnss_files-2.31.so
7f1af9ea8000-7f1af9eae000 rw-p 00000000 00:00 0 
7f1af9eb4000-7f1af9ebc000 rw-s 00000000 fd:00 3145735                    /tmp/hsperfdata_root/769831
7f1af9ebc000-7f1af9eca000 r--p 00000000 fd:00 10620229                   /usr/lib/jvm/java-11-openjdk-amd64/lib/libjava.so
7f1af9eca000-7f1af9ee0000 r-xp 0000e000 fd:00 10620229                   /usr/lib/jvm/java-11-openjdk-amd64/lib/libjava.so
7f1af9ee0000-7f1af9ee7000 r--p 00024000 fd:00 10620229                   /usr/lib/jvm/java-11-openjdk-amd64/lib/libjava.so
7f1af9ee7000-7f1af9ee8000 r--p 0002a000 fd:00 10620229                   /usr/lib/jvm/java-11-openjdk-amd64/lib/libjava.so
7f1af9ee8000-7f1af9ee9000 rw-p 0002b000 fd:00 10620229                   /usr/lib/jvm/java-11-openjdk-amd64/lib/libjava.so
7f1af9ee9000-7f1af9eea000 rw-p 00000000 00:00 0 
7f1af9eea000-7f1af9eef000 r--p 00000000 fd:00 10620257                   /usr/lib/jvm/java-11-openjdk-amd64/lib/libverify.so
7f1af9eef000-7f1af9ef6000 r-xp 00005000 fd:00 10620257                   /usr/lib/jvm/java-11-openjdk-amd64/lib/libverify.so
7f1af9ef6000-7f1af9ef8000 r--p 0000c000 fd:00 10620257                   /usr/lib/jvm/java-11-openjdk-amd64/lib/libverify.so
7f1af9ef8000-7f1af9ef9000 ---p 0000e000 fd:00 10620257                   /usr/lib/jvm/java-11-openjdk-amd64/lib/libverify.so
7f1af9ef9000-7f1af9efb000 r--p 0000e000 fd:00 10620257                   /usr/lib/jvm/java-11-openjdk-amd64/lib/libverify.so
7f1af9efb000-7f1af9efc000 rw-p 00010000 fd:00 10620257                   /usr/lib/jvm/java-11-openjdk-amd64/lib/libverify.so
7f1af9efc000-7f1af9eff000 r--p 00000000 fd:00 7087233                    /usr/lib/x86_64-linux-gnu/librt-2.31.so
7f1af9eff000-7f1af9f03000 r-xp 00003000 fd:00 7087233                    /usr/lib/x86_64-linux-gnu/librt-2.31.so
7f1af9f03000-7f1af9f04000 r--p 00007000 fd:00 7087233                    /usr/lib/x86_64-linux-gnu/librt-2.31.so
7f1af9f04000-7f1af9f05000 ---p 00008000 fd:00 7087233                    /usr/lib/x86_64-linux-gnu/librt-2.31.so
7f1af9f05000-7f1af9f06000 r--p 00008000 fd:00 7087233                    /usr/lib/x86_64-linux-gnu/librt-2.31.so
7f1af9f06000-7f1af9f07000 rw-p 00009000 fd:00 7087233                    /usr/lib/x86_64-linux-gnu/librt-2.31.so
7f1af9f07000-7f1af9f0b000 ---p 00000000 00:00 0 
7f1af9f0b000-7f1afa008000 rw-p 00000000 00:00 0 
7f1afa008000-7f1afa00b000 r--p 00000000 fd:00 7080845                    /usr/lib/x86_64-linux-gnu/libgcc_s.so.1
7f1afa00b000-7f1afa01d000 r-xp 00003000 fd:00 7080845                    /usr/lib/x86_64-linux-gnu/libgcc_s.so.1
7f1afa01d000-7f1afa021000 r--p 00015000 fd:00 7080845                    /usr/lib/x86_64-linux-gnu/libgcc_s.so.1
7f1afa021000-7f1afa022000 r--p 00018000 fd:00 7080845                    /usr/lib/x86_64-linux-gnu/libgcc_s.so.1
7f1afa022000-7f1afa023000 rw-p 00019000 fd:00 7080845                    /usr/lib/x86_64-linux-gnu/libgcc_s.so.1
7f1afa023000-7f1afa032000 r--p 00000000 fd:00 7087220                    /usr/lib/x86_64-linux-gnu/libm-2.31.so
7f1afa032000-7f1afa0d9000 r-xp 0000f000 fd:00 7087220                    /usr/lib/x86_64-linux-gnu/libm-2.31.so
7f1afa0d9000-7f1afa170000 r--p 000b6000 fd:00 7087220                    /usr/lib/x86_64-linux-gnu/libm-2.31.so
7f1afa170000-7f1afa171000 r--p 0014c000 fd:00 7087220                    /usr/lib/x86_64-linux-gnu/libm-2.31.so
7f1afa171000-7f1afa172000 rw-p 0014d000 fd:00 7087220                    /usr/lib/x86_64-linux-gnu/libm-2.31.so
7f1afa172000-7f1afa208000 r--p 00000000 fd:00 7080831                    /usr/lib/x86_64-linux-gnu/libstdc++.so.6.0.28
7f1afa208000-7f1afa2f9000 r-xp 00096000 fd:00 7080831                    /usr/lib/x86_64-linux-gnu/libstdc++.so.6.0.28
7f1afa2f9000-7f1afa342000 r--p 00187000 fd:00 7080831                    /usr/lib/x86_64-linux-gnu/libstdc++.so.6.0.28
7f1afa342000-7f1afa343000 ---p 001d0000 fd:00 7080831                    /usr/lib/x86_64-linux-gnu/libstdc++.so.6.0.28
7f1afa343000-7f1afa34e000 r--p 001d0000 fd:00 7080831                    /usr/lib/x86_64-linux-gnu/libstdc++.so.6.0.28
7f1afa34e000-7f1afa351000 rw-p 001db000 fd:00 7080831                    /usr/lib/x86_64-linux-gnu/libstdc++.so.6.0.28
7f1afa351000-7f1afa354000 rw-p 00000000 00:00 0 
7f1afa354000-7f1afa5ce000 r--p 00000000 fd:00 10620262                   /usr/lib/jvm/java-11-openjdk-amd64/lib/server/libjvm.so
7f1afa5ce000-7f1afb253000 r-xp 0027a000 fd:00 10620262                   /usr/lib/jvm/java-11-openjdk-amd64/lib/server/libjvm.so
7f1afb253000-7f1afb4aa000 r--p 00eff000 fd:00 10620262                   /usr/lib/jvm/java-11-openjdk-amd64/lib/server/libjvm.so
7f1afb4aa000-7f1afb56b000 r--p 01155000 fd:00 10620262                   /usr/lib/jvm/java-11-openjdk-amd64/lib/server/libjvm.so
7f1afb56b000-7f1afb5a6000 rw-p 01216000 fd:00 10620262                   /usr/lib/jvm/java-11-openjdk-amd64/lib/server/libjvm.so
7f1afb5a6000-7f1afb5ff000 rw-p 00000000 00:00 0 
7f1afb5ff000-7f1afb606000 r--p 00000000 fd:00 7087231                    /usr/lib/x86_64-linux-gnu/libpthread-2.31.so
7f1afb606000-7f1afb617000 r-xp 00007000 fd:00 7087231                    /usr/lib/x86_64-linux-gnu/libpthread-2.31.so
7f1afb617000-7f1afb61c000 r--p 00018000 fd:00 7087231                    /usr/lib/x86_64-linux-gnu/libpthread-2.31.so
7f1afb61c000-7f1afb61d000 r--p 0001c000 fd:00 7087231                    /usr/lib/x86_64-linux-gnu/libpthread-2.31.so
7f1afb61d000-7f1afb61e000 rw-p 0001d000 fd:00 7087231                    /usr/lib/x86_64-linux-gnu/libpthread-2.31.so
7f1afb61e000-7f1afb622000 rw-p 00000000 00:00 0 
7f1afb622000-7f1afb623000 r--p 00000000 fd:00 7087219                    /usr/lib/x86_64-linux-gnu/libdl-2.31.so
7f1afb623000-7f1afb625000 r-xp 00001000 fd:00 7087219                    /usr/lib/x86_64-linux-gnu/libdl-2.31.so
7f1afb625000-7f1afb626000 r--p 00003000 fd:00 7087219                    /usr/lib/x86_64-linux-gnu/libdl-2.31.so
7f1afb626000-7f1afb627000 r--p 00003000 fd:00 7087219                    /usr/lib/x86_64-linux-gnu/libdl-2.31.so
7f1afb627000-7f1afb628000 rw-p 00004000 fd:00 7087219                    /usr/lib/x86_64-linux-gnu/libdl-2.31.so
7f1afb628000-7f1afb62a000 r--p 00000000 fd:00 7083404                    /usr/lib/x86_64-linux-gnu/libz.so.1.2.11
7f1afb62a000-7f1afb63b000 r-xp 00002000 fd:00 7083404                    /usr/lib/x86_64-linux-gnu/libz.so.1.2.11
7f1afb63b000-7f1afb641000 r--p 00013000 fd:00 7083404                    /usr/lib/x86_64-linux-gnu/libz.so.1.2.11
7f1afb641000-7f1afb642000 ---p 00019000 fd:00 7083404                    /usr/lib/x86_64-linux-gnu/libz.so.1.2.11
7f1afb642000-7f1afb643000 r--p 00019000 fd:00 7083404                    /usr/lib/x86_64-linux-gnu/libz.so.1.2.11
7f1afb643000-7f1afb644000 rw-p 0001a000 fd:00 7083404                    /usr/lib/x86_64-linux-gnu/libz.so.1.2.11
7f1afb644000-7f1afb669000 r--p 00000000 fd:00 7087207                    /usr/lib/x86_64-linux-gnu/libc-2.31.so
7f1afb669000-7f1afb7e1000 r-xp 00025000 fd:00 7087207                    /usr/lib/x86_64-linux-gnu/libc-2.31.so
7f1afb7e1000-7f1afb82b000 r--p 0019d000 fd:00 7087207                    /usr/lib/x86_64-linux-gnu/libc-2.31.so
7f1afb82b000-7f1afb82c000 ---p 001e7000 fd:00 7087207                    /usr/lib/x86_64-linux-gnu/libc-2.31.so
7f1afb82c000-7f1afb82f000 r--p 001e7000 fd:00 7087207                    /usr/lib/x86_64-linux-gnu/libc-2.31.so
7f1afb82f000-7f1afb832000 rw-p 001ea000 fd:00 7087207                    /usr/lib/x86_64-linux-gnu/libc-2.31.so
7f1afb832000-7f1afb836000 rw-p 00000000 00:00 0 
7f1afb837000-7f1afb839000 r--s 0000c000 fd:00 7349190                    /usr/share/java/java-atk-wrapper.jar
7f1afb839000-7f1afb83a000 ---p 00000000 00:00 0 
7f1afb83a000-7f1afb83b000 r--p 00000000 00:00 0 
7f1afb83b000-7f1afb83d000 r--p 00000000 fd:00 10620236                   /usr/lib/jvm/java-11-openjdk-amd64/lib/libjimage.so
7f1afb83d000-7f1afb840000 r-xp 00002000 fd:00 10620236                   /usr/lib/jvm/java-11-openjdk-amd64/lib/libjimage.so
7f1afb840000-7f1afb841000 r--p 00005000 fd:00 10620236                   /usr/lib/jvm/java-11-openjdk-amd64/lib/libjimage.so
7f1afb841000-7f1afb842000 ---p 00006000 fd:00 10620236                   /usr/lib/jvm/java-11-openjdk-amd64/lib/libjimage.so
7f1afb842000-7f1afb843000 r--p 00006000 fd:00 10620236                   /usr/lib/jvm/java-11-openjdk-amd64/lib/libjimage.so
7f1afb843000-7f1afb844000 rw-p 00007000 fd:00 10620236                   /usr/lib/jvm/java-11-openjdk-amd64/lib/libjimage.so
7f1afb844000-7f1afb847000 r--p 00000000 fd:00 10620214                   /usr/lib/jvm/java-11-openjdk-amd64/lib/jli/libjli.so
7f1afb847000-7f1afb851000 r-xp 00003000 fd:00 10620214                   /usr/lib/jvm/java-11-openjdk-amd64/lib/jli/libjli.so
7f1afb851000-7f1afb854000 r--p 0000d000 fd:00 10620214                   /usr/lib/jvm/java-11-openjdk-amd64/lib/jli/libjli.so
7f1afb854000-7f1afb855000 ---p 00010000 fd:00 10620214                   /usr/lib/jvm/java-11-openjdk-amd64/lib/jli/libjli.so
7f1afb855000-7f1afb856000 r--p 00010000 fd:00 10620214                   /usr/lib/jvm/java-11-openjdk-amd64/lib/jli/libjli.so
7f1afb856000-7f1afb857000 rw-p 00011000 fd:00 10620214                   /usr/lib/jvm/java-11-openjdk-amd64/lib/jli/libjli.so
7f1afb857000-7f1afb859000 rw-p 00000000 00:00 0 
7f1afb859000-7f1afb85a000 r--p 00000000 fd:00 7087203                    /usr/lib/x86_64-linux-gnu/ld-2.31.so
7f1afb85a000-7f1afb87d000 r-xp 00001000 fd:00 7087203                    /usr/lib/x86_64-linux-gnu/ld-2.31.so
7f1afb87d000-7f1afb885000 r--p 00024000 fd:00 7087203                    /usr/lib/x86_64-linux-gnu/ld-2.31.so
7f1afb886000-7f1afb887000 r--p 0002c000 fd:00 7087203                    /usr/lib/x86_64-linux-gnu/ld-2.31.so
7f1afb887000-7f1afb888000 rw-p 0002d000 fd:00 7087203                    /usr/lib/x86_64-linux-gnu/ld-2.31.so
7f1afb888000-7f1afb889000 rw-p 00000000 00:00 0 
7ffe9cb30000-7ffe9cb51000 rw-p 00000000 00:00 0                          [stack]
7ffe9cb9d000-7ffe9cba0000 r--p 00000000 00:00 0                          [vvar]
7ffe9cba0000-7ffe9cba1000 r-xp 00000000 00:00 0                          [vdso]
ffffffffff600000-ffffffffff601000 --xp 00000000 00:00 0                  [vsyscall]


VM Arguments:
java_command: site.ycsb.Client -load -db site.ycsb.db.rocksdb.RocksDBClient -s -P workloads/workloada -p exportfile=/home/mldb01/hdd_folder/db_log/ycsb-status-a.output -threads 2 -p rocksdb.dir=/home/mldb01/work/db_log/YCSB -p zeropadding=20
java_class_path (initial): /home/mldb01/hdd_folder/YCSB/conf:/home/mldb01/hdd_folder/YCSB/core/target/core-0.18.0-SNAPSHOT.jar:/home/mldb01/hdd_folder/YCSB/rocksdb/target/rocksdb-binding-0.18.0-SNAPSHOT.jar:/home/mldb01/hdd_folder/YCSB/rocksdb/target/dependency/HdrHistogram-2.1.4.jar:/home/mldb01/hdd_folder/YCSB/rocksdb/target/dependency/htrace-core4-4.1.0-incubating.jar:/home/mldb01/hdd_folder/YCSB/rocksdb/target/dependency/jcip-annotations-1.0.jar:/home/mldb01/hdd_folder/YCSB/rocksdb/target/dependency/rocksdbjni-6.19.0.jar:/home/mldb01/hdd_folder/YCSB/rocksdb/target/dependency/slf4j-api-1.7.25.jar:/home/mldb01/hdd_folder/YCSB/rocksdb/target/dependency/slf4j-simple-1.7.25.jar
Launcher Type: SUN_STANDARD

[Global flags]
     intx CICompilerCount                          = 15                                        {product} {ergonomic}
     uint ConcGCThreads                            = 6                                         {product} {ergonomic}
     uint G1ConcRefinementThreads                  = 23                                        {product} {ergonomic}
   size_t G1HeapRegionSize                         = 4194304                                   {product} {ergonomic}
    uintx GCDrainStackTargetSize                   = 64                                        {product} {ergonomic}
   size_t InitialHeapSize                          = 1056964608                                {product} {ergonomic}
   size_t MarkStackSize                            = 4194304                                   {product} {ergonomic}
   size_t MaxHeapSize                              = 16861102080                               {product} {ergonomic}
   size_t MaxNewSize                               = 10116661248                               {product} {ergonomic}
   size_t MinHeapDeltaBytes                        = 4194304                                   {product} {ergonomic}
    uintx NonNMethodCodeHeapSize                   = 8182140                                {pd product} {ergonomic}
    uintx NonProfiledCodeHeapSize                  = 121738050                              {pd product} {ergonomic}
    uintx ProfiledCodeHeapSize                     = 121738050                              {pd product} {ergonomic}
    uintx ReservedCodeCacheSize                    = 251658240                              {pd product} {ergonomic}
     bool SegmentedCodeCache                       = true                                      {product} {ergonomic}
     bool UseCompressedClassPointers               = true                                 {lp64_product} {ergonomic}
     bool UseCompressedOops                        = true                                 {lp64_product} {ergonomic}
     bool UseG1GC                                  = true                                      {product} {ergonomic}

Logging:
Log output configuration:
 #0: stdout all=warning uptime,level,tags
 #1: stderr all=off uptime,level,tags

Environment Variables:
PATH=/usr/local/sbin:/usr/local/bin:/usr/sbin:/usr/bin:/sbin:/bin:/usr/games:/usr/local/games:/snap/bin
SHELL=/bin/bash
LANG=en_US.UTF-8

Signal Handlers:
SIGSEGV: [libjvm.so+0xe8ba00], sa_mask[0]=11111111011111111101111111111110, sa_flags=SA_RESTART|SA_SIGINFO
SIGBUS: [libjvm.so+0xe8ba00], sa_mask[0]=11111111011111111101111111111110, sa_flags=SA_RESTART|SA_SIGINFO
SIGFPE: [libjvm.so+0xe8ba00], sa_mask[0]=11111111011111111101111111111110, sa_flags=SA_RESTART|SA_SIGINFO
SIGPIPE: [libjvm.so+0xbd10f0], sa_mask[0]=11111111011111111101111111111110, sa_flags=SA_RESTART|SA_SIGINFO
SIGXFSZ: [libjvm.so+0xbd10f0], sa_mask[0]=11111111011111111101111111111110, sa_flags=SA_RESTART|SA_SIGINFO
SIGILL: [libjvm.so+0xe8ba00], sa_mask[0]=11111111011111111101111111111110, sa_flags=SA_RESTART|SA_SIGINFO
SIGUSR2: [libjvm.so+0xbd0f90], sa_mask[0]=00000000000000000000000000000000, sa_flags=SA_RESTART|SA_SIGINFO
SIGHUP: [libjvm.so+0xbd1430], sa_mask[0]=11111111011111111101111111111110, sa_flags=SA_RESTART|SA_SIGINFO
SIGINT: [libjvm.so+0xbd1430], sa_mask[0]=11111111011111111101111111111110, sa_flags=SA_RESTART|SA_SIGINFO
SIGTERM: [libjvm.so+0xbd1430], sa_mask[0]=11111111011111111101111111111110, sa_flags=SA_RESTART|SA_SIGINFO
SIGQUIT: [libjvm.so+0xbd1430], sa_mask[0]=11111111011111111101111111111110, sa_flags=SA_RESTART|SA_SIGINFO


---------------  S Y S T E M  ---------------

OS:DISTRIB_ID=Ubuntu
DISTRIB_RELEASE=20.04
DISTRIB_CODENAME=focal
DISTRIB_DESCRIPTION="Ubuntu 20.04.1 LTS"
uname:Linux 5.4.0-73-generic #82-Ubuntu SMP Wed Apr 14 17:39:42 UTC 2021 x86_64
OS uptime: 65 days 19:10 hours
libc:glibc 2.31 NPTL 2.31 
rlimit (soft/hard): STACK 8192k/infinity , CORE 0k/infinity , NPROC 256930/256930 , NOFILE 1048576/1048576 , AS infinity/infinity , CPU infinity/infinity , DATA infinity/infinity , FSIZE infinity/infinity , MEMLOCK 65536k/65536k
load average:1.73 0.78 0.31

/proc/meminfo:
MemTotal:       65862924 kB
MemFree:        63468780 kB
MemAvailable:   64262968 kB
Buffers:           28888 kB
Cached:          1207820 kB
SwapCached:            0 kB
Active:           622944 kB
Inactive:         721440 kB
Active(anon):     115856 kB
Inactive(anon):     2464 kB
Active(file):     507088 kB
Inactive(file):   718976 kB
Unevictable:       18584 kB
Mlocked:           18584 kB
SwapTotal:       8388604 kB
SwapFree:        8388604 kB
Dirty:             13188 kB
Writeback:             0 kB
AnonPages:        126588 kB
Mapped:            92972 kB
Shmem:              2472 kB
KReclaimable:     164328 kB
Slab:             451160 kB
SReclaimable:     164328 kB
SUnreclaim:       286832 kB
KernelStack:       10128 kB
PageTables:         3004 kB
NFS_Unstable:          0 kB
Bounce:                0 kB
WritebackTmp:          0 kB
CommitLimit:    41320064 kB
Committed_AS:    2305256 kB
VmallocTotal:   34359738367 kB
VmallocUsed:      142352 kB
VmallocChunk:          0 kB
Percpu:            32512 kB
HardwareCorrupted:     0 kB
AnonHugePages:         0 kB
ShmemHugePages:        0 kB
ShmemPmdMapped:        0 kB
FileHugePages:         0 kB
FilePmdMapped:         0 kB
CmaTotal:              0 kB
CmaFree:               0 kB
HugePages_Total:       0
HugePages_Free:        0
HugePages_Rsvd:        0
HugePages_Surp:        0
Hugepagesize:       2048 kB
Hugetlb:               0 kB
DirectMap4k:      509648 kB
DirectMap2M:    22460416 kB
DirectMap1G:    46137344 kB

/sys/kernel/mm/transparent_hugepage/enabled:
always [madvise] never
/sys/kernel/mm/transparent_hugepage/defrag (defrag/compaction efforts parameter):
always defer defer+madvise [madvise] never

Process Memory:
Virtual Size: 21914776K (peak: 28474584K)
Resident Set Size: 65064K (peak: 65064K) (anon: 31704K, file: 33360K, shmem: 0K)
Swapped out: 0K
C-Heap outstanding allocations: 8821K

/proc/sys/kernel/threads-max (system-wide limit on the number of threads):
513860
/proc/sys/vm/max_map_count (maximum number of memory map areas a process may have):
65530
/proc/sys/kernel/pid_max (system-wide limit on number of process identifiers):
4194304

container (cgroup) information:
container_type: cgroupv1
cpu_cpuset_cpus: 0-31
cpu_memory_nodes: 0-1
active_processor_count: 32
cpu_quota: -1
cpu_period: 100000
cpu_shares: -1
memory_limit_in_bytes: -1
memory_and_swap_limit_in_bytes: -2
memory_soft_limit_in_bytes: -1
memory_usage_in_bytes: 1288241152
memory_max_usage_in_bytes: 19076730880

Steal ticks since vm start: 0
Steal ticks percentage since vm start:  0.000

CPU:total 32 (initial active 32) (8 cores per cpu, 2 threads per core) family 6 model 63 stepping 2 microcode 0x44, cmov, cx8, fxsr, mmx, sse, sse2, sse3, ssse3, sse4.1, sse4.2, popcnt, avx, avx2, aes, clmul, erms, lzcnt, ht, tsc, tscinvbit, bmi1, bmi2, fma
CPU Model and flags from /proc/cpuinfo:
model name	: Intel(R) Xeon(R) CPU E5-2640 v3 @ 2.60GHz
flags		: fpu vme de pse tsc msr pae mce cx8 apic sep mtrr pge mca cmov pat pse36 clflush dts acpi mmx fxsr sse sse2 ss ht tm pbe syscall nx pdpe1gb rdtscp lm constant_tsc arch_perfmon pebs bts rep_good nopl xtopology nonstop_tsc cpuid aperfmperf pni pclmulqdq dtes64 monitor ds_cpl vmx smx est tm2 ssse3 sdbg fma cx16 xtpr pdcm pcid dca sse4_1 sse4_2 x2apic movbe popcnt tsc_deadline_timer aes xsave avx f16c rdrand lahf_lm abm cpuid_fault epb invpcid_single pti ssbd ibrs ibpb stibp tpr_shadow vnmi flexpriority ept vpid ept_ad fsgsbase tsc_adjust bmi1 avx2 smep bmi2 erms invpcid cqm xsaveopt cqm_llc cqm_occup_llc dtherm ida arat pln pts md_clear flush_l1d
Online cpus:
0-31
Offline cpus:

BIOS frequency limitation:
<Not Available>
Frequency switch latency (ns):
<Not Available>
Available cpu frequencies:
<Not Available>
Current governor:
<Not Available>
Core performance/turbo boost:
<Not Available>

Memory: 4k page, physical 65862924k(63468780k free), swap 8388604k(8388604k free)

vm_info: OpenJDK 64-Bit Server VM (11.0.11+9-Ubuntu-0ubuntu2.20.04) for linux-amd64 JRE (11.0.11+9-Ubuntu-0ubuntu2.20.04), built on Apr 21 2021 09:15:32 by "unknown" with gcc 9.3.0

END.
