#
# A fatal error has been detected by the Java Runtime Environment:
#
#  SIGSEGV (0xb) at pc=0x00007f3fb5edee1e, pid=3545295, tid=3545328
#
# JRE version: OpenJDK Runtime Environment (11.0.11+9) (build 11.0.11+9-Ubuntu-0ubuntu2.20.04)
# Java VM: OpenJDK 64-Bit Server VM (11.0.11+9-Ubuntu-0ubuntu2.20.04, mixed mode, sharing, tiered, compressed oops, g1 gc, linux-amd64)
# Problematic frame:
# C  [librocksdbjni8504496959184155292.so+0x5ede1e]  rocksdb::VerifyBlockChecksum(rocksdb::ChecksumType, char const*, unsigned long, std::__cxx11::basic_string<char, std::char_traits<char>, std::allocator<char> > const&, unsigned long)+0x7e
#
# Core dump will be written. Default location: Core dumps may be processed with "/usr/share/apport/apport %p %s %c %d %P %E" (or dumping to /home/mldb01/hdd_folder/YCSB/core.3545295)
#
# If you would like to submit a bug report, please visit:
#   https://bugs.launchpad.net/ubuntu/+source/openjdk-lts
# The crash happened outside the Java Virtual Machine in native code.
# See problematic frame for where to report the bug.
#

---------------  S U M M A R Y ------------

Command Line: site.ycsb.Client -t -db site.ycsb.db.rocksdb.RocksDBClient -s -P workloads/workloada -p exportfile=/home/mldb01/hdd_folder/db_log/ycsb-status-a.output -threads 2 -p rocksdb.dir=/home/mldb01/work/db_log/YCSB -s -p status.interval=1 -p zeropadding=20

Host: Intel(R) Xeon(R) CPU E5-2640 v3 @ 2.60GHz, 32 cores, 62G, Ubuntu 20.04.1 LTS
Time: Fri Jul 30 13:56:15 2021 KST elapsed time: 2.166694 seconds (0d 0h 0m 2s)

---------------  T H R E A D  ---------------

Current thread (0x00007f4000448000):  JavaThread "Thread-2" [_thread_in_native, id=3545328, stack(0x00007f3fb57f0000,0x00007f3fb58f1000)]

Stack: [0x00007f3fb57f0000,0x00007f3fb58f1000],  sp=0x00007f3fb58ebf80,  free space=1007k
Native frames: (J=compiled Java code, A=aot compiled Java code, j=interpreted, Vv=VM code, C=native code)
C  [librocksdbjni8504496959184155292.so+0x5ede1e]  rocksdb::VerifyBlockChecksum(rocksdb::ChecksumType, char const*, unsigned long, std::__cxx11::basic_string<char, std::char_traits<char>, std::allocator<char> > const&, unsigned long)+0x7e
C  [librocksdbjni8504496959184155292.so+0x5f31c7]  rocksdb::BlockFetcher::ReadBlockContents_post_aio(aiocb*, rocksdb::AlignedBuffer*)+0xb77
C  [librocksdbjni8504496959184155292.so+0x5cc8b6]  rocksdb::Status rocksdb::BlockBasedTable::MaybeReadBlockAndLoadToCache_post_aio<rocksdb::Block>(rocksdb::FilePrefetchBuffer*, rocksdb::ReadOptions const&, rocksdb::BlockHandle const&, rocksdb::UncompressionDict const&, rocksdb::CachableEntry<rocksdb::Block>*, rocksdb::BlockType, rocksdb::GetContext*, rocksdb::BlockContents*, aiocb*, rocksdb::AlignedBuffer*) const+0x536
C  [librocksdbjni8504496959184155292.so+0x5ccf1d]  rocksdb::DataBlockIter* rocksdb::BlockBasedTable::NewDataBlockIterator_post_aio<rocksdb::DataBlockIter>(rocksdb::ReadOptions const&, rocksdb::BlockHandle const&, rocksdb::DataBlockIter*, rocksdb::BlockType, rocksdb::GetContext*, rocksdb::BlockCacheLookupContext*, rocksdb::Status, rocksdb::FilePrefetchBuffer*, aiocb*, rocksdb::AlignedBuffer*) const+0x53d
C  [librocksdbjni8504496959184155292.so+0x5bdfe9]  rocksdb::BlockBasedTable::Get_post_aio(rocksdb::ReadOptions const&, rocksdb::Slice const&, rocksdb::GetContext*, aiocb*, rocksdb::BlockHandle*, rocksdb::AlignedBuffer*)+0x2b9
C  [librocksdbjni8504496959184155292.so+0x448b60]  rocksdb::TableCache::Get_post_aio(rocksdb::ReadOptions const&, rocksdb::InternalKeyComparator const&, rocksdb::FileMetaData const&, rocksdb::Slice const&, rocksdb::GetContext*, aiocb*, rocksdb::BlockHandle*, rocksdb::AlignedBuffer*, rocksdb::SliceTransform const*, rocksdb::HistogramImpl*, bool, int, unsigned long)+0x100
C  [librocksdbjni8504496959184155292.so+0x48a755]  rocksdb::Version::Get_aio(rocksdb::ReadOptions const&, rocksdb::LookupKey const&, rocksdb::PinnableSlice*, std::__cxx11::basic_string<char, std::char_traits<char>, std::allocator<char> >*, rocksdb::Status*, rocksdb::MergeContext*, unsigned long*, bool*, bool*, unsigned long*, rocksdb::ReadCallback*, bool*, bool)+0xf85
C  [librocksdbjni8504496959184155292.so+0x349b58]  rocksdb::DBImpl::GetImpl(rocksdb::ReadOptions const&, rocksdb::Slice const&, rocksdb::DBImpl::GetImplOptions&)+0xae8
C  [librocksdbjni8504496959184155292.so+0x349fbe]  rocksdb::DBImpl::Get(rocksdb::ReadOptions const&, rocksdb::ColumnFamilyHandle*, rocksdb::Slice const&, rocksdb::PinnableSlice*, std::__cxx11::basic_string<char, std::char_traits<char>, std::allocator<char> >*)+0x5e
C  [librocksdbjni8504496959184155292.so+0x340c7b]  rocksdb::DBImpl::Get(rocksdb::ReadOptions const&, rocksdb::ColumnFamilyHandle*, rocksdb::Slice const&, rocksdb::PinnableSlice*)+0x2b
C  [librocksdbjni8504496959184155292.so+0x29fe78]  rocksdb::DB::Get(rocksdb::ReadOptions const&, rocksdb::ColumnFamilyHandle*, rocksdb::Slice const&, std::__cxx11::basic_string<char, std::char_traits<char>, std::allocator<char> >*)+0x178
C  [librocksdbjni8504496959184155292.so+0x297a3a]  rocksdb_get_helper(JNIEnv_*, rocksdb::DB*, rocksdb::ReadOptions const&, rocksdb::ColumnFamilyHandle*, _jbyteArray*, int, int)+0xfa
C  [librocksdbjni8504496959184155292.so+0x297d19]  Java_org_rocksdb_RocksDB_get__J_3BIIJ+0x79
j  org.rocksdb.RocksDB.get(J[BIIJ)[B+0
j  org.rocksdb.RocksDB.get(Lorg/rocksdb/ColumnFamilyHandle;[B)[B+13
j  site.ycsb.db.rocksdb.RocksDBClient.read(Ljava/lang/String;Ljava/lang/String;Ljava/util/Set;Ljava/util/Map;)Lsite/ycsb/Status;+46
j  site.ycsb.DBWrapper.read(Ljava/lang/String;Ljava/lang/String;Ljava/util/Set;Ljava/util/Map;)Lsite/ycsb/Status;+36
j  site.ycsb.workloads.CoreWorkload.doTransactionRead(Lsite/ycsb/DB;)V+123
j  site.ycsb.workloads.CoreWorkload.doTransaction(Lsite/ycsb/DB;Ljava/lang/Object;)Z+162
j  site.ycsb.ClientThread.run()V+152
j  java.lang.Thread.run()V+11 java.base@11.0.11
v  ~StubRoutines::call_stub
V  [libjvm.so+0x859b69]
V  [libjvm.so+0x8581be]
V  [libjvm.so+0x903dd1]
V  [libjvm.so+0xe2105f]
V  [libjvm.so+0xe1d690]
V  [libjvm.so+0xbdac76]

Java frames: (J=compiled Java code, j=interpreted, Vv=VM code)
j  org.rocksdb.RocksDB.get(J[BIIJ)[B+0
j  org.rocksdb.RocksDB.get(Lorg/rocksdb/ColumnFamilyHandle;[B)[B+13
j  site.ycsb.db.rocksdb.RocksDBClient.read(Ljava/lang/String;Ljava/lang/String;Ljava/util/Set;Ljava/util/Map;)Lsite/ycsb/Status;+46
j  site.ycsb.DBWrapper.read(Ljava/lang/String;Ljava/lang/String;Ljava/util/Set;Ljava/util/Map;)Lsite/ycsb/Status;+36
j  site.ycsb.workloads.CoreWorkload.doTransactionRead(Lsite/ycsb/DB;)V+123
j  site.ycsb.workloads.CoreWorkload.doTransaction(Lsite/ycsb/DB;Ljava/lang/Object;)Z+162
j  site.ycsb.ClientThread.run()V+152
j  java.lang.Thread.run()V+11 java.base@11.0.11
v  ~StubRoutines::call_stub

siginfo: si_signo: 11 (SIGSEGV), si_code: 1 (SEGV_MAPERR), si_addr: 0x0000000000001429

Register to memory mapping:

RAX=0x0000000000000002 is an unknown value
RBX=0x0000000000000001 is an unknown value
RCX=0x000000000000124f is an unknown value
RDX=0x00007f4000449770 points into unknown readable memory: 0x0000000000000003 | 03 00 00 00 00 00 00 00
RSP=0x00007f3fb58ebf80 is pointing into the stack for thread: 0x00007f4000448000
RBP=0x00007f3fb58ec1f0 is pointing into the stack for thread: 0x00007f4000448000
RSI=0x0000000000000001 is an unknown value
RDI=0x00007f3fb623d780: <offset 0x000000000094c780> in /tmp/librocksdbjni8504496959184155292.so at 0x00007f3fb58f1000
R8 =0x00007f3f6804d200 points into unknown readable memory: 0x00007f3f68049960 | 60 99 04 68 3f 7f 00 00
R9 =0x00000000022fc1d9 is an unknown value
R10=0x00007f3fb58ebfe0 is pointing into the stack for thread: 0x00007f4000448000
R11=0x000000006103866f is an unknown value
R12=0x00007f3fb58ec2d0 is pointing into the stack for thread: 0x00007f4000448000
R13=0x000000000000124f is an unknown value
R14=0x00000000000001d9 is an unknown value
R15=0x0 is NULL


Registers:
RAX=0x0000000000000002, RBX=0x0000000000000001, RCX=0x000000000000124f, RDX=0x00007f4000449770
RSP=0x00007f3fb58ebf80, RBP=0x00007f3fb58ec1f0, RSI=0x0000000000000001, RDI=0x00007f3fb623d780
R8 =0x00007f3f6804d200, R9 =0x00000000022fc1d9, R10=0x00007f3fb58ebfe0, R11=0x000000006103866f
R12=0x00007f3fb58ec2d0, R13=0x000000000000124f, R14=0x00000000000001d9, R15=0x0000000000000000
RIP=0x00007f3fb5edee1e, EFLAGS=0x0000000000010246, CSGSFS=0x002b000000000033, ERR=0x0000000000000004
  TRAPNO=0x000000000000000e

Top of Stack: (sp=0x00007f3fb58ebf80)
0x00007f3fb58ebf80:   00007f3fb58ebfe0 00007f3fb5ea704f
0x00007f3fb58ebf90:   00007f3f6801b208 00007f3f6801b180
0x00007f3fb58ebfa0:   0000000000000000 2af3d91ed9cd0600
0x00007f3fb58ebfb0:   00007f3fb58ebfe0 02007f4007c7e44a 

Instructions: (pc=0x00007f3fb5edee1e)
0x00007f3fb5eded1e:   c0 74 0e 48 8b 40 08 31 d2 48 f7 73 08 4c 89 24
0x00007f3fb5eded2e:   d1 48 8d 43 10 49 89 06 eb ca e8 b3 4b c0 ff f3
0x00007f3fb5eded3e:   0f 1e fa 48 89 c7 c5 f8 77 e8 24 d3 bf ff 49 8d
0x00007f3fb5eded4e:   7c 24 10 e8 2a b5 bf ff 4c 89 e7 e8 d2 30 c0 ff
0x00007f3fb5eded5e:   e8 5d 8d c0 ff f3 0f 1e fa 49 89 c4 c5 f8 77 e8
0x00007f3fb5eded6e:   ce ab c0 ff 4c 89 e7 e8 f6 c3 c0 ff 66 0f 1f 44
0x00007f3fb5eded7e:   00 00 f3 0f 1e fa 48 8b 07 ba 01 00 00 00 48 8b
0x00007f3fb5eded8e:   40 30 ff e0 66 66 2e 0f 1f 84 00 00 00 00 00 0f
0x00007f3fb5eded9e:   1f 00 f3 0f 1e fa 55 48 89 e5 41 57 41 56 49 89
0x00007f3fb5ededae:   d6 41 55 49 89 cd 41 54 49 89 fc 53 89 f3 48 81
0x00007f3fb5ededbe:   ec 48 02 00 00 4c 89 85 d0 fd ff ff 4c 89 8d d8
0x00007f3fb5ededce:   fd ff ff 64 48 8b 04 25 28 00 00 00 48 89 45 c8
0x00007f3fb5ededde:   31 c0 e8 cb 63 c0 ff 66 48 8d 3d 93 e9 35 00 66
0x00007f3fb5ededee:   66 48 e8 2b b5 c0 ff 0f b6 00 88 85 cf fd ff ff
0x00007f3fb5ededfe:   3c 02 0f 86 ea 00 00 00 e8 d5 f5 bf ff 4c 8b 38
0x00007f3fb5edee0e:   49 8b 07 4c 89 ff ff 50 20 48 89 85 e0 fd ff ff
0x00007f3fb5edee1e:   43 8b 44 2e 01 31 c9 49 8d 75 01 41 c6 44 24 02
0x00007f3fb5edee2e:   00 66 41 89 0c 24 89 85 e8 fd ff ff 49 c7 44 24
0x00007f3fb5edee3e:   08 00 00 00 00 80 fb 02 0f 84 4c 08 00 00 0f 8f
0x00007f3fb5edee4e:   86 00 00 00 84 db 0f 84 2e 08 00 00 80 fb 01 0f
0x00007f3fb5edee5e:   85 4d 08 00 00 8b 85 e8 fd ff ff 48 89 f2 31 ff
0x00007f3fb5edee6e:   4c 89 f6 05 28 15 7d 5d c4 e3 7b f0 c0 11 89 85
0x00007f3fb5edee7e:   e8 fd ff ff e8 19 8a c0 ff 41 80 3c 24 00 89 c3
0x00007f3fb5edee8e:   0f 94 c0 39 9d e8 fd ff ff 74 04 84 c0 75 6b 48
0x00007f3fb5edee9e:   83 bd e0 fd ff ff 00 0f 85 95 07 00 00 48 8b 45
0x00007f3fb5edeeae:   c8 64 48 33 04 25 28 00 00 00 0f 85 0a 10 00 00
0x00007f3fb5edeebe:   48 81 c4 48 02 00 00 4c 89 e0 5b 41 5c 41 5d 41
0x00007f3fb5edeece:   5e 41 5f 5d c3 0f 1f 44 00 00 80 fb 03 0f 85 cf
0x00007f3fb5edeede:   07 00 00 31 d2 4c 89 f7 e8 d5 e7 bf ff eb 9a 0f
0x00007f3fb5edeeee:   1f 00 48 c7 85 e0 fd ff ff 00 00 00 00 45 31 ff
0x00007f3fb5edeefe:   e9 1b ff ff ff 0f 1f 44 00 00 4c 8b 35 c1 ec 35
0x00007f3fb5edef0e:   00 48 8d 7d 80 4d 89 e8 ba 20 00 00 00 48 8d 05 


Stack slot to memory mapping:
stack at sp + 0 slots: 0x00007f3fb58ebfe0 is pointing into the stack for thread: 0x00007f4000448000
stack at sp + 1 slots: 0x00007f3fb5ea704f: _ZNK7rocksdb15BlockBasedTable21UpdateCacheHitMetricsENS_9BlockTypeEPNS_10GetContextEm+0x00000000000000ff in /tmp/librocksdbjni8504496959184155292.so at 0x00007f3fb58f1000
stack at sp + 2 slots: 0x00007f3f6801b208 points into unknown readable memory: 0x00000000004db3e9 | e9 b3 4d 00 00 00 00 00
stack at sp + 3 slots: 0x00007f3f6801b180 points into unknown readable memory: 0x0000000000000002 | 02 00 00 00 00 00 00 00
stack at sp + 4 slots: 0x0 is NULL
stack at sp + 5 slots: 0x2af3d91ed9cd0600 is an unknown value
stack at sp + 6 slots: 0x00007f3fb58ebfe0 is pointing into the stack for thread: 0x00007f4000448000
stack at sp + 7 slots: 0x02007f4007c7e44a is an unknown value


---------------  P R O C E S S  ---------------

Threads class SMR info:
_java_thread_list=0x00007f400044b440, length=17, elements={
0x00007f4000016000, 0x00007f400027b000, 0x00007f400027d000, 0x00007f4000282800,
0x00007f4000284800, 0x00007f4000286800, 0x00007f4000288800, 0x00007f400028a800,
0x00007f3f9002b800, 0x00007f3f9002d000, 0x00007f3f9002f000, 0x00007f3f90031000,
0x00007f40002d0000, 0x00007f40003f0800, 0x00007f4000447000, 0x00007f4000448000,
0x00007f400044a000
}

Java Threads: ( => current thread )
  0x00007f4000016000 JavaThread "main" [_thread_blocked, id=3545296, stack(0x00007f4006431000,0x00007f4006532000)]
  0x00007f400027b000 JavaThread "Reference Handler" daemon [_thread_blocked, id=3545303, stack(0x00007f3fb7378000,0x00007f3fb7479000)]
  0x00007f400027d000 JavaThread "Finalizer" daemon [_thread_blocked, id=3545304, stack(0x00007f3fb7277000,0x00007f3fb7378000)]
  0x00007f4000282800 JavaThread "Signal Dispatcher" daemon [_thread_blocked, id=3545305, stack(0x00007f3fb6e90000,0x00007f3fb6f91000)]
  0x00007f4000284800 JavaThread "Service Thread" daemon [_thread_blocked, id=3545306, stack(0x00007f3fb6d8f000,0x00007f3fb6e90000)]
  0x00007f4000286800 JavaThread "C2 CompilerThread0" daemon [_thread_blocked, id=3545307, stack(0x00007f3fb6c8e000,0x00007f3fb6d8f000)]
  0x00007f4000288800 JavaThread "C1 CompilerThread0" daemon [_thread_blocked, id=3545308, stack(0x00007f3fb6b8d000,0x00007f3fb6c8e000)]
  0x00007f400028a800 JavaThread "Sweeper thread" daemon [_thread_blocked, id=3545309, stack(0x00007f3fb6a8c000,0x00007f3fb6b8d000)]
  0x00007f3f9002b800 JavaThread "C1 CompilerThread1" daemon [_thread_blocked, id=3545310, stack(0x00007f3fb698b000,0x00007f3fb6a8c000)]
  0x00007f3f9002d000 JavaThread "C1 CompilerThread2" daemon [_thread_blocked, id=3545311, stack(0x00007f3fb688a000,0x00007f3fb698b000)]
  0x00007f3f9002f000 JavaThread "C1 CompilerThread3" daemon [_thread_blocked, id=3545312, stack(0x00007f3fb6789000,0x00007f3fb688a000)]
  0x00007f3f90031000 JavaThread "C1 CompilerThread4" daemon [_thread_blocked, id=3545313, stack(0x00007f3fb6688000,0x00007f3fb6789000)]
  0x00007f40002d0000 JavaThread "Common-Cleaner" daemon [_thread_blocked, id=3545315, stack(0x00007f3fb6485000,0x00007f3fb6586000)]
  0x00007f40003f0800 JavaThread "process reaper" daemon [_thread_blocked, id=3545320, stack(0x00007f3fb6298000,0x00007f3fb62ba000)]
  0x00007f4000447000 JavaThread "Thread-1" [_thread_blocked, id=3545327, stack(0x00007f3fb6384000,0x00007f3fb6485000)]
=>0x00007f4000448000 JavaThread "Thread-2" [_thread_in_native, id=3545328, stack(0x00007f3fb57f0000,0x00007f3fb58f1000)]
  0x00007f400044a000 JavaThread "Thread-3" [_thread_in_native, id=3545329, stack(0x00007f3fb56ef000,0x00007f3fb57f0000)]

Other Threads:
  0x00007f4000278000 VMThread "VM Thread" [stack: 0x00007f3fb747b000,0x00007f3fb757b000] [id=3545302]
  0x00007f40002cd800 WatcherThread [stack: 0x00007f3fb6588000,0x00007f3fb6688000] [id=3545314]
  0x00007f400002f800 GCTaskThread "GC Thread#0" [stack: 0x00007f40060d8000,0x00007f40061d8000] [id=3545297]
  0x00007f400006d800 ConcurrentGCThread "G1 Main Marker" [stack: 0x00007f40045c4000,0x00007f40046c4000] [id=3545298]
  0x00007f400006f800 ConcurrentGCThread "G1 Conc#0" [stack: 0x00007f40044c2000,0x00007f40045c2000] [id=3545299]
  0x00007f4000236800 ConcurrentGCThread "G1 Refine#0" [stack: 0x00007f3fb7f00000,0x00007f3fb8000000] [id=3545300]
  0x00007f4000238800 ConcurrentGCThread "G1 Young RemSet Sampling" [stack: 0x00007f3fb7dfe000,0x00007f3fb7efe000] [id=3545301]

Threads with active compile tasks:

VM state:not at safepoint (normal execution)

VM Mutex/Monitor currently owned by a thread: None

Heap address: 0x0000000413000000, size: 16080 MB, Compressed Oops mode: Zero based, Oop shift amount: 3
Narrow klass base: 0x0000000800000000, Narrow klass shift: 3
Compressed class space size: 1073741824 Address: 0x0000000840000000

Heap:
 garbage-first heap   total 1040384K, used 8904K [0x0000000413000000, 0x0000000800000000)
  region size 4096K, 3 young (12288K), 0 survivors (0K)
 Metaspace       used 3869K, capacity 5919K, committed 6272K, reserved 1056768K
  class space    used 370K, capacity 575K, committed 640K, reserved 1048576K
Heap Regions: E=young(eden), S=young(survivor), O=old, HS=humongous(starts), HC=humongous(continues), CS=collection set, F=free, A=archive, TAMS=top-at-mark-start (previous, next)
|   0|0x0000000413000000, 0x0000000413000000, 0x0000000413400000|  0%| F|  |TAMS 0x0000000413000000, 0x0000000413000000| Untracked 
|   1|0x0000000413400000, 0x0000000413400000, 0x0000000413800000|  0%| F|  |TAMS 0x0000000413400000, 0x0000000413400000| Untracked 
|   2|0x0000000413800000, 0x0000000413800000, 0x0000000413c00000|  0%| F|  |TAMS 0x0000000413800000, 0x0000000413800000| Untracked 
|   3|0x0000000413c00000, 0x0000000413c00000, 0x0000000414000000|  0%| F|  |TAMS 0x0000000413c00000, 0x0000000413c00000| Untracked 
|   4|0x0000000414000000, 0x0000000414000000, 0x0000000414400000|  0%| F|  |TAMS 0x0000000414000000, 0x0000000414000000| Untracked 
|   5|0x0000000414400000, 0x0000000414400000, 0x0000000414800000|  0%| F|  |TAMS 0x0000000414400000, 0x0000000414400000| Untracked 
|   6|0x0000000414800000, 0x0000000414800000, 0x0000000414c00000|  0%| F|  |TAMS 0x0000000414800000, 0x0000000414800000| Untracked 
|   7|0x0000000414c00000, 0x0000000414c00000, 0x0000000415000000|  0%| F|  |TAMS 0x0000000414c00000, 0x0000000414c00000| Untracked 
|   8|0x0000000415000000, 0x0000000415000000, 0x0000000415400000|  0%| F|  |TAMS 0x0000000415000000, 0x0000000415000000| Untracked 
|   9|0x0000000415400000, 0x0000000415400000, 0x0000000415800000|  0%| F|  |TAMS 0x0000000415400000, 0x0000000415400000| Untracked 
|  10|0x0000000415800000, 0x0000000415800000, 0x0000000415c00000|  0%| F|  |TAMS 0x0000000415800000, 0x0000000415800000| Untracked 
|  11|0x0000000415c00000, 0x0000000415c00000, 0x0000000416000000|  0%| F|  |TAMS 0x0000000415c00000, 0x0000000415c00000| Untracked 
|  12|0x0000000416000000, 0x0000000416000000, 0x0000000416400000|  0%| F|  |TAMS 0x0000000416000000, 0x0000000416000000| Untracked 
|  13|0x0000000416400000, 0x0000000416400000, 0x0000000416800000|  0%| F|  |TAMS 0x0000000416400000, 0x0000000416400000| Untracked 
|  14|0x0000000416800000, 0x0000000416800000, 0x0000000416c00000|  0%| F|  |TAMS 0x0000000416800000, 0x0000000416800000| Untracked 
|  15|0x0000000416c00000, 0x0000000416c00000, 0x0000000417000000|  0%| F|  |TAMS 0x0000000416c00000, 0x0000000416c00000| Untracked 
|  16|0x0000000417000000, 0x0000000417000000, 0x0000000417400000|  0%| F|  |TAMS 0x0000000417000000, 0x0000000417000000| Untracked 
|  17|0x0000000417400000, 0x0000000417400000, 0x0000000417800000|  0%| F|  |TAMS 0x0000000417400000, 0x0000000417400000| Untracked 
|  18|0x0000000417800000, 0x0000000417800000, 0x0000000417c00000|  0%| F|  |TAMS 0x0000000417800000, 0x0000000417800000| Untracked 
|  19|0x0000000417c00000, 0x0000000417c00000, 0x0000000418000000|  0%| F|  |TAMS 0x0000000417c00000, 0x0000000417c00000| Untracked 
|  20|0x0000000418000000, 0x0000000418000000, 0x0000000418400000|  0%| F|  |TAMS 0x0000000418000000, 0x0000000418000000| Untracked 
|  21|0x0000000418400000, 0x0000000418400000, 0x0000000418800000|  0%| F|  |TAMS 0x0000000418400000, 0x0000000418400000| Untracked 
|  22|0x0000000418800000, 0x0000000418800000, 0x0000000418c00000|  0%| F|  |TAMS 0x0000000418800000, 0x0000000418800000| Untracked 
|  23|0x0000000418c00000, 0x0000000418c00000, 0x0000000419000000|  0%| F|  |TAMS 0x0000000418c00000, 0x0000000418c00000| Untracked 
|  24|0x0000000419000000, 0x0000000419000000, 0x0000000419400000|  0%| F|  |TAMS 0x0000000419000000, 0x0000000419000000| Untracked 
|  25|0x0000000419400000, 0x0000000419400000, 0x0000000419800000|  0%| F|  |TAMS 0x0000000419400000, 0x0000000419400000| Untracked 
|  26|0x0000000419800000, 0x0000000419800000, 0x0000000419c00000|  0%| F|  |TAMS 0x0000000419800000, 0x0000000419800000| Untracked 
|  27|0x0000000419c00000, 0x0000000419c00000, 0x000000041a000000|  0%| F|  |TAMS 0x0000000419c00000, 0x0000000419c00000| Untracked 
|  28|0x000000041a000000, 0x000000041a000000, 0x000000041a400000|  0%| F|  |TAMS 0x000000041a000000, 0x000000041a000000| Untracked 
|  29|0x000000041a400000, 0x000000041a400000, 0x000000041a800000|  0%| F|  |TAMS 0x000000041a400000, 0x000000041a400000| Untracked 
|  30|0x000000041a800000, 0x000000041a800000, 0x000000041ac00000|  0%| F|  |TAMS 0x000000041a800000, 0x000000041a800000| Untracked 
|  31|0x000000041ac00000, 0x000000041ac00000, 0x000000041b000000|  0%| F|  |TAMS 0x000000041ac00000, 0x000000041ac00000| Untracked 
|  32|0x000000041b000000, 0x000000041b000000, 0x000000041b400000|  0%| F|  |TAMS 0x000000041b000000, 0x000000041b000000| Untracked 
|  33|0x000000041b400000, 0x000000041b400000, 0x000000041b800000|  0%| F|  |TAMS 0x000000041b400000, 0x000000041b400000| Untracked 
|  34|0x000000041b800000, 0x000000041b800000, 0x000000041bc00000|  0%| F|  |TAMS 0x000000041b800000, 0x000000041b800000| Untracked 
|  35|0x000000041bc00000, 0x000000041bc00000, 0x000000041c000000|  0%| F|  |TAMS 0x000000041bc00000, 0x000000041bc00000| Untracked 
|  36|0x000000041c000000, 0x000000041c000000, 0x000000041c400000|  0%| F|  |TAMS 0x000000041c000000, 0x000000041c000000| Untracked 
|  37|0x000000041c400000, 0x000000041c400000, 0x000000041c800000|  0%| F|  |TAMS 0x000000041c400000, 0x000000041c400000| Untracked 
|  38|0x000000041c800000, 0x000000041c800000, 0x000000041cc00000|  0%| F|  |TAMS 0x000000041c800000, 0x000000041c800000| Untracked 
|  39|0x000000041cc00000, 0x000000041cc00000, 0x000000041d000000|  0%| F|  |TAMS 0x000000041cc00000, 0x000000041cc00000| Untracked 
|  40|0x000000041d000000, 0x000000041d000000, 0x000000041d400000|  0%| F|  |TAMS 0x000000041d000000, 0x000000041d000000| Untracked 
|  41|0x000000041d400000, 0x000000041d400000, 0x000000041d800000|  0%| F|  |TAMS 0x000000041d400000, 0x000000041d400000| Untracked 
|  42|0x000000041d800000, 0x000000041d800000, 0x000000041dc00000|  0%| F|  |TAMS 0x000000041d800000, 0x000000041d800000| Untracked 
|  43|0x000000041dc00000, 0x000000041dc00000, 0x000000041e000000|  0%| F|  |TAMS 0x000000041dc00000, 0x000000041dc00000| Untracked 
|  44|0x000000041e000000, 0x000000041e000000, 0x000000041e400000|  0%| F|  |TAMS 0x000000041e000000, 0x000000041e000000| Untracked 
|  45|0x000000041e400000, 0x000000041e400000, 0x000000041e800000|  0%| F|  |TAMS 0x000000041e400000, 0x000000041e400000| Untracked 
|  46|0x000000041e800000, 0x000000041e800000, 0x000000041ec00000|  0%| F|  |TAMS 0x000000041e800000, 0x000000041e800000| Untracked 
|  47|0x000000041ec00000, 0x000000041ec00000, 0x000000041f000000|  0%| F|  |TAMS 0x000000041ec00000, 0x000000041ec00000| Untracked 
|  48|0x000000041f000000, 0x000000041f000000, 0x000000041f400000|  0%| F|  |TAMS 0x000000041f000000, 0x000000041f000000| Untracked 
|  49|0x000000041f400000, 0x000000041f400000, 0x000000041f800000|  0%| F|  |TAMS 0x000000041f400000, 0x000000041f400000| Untracked 
|  50|0x000000041f800000, 0x000000041f800000, 0x000000041fc00000|  0%| F|  |TAMS 0x000000041f800000, 0x000000041f800000| Untracked 
|  51|0x000000041fc00000, 0x000000041fc00000, 0x0000000420000000|  0%| F|  |TAMS 0x000000041fc00000, 0x000000041fc00000| Untracked 
|  52|0x0000000420000000, 0x0000000420000000, 0x0000000420400000|  0%| F|  |TAMS 0x0000000420000000, 0x0000000420000000| Untracked 
|  53|0x0000000420400000, 0x0000000420400000, 0x0000000420800000|  0%| F|  |TAMS 0x0000000420400000, 0x0000000420400000| Untracked 
|  54|0x0000000420800000, 0x0000000420800000, 0x0000000420c00000|  0%| F|  |TAMS 0x0000000420800000, 0x0000000420800000| Untracked 
|  55|0x0000000420c00000, 0x0000000420c00000, 0x0000000421000000|  0%| F|  |TAMS 0x0000000420c00000, 0x0000000420c00000| Untracked 
|  56|0x0000000421000000, 0x0000000421000000, 0x0000000421400000|  0%| F|  |TAMS 0x0000000421000000, 0x0000000421000000| Untracked 
|  57|0x0000000421400000, 0x0000000421400000, 0x0000000421800000|  0%| F|  |TAMS 0x0000000421400000, 0x0000000421400000| Untracked 
|  58|0x0000000421800000, 0x0000000421800000, 0x0000000421c00000|  0%| F|  |TAMS 0x0000000421800000, 0x0000000421800000| Untracked 
|  59|0x0000000421c00000, 0x0000000421c00000, 0x0000000422000000|  0%| F|  |TAMS 0x0000000421c00000, 0x0000000421c00000| Untracked 
|  60|0x0000000422000000, 0x0000000422000000, 0x0000000422400000|  0%| F|  |TAMS 0x0000000422000000, 0x0000000422000000| Untracked 
|  61|0x0000000422400000, 0x0000000422400000, 0x0000000422800000|  0%| F|  |TAMS 0x0000000422400000, 0x0000000422400000| Untracked 
|  62|0x0000000422800000, 0x0000000422800000, 0x0000000422c00000|  0%| F|  |TAMS 0x0000000422800000, 0x0000000422800000| Untracked 
|  63|0x0000000422c00000, 0x0000000422c00000, 0x0000000423000000|  0%| F|  |TAMS 0x0000000422c00000, 0x0000000422c00000| Untracked 
|  64|0x0000000423000000, 0x0000000423000000, 0x0000000423400000|  0%| F|  |TAMS 0x0000000423000000, 0x0000000423000000| Untracked 
|  65|0x0000000423400000, 0x0000000423400000, 0x0000000423800000|  0%| F|  |TAMS 0x0000000423400000, 0x0000000423400000| Untracked 
|  66|0x0000000423800000, 0x0000000423800000, 0x0000000423c00000|  0%| F|  |TAMS 0x0000000423800000, 0x0000000423800000| Untracked 
|  67|0x0000000423c00000, 0x0000000423c00000, 0x0000000424000000|  0%| F|  |TAMS 0x0000000423c00000, 0x0000000423c00000| Untracked 
|  68|0x0000000424000000, 0x0000000424000000, 0x0000000424400000|  0%| F|  |TAMS 0x0000000424000000, 0x0000000424000000| Untracked 
|  69|0x0000000424400000, 0x0000000424400000, 0x0000000424800000|  0%| F|  |TAMS 0x0000000424400000, 0x0000000424400000| Untracked 
|  70|0x0000000424800000, 0x0000000424800000, 0x0000000424c00000|  0%| F|  |TAMS 0x0000000424800000, 0x0000000424800000| Untracked 
|  71|0x0000000424c00000, 0x0000000424c00000, 0x0000000425000000|  0%| F|  |TAMS 0x0000000424c00000, 0x0000000424c00000| Untracked 
|  72|0x0000000425000000, 0x0000000425000000, 0x0000000425400000|  0%| F|  |TAMS 0x0000000425000000, 0x0000000425000000| Untracked 
|  73|0x0000000425400000, 0x0000000425400000, 0x0000000425800000|  0%| F|  |TAMS 0x0000000425400000, 0x0000000425400000| Untracked 
|  74|0x0000000425800000, 0x0000000425800000, 0x0000000425c00000|  0%| F|  |TAMS 0x0000000425800000, 0x0000000425800000| Untracked 
|  75|0x0000000425c00000, 0x0000000425c00000, 0x0000000426000000|  0%| F|  |TAMS 0x0000000425c00000, 0x0000000425c00000| Untracked 
|  76|0x0000000426000000, 0x0000000426000000, 0x0000000426400000|  0%| F|  |TAMS 0x0000000426000000, 0x0000000426000000| Untracked 
|  77|0x0000000426400000, 0x0000000426400000, 0x0000000426800000|  0%| F|  |TAMS 0x0000000426400000, 0x0000000426400000| Untracked 
|  78|0x0000000426800000, 0x0000000426800000, 0x0000000426c00000|  0%| F|  |TAMS 0x0000000426800000, 0x0000000426800000| Untracked 
|  79|0x0000000426c00000, 0x0000000426c00000, 0x0000000427000000|  0%| F|  |TAMS 0x0000000426c00000, 0x0000000426c00000| Untracked 
|  80|0x0000000427000000, 0x0000000427000000, 0x0000000427400000|  0%| F|  |TAMS 0x0000000427000000, 0x0000000427000000| Untracked 
|  81|0x0000000427400000, 0x0000000427400000, 0x0000000427800000|  0%| F|  |TAMS 0x0000000427400000, 0x0000000427400000| Untracked 
|  82|0x0000000427800000, 0x0000000427800000, 0x0000000427c00000|  0%| F|  |TAMS 0x0000000427800000, 0x0000000427800000| Untracked 
|  83|0x0000000427c00000, 0x0000000427c00000, 0x0000000428000000|  0%| F|  |TAMS 0x0000000427c00000, 0x0000000427c00000| Untracked 
|  84|0x0000000428000000, 0x0000000428000000, 0x0000000428400000|  0%| F|  |TAMS 0x0000000428000000, 0x0000000428000000| Untracked 
|  85|0x0000000428400000, 0x0000000428400000, 0x0000000428800000|  0%| F|  |TAMS 0x0000000428400000, 0x0000000428400000| Untracked 
|  86|0x0000000428800000, 0x0000000428800000, 0x0000000428c00000|  0%| F|  |TAMS 0x0000000428800000, 0x0000000428800000| Untracked 
|  87|0x0000000428c00000, 0x0000000428c00000, 0x0000000429000000|  0%| F|  |TAMS 0x0000000428c00000, 0x0000000428c00000| Untracked 
|  88|0x0000000429000000, 0x0000000429000000, 0x0000000429400000|  0%| F|  |TAMS 0x0000000429000000, 0x0000000429000000| Untracked 
|  89|0x0000000429400000, 0x0000000429400000, 0x0000000429800000|  0%| F|  |TAMS 0x0000000429400000, 0x0000000429400000| Untracked 
|  90|0x0000000429800000, 0x0000000429800000, 0x0000000429c00000|  0%| F|  |TAMS 0x0000000429800000, 0x0000000429800000| Untracked 
|  91|0x0000000429c00000, 0x0000000429c00000, 0x000000042a000000|  0%| F|  |TAMS 0x0000000429c00000, 0x0000000429c00000| Untracked 
|  92|0x000000042a000000, 0x000000042a000000, 0x000000042a400000|  0%| F|  |TAMS 0x000000042a000000, 0x000000042a000000| Untracked 
|  93|0x000000042a400000, 0x000000042a400000, 0x000000042a800000|  0%| F|  |TAMS 0x000000042a400000, 0x000000042a400000| Untracked 
|  94|0x000000042a800000, 0x000000042a800000, 0x000000042ac00000|  0%| F|  |TAMS 0x000000042a800000, 0x000000042a800000| Untracked 
|  95|0x000000042ac00000, 0x000000042ac00000, 0x000000042b000000|  0%| F|  |TAMS 0x000000042ac00000, 0x000000042ac00000| Untracked 
|  96|0x000000042b000000, 0x000000042b000000, 0x000000042b400000|  0%| F|  |TAMS 0x000000042b000000, 0x000000042b000000| Untracked 
|  97|0x000000042b400000, 0x000000042b400000, 0x000000042b800000|  0%| F|  |TAMS 0x000000042b400000, 0x000000042b400000| Untracked 
|  98|0x000000042b800000, 0x000000042b800000, 0x000000042bc00000|  0%| F|  |TAMS 0x000000042b800000, 0x000000042b800000| Untracked 
|  99|0x000000042bc00000, 0x000000042bc00000, 0x000000042c000000|  0%| F|  |TAMS 0x000000042bc00000, 0x000000042bc00000| Untracked 
| 100|0x000000042c000000, 0x000000042c000000, 0x000000042c400000|  0%| F|  |TAMS 0x000000042c000000, 0x000000042c000000| Untracked 
| 101|0x000000042c400000, 0x000000042c400000, 0x000000042c800000|  0%| F|  |TAMS 0x000000042c400000, 0x000000042c400000| Untracked 
| 102|0x000000042c800000, 0x000000042c800000, 0x000000042cc00000|  0%| F|  |TAMS 0x000000042c800000, 0x000000042c800000| Untracked 
| 103|0x000000042cc00000, 0x000000042cc00000, 0x000000042d000000|  0%| F|  |TAMS 0x000000042cc00000, 0x000000042cc00000| Untracked 
| 104|0x000000042d000000, 0x000000042d000000, 0x000000042d400000|  0%| F|  |TAMS 0x000000042d000000, 0x000000042d000000| Untracked 
| 105|0x000000042d400000, 0x000000042d400000, 0x000000042d800000|  0%| F|  |TAMS 0x000000042d400000, 0x000000042d400000| Untracked 
| 106|0x000000042d800000, 0x000000042d800000, 0x000000042dc00000|  0%| F|  |TAMS 0x000000042d800000, 0x000000042d800000| Untracked 
| 107|0x000000042dc00000, 0x000000042dc00000, 0x000000042e000000|  0%| F|  |TAMS 0x000000042dc00000, 0x000000042dc00000| Untracked 
| 108|0x000000042e000000, 0x000000042e000000, 0x000000042e400000|  0%| F|  |TAMS 0x000000042e000000, 0x000000042e000000| Untracked 
| 109|0x000000042e400000, 0x000000042e400000, 0x000000042e800000|  0%| F|  |TAMS 0x000000042e400000, 0x000000042e400000| Untracked 
| 110|0x000000042e800000, 0x000000042e800000, 0x000000042ec00000|  0%| F|  |TAMS 0x000000042e800000, 0x000000042e800000| Untracked 
| 111|0x000000042ec00000, 0x000000042ec00000, 0x000000042f000000|  0%| F|  |TAMS 0x000000042ec00000, 0x000000042ec00000| Untracked 
| 112|0x000000042f000000, 0x000000042f000000, 0x000000042f400000|  0%| F|  |TAMS 0x000000042f000000, 0x000000042f000000| Untracked 
| 113|0x000000042f400000, 0x000000042f400000, 0x000000042f800000|  0%| F|  |TAMS 0x000000042f400000, 0x000000042f400000| Untracked 
| 114|0x000000042f800000, 0x000000042f800000, 0x000000042fc00000|  0%| F|  |TAMS 0x000000042f800000, 0x000000042f800000| Untracked 
| 115|0x000000042fc00000, 0x000000042fc00000, 0x0000000430000000|  0%| F|  |TAMS 0x000000042fc00000, 0x000000042fc00000| Untracked 
| 116|0x0000000430000000, 0x0000000430000000, 0x0000000430400000|  0%| F|  |TAMS 0x0000000430000000, 0x0000000430000000| Untracked 
| 117|0x0000000430400000, 0x0000000430400000, 0x0000000430800000|  0%| F|  |TAMS 0x0000000430400000, 0x0000000430400000| Untracked 
| 118|0x0000000430800000, 0x0000000430800000, 0x0000000430c00000|  0%| F|  |TAMS 0x0000000430800000, 0x0000000430800000| Untracked 
| 119|0x0000000430c00000, 0x0000000430c00000, 0x0000000431000000|  0%| F|  |TAMS 0x0000000430c00000, 0x0000000430c00000| Untracked 
| 120|0x0000000431000000, 0x0000000431000000, 0x0000000431400000|  0%| F|  |TAMS 0x0000000431000000, 0x0000000431000000| Untracked 
| 121|0x0000000431400000, 0x0000000431400000, 0x0000000431800000|  0%| F|  |TAMS 0x0000000431400000, 0x0000000431400000| Untracked 
| 122|0x0000000431800000, 0x0000000431800000, 0x0000000431c00000|  0%| F|  |TAMS 0x0000000431800000, 0x0000000431800000| Untracked 
| 123|0x0000000431c00000, 0x0000000431c00000, 0x0000000432000000|  0%| F|  |TAMS 0x0000000431c00000, 0x0000000431c00000| Untracked 
| 124|0x0000000432000000, 0x0000000432000000, 0x0000000432400000|  0%| F|  |TAMS 0x0000000432000000, 0x0000000432000000| Untracked 
| 125|0x0000000432400000, 0x0000000432400000, 0x0000000432800000|  0%| F|  |TAMS 0x0000000432400000, 0x0000000432400000| Untracked 
| 126|0x0000000432800000, 0x0000000432800000, 0x0000000432c00000|  0%| F|  |TAMS 0x0000000432800000, 0x0000000432800000| Untracked 
| 127|0x0000000432c00000, 0x0000000432c00000, 0x0000000433000000|  0%| F|  |TAMS 0x0000000432c00000, 0x0000000432c00000| Untracked 
| 128|0x0000000433000000, 0x0000000433000000, 0x0000000433400000|  0%| F|  |TAMS 0x0000000433000000, 0x0000000433000000| Untracked 
| 129|0x0000000433400000, 0x0000000433400000, 0x0000000433800000|  0%| F|  |TAMS 0x0000000433400000, 0x0000000433400000| Untracked 
| 130|0x0000000433800000, 0x0000000433800000, 0x0000000433c00000|  0%| F|  |TAMS 0x0000000433800000, 0x0000000433800000| Untracked 
| 131|0x0000000433c00000, 0x0000000433c00000, 0x0000000434000000|  0%| F|  |TAMS 0x0000000433c00000, 0x0000000433c00000| Untracked 
| 132|0x0000000434000000, 0x0000000434000000, 0x0000000434400000|  0%| F|  |TAMS 0x0000000434000000, 0x0000000434000000| Untracked 
| 133|0x0000000434400000, 0x0000000434400000, 0x0000000434800000|  0%| F|  |TAMS 0x0000000434400000, 0x0000000434400000| Untracked 
| 134|0x0000000434800000, 0x0000000434800000, 0x0000000434c00000|  0%| F|  |TAMS 0x0000000434800000, 0x0000000434800000| Untracked 
| 135|0x0000000434c00000, 0x0000000434c00000, 0x0000000435000000|  0%| F|  |TAMS 0x0000000434c00000, 0x0000000434c00000| Untracked 
| 136|0x0000000435000000, 0x0000000435000000, 0x0000000435400000|  0%| F|  |TAMS 0x0000000435000000, 0x0000000435000000| Untracked 
| 137|0x0000000435400000, 0x0000000435400000, 0x0000000435800000|  0%| F|  |TAMS 0x0000000435400000, 0x0000000435400000| Untracked 
| 138|0x0000000435800000, 0x0000000435800000, 0x0000000435c00000|  0%| F|  |TAMS 0x0000000435800000, 0x0000000435800000| Untracked 
| 139|0x0000000435c00000, 0x0000000435c00000, 0x0000000436000000|  0%| F|  |TAMS 0x0000000435c00000, 0x0000000435c00000| Untracked 
| 140|0x0000000436000000, 0x0000000436000000, 0x0000000436400000|  0%| F|  |TAMS 0x0000000436000000, 0x0000000436000000| Untracked 
| 141|0x0000000436400000, 0x0000000436400000, 0x0000000436800000|  0%| F|  |TAMS 0x0000000436400000, 0x0000000436400000| Untracked 
| 142|0x0000000436800000, 0x0000000436800000, 0x0000000436c00000|  0%| F|  |TAMS 0x0000000436800000, 0x0000000436800000| Untracked 
| 143|0x0000000436c00000, 0x0000000436c00000, 0x0000000437000000|  0%| F|  |TAMS 0x0000000436c00000, 0x0000000436c00000| Untracked 
| 144|0x0000000437000000, 0x0000000437000000, 0x0000000437400000|  0%| F|  |TAMS 0x0000000437000000, 0x0000000437000000| Untracked 
| 145|0x0000000437400000, 0x0000000437400000, 0x0000000437800000|  0%| F|  |TAMS 0x0000000437400000, 0x0000000437400000| Untracked 
| 146|0x0000000437800000, 0x0000000437800000, 0x0000000437c00000|  0%| F|  |TAMS 0x0000000437800000, 0x0000000437800000| Untracked 
| 147|0x0000000437c00000, 0x0000000437c00000, 0x0000000438000000|  0%| F|  |TAMS 0x0000000437c00000, 0x0000000437c00000| Untracked 
| 148|0x0000000438000000, 0x0000000438000000, 0x0000000438400000|  0%| F|  |TAMS 0x0000000438000000, 0x0000000438000000| Untracked 
| 149|0x0000000438400000, 0x0000000438400000, 0x0000000438800000|  0%| F|  |TAMS 0x0000000438400000, 0x0000000438400000| Untracked 
| 150|0x0000000438800000, 0x0000000438800000, 0x0000000438c00000|  0%| F|  |TAMS 0x0000000438800000, 0x0000000438800000| Untracked 
| 151|0x0000000438c00000, 0x0000000438c00000, 0x0000000439000000|  0%| F|  |TAMS 0x0000000438c00000, 0x0000000438c00000| Untracked 
| 152|0x0000000439000000, 0x0000000439000000, 0x0000000439400000|  0%| F|  |TAMS 0x0000000439000000, 0x0000000439000000| Untracked 
| 153|0x0000000439400000, 0x0000000439400000, 0x0000000439800000|  0%| F|  |TAMS 0x0000000439400000, 0x0000000439400000| Untracked 
| 154|0x0000000439800000, 0x0000000439800000, 0x0000000439c00000|  0%| F|  |TAMS 0x0000000439800000, 0x0000000439800000| Untracked 
| 155|0x0000000439c00000, 0x0000000439c00000, 0x000000043a000000|  0%| F|  |TAMS 0x0000000439c00000, 0x0000000439c00000| Untracked 
| 156|0x000000043a000000, 0x000000043a000000, 0x000000043a400000|  0%| F|  |TAMS 0x000000043a000000, 0x000000043a000000| Untracked 
| 157|0x000000043a400000, 0x000000043a400000, 0x000000043a800000|  0%| F|  |TAMS 0x000000043a400000, 0x000000043a400000| Untracked 
| 158|0x000000043a800000, 0x000000043a800000, 0x000000043ac00000|  0%| F|  |TAMS 0x000000043a800000, 0x000000043a800000| Untracked 
| 159|0x000000043ac00000, 0x000000043ac00000, 0x000000043b000000|  0%| F|  |TAMS 0x000000043ac00000, 0x000000043ac00000| Untracked 
| 160|0x000000043b000000, 0x000000043b000000, 0x000000043b400000|  0%| F|  |TAMS 0x000000043b000000, 0x000000043b000000| Untracked 
| 161|0x000000043b400000, 0x000000043b400000, 0x000000043b800000|  0%| F|  |TAMS 0x000000043b400000, 0x000000043b400000| Untracked 
| 162|0x000000043b800000, 0x000000043b800000, 0x000000043bc00000|  0%| F|  |TAMS 0x000000043b800000, 0x000000043b800000| Untracked 
| 163|0x000000043bc00000, 0x000000043bc00000, 0x000000043c000000|  0%| F|  |TAMS 0x000000043bc00000, 0x000000043bc00000| Untracked 
| 164|0x000000043c000000, 0x000000043c000000, 0x000000043c400000|  0%| F|  |TAMS 0x000000043c000000, 0x000000043c000000| Untracked 
| 165|0x000000043c400000, 0x000000043c400000, 0x000000043c800000|  0%| F|  |TAMS 0x000000043c400000, 0x000000043c400000| Untracked 
| 166|0x000000043c800000, 0x000000043c800000, 0x000000043cc00000|  0%| F|  |TAMS 0x000000043c800000, 0x000000043c800000| Untracked 
| 167|0x000000043cc00000, 0x000000043cc00000, 0x000000043d000000|  0%| F|  |TAMS 0x000000043cc00000, 0x000000043cc00000| Untracked 
| 168|0x000000043d000000, 0x000000043d000000, 0x000000043d400000|  0%| F|  |TAMS 0x000000043d000000, 0x000000043d000000| Untracked 
| 169|0x000000043d400000, 0x000000043d400000, 0x000000043d800000|  0%| F|  |TAMS 0x000000043d400000, 0x000000043d400000| Untracked 
| 170|0x000000043d800000, 0x000000043d800000, 0x000000043dc00000|  0%| F|  |TAMS 0x000000043d800000, 0x000000043d800000| Untracked 
| 171|0x000000043dc00000, 0x000000043dc00000, 0x000000043e000000|  0%| F|  |TAMS 0x000000043dc00000, 0x000000043dc00000| Untracked 
| 172|0x000000043e000000, 0x000000043e000000, 0x000000043e400000|  0%| F|  |TAMS 0x000000043e000000, 0x000000043e000000| Untracked 
| 173|0x000000043e400000, 0x000000043e400000, 0x000000043e800000|  0%| F|  |TAMS 0x000000043e400000, 0x000000043e400000| Untracked 
| 174|0x000000043e800000, 0x000000043e800000, 0x000000043ec00000|  0%| F|  |TAMS 0x000000043e800000, 0x000000043e800000| Untracked 
| 175|0x000000043ec00000, 0x000000043ec00000, 0x000000043f000000|  0%| F|  |TAMS 0x000000043ec00000, 0x000000043ec00000| Untracked 
| 176|0x000000043f000000, 0x000000043f000000, 0x000000043f400000|  0%| F|  |TAMS 0x000000043f000000, 0x000000043f000000| Untracked 
| 177|0x000000043f400000, 0x000000043f400000, 0x000000043f800000|  0%| F|  |TAMS 0x000000043f400000, 0x000000043f400000| Untracked 
| 178|0x000000043f800000, 0x000000043f800000, 0x000000043fc00000|  0%| F|  |TAMS 0x000000043f800000, 0x000000043f800000| Untracked 
| 179|0x000000043fc00000, 0x000000043fc00000, 0x0000000440000000|  0%| F|  |TAMS 0x000000043fc00000, 0x000000043fc00000| Untracked 
| 180|0x0000000440000000, 0x0000000440000000, 0x0000000440400000|  0%| F|  |TAMS 0x0000000440000000, 0x0000000440000000| Untracked 
| 181|0x0000000440400000, 0x0000000440400000, 0x0000000440800000|  0%| F|  |TAMS 0x0000000440400000, 0x0000000440400000| Untracked 
| 182|0x0000000440800000, 0x0000000440800000, 0x0000000440c00000|  0%| F|  |TAMS 0x0000000440800000, 0x0000000440800000| Untracked 
| 183|0x0000000440c00000, 0x0000000440c00000, 0x0000000441000000|  0%| F|  |TAMS 0x0000000440c00000, 0x0000000440c00000| Untracked 
| 184|0x0000000441000000, 0x0000000441000000, 0x0000000441400000|  0%| F|  |TAMS 0x0000000441000000, 0x0000000441000000| Untracked 
| 185|0x0000000441400000, 0x0000000441400000, 0x0000000441800000|  0%| F|  |TAMS 0x0000000441400000, 0x0000000441400000| Untracked 
| 186|0x0000000441800000, 0x0000000441800000, 0x0000000441c00000|  0%| F|  |TAMS 0x0000000441800000, 0x0000000441800000| Untracked 
| 187|0x0000000441c00000, 0x0000000441c00000, 0x0000000442000000|  0%| F|  |TAMS 0x0000000441c00000, 0x0000000441c00000| Untracked 
| 188|0x0000000442000000, 0x0000000442000000, 0x0000000442400000|  0%| F|  |TAMS 0x0000000442000000, 0x0000000442000000| Untracked 
| 189|0x0000000442400000, 0x0000000442400000, 0x0000000442800000|  0%| F|  |TAMS 0x0000000442400000, 0x0000000442400000| Untracked 
| 190|0x0000000442800000, 0x0000000442800000, 0x0000000442c00000|  0%| F|  |TAMS 0x0000000442800000, 0x0000000442800000| Untracked 
| 191|0x0000000442c00000, 0x0000000442c00000, 0x0000000443000000|  0%| F|  |TAMS 0x0000000442c00000, 0x0000000442c00000| Untracked 
| 192|0x0000000443000000, 0x0000000443000000, 0x0000000443400000|  0%| F|  |TAMS 0x0000000443000000, 0x0000000443000000| Untracked 
| 193|0x0000000443400000, 0x0000000443400000, 0x0000000443800000|  0%| F|  |TAMS 0x0000000443400000, 0x0000000443400000| Untracked 
| 194|0x0000000443800000, 0x0000000443800000, 0x0000000443c00000|  0%| F|  |TAMS 0x0000000443800000, 0x0000000443800000| Untracked 
| 195|0x0000000443c00000, 0x0000000443c00000, 0x0000000444000000|  0%| F|  |TAMS 0x0000000443c00000, 0x0000000443c00000| Untracked 
| 196|0x0000000444000000, 0x0000000444000000, 0x0000000444400000|  0%| F|  |TAMS 0x0000000444000000, 0x0000000444000000| Untracked 
| 197|0x0000000444400000, 0x0000000444400000, 0x0000000444800000|  0%| F|  |TAMS 0x0000000444400000, 0x0000000444400000| Untracked 
| 198|0x0000000444800000, 0x0000000444800000, 0x0000000444c00000|  0%| F|  |TAMS 0x0000000444800000, 0x0000000444800000| Untracked 
| 199|0x0000000444c00000, 0x0000000444c00000, 0x0000000445000000|  0%| F|  |TAMS 0x0000000444c00000, 0x0000000444c00000| Untracked 
| 200|0x0000000445000000, 0x0000000445000000, 0x0000000445400000|  0%| F|  |TAMS 0x0000000445000000, 0x0000000445000000| Untracked 
| 201|0x0000000445400000, 0x0000000445400000, 0x0000000445800000|  0%| F|  |TAMS 0x0000000445400000, 0x0000000445400000| Untracked 
| 202|0x0000000445800000, 0x0000000445800000, 0x0000000445c00000|  0%| F|  |TAMS 0x0000000445800000, 0x0000000445800000| Untracked 
| 203|0x0000000445c00000, 0x0000000445c00000, 0x0000000446000000|  0%| F|  |TAMS 0x0000000445c00000, 0x0000000445c00000| Untracked 
| 204|0x0000000446000000, 0x0000000446000000, 0x0000000446400000|  0%| F|  |TAMS 0x0000000446000000, 0x0000000446000000| Untracked 
| 205|0x0000000446400000, 0x0000000446400000, 0x0000000446800000|  0%| F|  |TAMS 0x0000000446400000, 0x0000000446400000| Untracked 
| 206|0x0000000446800000, 0x0000000446800000, 0x0000000446c00000|  0%| F|  |TAMS 0x0000000446800000, 0x0000000446800000| Untracked 
| 207|0x0000000446c00000, 0x0000000446c00000, 0x0000000447000000|  0%| F|  |TAMS 0x0000000446c00000, 0x0000000446c00000| Untracked 
| 208|0x0000000447000000, 0x0000000447000000, 0x0000000447400000|  0%| F|  |TAMS 0x0000000447000000, 0x0000000447000000| Untracked 
| 209|0x0000000447400000, 0x0000000447400000, 0x0000000447800000|  0%| F|  |TAMS 0x0000000447400000, 0x0000000447400000| Untracked 
| 210|0x0000000447800000, 0x0000000447800000, 0x0000000447c00000|  0%| F|  |TAMS 0x0000000447800000, 0x0000000447800000| Untracked 
| 211|0x0000000447c00000, 0x0000000447c00000, 0x0000000448000000|  0%| F|  |TAMS 0x0000000447c00000, 0x0000000447c00000| Untracked 
| 212|0x0000000448000000, 0x0000000448000000, 0x0000000448400000|  0%| F|  |TAMS 0x0000000448000000, 0x0000000448000000| Untracked 
| 213|0x0000000448400000, 0x0000000448400000, 0x0000000448800000|  0%| F|  |TAMS 0x0000000448400000, 0x0000000448400000| Untracked 
| 214|0x0000000448800000, 0x0000000448800000, 0x0000000448c00000|  0%| F|  |TAMS 0x0000000448800000, 0x0000000448800000| Untracked 
| 215|0x0000000448c00000, 0x0000000448c00000, 0x0000000449000000|  0%| F|  |TAMS 0x0000000448c00000, 0x0000000448c00000| Untracked 
| 216|0x0000000449000000, 0x0000000449000000, 0x0000000449400000|  0%| F|  |TAMS 0x0000000449000000, 0x0000000449000000| Untracked 
| 217|0x0000000449400000, 0x0000000449400000, 0x0000000449800000|  0%| F|  |TAMS 0x0000000449400000, 0x0000000449400000| Untracked 
| 218|0x0000000449800000, 0x0000000449800000, 0x0000000449c00000|  0%| F|  |TAMS 0x0000000449800000, 0x0000000449800000| Untracked 
| 219|0x0000000449c00000, 0x0000000449c00000, 0x000000044a000000|  0%| F|  |TAMS 0x0000000449c00000, 0x0000000449c00000| Untracked 
| 220|0x000000044a000000, 0x000000044a000000, 0x000000044a400000|  0%| F|  |TAMS 0x000000044a000000, 0x000000044a000000| Untracked 
| 221|0x000000044a400000, 0x000000044a400000, 0x000000044a800000|  0%| F|  |TAMS 0x000000044a400000, 0x000000044a400000| Untracked 
| 222|0x000000044a800000, 0x000000044a800000, 0x000000044ac00000|  0%| F|  |TAMS 0x000000044a800000, 0x000000044a800000| Untracked 
| 223|0x000000044ac00000, 0x000000044ac00000, 0x000000044b000000|  0%| F|  |TAMS 0x000000044ac00000, 0x000000044ac00000| Untracked 
| 224|0x000000044b000000, 0x000000044b000000, 0x000000044b400000|  0%| F|  |TAMS 0x000000044b000000, 0x000000044b000000| Untracked 
| 225|0x000000044b400000, 0x000000044b400000, 0x000000044b800000|  0%| F|  |TAMS 0x000000044b400000, 0x000000044b400000| Untracked 
| 226|0x000000044b800000, 0x000000044b800000, 0x000000044bc00000|  0%| F|  |TAMS 0x000000044b800000, 0x000000044b800000| Untracked 
| 227|0x000000044bc00000, 0x000000044bc00000, 0x000000044c000000|  0%| F|  |TAMS 0x000000044bc00000, 0x000000044bc00000| Untracked 
| 228|0x000000044c000000, 0x000000044c000000, 0x000000044c400000|  0%| F|  |TAMS 0x000000044c000000, 0x000000044c000000| Untracked 
| 229|0x000000044c400000, 0x000000044c400000, 0x000000044c800000|  0%| F|  |TAMS 0x000000044c400000, 0x000000044c400000| Untracked 
| 230|0x000000044c800000, 0x000000044c800000, 0x000000044cc00000|  0%| F|  |TAMS 0x000000044c800000, 0x000000044c800000| Untracked 
| 231|0x000000044cc00000, 0x000000044cc00000, 0x000000044d000000|  0%| F|  |TAMS 0x000000044cc00000, 0x000000044cc00000| Untracked 
| 232|0x000000044d000000, 0x000000044d000000, 0x000000044d400000|  0%| F|  |TAMS 0x000000044d000000, 0x000000044d000000| Untracked 
| 233|0x000000044d400000, 0x000000044d400000, 0x000000044d800000|  0%| F|  |TAMS 0x000000044d400000, 0x000000044d400000| Untracked 
| 234|0x000000044d800000, 0x000000044d800000, 0x000000044dc00000|  0%| F|  |TAMS 0x000000044d800000, 0x000000044d800000| Untracked 
| 235|0x000000044dc00000, 0x000000044dc00000, 0x000000044e000000|  0%| F|  |TAMS 0x000000044dc00000, 0x000000044dc00000| Untracked 
| 236|0x000000044e000000, 0x000000044e000000, 0x000000044e400000|  0%| F|  |TAMS 0x000000044e000000, 0x000000044e000000| Untracked 
| 237|0x000000044e400000, 0x000000044e400000, 0x000000044e800000|  0%| F|  |TAMS 0x000000044e400000, 0x000000044e400000| Untracked 
| 238|0x000000044e800000, 0x000000044e800000, 0x000000044ec00000|  0%| F|  |TAMS 0x000000044e800000, 0x000000044e800000| Untracked 
| 239|0x000000044ec00000, 0x000000044ec00000, 0x000000044f000000|  0%| F|  |TAMS 0x000000044ec00000, 0x000000044ec00000| Untracked 
| 240|0x000000044f000000, 0x000000044f000000, 0x000000044f400000|  0%| F|  |TAMS 0x000000044f000000, 0x000000044f000000| Untracked 
| 241|0x000000044f400000, 0x000000044f400000, 0x000000044f800000|  0%| F|  |TAMS 0x000000044f400000, 0x000000044f400000| Untracked 
| 242|0x000000044f800000, 0x000000044f800000, 0x000000044fc00000|  0%| F|  |TAMS 0x000000044f800000, 0x000000044f800000| Untracked 
| 243|0x000000044fc00000, 0x000000044fc00000, 0x0000000450000000|  0%| F|  |TAMS 0x000000044fc00000, 0x000000044fc00000| Untracked 
| 244|0x0000000450000000, 0x0000000450000000, 0x0000000450400000|  0%| F|  |TAMS 0x0000000450000000, 0x0000000450000000| Untracked 
| 245|0x0000000450400000, 0x0000000450400000, 0x0000000450800000|  0%| F|  |TAMS 0x0000000450400000, 0x0000000450400000| Untracked 
| 246|0x0000000450800000, 0x0000000450800000, 0x0000000450c00000|  0%| F|  |TAMS 0x0000000450800000, 0x0000000450800000| Untracked 
| 247|0x0000000450c00000, 0x0000000450c00000, 0x0000000451000000|  0%| F|  |TAMS 0x0000000450c00000, 0x0000000450c00000| Untracked 
| 248|0x0000000451000000, 0x0000000451000000, 0x0000000451400000|  0%| F|  |TAMS 0x0000000451000000, 0x0000000451000000| Untracked 
| 249|0x0000000451400000, 0x00000004517d98d8, 0x0000000451800000| 96%| E|  |TAMS 0x0000000451400000, 0x0000000451400000| Complete 
| 250|0x0000000451800000, 0x0000000451c00000, 0x0000000451c00000|100%| E|CS|TAMS 0x0000000451800000, 0x0000000451800000| Complete 
| 251|0x0000000451c00000, 0x0000000452000000, 0x0000000452000000|100%| E|CS|TAMS 0x0000000451c00000, 0x0000000451c00000| Complete 
|3762|0x00000007bf800000, 0x00000007bf847000, 0x00000007bfc00000|  6%|OA|  |TAMS 0x00000007bf800000, 0x00000007bf800000| Untracked 
|3763|0x00000007bfc00000, 0x00000007bfc6b000, 0x00000007c0000000| 10%|CA|  |TAMS 0x00000007bfc00000, 0x00000007bfc00000| Untracked 

Card table byte_map: [0x00007f3fe0130000,0x00007f3fe2098000] _byte_map_base: 0x00007f3fde098000

Marking Bits (Prev, Next): (CMBitMap*) 0x00007f400005cee8, (CMBitMap*) 0x00007f400005cf20
 Prev Bits: [0x00007f3fce688000, 0x00007f3fde1c8000)
 Next Bits: [0x00007f3fbeb48000, 0x00007f3fce688000)

Polling page: 0x00007f4007d63000

Metaspace:

Usage:
  Non-class:      5.22 MB capacity,     3.42 MB ( 65%) used,     1.80 MB ( 34%) free+waste,     6.81 KB ( <1%) overhead. 
      Class:    575.00 KB capacity,   370.61 KB ( 64%) used,   200.45 KB ( 35%) free+waste,     3.94 KB ( <1%) overhead. 
       Both:      5.78 MB capacity,     3.78 MB ( 65%) used,     1.99 MB ( 34%) free+waste,    10.75 KB ( <1%) overhead. 

Virtual space:
  Non-class space:        8.00 MB reserved,       5.50 MB ( 69%) committed 
      Class space:        1.00 GB reserved,     640.00 KB ( <1%) committed 
             Both:        1.01 GB reserved,       6.12 MB ( <1%) committed 

Chunk freelists:
   Non-Class:  48.00 KB
       Class:  1.00 KB
        Both:  49.00 KB

MaxMetaspaceSize: unlimited
CompressedClassSpaceSize: 1.00 GB

CodeHeap 'non-profiled nmethods': size=118884Kb used=171Kb max_used=171Kb free=118712Kb
 bounds [0x00007f3ff045f000, 0x00007f3ff06cf000, 0x00007f3ff7878000]
CodeHeap 'profiled nmethods': size=118884Kb used=1408Kb max_used=1408Kb free=117475Kb
 bounds [0x00007f3fe9046000, 0x00007f3fe92b6000, 0x00007f3ff045f000]
CodeHeap 'non-nmethods': size=7992Kb used=3359Kb max_used=3371Kb free=4632Kb
 bounds [0x00007f3fe8878000, 0x00007f3fe8bc8000, 0x00007f3fe9046000]
 total_blobs=1232 nmethods=799 adapters=342
 compilation: enabled
              stopped_count=0, restarted_count=0
 full_count=0

Compilation events (20 events):
Event: 2.133 Thread 0x00007f3f90031000 nmethod 761 0x00007f3fe9196290 code [0x00007f3fe9196440, 0x00007f3fe9196620]
Event: 2.134 Thread 0x00007f3f9002d000  762       3       java.nio.ByteBuffer::array (35 bytes)
Event: 2.134 Thread 0x00007f4000286800  765       4       java.lang.String::equals (65 bytes)
Event: 2.134 Thread 0x00007f3f9002d000 nmethod 762 0x00007f3fe9196710 code [0x00007f3fe91968e0, 0x00007f3fe9196bd0]
Event: 2.135 Thread 0x00007f4000288800  766   !   3       java.nio.charset.Charset::defaultCharset (53 bytes)
Event: 2.135 Thread 0x00007f3f9002b800  767       3       java.lang.String::toString (2 bytes)
Event: 2.135 Thread 0x00007f3f90031000  768       3       java.lang.String::<init> (38 bytes)
Event: 2.135 Thread 0x00007f3f9002d000  769       3       java.lang.StringCoding::decode (112 bytes)
Event: 2.135 Thread 0x00007f3f9002f000  770       3       java.util.concurrent.ThreadLocalRandom::nextSeed (32 bytes)
Event: 2.135 Thread 0x00007f3f9002b800 nmethod 767 0x00007f3fe9196d10 code [0x00007f3fe9196ec0, 0x00007f3fe9196fd0]
Event: 2.135 Thread 0x00007f3f9002b800  771       3       java.util.concurrent.ThreadLocalRandom::current (22 bytes)
Event: 2.135 Thread 0x00007f3f9002f000 nmethod 770 0x00007f3fe9197090 code [0x00007f3fe9197240, 0x00007f3fe9197390]
Event: 2.135 Thread 0x00007f3f90031000 nmethod 768 0x00007f3fe9197410 code [0x00007f3fe91975e0, 0x00007f3fe9197850]
Event: 2.135 Thread 0x00007f3f9002b800 nmethod 771 0x00007f3fe9197990 code [0x00007f3fe9197b40, 0x00007f3fe9197ca0]
Event: 2.135 Thread 0x00007f4000286800 nmethod 765 0x00007f3ff0488d90 code [0x00007f3ff0488f20, 0x00007f3ff0489118]
Event: 2.135 Thread 0x00007f4000288800 nmethod 766 0x00007f3fe9197d10 code [0x00007f3fe9197f80, 0x00007f3fe9198b00]
Event: 2.136 Thread 0x00007f3f9002d000 nmethod 769 0x00007f3fe9198e90 code [0x00007f3fe91991a0, 0x00007f3fe919a1f0]
Event: 2.138 Thread 0x00007f3f9002f000  773       3       site.ycsb.ByteIterator::<init> (5 bytes)
Event: 2.138 Thread 0x00007f3f9002f000 nmethod 773 0x00007f3fe919a790 code [0x00007f3fe919a940, 0x00007f3fe919aab0]
Event: 2.138 Thread 0x00007f3f90031000  774       3       site.ycsb.ByteArrayByteIterator::<init> (27 bytes)

GC Heap History (0 events):
No events

Deoptimization events (10 events):
Event: 0.833 Thread 0x00007f4000016000 DEOPT PACKING pc=0x00007f3fe9061d8b sp=0x00007f400652c6d0
Event: 0.833 Thread 0x00007f4000016000 DEOPT UNPACKING pc=0x00007f3fe889e14a sp=0x00007f400652bb90 mode 0
Event: 0.833 Thread 0x00007f4000016000 DEOPT PACKING pc=0x00007f3fe90629c3 sp=0x00007f400652c6a0
Event: 0.833 Thread 0x00007f4000016000 DEOPT UNPACKING pc=0x00007f3fe889e14a sp=0x00007f400652bb90 mode 0
Event: 0.833 Thread 0x00007f4000016000 DEOPT PACKING pc=0x00007f3fe9061d8b sp=0x00007f400652c6d0
Event: 0.833 Thread 0x00007f4000016000 DEOPT UNPACKING pc=0x00007f3fe889e14a sp=0x00007f400652bb90 mode 0
Event: 1.335 Thread 0x00007f4000447000 Uncommon trap: trap_request=0xffffff4d fr.pc=0x00007f3ff0463ca4 relative=0x0000000000000084
Event: 1.335 Thread 0x00007f4000447000 Uncommon trap: reason=unstable_if action=reinterpret pc=0x00007f3ff0463ca4 method=java.lang.String.isLatin1()Z @ 10 c2
Event: 1.335 Thread 0x00007f4000447000 DEOPT PACKING pc=0x00007f3ff0463ca4 sp=0x00007f3fb6483280
Event: 1.335 Thread 0x00007f4000447000 DEOPT UNPACKING pc=0x00007f3fe889d9a5 sp=0x00007f3fb64831e0 mode 2

Classes redefined (0 events):
No events

Internal exceptions (9 events):
Event: 0.565 Thread 0x00007f4000016000 Exception <a 'java/security/PrivilegedActionException'{0x0000000451c505f8}> (0x0000000451c505f8) thrown at [src/hotspot/share/prims/jvm.cpp, line 1304]
Event: 0.565 Thread 0x00007f4000016000 Exception <a 'java/security/PrivilegedActionException'{0x0000000451c508c8}> (0x0000000451c508c8) thrown at [src/hotspot/share/prims/jvm.cpp, line 1304]
Event: 0.865 Thread 0x00007f4000016000 Exception <a 'java/lang/NoClassDefFoundError'{0x0000000451faa200}: org/apache/log4j/Category> (0x0000000451faa200) thrown at [src/hotspot/share/classfile/systemDictionary.cpp, line 220]
Event: 0.975 Thread 0x00007f40002ee800 Exception <a 'java/lang/InterruptedException'{0x00000004519f64b0}: sleep interrupted> (0x00000004519f64b0) thrown at [src/hotspot/share/prims/jvm.cpp, line 3125]
Event: 1.066 Thread 0x00007f4000016000 Exception <a 'java/lang/NoSuchMethodError'{0x0000000451b480b8}: 'java.lang.Object java.lang.invoke.DirectMethodHandle$Holder.invokeStaticInit(java.lang.Object, java.lang.Object, long, java.lang.Object)'> (0x0000000451b480b8) thrown at [src/hotspot/share/interpreter/linkResolver.cpp, line 772]
Event: 1.068 Thread 0x00007f4000016000 Exception <a 'java/lang/NoSuchMethodError'{0x0000000451b541e0}: 'java.lang.Object java.lang.invoke.Invokers$Holder.linkToTargetMethod(java.lang.Object, long, java.lang.Object)'> (0x0000000451b541e0) thrown at [src/hotspot/share/interpreter/linkResolver.cpp, line 772]
Event: 1.082 Thread 0x00007f4000016000 Exception <a 'java/lang/NoSuchMethodError'{0x0000000451b5b4f8}: 'java.lang.Object java.lang.invoke.DirectMethodHandle$Holder.invokeStatic(java.lang.Object, java.lang.Object, java.lang.Object, int)'> (0x0000000451b5b4f8) thrown at [src/hotspot/share/interpreter/linkResolver.cpp, line 772]
Event: 1.083 Thread 0x00007f4000016000 Exception <a 'java/lang/NoSuchMethodError'{0x0000000451b5f170}: 'java.lang.Object java.lang.invoke.DirectMethodHandle$Holder.invokeSpecial(java.lang.Object, java.lang.Object, java.lang.Object, java.lang.Object, int)'> (0x0000000451b5f170) thrown at [src/hotspot/share/interpreter/linkResolver.cpp, line 772]
Event: 1.083 Thread 0x00007f4000016000 Exception <a 'java/lang/NoSuchMethodError'{0x0000000451b62608}: 'java.lang.Object java.lang.invoke.Invokers$Holder.linkToTargetMethod(java.lang.Object, java.lang.Object, int, java.lang.Object)'> (0x0000000451b62608) thrown at [src/hotspot/share/interpreter/linkResolver.cpp, line 772]

Events (20 events):
Event: 2.108 loading class org/HdrHistogram/PercentileIterator done
Event: 2.108 Executing VM operation: RevokeBias done
Event: 2.108 loading class org/HdrHistogram/AbstractHistogramIterator
Event: 2.108 loading class org/HdrHistogram/AbstractHistogramIterator done
Event: 2.108 loading class java/util/ConcurrentModificationException
Event: 2.108 loading class java/util/ConcurrentModificationException done
Event: 2.109 Executing VM operation: RevokeBias
Event: 2.109 loading class org/HdrHistogram/HistogramIterationValue
Event: 2.109 Executing VM operation: RevokeBias done
Event: 2.109 loading class org/HdrHistogram/HistogramIterationValue done
Event: 2.109 loading class org/HdrHistogram/RecordedValuesIterator
Event: 2.109 Executing VM operation: RevokeBias
Event: 2.109 loading class org/HdrHistogram/RecordedValuesIterator done
Event: 2.109 Executing VM operation: RevokeBias done
Event: 2.109 Executing VM operation: RevokeBias
Event: 2.109 Executing VM operation: RevokeBias done
Event: 2.109 loading class java/lang/invoke/VarHandleLongs$Array
Event: 2.119 loading class java/lang/invoke/VarHandleLongs$Array done
Event: 2.122 Executing VM operation: RevokeBias
Event: 2.122 Executing VM operation: RevokeBias done


Dynamic libraries:
413000000-452000000 rw-p 00000000 00:00 0 
452000000-7bf800000 ---p 00000000 00:00 0 
7bf800000-7bf847000 rw-p 01111000 fd:00 10618147                         /usr/lib/jvm/java-11-openjdk-amd64/lib/server/classes.jsa
7bf847000-7bfc00000 rw-p 00000000 00:00 0 
7bfc00000-7bfc6b000 rw-p 010a6000 fd:00 10618147                         /usr/lib/jvm/java-11-openjdk-amd64/lib/server/classes.jsa
7bfc6b000-7c0000000 rw-p 00000000 00:00 0 
7c0000000-800000000 ---p 00000000 00:00 0 
800000000-800002000 rwxp 00001000 fd:00 10618147                         /usr/lib/jvm/java-11-openjdk-amd64/lib/server/classes.jsa
800002000-8003b9000 rw-p 00003000 fd:00 10618147                         /usr/lib/jvm/java-11-openjdk-amd64/lib/server/classes.jsa
8003b9000-800a96000 r--p 003ba000 fd:00 10618147                         /usr/lib/jvm/java-11-openjdk-amd64/lib/server/classes.jsa
800a96000-800a97000 rw-p 00a97000 fd:00 10618147                         /usr/lib/jvm/java-11-openjdk-amd64/lib/server/classes.jsa
800a97000-8010a5000 r--p 00a98000 fd:00 10618147                         /usr/lib/jvm/java-11-openjdk-amd64/lib/server/classes.jsa
840000000-8400a0000 rw-p 00000000 00:00 0 
8400a0000-880000000 ---p 00000000 00:00 0 
55ebfd90e000-55ebfd90f000 r--p 00000000 fd:00 10620091                   /usr/lib/jvm/java-11-openjdk-amd64/bin/java
55ebfd90f000-55ebfd910000 r-xp 00001000 fd:00 10620091                   /usr/lib/jvm/java-11-openjdk-amd64/bin/java
55ebfd910000-55ebfd911000 r--p 00002000 fd:00 10620091                   /usr/lib/jvm/java-11-openjdk-amd64/bin/java
55ebfd911000-55ebfd912000 r--p 00002000 fd:00 10620091                   /usr/lib/jvm/java-11-openjdk-amd64/bin/java
55ebfd912000-55ebfd913000 rw-p 00003000 fd:00 10620091                   /usr/lib/jvm/java-11-openjdk-amd64/bin/java
55ebfdb72000-55ebfdb93000 rw-p 00000000 00:00 0                          [heap]
7f3eb0000000-7f3eb0021000 rw-p 00000000 00:00 0 
7f3eb0021000-7f3eb4000000 ---p 00000000 00:00 0 
7f3eb8000000-7f3eb8021000 rw-p 00000000 00:00 0 
7f3eb8021000-7f3ebc000000 ---p 00000000 00:00 0 
7f3ebc000000-7f3ebc021000 rw-p 00000000 00:00 0 
7f3ebc021000-7f3ec0000000 ---p 00000000 00:00 0 
7f3ec0000000-7f3ec0021000 rw-p 00000000 00:00 0 
7f3ec0021000-7f3ec4000000 ---p 00000000 00:00 0 
7f3ec4000000-7f3ec4021000 rw-p 00000000 00:00 0 
7f3ec4021000-7f3ec8000000 ---p 00000000 00:00 0 
7f3ec8000000-7f3ec8021000 rw-p 00000000 00:00 0 
7f3ec8021000-7f3ecc000000 ---p 00000000 00:00 0 
7f3ecc000000-7f3ecc021000 rw-p 00000000 00:00 0 
7f3ecc021000-7f3ed0000000 ---p 00000000 00:00 0 
7f3ed0000000-7f3ed0029000 rw-p 00000000 00:00 0 
7f3ed0029000-7f3ed4000000 ---p 00000000 00:00 0 
7f3ed8000000-7f3ed8021000 rw-p 00000000 00:00 0 
7f3ed8021000-7f3edc000000 ---p 00000000 00:00 0 
7f3edc000000-7f3edc021000 rw-p 00000000 00:00 0 
7f3edc021000-7f3ee0000000 ---p 00000000 00:00 0 
7f3ee0000000-7f3ee0021000 rw-p 00000000 00:00 0 
7f3ee0021000-7f3ee4000000 ---p 00000000 00:00 0 
7f3ee4000000-7f3ee4021000 rw-p 00000000 00:00 0 
7f3ee4021000-7f3ee8000000 ---p 00000000 00:00 0 
7f3ee8000000-7f3ee8021000 rw-p 00000000 00:00 0 
7f3ee8021000-7f3eec000000 ---p 00000000 00:00 0 
7f3eec000000-7f3eec021000 rw-p 00000000 00:00 0 
7f3eec021000-7f3ef0000000 ---p 00000000 00:00 0 
7f3ef27fd000-7f3ef27fe000 ---p 00000000 00:00 0 
7f3ef27fe000-7f3ef2ffe000 rw-p 00000000 00:00 0 
7f3ef2ffe000-7f3ef2fff000 ---p 00000000 00:00 0 
7f3ef2fff000-7f3ef37ff000 rw-p 00000000 00:00 0 
7f3ef37ff000-7f3ef3800000 ---p 00000000 00:00 0 
7f3ef3800000-7f3ef4000000 rw-p 00000000 00:00 0 
7f3ef4000000-7f3ef4021000 rw-p 00000000 00:00 0 
7f3ef4021000-7f3ef8000000 ---p 00000000 00:00 0 
7f3ef87f9000-7f3ef87fa000 ---p 00000000 00:00 0 
7f3ef87fa000-7f3ef8ffa000 rw-p 00000000 00:00 0 
7f3efc000000-7f3efc021000 rw-p 00000000 00:00 0 
7f3efc021000-7f3f00000000 ---p 00000000 00:00 0 
7f3f00000000-7f3f00021000 rw-p 00000000 00:00 0 
7f3f00021000-7f3f04000000 ---p 00000000 00:00 0 
7f3f04000000-7f3f04021000 rw-p 00000000 00:00 0 
7f3f04021000-7f3f08000000 ---p 00000000 00:00 0 
7f3f08000000-7f3f08021000 rw-p 00000000 00:00 0 
7f3f08021000-7f3f0c000000 ---p 00000000 00:00 0 
7f3f0c000000-7f3f0c021000 rw-p 00000000 00:00 0 
7f3f0c021000-7f3f10000000 ---p 00000000 00:00 0 
7f3f10000000-7f3f10021000 rw-p 00000000 00:00 0 
7f3f10021000-7f3f14000000 ---p 00000000 00:00 0 
7f3f14000000-7f3f14021000 rw-p 00000000 00:00 0 
7f3f14021000-7f3f18000000 ---p 00000000 00:00 0 
7f3f18000000-7f3f18021000 rw-p 00000000 00:00 0 
7f3f18021000-7f3f1c000000 ---p 00000000 00:00 0 
7f3f1cffa000-7f3f1cffb000 ---p 00000000 00:00 0 
7f3f1cffb000-7f3f1d7fb000 rw-p 00000000 00:00 0 
7f3f1d7fb000-7f3f1d7fc000 ---p 00000000 00:00 0 
7f3f1d7fc000-7f3f1dffc000 rw-p 00000000 00:00 0 
7f3f1dffc000-7f3f1dffd000 ---p 00000000 00:00 0 
7f3f1dffd000-7f3f1e7fd000 rw-p 00000000 00:00 0 
7f3f1e7fd000-7f3f1e7fe000 ---p 00000000 00:00 0 
7f3f1e7fe000-7f3f1effe000 rw-p 00000000 00:00 0 
7f3f1effe000-7f3f1efff000 ---p 00000000 00:00 0 
7f3f1efff000-7f3f1f7ff000 rw-p 00000000 00:00 0 
7f3f1f7ff000-7f3f1f800000 ---p 00000000 00:00 0 
7f3f1f800000-7f3f20000000 rw-p 00000000 00:00 0 
7f3f20000000-7f3f20021000 rw-p 00000000 00:00 0 
7f3f20021000-7f3f24000000 ---p 00000000 00:00 0 
7f3f24000000-7f3f24021000 rw-p 00000000 00:00 0 
7f3f24021000-7f3f28000000 ---p 00000000 00:00 0 
7f3f28000000-7f3f28021000 rw-p 00000000 00:00 0 
7f3f28021000-7f3f2c000000 ---p 00000000 00:00 0 
7f3f2c000000-7f3f2c021000 rw-p 00000000 00:00 0 
7f3f2c021000-7f3f30000000 ---p 00000000 00:00 0 
7f3f30000000-7f3f30021000 rw-p 00000000 00:00 0 
7f3f30021000-7f3f34000000 ---p 00000000 00:00 0 
7f3f347f9000-7f3f347fa000 ---p 00000000 00:00 0 
7f3f347fa000-7f3f34ffa000 rw-p 00000000 00:00 0 
7f3f34ffa000-7f3f34ffb000 ---p 00000000 00:00 0 
7f3f34ffb000-7f3f357fb000 rw-p 00000000 00:00 0 
7f3f357fb000-7f3f357fc000 ---p 00000000 00:00 0 
7f3f357fc000-7f3f35ffc000 rw-p 00000000 00:00 0 
7f3f35ffc000-7f3f35ffd000 ---p 00000000 00:00 0 
7f3f35ffd000-7f3f367fd000 rw-p 00000000 00:00 0 
7f3f367fd000-7f3f367fe000 ---p 00000000 00:00 0 
7f3f367fe000-7f3f36ffe000 rw-p 00000000 00:00 0 
7f3f36ffe000-7f3f36fff000 ---p 00000000 00:00 0 
7f3f36fff000-7f3f377ff000 rw-p 00000000 00:00 0 
7f3f377ff000-7f3f37800000 ---p 00000000 00:00 0 
7f3f37800000-7f3f38000000 rw-p 00000000 00:00 0 
7f3f38000000-7f3f38021000 rw-p 00000000 00:00 0 
7f3f38021000-7f3f3c000000 ---p 00000000 00:00 0 
7f3f3c000000-7f3f3c021000 rw-p 00000000 00:00 0 
7f3f3c021000-7f3f40000000 ---p 00000000 00:00 0 
7f3f40000000-7f3f40021000 rw-p 00000000 00:00 0 
7f3f40021000-7f3f44000000 ---p 00000000 00:00 0 
7f3f44000000-7f3f44021000 rw-p 00000000 00:00 0 
7f3f44021000-7f3f48000000 ---p 00000000 00:00 0 
7f3f48000000-7f3f48021000 rw-p 00000000 00:00 0 
7f3f48021000-7f3f4c000000 ---p 00000000 00:00 0 
7f3f4c000000-7f3f4c021000 rw-p 00000000 00:00 0 
7f3f4c021000-7f3f50000000 ---p 00000000 00:00 0 
7f3f50000000-7f3f50021000 rw-p 00000000 00:00 0 
7f3f50021000-7f3f54000000 ---p 00000000 00:00 0 
7f3f54000000-7f3f54aba000 rw-p 00000000 00:00 0 
7f3f54aba000-7f3f58000000 ---p 00000000 00:00 0 
7f3f5859c000-7f3f587f9000 rw-p 00000000 00:00 0 
7f3f587f9000-7f3f587fa000 ---p 00000000 00:00 0 
7f3f587fa000-7f3f58ffa000 rw-p 00000000 00:00 0 
7f3f58ffa000-7f3f58ffb000 ---p 00000000 00:00 0 
7f3f58ffb000-7f3f597fb000 rw-p 00000000 00:00 0 
7f3f597fb000-7f3f597fc000 ---p 00000000 00:00 0 
7f3f597fc000-7f3f59ffc000 rw-p 00000000 00:00 0 
7f3f59ffc000-7f3f59ffd000 ---p 00000000 00:00 0 
7f3f59ffd000-7f3f5a7fd000 rw-p 00000000 00:00 0 
7f3f5a7fd000-7f3f5a7fe000 ---p 00000000 00:00 0 
7f3f5a7fe000-7f3f5affe000 rw-p 00000000 00:00 0 
7f3f5affe000-7f3f5afff000 ---p 00000000 00:00 0 
7f3f5afff000-7f3f5b7ff000 rw-p 00000000 00:00 0 
7f3f5b7ff000-7f3f5b800000 ---p 00000000 00:00 0 
7f3f5b800000-7f3f5c000000 rw-p 00000000 00:00 0 
7f3f5c000000-7f3f5d76c000 rw-p 00000000 00:00 0 
7f3f5d76c000-7f3f60000000 ---p 00000000 00:00 0 
7f3f60000000-7f3f60aba000 rw-p 00000000 00:00 0 
7f3f60aba000-7f3f64000000 ---p 00000000 00:00 0 
7f3f64000000-7f3f64021000 rw-p 00000000 00:00 0 
7f3f64021000-7f3f68000000 ---p 00000000 00:00 0 
7f3f68000000-7f3f6b353000 rw-p 00000000 00:00 0 
7f3f6b353000-7f3f6c000000 ---p 00000000 00:00 0 
7f3f6c000000-7f3f6c021000 rw-p 00000000 00:00 0 
7f3f6c021000-7f3f70000000 ---p 00000000 00:00 0 
7f3f70000000-7f3f70021000 rw-p 00000000 00:00 0 
7f3f70021000-7f3f74000000 ---p 00000000 00:00 0 
7f3f74000000-7f3f74059000 rw-p 00000000 00:00 0 
7f3f74059000-7f3f78000000 ---p 00000000 00:00 0 
7f3f78000000-7f3f78021000 rw-p 00000000 00:00 0 
7f3f78021000-7f3f7c000000 ---p 00000000 00:00 0 
7f3f7c000000-7f3f7c0b1000 rw-p 00000000 00:00 0 
7f3f7c0b1000-7f3f80000000 ---p 00000000 00:00 0 
7f3f80000000-7f3f800c3000 rw-p 00000000 00:00 0 
7f3f800c3000-7f3f84000000 ---p 00000000 00:00 0 
7f3f84000000-7f3f84021000 rw-p 00000000 00:00 0 
7f3f84021000-7f3f88000000 ---p 00000000 00:00 0 
7f3f88000000-7f3f88119000 rw-p 00000000 00:00 0 
7f3f88119000-7f3f8c000000 ---p 00000000 00:00 0 
7f3f8c000000-7f3f8c08a000 rw-p 00000000 00:00 0 
7f3f8c08a000-7f3f90000000 ---p 00000000 00:00 0 
7f3f90000000-7f3f90062000 rw-p 00000000 00:00 0 
7f3f90062000-7f3f94000000 ---p 00000000 00:00 0 
7f3f94000000-7f3f94021000 rw-p 00000000 00:00 0 
7f3f94021000-7f3f98000000 ---p 00000000 00:00 0 
7f3f98000000-7f3f98021000 rw-p 00000000 00:00 0 
7f3f98021000-7f3f9c000000 ---p 00000000 00:00 0 
7f3f9c000000-7f3f9c021000 rw-p 00000000 00:00 0 
7f3f9c021000-7f3fa0000000 ---p 00000000 00:00 0 
7f3fa0000000-7f3fa0021000 rw-p 00000000 00:00 0 
7f3fa0021000-7f3fa4000000 ---p 00000000 00:00 0 
7f3fa4000000-7f3fa4021000 rw-p 00000000 00:00 0 
7f3fa4021000-7f3fa8000000 ---p 00000000 00:00 0 
7f3fa8000000-7f3fa8021000 rw-p 00000000 00:00 0 
7f3fa8021000-7f3fac000000 ---p 00000000 00:00 0 
7f3fac000000-7f3fac021000 rw-p 00000000 00:00 0 
7f3fac021000-7f3fb0000000 ---p 00000000 00:00 0 
7f3fb0000000-7f3fb0021000 rw-p 00000000 00:00 0 
7f3fb0021000-7f3fb4000000 ---p 00000000 00:00 0 
7f3fb4541000-7f3fb4542000 ---p 00000000 00:00 0 
7f3fb4542000-7f3fb4549000 rw-p 00000000 00:00 0 
7f3fb4549000-7f3fb454a000 ---p 00000000 00:00 0 
7f3fb454a000-7f3fb4551000 rw-p 00000000 00:00 0 
7f3fb4551000-7f3fb4552000 ---p 00000000 00:00 0 
7f3fb4552000-7f3fb4d52000 rw-p 00000000 00:00 0 
7f3fb4d52000-7f3fb4d53000 ---p 00000000 00:00 0 
7f3fb4d53000-7f3fb56ef000 rw-p 00000000 00:00 0 
7f3fb56ef000-7f3fb56f3000 ---p 00000000 00:00 0 
7f3fb56f3000-7f3fb57f0000 rw-p 00000000 00:00 0 
7f3fb57f0000-7f3fb57f4000 ---p 00000000 00:00 0 
7f3fb57f4000-7f3fb58f1000 rw-p 00000000 00:00 0 
7f3fb58f1000-7f3fb5ac4000 r--p 00000000 fd:00 3145779                    /tmp/librocksdbjni8504496959184155292.so
7f3fb5ac4000-7f3fb611b000 r-xp 001d3000 fd:00 3145779                    /tmp/librocksdbjni8504496959184155292.so
7f3fb611b000-7f3fb6228000 r--p 0082a000 fd:00 3145779                    /tmp/librocksdbjni8504496959184155292.so
7f3fb6228000-7f3fb6240000 r--p 00936000 fd:00 3145779                    /tmp/librocksdbjni8504496959184155292.so
7f3fb6240000-7f3fb624c000 rw-p 0094e000 fd:00 3145779                    /tmp/librocksdbjni8504496959184155292.so
7f3fb624c000-7f3fb6298000 rw-p 00000000 00:00 0 
7f3fb6298000-7f3fb629c000 ---p 00000000 00:00 0 
7f3fb629c000-7f3fb62ba000 rw-p 00000000 00:00 0 
7f3fb62ba000-7f3fb62be000 r--p 00000000 fd:00 7086119                    /usr/lib/x86_64-linux-gnu/libzstd.so.1.4.4
7f3fb62be000-7f3fb6350000 r-xp 00004000 fd:00 7086119                    /usr/lib/x86_64-linux-gnu/libzstd.so.1.4.4
7f3fb6350000-7f3fb6361000 r--p 00096000 fd:00 7086119                    /usr/lib/x86_64-linux-gnu/libzstd.so.1.4.4
7f3fb6361000-7f3fb6362000 r--p 000a6000 fd:00 7086119                    /usr/lib/x86_64-linux-gnu/libzstd.so.1.4.4
7f3fb6362000-7f3fb6363000 rw-p 000a7000 fd:00 7086119                    /usr/lib/x86_64-linux-gnu/libzstd.so.1.4.4
7f3fb6363000-7f3fb6365000 r--p 00000000 fd:00 7084550                    /usr/lib/x86_64-linux-gnu/liblz4.so.1.9.2
7f3fb6365000-7f3fb637f000 r-xp 00002000 fd:00 7084550                    /usr/lib/x86_64-linux-gnu/liblz4.so.1.9.2
7f3fb637f000-7f3fb6382000 r--p 0001c000 fd:00 7084550                    /usr/lib/x86_64-linux-gnu/liblz4.so.1.9.2
7f3fb6382000-7f3fb6383000 r--p 0001e000 fd:00 7084550                    /usr/lib/x86_64-linux-gnu/liblz4.so.1.9.2
7f3fb6383000-7f3fb6384000 rw-p 0001f000 fd:00 7084550                    /usr/lib/x86_64-linux-gnu/liblz4.so.1.9.2
7f3fb6384000-7f3fb6388000 ---p 00000000 00:00 0 
7f3fb6388000-7f3fb6485000 rw-p 00000000 00:00 0 
7f3fb6485000-7f3fb6489000 ---p 00000000 00:00 0 
7f3fb6489000-7f3fb6586000 rw-p 00000000 00:00 0 
7f3fb6586000-7f3fb6587000 ---p 00000000 00:00 0 
7f3fb6587000-7f3fb6688000 rw-p 00000000 00:00 0 
7f3fb6688000-7f3fb668c000 ---p 00000000 00:00 0 
7f3fb668c000-7f3fb6789000 rw-p 00000000 00:00 0 
7f3fb6789000-7f3fb678d000 ---p 00000000 00:00 0 
7f3fb678d000-7f3fb688a000 rw-p 00000000 00:00 0 
7f3fb688a000-7f3fb688e000 ---p 00000000 00:00 0 
7f3fb688e000-7f3fb698b000 rw-p 00000000 00:00 0 
7f3fb698b000-7f3fb698f000 ---p 00000000 00:00 0 
7f3fb698f000-7f3fb6a8c000 rw-p 00000000 00:00 0 
7f3fb6a8c000-7f3fb6a90000 ---p 00000000 00:00 0 
7f3fb6a90000-7f3fb6b8d000 rw-p 00000000 00:00 0 
7f3fb6b8d000-7f3fb6b91000 ---p 00000000 00:00 0 
7f3fb6b91000-7f3fb6c8e000 rw-p 00000000 00:00 0 
7f3fb6c8e000-7f3fb6c92000 ---p 00000000 00:00 0 
7f3fb6c92000-7f3fb6d8f000 rw-p 00000000 00:00 0 
7f3fb6d8f000-7f3fb6d93000 ---p 00000000 00:00 0 
7f3fb6d93000-7f3fb6e90000 rw-p 00000000 00:00 0 
7f3fb6e90000-7f3fb6e94000 ---p 00000000 00:00 0 
7f3fb6e94000-7f3fb6f91000 rw-p 00000000 00:00 0 
7f3fb6f91000-7f3fb7277000 r--p 00000000 fd:00 7081580                    /usr/lib/locale/locale-archive
7f3fb7277000-7f3fb727b000 ---p 00000000 00:00 0 
7f3fb727b000-7f3fb7378000 rw-p 00000000 00:00 0 
7f3fb7378000-7f3fb737c000 ---p 00000000 00:00 0 
7f3fb737c000-7f3fb7479000 rw-p 00000000 00:00 0 
7f3fb7479000-7f3fb747a000 ---p 00000000 00:00 0 
7f3fb747a000-7f3fb7b7c000 rw-p 00000000 00:00 0 
7f3fb7b7c000-7f3fb7dfc000 ---p 00000000 00:00 0 
7f3fb7dfc000-7f3fb7dfd000 ---p 00000000 00:00 0 
7f3fb7dfd000-7f3fb7efe000 rw-p 00000000 00:00 0 
7f3fb7efe000-7f3fb7eff000 ---p 00000000 00:00 0 
7f3fb7eff000-7f3fb8000000 rw-p 00000000 00:00 0 
7f3fb8000000-7f3fb8021000 rw-p 00000000 00:00 0 
7f3fb8021000-7f3fbc000000 ---p 00000000 00:00 0 
7f3fbc004000-7f3fbc005000 ---p 00000000 00:00 0 
7f3fbc005000-7f3fbfb08000 rw-p 00000000 00:00 0 
7f3fbfb08000-7f3fcd668000 ---p 00000000 00:00 0 
7f3fcd668000-7f3fcd688000 rw-p 00000000 00:00 0 
7f3fcd688000-7f3fce688000 ---p 00000000 00:00 0 
7f3fce688000-7f3fcf648000 rw-p 00000000 00:00 0 
7f3fcf648000-7f3fdd1a8000 ---p 00000000 00:00 0 
7f3fdd1a8000-7f3fdd1c8000 rw-p 00000000 00:00 0 
7f3fdd1c8000-7f3fde1c8000 ---p 00000000 00:00 0 
7f3fde1c8000-7f3fde3c0000 rw-p 00000000 00:00 0 
7f3fde3c0000-7f3fdff2c000 ---p 00000000 00:00 0 
7f3fdff2c000-7f3fdff30000 rw-p 00000000 00:00 0 
7f3fdff30000-7f3fe0130000 ---p 00000000 00:00 0 
7f3fe0130000-7f3fe0328000 rw-p 00000000 00:00 0 
7f3fe0328000-7f3fe1e94000 ---p 00000000 00:00 0 
7f3fe1e94000-7f3fe1e98000 rw-p 00000000 00:00 0 
7f3fe1e98000-7f3fe2098000 ---p 00000000 00:00 0 
7f3fe2098000-7f3fe2290000 rw-p 00000000 00:00 0 
7f3fe2290000-7f3fe3dfc000 ---p 00000000 00:00 0 
7f3fe3dfc000-7f3fe3e00000 rw-p 00000000 00:00 0 
7f3fe3e00000-7f3fe4000000 ---p 00000000 00:00 0 
7f3fe4000000-7f3fe4021000 rw-p 00000000 00:00 0 
7f3fe4021000-7f3fe8000000 ---p 00000000 00:00 0 
7f3fe8005000-7f3fe8006000 ---p 00000000 00:00 0 
7f3fe8006000-7f3fe800d000 rw-p 00000000 00:00 0 
7f3fe800d000-7f3fe800e000 ---p 00000000 00:00 0 
7f3fe800e000-7f3fe8878000 rw-p 00000000 00:00 0 
7f3fe8878000-7f3fe8bc8000 rwxp 00000000 00:00 0 
7f3fe8bc8000-7f3fe9046000 ---p 00000000 00:00 0 
7f3fe9046000-7f3fe92b6000 rwxp 00000000 00:00 0 
7f3fe92b6000-7f3ff045f000 ---p 00000000 00:00 0 
7f3ff045f000-7f3ff06cf000 rwxp 00000000 00:00 0 
7f3ff06cf000-7f3ff7878000 ---p 00000000 00:00 0 
7f3ff7878000-7f4000000000 r--s 00000000 fd:00 10620259                   /usr/lib/jvm/java-11-openjdk-amd64/lib/modules
7f4000000000-7f400045f000 rw-p 00000000 00:00 0 
7f400045f000-7f4004000000 ---p 00000000 00:00 0 
7f4004002000-7f4004003000 ---p 00000000 00:00 0 
7f4004003000-7f400400a000 rw-p 00000000 00:00 0 
7f400400a000-7f400400b000 ---p 00000000 00:00 0 
7f400400b000-7f4004012000 rw-p 00000000 00:00 0 
7f4004012000-7f4004013000 ---p 00000000 00:00 0 
7f4004013000-7f400401a000 rw-p 00000000 00:00 0 
7f400401a000-7f400401d000 r--p 00000000 fd:00 7083394                    /usr/lib/x86_64-linux-gnu/libsnappy.so.1.1.8
7f400401d000-7f4004021000 r-xp 00003000 fd:00 7083394                    /usr/lib/x86_64-linux-gnu/libsnappy.so.1.1.8
7f4004021000-7f4004023000 r--p 00007000 fd:00 7083394                    /usr/lib/x86_64-linux-gnu/libsnappy.so.1.1.8
7f4004023000-7f4004024000 r--p 00008000 fd:00 7083394                    /usr/lib/x86_64-linux-gnu/libsnappy.so.1.1.8
7f4004024000-7f4004025000 rw-p 00009000 fd:00 7083394                    /usr/lib/x86_64-linux-gnu/libsnappy.so.1.1.8
7f4004025000-7f4004029000 r--p 00000000 fd:00 10620244                   /usr/lib/jvm/java-11-openjdk-amd64/lib/libnet.so
7f4004029000-7f4004038000 r-xp 00004000 fd:00 10620244                   /usr/lib/jvm/java-11-openjdk-amd64/lib/libnet.so
7f4004038000-7f400403c000 r--p 00013000 fd:00 10620244                   /usr/lib/jvm/java-11-openjdk-amd64/lib/libnet.so
7f400403c000-7f400403d000 r--p 00016000 fd:00 10620244                   /usr/lib/jvm/java-11-openjdk-amd64/lib/libnet.so
7f400403d000-7f400403e000 rw-p 00017000 fd:00 10620244                   /usr/lib/jvm/java-11-openjdk-amd64/lib/libnet.so
7f400403e000-7f4004045000 r--p 00000000 fd:00 10620245                   /usr/lib/jvm/java-11-openjdk-amd64/lib/libnio.so
7f4004045000-7f400404d000 r-xp 00007000 fd:00 10620245                   /usr/lib/jvm/java-11-openjdk-amd64/lib/libnio.so
7f400404d000-7f4004050000 r--p 0000f000 fd:00 10620245                   /usr/lib/jvm/java-11-openjdk-amd64/lib/libnio.so
7f4004050000-7f4004051000 r--p 00011000 fd:00 10620245                   /usr/lib/jvm/java-11-openjdk-amd64/lib/libnio.so
7f4004051000-7f4004052000 rw-p 00012000 fd:00 10620245                   /usr/lib/jvm/java-11-openjdk-amd64/lib/libnio.so
7f4004052000-7f40044c0000 rw-p 00000000 00:00 0 
7f40044c0000-7f40044c1000 ---p 00000000 00:00 0 
7f40044c1000-7f40045c2000 rw-p 00000000 00:00 0 
7f40045c2000-7f40045c3000 ---p 00000000 00:00 0 
7f40045c3000-7f40060d6000 rw-p 00000000 00:00 0 
7f40060d6000-7f40060d7000 ---p 00000000 00:00 0 
7f40060d7000-7f40061dd000 rw-p 00000000 00:00 0 
7f40061dd000-7f40062c1000 ---p 00000000 00:00 0 
7f40062c1000-7f40062c6000 rw-p 00000000 00:00 0 
7f40062c6000-7f40063aa000 ---p 00000000 00:00 0 
7f40063aa000-7f40063b1000 rw-p 00000000 00:00 0 
7f40063b1000-7f40063ba000 ---p 00000000 00:00 0 
7f40063ba000-7f40063bc000 r--p 00000000 fd:00 10620258                   /usr/lib/jvm/java-11-openjdk-amd64/lib/libzip.so
7f40063bc000-7f40063c0000 r-xp 00002000 fd:00 10620258                   /usr/lib/jvm/java-11-openjdk-amd64/lib/libzip.so
7f40063c0000-7f40063c2000 r--p 00006000 fd:00 10620258                   /usr/lib/jvm/java-11-openjdk-amd64/lib/libzip.so
7f40063c2000-7f40063c3000 r--p 00007000 fd:00 10620258                   /usr/lib/jvm/java-11-openjdk-amd64/lib/libzip.so
7f40063c3000-7f40063c4000 rw-p 00008000 fd:00 10620258                   /usr/lib/jvm/java-11-openjdk-amd64/lib/libzip.so
7f40063c4000-7f40063c7000 r--p 00000000 fd:00 7087226                    /usr/lib/x86_64-linux-gnu/libnss_files-2.31.so
7f40063c7000-7f40063ce000 r-xp 00003000 fd:00 7087226                    /usr/lib/x86_64-linux-gnu/libnss_files-2.31.so
7f40063ce000-7f40063d0000 r--p 0000a000 fd:00 7087226                    /usr/lib/x86_64-linux-gnu/libnss_files-2.31.so
7f40063d0000-7f40063d1000 r--p 0000b000 fd:00 7087226                    /usr/lib/x86_64-linux-gnu/libnss_files-2.31.so
7f40063d1000-7f40063d2000 rw-p 0000c000 fd:00 7087226                    /usr/lib/x86_64-linux-gnu/libnss_files-2.31.so
7f40063d2000-7f40063d8000 rw-p 00000000 00:00 0 
7f40063de000-7f40063e6000 rw-s 00000000 fd:00 3145756                    /tmp/hsperfdata_root/3545295
7f40063e6000-7f40063f4000 r--p 00000000 fd:00 10620229                   /usr/lib/jvm/java-11-openjdk-amd64/lib/libjava.so
7f40063f4000-7f400640a000 r-xp 0000e000 fd:00 10620229                   /usr/lib/jvm/java-11-openjdk-amd64/lib/libjava.so
7f400640a000-7f4006411000 r--p 00024000 fd:00 10620229                   /usr/lib/jvm/java-11-openjdk-amd64/lib/libjava.so
7f4006411000-7f4006412000 r--p 0002a000 fd:00 10620229                   /usr/lib/jvm/java-11-openjdk-amd64/lib/libjava.so
7f4006412000-7f4006413000 rw-p 0002b000 fd:00 10620229                   /usr/lib/jvm/java-11-openjdk-amd64/lib/libjava.so
7f4006413000-7f4006414000 rw-p 00000000 00:00 0 
7f4006414000-7f4006419000 r--p 00000000 fd:00 10620257                   /usr/lib/jvm/java-11-openjdk-amd64/lib/libverify.so
7f4006419000-7f4006420000 r-xp 00005000 fd:00 10620257                   /usr/lib/jvm/java-11-openjdk-amd64/lib/libverify.so
7f4006420000-7f4006422000 r--p 0000c000 fd:00 10620257                   /usr/lib/jvm/java-11-openjdk-amd64/lib/libverify.so
7f4006422000-7f4006423000 ---p 0000e000 fd:00 10620257                   /usr/lib/jvm/java-11-openjdk-amd64/lib/libverify.so
7f4006423000-7f4006425000 r--p 0000e000 fd:00 10620257                   /usr/lib/jvm/java-11-openjdk-amd64/lib/libverify.so
7f4006425000-7f4006426000 rw-p 00010000 fd:00 10620257                   /usr/lib/jvm/java-11-openjdk-amd64/lib/libverify.so
7f4006426000-7f4006429000 r--p 00000000 fd:00 7087233                    /usr/lib/x86_64-linux-gnu/librt-2.31.so
7f4006429000-7f400642d000 r-xp 00003000 fd:00 7087233                    /usr/lib/x86_64-linux-gnu/librt-2.31.so
7f400642d000-7f400642e000 r--p 00007000 fd:00 7087233                    /usr/lib/x86_64-linux-gnu/librt-2.31.so
7f400642e000-7f400642f000 ---p 00008000 fd:00 7087233                    /usr/lib/x86_64-linux-gnu/librt-2.31.so
7f400642f000-7f4006430000 r--p 00008000 fd:00 7087233                    /usr/lib/x86_64-linux-gnu/librt-2.31.so
7f4006430000-7f4006431000 rw-p 00009000 fd:00 7087233                    /usr/lib/x86_64-linux-gnu/librt-2.31.so
7f4006431000-7f4006435000 ---p 00000000 00:00 0 
7f4006435000-7f4006532000 rw-p 00000000 00:00 0 
7f4006532000-7f4006535000 r--p 00000000 fd:00 7080845                    /usr/lib/x86_64-linux-gnu/libgcc_s.so.1
7f4006535000-7f4006547000 r-xp 00003000 fd:00 7080845                    /usr/lib/x86_64-linux-gnu/libgcc_s.so.1
7f4006547000-7f400654b000 r--p 00015000 fd:00 7080845                    /usr/lib/x86_64-linux-gnu/libgcc_s.so.1
7f400654b000-7f400654c000 r--p 00018000 fd:00 7080845                    /usr/lib/x86_64-linux-gnu/libgcc_s.so.1
7f400654c000-7f400654d000 rw-p 00019000 fd:00 7080845                    /usr/lib/x86_64-linux-gnu/libgcc_s.so.1
7f400654d000-7f400655c000 r--p 00000000 fd:00 7087220                    /usr/lib/x86_64-linux-gnu/libm-2.31.so
7f400655c000-7f4006603000 r-xp 0000f000 fd:00 7087220                    /usr/lib/x86_64-linux-gnu/libm-2.31.so
7f4006603000-7f400669a000 r--p 000b6000 fd:00 7087220                    /usr/lib/x86_64-linux-gnu/libm-2.31.so
7f400669a000-7f400669b000 r--p 0014c000 fd:00 7087220                    /usr/lib/x86_64-linux-gnu/libm-2.31.so
7f400669b000-7f400669c000 rw-p 0014d000 fd:00 7087220                    /usr/lib/x86_64-linux-gnu/libm-2.31.so
7f400669c000-7f4006732000 r--p 00000000 fd:00 7080831                    /usr/lib/x86_64-linux-gnu/libstdc++.so.6.0.28
7f4006732000-7f4006823000 r-xp 00096000 fd:00 7080831                    /usr/lib/x86_64-linux-gnu/libstdc++.so.6.0.28
7f4006823000-7f400686c000 r--p 00187000 fd:00 7080831                    /usr/lib/x86_64-linux-gnu/libstdc++.so.6.0.28
7f400686c000-7f400686d000 ---p 001d0000 fd:00 7080831                    /usr/lib/x86_64-linux-gnu/libstdc++.so.6.0.28
7f400686d000-7f4006878000 r--p 001d0000 fd:00 7080831                    /usr/lib/x86_64-linux-gnu/libstdc++.so.6.0.28
7f4006878000-7f400687b000 rw-p 001db000 fd:00 7080831                    /usr/lib/x86_64-linux-gnu/libstdc++.so.6.0.28
7f400687b000-7f400687e000 rw-p 00000000 00:00 0 
7f400687e000-7f4006af8000 r--p 00000000 fd:00 10620262                   /usr/lib/jvm/java-11-openjdk-amd64/lib/server/libjvm.so
7f4006af8000-7f400777d000 r-xp 0027a000 fd:00 10620262                   /usr/lib/jvm/java-11-openjdk-amd64/lib/server/libjvm.so
7f400777d000-7f40079d4000 r--p 00eff000 fd:00 10620262                   /usr/lib/jvm/java-11-openjdk-amd64/lib/server/libjvm.so
7f40079d4000-7f4007a95000 r--p 01155000 fd:00 10620262                   /usr/lib/jvm/java-11-openjdk-amd64/lib/server/libjvm.so
7f4007a95000-7f4007ad0000 rw-p 01216000 fd:00 10620262                   /usr/lib/jvm/java-11-openjdk-amd64/lib/server/libjvm.so
7f4007ad0000-7f4007b29000 rw-p 00000000 00:00 0 
7f4007b29000-7f4007b30000 r--p 00000000 fd:00 7087231                    /usr/lib/x86_64-linux-gnu/libpthread-2.31.so
7f4007b30000-7f4007b41000 r-xp 00007000 fd:00 7087231                    /usr/lib/x86_64-linux-gnu/libpthread-2.31.so
7f4007b41000-7f4007b46000 r--p 00018000 fd:00 7087231                    /usr/lib/x86_64-linux-gnu/libpthread-2.31.so
7f4007b46000-7f4007b47000 r--p 0001c000 fd:00 7087231                    /usr/lib/x86_64-linux-gnu/libpthread-2.31.so
7f4007b47000-7f4007b48000 rw-p 0001d000 fd:00 7087231                    /usr/lib/x86_64-linux-gnu/libpthread-2.31.so
7f4007b48000-7f4007b4c000 rw-p 00000000 00:00 0 
7f4007b4c000-7f4007b4d000 r--p 00000000 fd:00 7087219                    /usr/lib/x86_64-linux-gnu/libdl-2.31.so
7f4007b4d000-7f4007b4f000 r-xp 00001000 fd:00 7087219                    /usr/lib/x86_64-linux-gnu/libdl-2.31.so
7f4007b4f000-7f4007b50000 r--p 00003000 fd:00 7087219                    /usr/lib/x86_64-linux-gnu/libdl-2.31.so
7f4007b50000-7f4007b51000 r--p 00003000 fd:00 7087219                    /usr/lib/x86_64-linux-gnu/libdl-2.31.so
7f4007b51000-7f4007b52000 rw-p 00004000 fd:00 7087219                    /usr/lib/x86_64-linux-gnu/libdl-2.31.so
7f4007b52000-7f4007b54000 r--p 00000000 fd:00 7083404                    /usr/lib/x86_64-linux-gnu/libz.so.1.2.11
7f4007b54000-7f4007b65000 r-xp 00002000 fd:00 7083404                    /usr/lib/x86_64-linux-gnu/libz.so.1.2.11
7f4007b65000-7f4007b6b000 r--p 00013000 fd:00 7083404                    /usr/lib/x86_64-linux-gnu/libz.so.1.2.11
7f4007b6b000-7f4007b6c000 ---p 00019000 fd:00 7083404                    /usr/lib/x86_64-linux-gnu/libz.so.1.2.11
7f4007b6c000-7f4007b6d000 r--p 00019000 fd:00 7083404                    /usr/lib/x86_64-linux-gnu/libz.so.1.2.11
7f4007b6d000-7f4007b6e000 rw-p 0001a000 fd:00 7083404                    /usr/lib/x86_64-linux-gnu/libz.so.1.2.11
7f4007b6e000-7f4007b93000 r--p 00000000 fd:00 7087207                    /usr/lib/x86_64-linux-gnu/libc-2.31.so
7f4007b93000-7f4007d0b000 r-xp 00025000 fd:00 7087207                    /usr/lib/x86_64-linux-gnu/libc-2.31.so
7f4007d0b000-7f4007d55000 r--p 0019d000 fd:00 7087207                    /usr/lib/x86_64-linux-gnu/libc-2.31.so
7f4007d55000-7f4007d56000 ---p 001e7000 fd:00 7087207                    /usr/lib/x86_64-linux-gnu/libc-2.31.so
7f4007d56000-7f4007d59000 r--p 001e7000 fd:00 7087207                    /usr/lib/x86_64-linux-gnu/libc-2.31.so
7f4007d59000-7f4007d5c000 rw-p 001ea000 fd:00 7087207                    /usr/lib/x86_64-linux-gnu/libc-2.31.so
7f4007d5c000-7f4007d60000 rw-p 00000000 00:00 0 
7f4007d61000-7f4007d63000 r--s 0000c000 fd:00 7349190                    /usr/share/java/java-atk-wrapper.jar
7f4007d63000-7f4007d64000 ---p 00000000 00:00 0 
7f4007d64000-7f4007d65000 r--p 00000000 00:00 0 
7f4007d65000-7f4007d67000 r--p 00000000 fd:00 10620236                   /usr/lib/jvm/java-11-openjdk-amd64/lib/libjimage.so
7f4007d67000-7f4007d6a000 r-xp 00002000 fd:00 10620236                   /usr/lib/jvm/java-11-openjdk-amd64/lib/libjimage.so
7f4007d6a000-7f4007d6b000 r--p 00005000 fd:00 10620236                   /usr/lib/jvm/java-11-openjdk-amd64/lib/libjimage.so
7f4007d6b000-7f4007d6c000 ---p 00006000 fd:00 10620236                   /usr/lib/jvm/java-11-openjdk-amd64/lib/libjimage.so
7f4007d6c000-7f4007d6d000 r--p 00006000 fd:00 10620236                   /usr/lib/jvm/java-11-openjdk-amd64/lib/libjimage.so
7f4007d6d000-7f4007d6e000 rw-p 00007000 fd:00 10620236                   /usr/lib/jvm/java-11-openjdk-amd64/lib/libjimage.so
7f4007d6e000-7f4007d71000 r--p 00000000 fd:00 10620214                   /usr/lib/jvm/java-11-openjdk-amd64/lib/jli/libjli.so
7f4007d71000-7f4007d7b000 r-xp 00003000 fd:00 10620214                   /usr/lib/jvm/java-11-openjdk-amd64/lib/jli/libjli.so
7f4007d7b000-7f4007d7e000 r--p 0000d000 fd:00 10620214                   /usr/lib/jvm/java-11-openjdk-amd64/lib/jli/libjli.so
7f4007d7e000-7f4007d7f000 ---p 00010000 fd:00 10620214                   /usr/lib/jvm/java-11-openjdk-amd64/lib/jli/libjli.so
7f4007d7f000-7f4007d80000 r--p 00010000 fd:00 10620214                   /usr/lib/jvm/java-11-openjdk-amd64/lib/jli/libjli.so
7f4007d80000-7f4007d81000 rw-p 00011000 fd:00 10620214                   /usr/lib/jvm/java-11-openjdk-amd64/lib/jli/libjli.so
7f4007d81000-7f4007d83000 rw-p 00000000 00:00 0 
7f4007d83000-7f4007d84000 r--p 00000000 fd:00 7087203                    /usr/lib/x86_64-linux-gnu/ld-2.31.so
7f4007d84000-7f4007da7000 r-xp 00001000 fd:00 7087203                    /usr/lib/x86_64-linux-gnu/ld-2.31.so
7f4007da7000-7f4007daf000 r--p 00024000 fd:00 7087203                    /usr/lib/x86_64-linux-gnu/ld-2.31.so
7f4007db0000-7f4007db1000 r--p 0002c000 fd:00 7087203                    /usr/lib/x86_64-linux-gnu/ld-2.31.so
7f4007db1000-7f4007db2000 rw-p 0002d000 fd:00 7087203                    /usr/lib/x86_64-linux-gnu/ld-2.31.so
7f4007db2000-7f4007db3000 rw-p 00000000 00:00 0 
7ffe9813d000-7ffe9815e000 rw-p 00000000 00:00 0                          [stack]
7ffe9818b000-7ffe9818e000 r--p 00000000 00:00 0                          [vvar]
7ffe9818e000-7ffe9818f000 r-xp 00000000 00:00 0                          [vdso]
ffffffffff600000-ffffffffff601000 --xp 00000000 00:00 0                  [vsyscall]


VM Arguments:
java_command: site.ycsb.Client -t -db site.ycsb.db.rocksdb.RocksDBClient -s -P workloads/workloada -p exportfile=/home/mldb01/hdd_folder/db_log/ycsb-status-a.output -threads 2 -p rocksdb.dir=/home/mldb01/work/db_log/YCSB -s -p status.interval=1 -p zeropadding=20
java_class_path (initial): /home/mldb01/hdd_folder/YCSB/conf:/home/mldb01/hdd_folder/YCSB/core/target/core-0.18.0-SNAPSHOT.jar:/home/mldb01/hdd_folder/YCSB/rocksdb/target/rocksdb-binding-0.18.0-SNAPSHOT.jar:/home/mldb01/hdd_folder/YCSB/rocksdb/target/dependency/HdrHistogram-2.1.4.jar:/home/mldb01/hdd_folder/YCSB/rocksdb/target/dependency/htrace-core4-4.1.0-incubating.jar:/home/mldb01/hdd_folder/YCSB/rocksdb/target/dependency/jcip-annotations-1.0.jar:/home/mldb01/hdd_folder/YCSB/rocksdb/target/dependency/rocksdbjni-6.19.0.jar:/home/mldb01/hdd_folder/YCSB/rocksdb/target/dependency/slf4j-api-1.7.25.jar:/home/mldb01/hdd_folder/YCSB/rocksdb/target/dependency/slf4j-simple-1.7.25.jar
Launcher Type: SUN_STANDARD

[Global flags]
     intx CICompilerCount                          = 15                                        {product} {ergonomic}
     uint ConcGCThreads                            = 6                                         {product} {ergonomic}
     uint G1ConcRefinementThreads                  = 23                                        {product} {ergonomic}
   size_t G1HeapRegionSize                         = 4194304                                   {product} {ergonomic}
    uintx GCDrainStackTargetSize                   = 64                                        {product} {ergonomic}
   size_t InitialHeapSize                          = 1056964608                                {product} {ergonomic}
   size_t MarkStackSize                            = 4194304                                   {product} {ergonomic}
   size_t MaxHeapSize                              = 16861102080                               {product} {ergonomic}
   size_t MaxNewSize                               = 10116661248                               {product} {ergonomic}
   size_t MinHeapDeltaBytes                        = 4194304                                   {product} {ergonomic}
    uintx NonNMethodCodeHeapSize                   = 8182140                                {pd product} {ergonomic}
    uintx NonProfiledCodeHeapSize                  = 121738050                              {pd product} {ergonomic}
    uintx ProfiledCodeHeapSize                     = 121738050                              {pd product} {ergonomic}
    uintx ReservedCodeCacheSize                    = 251658240                              {pd product} {ergonomic}
     bool SegmentedCodeCache                       = true                                      {product} {ergonomic}
     bool UseCompressedClassPointers               = true                                 {lp64_product} {ergonomic}
     bool UseCompressedOops                        = true                                 {lp64_product} {ergonomic}
     bool UseG1GC                                  = true                                      {product} {ergonomic}

Logging:
Log output configuration:
 #0: stdout all=warning uptime,level,tags
 #1: stderr all=off uptime,level,tags

Environment Variables:
PATH=/usr/local/sbin:/usr/local/bin:/usr/sbin:/usr/bin:/sbin:/bin:/usr/games:/usr/local/games:/snap/bin
SHELL=/bin/bash
LANG=en_US.UTF-8

Signal Handlers:
SIGSEGV: [libjvm.so+0xe8ba00], sa_mask[0]=11111111011111111101111111111110, sa_flags=SA_RESTART|SA_SIGINFO
SIGBUS: [libjvm.so+0xe8ba00], sa_mask[0]=11111111011111111101111111111110, sa_flags=SA_RESTART|SA_SIGINFO
SIGFPE: [libjvm.so+0xe8ba00], sa_mask[0]=11111111011111111101111111111110, sa_flags=SA_RESTART|SA_SIGINFO
SIGPIPE: [libjvm.so+0xbd10f0], sa_mask[0]=11111111011111111101111111111110, sa_flags=SA_RESTART|SA_SIGINFO
SIGXFSZ: [libjvm.so+0xbd10f0], sa_mask[0]=11111111011111111101111111111110, sa_flags=SA_RESTART|SA_SIGINFO
SIGILL: [libjvm.so+0xe8ba00], sa_mask[0]=11111111011111111101111111111110, sa_flags=SA_RESTART|SA_SIGINFO
SIGUSR2: [libjvm.so+0xbd0f90], sa_mask[0]=00000000000000000000000000000000, sa_flags=SA_RESTART|SA_SIGINFO
SIGHUP: [libjvm.so+0xbd1430], sa_mask[0]=11111111011111111101111111111110, sa_flags=SA_RESTART|SA_SIGINFO
SIGINT: [libjvm.so+0xbd1430], sa_mask[0]=11111111011111111101111111111110, sa_flags=SA_RESTART|SA_SIGINFO
SIGTERM: [libjvm.so+0xbd1430], sa_mask[0]=11111111011111111101111111111110, sa_flags=SA_RESTART|SA_SIGINFO
SIGQUIT: [libjvm.so+0xbd1430], sa_mask[0]=11111111011111111101111111111110, sa_flags=SA_RESTART|SA_SIGINFO


---------------  S Y S T E M  ---------------

OS:DISTRIB_ID=Ubuntu
DISTRIB_RELEASE=20.04
DISTRIB_CODENAME=focal
DISTRIB_DESCRIPTION="Ubuntu 20.04.1 LTS"
uname:Linux 5.4.0-73-generic #82-Ubuntu SMP Wed Apr 14 17:39:42 UTC 2021 x86_64
OS uptime: 73 days 14:32 hours
libc:glibc 2.31 NPTL 2.31 
rlimit (soft/hard): STACK 8192k/infinity , CORE 0k/infinity , NPROC 256930/256930 , NOFILE 1048576/1048576 , AS infinity/infinity , CPU infinity/infinity , DATA infinity/infinity , FSIZE infinity/infinity , MEMLOCK 65536k/65536k
load average:1.96 1.05 0.75

/proc/meminfo:
MemTotal:       65862924 kB
MemFree:        53147776 kB
MemAvailable:   52942416 kB
Buffers:            5804 kB
Cached:         11177364 kB
SwapCached:       243584 kB
Active:           148864 kB
Inactive:       11405808 kB
Active(anon):     135040 kB
Inactive(anon): 11331204 kB
Active(file):      13824 kB
Inactive(file):    74604 kB
Unevictable:       18584 kB
Mlocked:           18584 kB
SwapTotal:       8388604 kB
SwapFree:        4778824 kB
Dirty:             11164 kB
Writeback:             0 kB
AnonPages:        152248 kB
Mapped:            69312 kB
Shmem:          11086512 kB
KReclaimable:     217192 kB
Slab:             558032 kB
SReclaimable:     217192 kB
SUnreclaim:       340840 kB
KernelStack:        9728 kB
PageTables:         3348 kB
NFS_Unstable:          0 kB
Bounce:                0 kB
WritebackTmp:          0 kB
CommitLimit:    41320064 kB
Committed_AS:   16821596 kB
VmallocTotal:   34359738367 kB
VmallocUsed:      142256 kB
VmallocChunk:          0 kB
Percpu:            32512 kB
HardwareCorrupted:     0 kB
AnonHugePages:         0 kB
ShmemHugePages:        0 kB
ShmemPmdMapped:        0 kB
FileHugePages:         0 kB
FilePmdMapped:         0 kB
CmaTotal:              0 kB
CmaFree:               0 kB
HugePages_Total:       0
HugePages_Free:        0
HugePages_Rsvd:        0
HugePages_Surp:        0
Hugepagesize:       2048 kB
Hugetlb:               0 kB
DirectMap4k:      538320 kB
DirectMap2M:    25577472 kB
DirectMap1G:    42991616 kB

/sys/kernel/mm/transparent_hugepage/enabled:
always [madvise] never
/sys/kernel/mm/transparent_hugepage/defrag (defrag/compaction efforts parameter):
always defer defer+madvise [madvise] never

Process Memory:
Virtual Size: 22900496K (peak: 28474584K)
Resident Set Size: 152036K (peak: 200992K) (anon: 118468K, file: 33568K, shmem: 0K)
Swapped out: 0K
C-Heap outstanding allocations: 53840K

/proc/sys/kernel/threads-max (system-wide limit on the number of threads):
513860
/proc/sys/vm/max_map_count (maximum number of memory map areas a process may have):
65530
/proc/sys/kernel/pid_max (system-wide limit on number of process identifiers):
4194304

container (cgroup) information:
container_type: cgroupv1
cpu_cpuset_cpus: 0-31
cpu_memory_nodes: 0-1
active_processor_count: 32
cpu_quota: -1
cpu_period: 100000
cpu_shares: -1
memory_limit_in_bytes: -1
memory_and_swap_limit_in_bytes: -2
memory_soft_limit_in_bytes: -1
memory_usage_in_bytes: 11925749760
memory_max_usage_in_bytes: 66232139776

Steal ticks since vm start: 0
Steal ticks percentage since vm start:  0.000

CPU:total 32 (initial active 32) (8 cores per cpu, 2 threads per core) family 6 model 63 stepping 2 microcode 0x44, cmov, cx8, fxsr, mmx, sse, sse2, sse3, ssse3, sse4.1, sse4.2, popcnt, avx, avx2, aes, clmul, erms, lzcnt, ht, tsc, tscinvbit, bmi1, bmi2, fma
CPU Model and flags from /proc/cpuinfo:
model name	: Intel(R) Xeon(R) CPU E5-2640 v3 @ 2.60GHz
flags		: fpu vme de pse tsc msr pae mce cx8 apic sep mtrr pge mca cmov pat pse36 clflush dts acpi mmx fxsr sse sse2 ss ht tm pbe syscall nx pdpe1gb rdtscp lm constant_tsc arch_perfmon pebs bts rep_good nopl xtopology nonstop_tsc cpuid aperfmperf pni pclmulqdq dtes64 monitor ds_cpl vmx smx est tm2 ssse3 sdbg fma cx16 xtpr pdcm pcid dca sse4_1 sse4_2 x2apic movbe popcnt tsc_deadline_timer aes xsave avx f16c rdrand lahf_lm abm cpuid_fault epb invpcid_single pti ssbd ibrs ibpb stibp tpr_shadow vnmi flexpriority ept vpid ept_ad fsgsbase tsc_adjust bmi1 avx2 smep bmi2 erms invpcid cqm xsaveopt cqm_llc cqm_occup_llc dtherm ida arat pln pts md_clear flush_l1d
Online cpus:
0-31
Offline cpus:

BIOS frequency limitation:
<Not Available>
Frequency switch latency (ns):
<Not Available>
Available cpu frequencies:
<Not Available>
Current governor:
<Not Available>
Core performance/turbo boost:
<Not Available>

Memory: 4k page, physical 65862924k(53146768k free), swap 8388604k(4778824k free)

vm_info: OpenJDK 64-Bit Server VM (11.0.11+9-Ubuntu-0ubuntu2.20.04) for linux-amd64 JRE (11.0.11+9-Ubuntu-0ubuntu2.20.04), built on Apr 21 2021 09:15:32 by "unknown" with gcc 9.3.0

END.
